#
# A fatal error has been detected by the Java Runtime Environment:
#
#  EXCEPTION_ACCESS_VIOLATION (0xc0000005) at pc=0x00007ff86d23a8a9, pid=33356, tid=20700
#
# JRE version: OpenJDK Runtime Environment Temurin-17.0.5+8 (17.0.5+8) (build 17.0.5+8)
# Java VM: OpenJDK 64-Bit Server VM Temurin-17.0.5+8 (17.0.5+8, mixed mode, tiered, compressed oops, compressed class ptrs, g1 gc, windows-amd64)
# Problematic frame:
# C  [awt.dll+0xda8a9]
#
# No core dump will be written. Minidumps are not enabled by default on client versions of Windows
#
# If you would like to submit a bug report, please visit:
#   https://github.com/adoptium/adoptium-support/issues
# The crash happened outside the Java Virtual Machine in native code.
# See problematic frame for where to report the bug.
#

---------------  S U M M A R Y ------------

Command Line: -Dfile.encoding=UTF-8 --module-path=C:\Users\Bogdan\Desktop\personal\newproject\bin -XX:+ShowCodeDetailsInExceptionMessages -Djdk.module.main=newproject newproject/newproject.main

Host: Intel(R) Core(TM) i5-8400 CPU @ 2.80GHz, 6 cores, 15G,  Windows 10 , 64 bit Build 19041 (10.0.19041.5678)
Time: Sat May  3 08:24:35 2025 E. Europe Daylight Time elapsed time: 19022.873612 seconds (0d 5h 17m 2s)

---------------  T H R E A D  ---------------

Current thread (0x0000021402146b40):  JavaThread "AWT-Windows" daemon [_thread_in_native, id=20700, stack(0x0000008593200000,0x0000008593300000)]

Stack: [0x0000008593200000,0x0000008593300000],  sp=0x00000085932fe260,  free space=1016k
Native frames: (J=compiled Java code, j=interpreted, Vv=VM code, C=native code)
C  [awt.dll+0xda8a9]

Java frames: (J=compiled Java code, j=interpreted, Vv=VM code)
j  sun.java2d.d3d.D3DGraphicsDevice.getDeviceCapsNative(I)I+0 java.desktop@17.0.5
j  sun.java2d.d3d.D3DGraphicsDevice$1.run()V+8 java.desktop@17.0.5
v  ~StubRoutines::call_stub
j  sun.awt.windows.WToolkit.eventLoop()V+0 java.desktop@17.0.5
j  sun.awt.windows.WToolkit.run()V+50 java.desktop@17.0.5
j  java.lang.Thread.run()V+11 java.base@17.0.5
v  ~StubRoutines::call_stub

siginfo: EXCEPTION_ACCESS_VIOLATION (0xc0000005), reading address 0x0000000000000028


Register to memory mapping:

RIP=0x00007ff86d23a8a9 awt.dll
RAX=0x0 is NULL
RBX=0x000002140b27cbe0 points into unknown readable memory: 0x00000214024be710 | 10 e7 4b 02 14 02 00 00
RCX=0x0 is NULL
RDX=0x0 is NULL
RSP=0x00000085932fe260 is pointing into the stack for thread: 0x0000021402146b40
RBP=0x00000085932fe368 is pointing into the stack for thread: 0x0000021402146b40
RSI=0x00000085932fe830 is pointing into the stack for thread: 0x0000021402146b40
RDI=0x0 is NULL
R8 =0x0000000000000001 is an unknown value
R9 =0x00000000000000dd is an unknown value
R10=0x00000214659fd5f2 is at code_begin+946 in an Interpreter codelet
method entry point (kind = native)  [0x00000214659fd240, 0x00000214659fdbc0]  2432 bytes
R11=0x000000070fd30720 is an oop: java.lang.Class 
{0x000000070fd30720} - klass: 'java/lang/Class'
 - ---- fields (total size 15 words):
 - private volatile transient 'classRedefinedCount' 'I' @12  0
 - private volatile transient 'cachedConstructor' 'Ljava/lang/reflect/Constructor;' @40  NULL (0)
 - private transient 'name' 'Ljava/lang/String;' @44  "sun.java2d.d3d.D3DGraphicsDevice"{0x000000070fd228d0} (e1fa451a)
 - private transient 'module' 'Ljava/lang/Module;' @48  a 'java/lang/Module'{0x000000070fc21a60} (e1f8434c)
 - private final 'classLoader' 'Ljava/lang/ClassLoader;' @52  NULL (0)
 - private transient 'classData' 'Ljava/lang/Object;' @56  NULL (0)
 - private transient 'packageName' 'Ljava/lang/String;' @60  "sun.java2d.d3d"{0x000000070fc24a20} (e1f84944)
 - private final 'componentType' 'Ljava/lang/Class;' @64  NULL (0)
 - private volatile transient 'reflectionData' 'Ljava/lang/ref/SoftReference;' @68  NULL (0)
 - private volatile transient 'genericInfo' 'Lsun/reflect/generics/repository/ClassRepository;' @72  NULL (0)
 - private volatile transient 'enumConstants' '[Ljava/lang/Object;' @76  NULL (0)
 - private volatile transient 'enumConstantDirectory' 'Ljava/util/Map;' @80  NULL (0)
 - private volatile transient 'annotationData' 'Ljava/lang/Class$AnnotationData;' @84  NULL (0)
 - private volatile transient 'annotationType' 'Lsun/reflect/annotation/AnnotationType;' @88  NULL (0)
 - transient 'classValueMap' 'Ljava/lang/ClassValue$ClassValueMap;' @92  NULL (0)
 - signature: Lsun/java2d/d3d/D3DGraphicsDevice;
 - fake entry for mirror: 'sun/java2d/d3d/D3DGraphicsDevice'
 - fake entry for array: NULL
 - fake entry for oop_size: 15
 - fake entry for static_oop_field_count: 0
 - private static 'd3dAvailable' 'Z' @112  true
R12=0x0 is NULL
R13={method} {0x000002147fb3e910} 'getDeviceCapsNative' '(I)I' in 'sun/java2d/d3d/D3DGraphicsDevice'
R14=0x00000085932fe388 is pointing into the stack for thread: 0x0000021402146b40
R15=0x0000021402146b40 is a thread


Registers:
RAX=0x0000000000000000, RBX=0x000002140b27cbe0, RCX=0x0000000000000000, RDX=0x0000000000000000
RSP=0x00000085932fe260, RBP=0x00000085932fe368, RSI=0x00000085932fe830, RDI=0x0000000000000000
R8 =0x0000000000000001, R9 =0x00000000000000dd, R10=0x00000214659fd5f2, R11=0x000000070fd30720
R12=0x0000000000000000, R13=0x000002147fb3e908, R14=0x00000085932fe388, R15=0x0000021402146b40
RIP=0x00007ff86d23a8a9, EFLAGS=0x0000000000010246

Top of Stack: (sp=0x00000085932fe260)
0x00000085932fe260:   00007ff86d29a838 000002140212e140
0x00000085932fe270:   0000000000000000 0000000000000000
0x00000085932fe280:   0000000000000000 00007ff86d17f930
0x00000085932fe290:   000002140212e140 000002140b27cbe0
0x00000085932fe2a0:   000019d357cbdd71 0000000000000000
0x00000085932fe2b0:   000002140212e140 00007ff86d17cd28
0x00000085932fe2c0:   0000000000000018 000002140ace6390
0x00000085932fe2d0:   00007ff86d25f638 00000000000000dd
0x00000085932fe2e0:   0000021402146b40 00000214659fd621
0x00000085932fe2f0:   000002147fb3e908 0000008500000001
0x00000085932fe300:   0000000000000009 00007ff81b0b5b1d
0x00000085932fe310:   00000214022eb9d2 00007ff800000000
0x00000085932fe320:   00000085932fe320 0000000000000000
0x00000085932fe330:   00000085932fe388 000002147fb15308
0x00000085932fe340:   0000000000000000 000000070fd30720
0x00000085932fe350:   000002147fb3e908 0000000000000000 

Instructions: (pc=0x00007ff86d23a8a9)
0x00007ff86d23a7a9:   cc cc cc cc cc cc cc 48 89 5c 24 08 48 89 6c 24
0x00007ff86d23a7b9:   10 48 89 74 24 18 57 48 83 ec 20 41 8b f8 0f b6
0x00007ff86d23a7c9:   f2 48 8b e9 e8 de dd f4 ff 48 8b d8 48 89 44 24
0x00007ff86d23a7d9:   48 41 b8 01 00 00 00 8b d7 48 8b c8 e8 46 dd f4
0x00007ff86d23a7e9:   ff 48 8b c8 44 0f b6 c6 48 8b d5 e8 97 fa ff ff
0x00007ff86d23a7f9:   48 8b f8 48 8b cb e8 ac de f4 ff 90 48 8b c7 48
0x00007ff86d23a809:   8b 5c 24 30 48 8b 6c 24 38 48 8b 74 24 40 48 83
0x00007ff86d23a819:   c4 20 5f c3 cc cc cc 48 8b 49 28 e9 47 07 00 00
0x00007ff86d23a829:   cc cc cc cc cc cc cc 48 89 5c 24 08 57 48 83 ec
0x00007ff86d23a839:   20 8b f9 e8 6f dd f4 ff 48 8b d8 48 89 44 24 38
0x00007ff86d23a849:   41 b8 01 00 00 00 8b d7 48 8b c8 e8 d7 dc f4 ff
0x00007ff86d23a859:   48 8b 08 8b 39 48 8b cb e8 4a de f4 ff 90 8b c7
0x00007ff86d23a869:   48 8b 5c 24 30 48 83 c4 20 5f c3 cc cc cc cc cc
0x00007ff86d23a879:   cc cc cc cc cc cc cc 48 89 5c 24 08 57 48 83 ec
0x00007ff86d23a889:   20 8b f9 e8 1f dd f4 ff 48 8b d8 48 89 44 24 38
0x00007ff86d23a899:   41 b8 01 00 00 00 8b d7 48 8b c8 e8 87 dc f4 ff
0x00007ff86d23a8a9:   48 8b 78 28 48 8b cb e8 fb dd f4 ff 90 48 8b c7
0x00007ff86d23a8b9:   48 8b 5c 24 30 48 83 c4 20 5f c3 cc cc cc cc cc
0x00007ff86d23a8c9:   cc cc cc cc cc cc cc 48 89 5c 24 08 57 48 83 ec
0x00007ff86d23a8d9:   20 8b f9 e8 cf dc f4 ff 48 8b d8 48 89 44 24 38
0x00007ff86d23a8e9:   41 b8 01 00 00 00 8b d7 48 8b c8 e8 37 dc f4 ff
0x00007ff86d23a8f9:   48 8b 78 30 48 8b cb e8 ab dd f4 ff 90 48 8b c7
0x00007ff86d23a909:   48 8b 5c 24 30 48 83 c4 20 5f c3 cc cc cc cc cc
0x00007ff86d23a919:   cc cc cc cc cc cc cc 48 89 5c 24 08 57 48 83 ec
0x00007ff86d23a929:   20 8b f9 e8 7f dc f4 ff 48 8b d8 48 89 44 24 38
0x00007ff86d23a939:   41 b8 01 00 00 00 8b d7 48 8b c8 e8 e7 db f4 ff
0x00007ff86d23a949:   48 8b 78 08 48 85 ff 74 07 48 8b bf 08 0c 00 00
0x00007ff86d23a959:   48 8b cb e8 4f dd f4 ff 90 48 8b c7 48 8b 5c 24
0x00007ff86d23a969:   30 48 83 c4 20 5f c3 f3 0f 10 41 48 c3 cc cc cc
0x00007ff86d23a979:   cc cc cc cc cc cc cc f3 0f 10 41 4c c3 cc cc cc
0x00007ff86d23a989:   cc cc cc cc cc cc cc 48 89 5c 24 10 48 89 6c 24
0x00007ff86d23a999:   18 48 89 74 24 20 57 48 81 ec 20 01 00 00 48 8b 


Stack slot to memory mapping:
stack at sp + 0 slots: 0x00007ff86d29a838 awt.dll
stack at sp + 1 slots: 0x000002140212e140 points into unknown readable memory: 0x0023000000000001 | 01 00 00 00 00 00 23 00
stack at sp + 2 slots: 0x0 is NULL
stack at sp + 3 slots: 0x0 is NULL
stack at sp + 4 slots: 0x0 is NULL
stack at sp + 5 slots: 0x00007ff86d17f930 awt.dll
stack at sp + 6 slots: 0x000002140212e140 points into unknown readable memory: 0x0023000000000001 | 01 00 00 00 00 00 23 00
stack at sp + 7 slots: 0x000002140b27cbe0 points into unknown readable memory: 0x00000214024be710 | 10 e7 4b 02 14 02 00 00


---------------  P R O C E S S  ---------------

Threads class SMR info:
_java_thread_list=0x000002140280ec60, length=17, elements={
0x000002147f2ae360, 0x000002147fc33990, 0x000002147fc79280, 0x000002147fc7bd40,
0x000002147fc7c6f0, 0x000002147fc7e0b0, 0x000002147fc82aa0, 0x000002147fc8c4b0,
0x000002147fc8f6c0, 0x000002147fd9c5c0, 0x000002147fef6d10, 0x0000021402138f40,
0x0000021402143bb0, 0x0000021402146b40, 0x000002140257fad0, 0x0000021460b52910,
0x00000214025f7c60
}

Java Threads: ( => current thread )
  0x000002147f2ae360 JavaThread "Reference Handler" daemon [_thread_blocked, id=17316, stack(0x0000008592400000,0x0000008592500000)]
  0x000002147fc33990 JavaThread "Finalizer" daemon [_thread_blocked, id=23984, stack(0x0000008592500000,0x0000008592600000)]
  0x000002147fc79280 JavaThread "Signal Dispatcher" daemon [_thread_blocked, id=25824, stack(0x0000008592600000,0x0000008592700000)]
  0x000002147fc7bd40 JavaThread "Attach Listener" daemon [_thread_blocked, id=20164, stack(0x0000008592700000,0x0000008592800000)]
  0x000002147fc7c6f0 JavaThread "Service Thread" daemon [_thread_blocked, id=16580, stack(0x0000008592800000,0x0000008592900000)]
  0x000002147fc7e0b0 JavaThread "Monitor Deflation Thread" daemon [_thread_blocked, id=24636, stack(0x0000008592900000,0x0000008592a00000)]
  0x000002147fc82aa0 JavaThread "C2 CompilerThread0" daemon [_thread_blocked, id=15692, stack(0x0000008592a00000,0x0000008592b00000)]
  0x000002147fc8c4b0 JavaThread "C1 CompilerThread0" daemon [_thread_blocked, id=29548, stack(0x0000008592b00000,0x0000008592c00000)]
  0x000002147fc8f6c0 JavaThread "Sweeper thread" daemon [_thread_blocked, id=7084, stack(0x0000008592c00000,0x0000008592d00000)]
  0x000002147fd9c5c0 JavaThread "Common-Cleaner" daemon [_thread_blocked, id=17960, stack(0x0000008592d00000,0x0000008592e00000)]
  0x000002147fef6d10 JavaThread "Notification Thread" daemon [_thread_blocked, id=11444, stack(0x0000008592e00000,0x0000008592f00000)]
  0x0000021402138f40 JavaThread "Java2D Disposer" daemon [_thread_blocked, id=27912, stack(0x0000008593000000,0x0000008593100000)]
  0x0000021402143bb0 JavaThread "AWT-Shutdown" [_thread_blocked, id=27244, stack(0x0000008593100000,0x0000008593200000)]
=>0x0000021402146b40 JavaThread "AWT-Windows" daemon [_thread_in_native, id=20700, stack(0x0000008593200000,0x0000008593300000)]
  0x000002140257fad0 JavaThread "AWT-EventQueue-0" [_thread_in_native, id=21124, stack(0x0000008593600000,0x0000008593700000)]
  0x0000021460b52910 JavaThread "DestroyJavaVM" [_thread_blocked, id=16712, stack(0x0000008591d00000,0x0000008591e00000)]
  0x00000214025f7c60 JavaThread "D3D Screen Updater" daemon [_thread_blocked, id=24888, stack(0x0000008593700000,0x0000008593800000)]

Other Threads:
  0x000002147f298080 VMThread "VM Thread" [stack: 0x0000008592300000,0x0000008592400000] [id=16108]
  0x0000021460bd9d80 WatcherThread [stack: 0x0000008592f00000,0x0000008593000000] [id=33700]
  0x0000021460bbd810 GCTaskThread "GC Thread#0" [stack: 0x0000008591e00000,0x0000008591f00000] [id=11628]
  0x000002140ab9ecb0 GCTaskThread "GC Thread#1" [stack: 0x0000008593800000,0x0000008593900000] [id=13532]
  0x000002140b0a86f0 GCTaskThread "GC Thread#2" [stack: 0x0000008593900000,0x0000008593a00000] [id=8284]
  0x000002140b0a89a0 GCTaskThread "GC Thread#3" [stack: 0x0000008593a00000,0x0000008593b00000] [id=22400]
  0x000002140b0a9460 GCTaskThread "GC Thread#4" [stack: 0x0000008593b00000,0x0000008593c00000] [id=32124]
  0x000002140b0a9710 GCTaskThread "GC Thread#5" [stack: 0x0000008593c00000,0x0000008593d00000] [id=18500]
  0x0000021460bcedc0 ConcurrentGCThread "G1 Main Marker" [stack: 0x0000008591f00000,0x0000008592000000] [id=7092]
  0x0000021460bcf7d0 ConcurrentGCThread "G1 Conc#0" [stack: 0x0000008592000000,0x0000008592100000] [id=21224]
  0x0000021460c1cea0 ConcurrentGCThread "G1 Refine#0" [stack: 0x0000008592100000,0x0000008592200000] [id=6376]
  0x000002147f1340e0 ConcurrentGCThread "G1 Service" [stack: 0x0000008592200000,0x0000008592300000] [id=12224]

Threads with active compile tasks:

VM state: not at safepoint (normal execution)

VM Mutex/Monitor currently owned by a thread: None

Heap address: 0x0000000701200000, size: 4078 MB, Compressed Oops mode: Zero based, Oop shift amount: 3

CDS archive(s) not mapped
Compressed class space mapped at: 0x0000000800000000-0x0000000840000000, reserved size: 1073741824
Narrow klass base: 0x0000000800000000, Narrow klass shift: 0, Narrow klass range: 0x40000000

GC Precious Log:
 CPUs: 6 total, 6 available
 Memory: 16304M
 Large Page Support: Disabled
 NUMA Support: Disabled
 Compressed Oops: Enabled (Zero based)
 Heap Region Size: 2M
 Heap Min Capacity: 8M
 Heap Initial Capacity: 256M
 Heap Max Capacity: 4078M
 Pre-touch: Disabled
 Parallel Workers: 6
 Concurrent Workers: 2
 Concurrent Refinement Workers: 6
 Periodic GC: Disabled

Heap:
 garbage-first heap   total 262144K, used 57036K [0x0000000701200000, 0x0000000800000000)
  region size 2048K, 13 young (26624K), 1 survivors (2048K)
 Metaspace       used 13286K, committed 13504K, reserved 1064960K
  class space    used 1334K, committed 1472K, reserved 1048576K

Heap Regions: E=young(eden), S=young(survivor), O=old, HS=humongous(starts), HC=humongous(continues), CS=collection set, F=free, OA=open archive, CA=closed archive, TAMS=top-at-mark-start (previous, next)
|   0|0x0000000701200000, 0x0000000701400000, 0x0000000701400000|100%|HS|  |TAMS 0x0000000701200000, 0x0000000701200000| Complete 
|   1|0x0000000701400000, 0x0000000701600000, 0x0000000701600000|100%|HC|  |TAMS 0x0000000701400000, 0x0000000701400000| Complete 
|   2|0x0000000701600000, 0x0000000701800000, 0x0000000701800000|100%|HC|  |TAMS 0x0000000701600000, 0x0000000701600000| Complete 
|   3|0x0000000701800000, 0x0000000701a00000, 0x0000000701a00000|100%|HC|  |TAMS 0x0000000701800000, 0x0000000701800000| Complete 
|   4|0x0000000701a00000, 0x0000000701c00000, 0x0000000701c00000|100%|HS|  |TAMS 0x0000000701a00000, 0x0000000701a00000| Complete 
|   5|0x0000000701c00000, 0x0000000701e00000, 0x0000000701e00000|100%|HC|  |TAMS 0x0000000701c00000, 0x0000000701c00000| Complete 
|   6|0x0000000701e00000, 0x0000000702000000, 0x0000000702000000|100%|HC|  |TAMS 0x0000000701e00000, 0x0000000701e00000| Complete 
|   7|0x0000000702000000, 0x0000000702200000, 0x0000000702200000|100%|HC|  |TAMS 0x0000000702000000, 0x0000000702000000| Complete 
|   8|0x0000000702200000, 0x0000000702400000, 0x0000000702400000|100%|HS|  |TAMS 0x0000000702200000, 0x0000000702200000| Complete 
|   9|0x0000000702400000, 0x0000000702600000, 0x0000000702600000|100%|HC|  |TAMS 0x0000000702400000, 0x0000000702400000| Complete 
|  10|0x0000000702600000, 0x0000000702800000, 0x0000000702800000|100%|HC|  |TAMS 0x0000000702600000, 0x0000000702600000| Complete 
|  11|0x0000000702800000, 0x0000000702a00000, 0x0000000702a00000|100%|HC|  |TAMS 0x0000000702800000, 0x0000000702800000| Complete 
|  12|0x0000000702a00000, 0x0000000702c00000, 0x0000000702c00000|100%|HC|  |TAMS 0x0000000702a00000, 0x0000000702a00000| Complete 
|  13|0x0000000702c00000, 0x0000000702e00000, 0x0000000702e00000|100%|HC|  |TAMS 0x0000000702c00000, 0x0000000702c00000| Complete 
|  14|0x0000000702e00000, 0x0000000703000000, 0x0000000703000000|100%|HC|  |TAMS 0x0000000702e00000, 0x0000000702e00000| Complete 
|  15|0x0000000703000000, 0x0000000703200000, 0x0000000703200000|100%|HC|  |TAMS 0x0000000703000000, 0x0000000703000000| Complete 
|  16|0x0000000703200000, 0x0000000703200000, 0x0000000703400000|  0%| F|  |TAMS 0x0000000703200000, 0x0000000703200000| Untracked 
|  17|0x0000000703400000, 0x0000000703400000, 0x0000000703600000|  0%| F|  |TAMS 0x0000000703400000, 0x0000000703400000| Untracked 
|  18|0x0000000703600000, 0x0000000703600000, 0x0000000703800000|  0%| F|  |TAMS 0x0000000703600000, 0x0000000703600000| Untracked 
|  19|0x0000000703800000, 0x0000000703800000, 0x0000000703a00000|  0%| F|  |TAMS 0x0000000703800000, 0x0000000703800000| Untracked 
|  20|0x0000000703a00000, 0x0000000703a00000, 0x0000000703c00000|  0%| F|  |TAMS 0x0000000703a00000, 0x0000000703a00000| Untracked 
|  21|0x0000000703c00000, 0x0000000703c00000, 0x0000000703e00000|  0%| F|  |TAMS 0x0000000703c00000, 0x0000000703c00000| Untracked 
|  22|0x0000000703e00000, 0x0000000703e00000, 0x0000000704000000|  0%| F|  |TAMS 0x0000000703e00000, 0x0000000703e00000| Untracked 
|  23|0x0000000704000000, 0x0000000704000000, 0x0000000704200000|  0%| F|  |TAMS 0x0000000704000000, 0x0000000704000000| Untracked 
|  24|0x0000000704200000, 0x0000000704200000, 0x0000000704400000|  0%| F|  |TAMS 0x0000000704200000, 0x0000000704200000| Untracked 
|  25|0x0000000704400000, 0x0000000704400000, 0x0000000704600000|  0%| F|  |TAMS 0x0000000704400000, 0x0000000704400000| Untracked 
|  26|0x0000000704600000, 0x0000000704600000, 0x0000000704800000|  0%| F|  |TAMS 0x0000000704600000, 0x0000000704600000| Untracked 
|  27|0x0000000704800000, 0x0000000704800000, 0x0000000704a00000|  0%| F|  |TAMS 0x0000000704800000, 0x0000000704800000| Untracked 
|  28|0x0000000704a00000, 0x0000000704a00000, 0x0000000704c00000|  0%| F|  |TAMS 0x0000000704a00000, 0x0000000704a00000| Untracked 
|  29|0x0000000704c00000, 0x0000000704c00000, 0x0000000704e00000|  0%| F|  |TAMS 0x0000000704c00000, 0x0000000704c00000| Untracked 
|  30|0x0000000704e00000, 0x0000000704e00000, 0x0000000705000000|  0%| F|  |TAMS 0x0000000704e00000, 0x0000000704e00000| Untracked 
|  31|0x0000000705000000, 0x0000000705000000, 0x0000000705200000|  0%| F|  |TAMS 0x0000000705000000, 0x0000000705000000| Untracked 
|  32|0x0000000705200000, 0x0000000705200000, 0x0000000705400000|  0%| F|  |TAMS 0x0000000705200000, 0x0000000705200000| Untracked 
|  33|0x0000000705400000, 0x0000000705400000, 0x0000000705600000|  0%| F|  |TAMS 0x0000000705400000, 0x0000000705400000| Untracked 
|  34|0x0000000705600000, 0x0000000705600000, 0x0000000705800000|  0%| F|  |TAMS 0x0000000705600000, 0x0000000705600000| Untracked 
|  35|0x0000000705800000, 0x0000000705800000, 0x0000000705a00000|  0%| F|  |TAMS 0x0000000705800000, 0x0000000705800000| Untracked 
|  36|0x0000000705a00000, 0x0000000705a00000, 0x0000000705c00000|  0%| F|  |TAMS 0x0000000705a00000, 0x0000000705a00000| Untracked 
|  37|0x0000000705c00000, 0x0000000705c00000, 0x0000000705e00000|  0%| F|  |TAMS 0x0000000705c00000, 0x0000000705c00000| Untracked 
|  38|0x0000000705e00000, 0x0000000705e00000, 0x0000000706000000|  0%| F|  |TAMS 0x0000000705e00000, 0x0000000705e00000| Untracked 
|  39|0x0000000706000000, 0x0000000706000000, 0x0000000706200000|  0%| F|  |TAMS 0x0000000706000000, 0x0000000706000000| Untracked 
|  40|0x0000000706200000, 0x0000000706200000, 0x0000000706400000|  0%| F|  |TAMS 0x0000000706200000, 0x0000000706200000| Untracked 
|  41|0x0000000706400000, 0x0000000706400000, 0x0000000706600000|  0%| F|  |TAMS 0x0000000706400000, 0x0000000706400000| Untracked 
|  42|0x0000000706600000, 0x0000000706600000, 0x0000000706800000|  0%| F|  |TAMS 0x0000000706600000, 0x0000000706600000| Untracked 
|  43|0x0000000706800000, 0x0000000706800000, 0x0000000706a00000|  0%| F|  |TAMS 0x0000000706800000, 0x0000000706800000| Untracked 
|  44|0x0000000706a00000, 0x0000000706a00000, 0x0000000706c00000|  0%| F|  |TAMS 0x0000000706a00000, 0x0000000706a00000| Untracked 
|  45|0x0000000706c00000, 0x0000000706c00000, 0x0000000706e00000|  0%| F|  |TAMS 0x0000000706c00000, 0x0000000706c00000| Untracked 
|  46|0x0000000706e00000, 0x0000000706e00000, 0x0000000707000000|  0%| F|  |TAMS 0x0000000706e00000, 0x0000000706e00000| Untracked 
|  47|0x0000000707000000, 0x0000000707000000, 0x0000000707200000|  0%| F|  |TAMS 0x0000000707000000, 0x0000000707000000| Untracked 
|  48|0x0000000707200000, 0x0000000707200000, 0x0000000707400000|  0%| F|  |TAMS 0x0000000707200000, 0x0000000707200000| Untracked 
|  49|0x0000000707400000, 0x0000000707400000, 0x0000000707600000|  0%| F|  |TAMS 0x0000000707400000, 0x0000000707400000| Untracked 
|  50|0x0000000707600000, 0x0000000707600000, 0x0000000707800000|  0%| F|  |TAMS 0x0000000707600000, 0x0000000707600000| Untracked 
|  51|0x0000000707800000, 0x0000000707800000, 0x0000000707a00000|  0%| F|  |TAMS 0x0000000707800000, 0x0000000707800000| Untracked 
|  52|0x0000000707a00000, 0x0000000707a00000, 0x0000000707c00000|  0%| F|  |TAMS 0x0000000707a00000, 0x0000000707a00000| Untracked 
|  53|0x0000000707c00000, 0x0000000707c00000, 0x0000000707e00000|  0%| F|  |TAMS 0x0000000707c00000, 0x0000000707c00000| Untracked 
|  54|0x0000000707e00000, 0x0000000707e00000, 0x0000000708000000|  0%| F|  |TAMS 0x0000000707e00000, 0x0000000707e00000| Untracked 
|  55|0x0000000708000000, 0x0000000708000000, 0x0000000708200000|  0%| F|  |TAMS 0x0000000708000000, 0x0000000708000000| Untracked 
|  56|0x0000000708200000, 0x0000000708200000, 0x0000000708400000|  0%| F|  |TAMS 0x0000000708200000, 0x0000000708200000| Untracked 
|  57|0x0000000708400000, 0x0000000708400000, 0x0000000708600000|  0%| F|  |TAMS 0x0000000708400000, 0x0000000708400000| Untracked 
|  58|0x0000000708600000, 0x0000000708600000, 0x0000000708800000|  0%| F|  |TAMS 0x0000000708600000, 0x0000000708600000| Untracked 
|  59|0x0000000708800000, 0x0000000708800000, 0x0000000708a00000|  0%| F|  |TAMS 0x0000000708800000, 0x0000000708800000| Untracked 
|  60|0x0000000708a00000, 0x0000000708a00000, 0x0000000708c00000|  0%| F|  |TAMS 0x0000000708a00000, 0x0000000708a00000| Untracked 
|  61|0x0000000708c00000, 0x0000000708c00000, 0x0000000708e00000|  0%| F|  |TAMS 0x0000000708c00000, 0x0000000708c00000| Untracked 
|  62|0x0000000708e00000, 0x0000000708e00000, 0x0000000709000000|  0%| F|  |TAMS 0x0000000708e00000, 0x0000000708e00000| Untracked 
|  63|0x0000000709000000, 0x0000000709000000, 0x0000000709200000|  0%| F|  |TAMS 0x0000000709000000, 0x0000000709000000| Untracked 
|  64|0x0000000709200000, 0x0000000709200000, 0x0000000709400000|  0%| F|  |TAMS 0x0000000709200000, 0x0000000709200000| Untracked 
|  65|0x0000000709400000, 0x0000000709400000, 0x0000000709600000|  0%| F|  |TAMS 0x0000000709400000, 0x0000000709400000| Untracked 
|  66|0x0000000709600000, 0x0000000709600000, 0x0000000709800000|  0%| F|  |TAMS 0x0000000709600000, 0x0000000709600000| Untracked 
|  67|0x0000000709800000, 0x0000000709800000, 0x0000000709a00000|  0%| F|  |TAMS 0x0000000709800000, 0x0000000709800000| Untracked 
|  68|0x0000000709a00000, 0x0000000709a00000, 0x0000000709c00000|  0%| F|  |TAMS 0x0000000709a00000, 0x0000000709a00000| Untracked 
|  69|0x0000000709c00000, 0x0000000709c00000, 0x0000000709e00000|  0%| F|  |TAMS 0x0000000709c00000, 0x0000000709c00000| Untracked 
|  70|0x0000000709e00000, 0x0000000709e00000, 0x000000070a000000|  0%| F|  |TAMS 0x0000000709e00000, 0x0000000709e00000| Untracked 
|  71|0x000000070a000000, 0x000000070a000000, 0x000000070a200000|  0%| F|  |TAMS 0x000000070a000000, 0x000000070a000000| Untracked 
|  72|0x000000070a200000, 0x000000070a200000, 0x000000070a400000|  0%| F|  |TAMS 0x000000070a200000, 0x000000070a200000| Untracked 
|  73|0x000000070a400000, 0x000000070a400000, 0x000000070a600000|  0%| F|  |TAMS 0x000000070a400000, 0x000000070a400000| Untracked 
|  74|0x000000070a600000, 0x000000070a600000, 0x000000070a800000|  0%| F|  |TAMS 0x000000070a600000, 0x000000070a600000| Untracked 
|  75|0x000000070a800000, 0x000000070a800000, 0x000000070aa00000|  0%| F|  |TAMS 0x000000070a800000, 0x000000070a800000| Untracked 
|  76|0x000000070aa00000, 0x000000070aa00000, 0x000000070ac00000|  0%| F|  |TAMS 0x000000070aa00000, 0x000000070aa00000| Untracked 
|  77|0x000000070ac00000, 0x000000070ac00000, 0x000000070ae00000|  0%| F|  |TAMS 0x000000070ac00000, 0x000000070ac00000| Untracked 
|  78|0x000000070ae00000, 0x000000070ae00000, 0x000000070b000000|  0%| F|  |TAMS 0x000000070ae00000, 0x000000070ae00000| Untracked 
|  79|0x000000070b000000, 0x000000070b000000, 0x000000070b200000|  0%| F|  |TAMS 0x000000070b000000, 0x000000070b000000| Untracked 
|  80|0x000000070b200000, 0x000000070b200000, 0x000000070b400000|  0%| F|  |TAMS 0x000000070b200000, 0x000000070b200000| Untracked 
|  81|0x000000070b400000, 0x000000070b400000, 0x000000070b600000|  0%| F|  |TAMS 0x000000070b400000, 0x000000070b400000| Untracked 
|  82|0x000000070b600000, 0x000000070b600000, 0x000000070b800000|  0%| F|  |TAMS 0x000000070b600000, 0x000000070b600000| Untracked 
|  83|0x000000070b800000, 0x000000070b800000, 0x000000070ba00000|  0%| F|  |TAMS 0x000000070b800000, 0x000000070b800000| Untracked 
|  84|0x000000070ba00000, 0x000000070ba00000, 0x000000070bc00000|  0%| F|  |TAMS 0x000000070ba00000, 0x000000070ba00000| Untracked 
|  85|0x000000070bc00000, 0x000000070bc00000, 0x000000070be00000|  0%| F|  |TAMS 0x000000070bc00000, 0x000000070bc00000| Untracked 
|  86|0x000000070be00000, 0x000000070be00000, 0x000000070c000000|  0%| F|  |TAMS 0x000000070be00000, 0x000000070be00000| Untracked 
|  87|0x000000070c000000, 0x000000070c000000, 0x000000070c200000|  0%| F|  |TAMS 0x000000070c000000, 0x000000070c000000| Untracked 
|  88|0x000000070c200000, 0x000000070c200000, 0x000000070c400000|  0%| F|  |TAMS 0x000000070c200000, 0x000000070c200000| Untracked 
|  89|0x000000070c400000, 0x000000070c400000, 0x000000070c600000|  0%| F|  |TAMS 0x000000070c400000, 0x000000070c400000| Untracked 
|  90|0x000000070c600000, 0x000000070c600000, 0x000000070c800000|  0%| F|  |TAMS 0x000000070c600000, 0x000000070c600000| Untracked 
|  91|0x000000070c800000, 0x000000070c800000, 0x000000070ca00000|  0%| F|  |TAMS 0x000000070c800000, 0x000000070c800000| Untracked 
|  92|0x000000070ca00000, 0x000000070ca00000, 0x000000070cc00000|  0%| F|  |TAMS 0x000000070ca00000, 0x000000070ca00000| Untracked 
|  93|0x000000070cc00000, 0x000000070cc00000, 0x000000070ce00000|  0%| F|  |TAMS 0x000000070cc00000, 0x000000070cc00000| Untracked 
|  94|0x000000070ce00000, 0x000000070ce00000, 0x000000070d000000|  0%| F|  |TAMS 0x000000070ce00000, 0x000000070ce00000| Untracked 
|  95|0x000000070d000000, 0x000000070d000000, 0x000000070d200000|  0%| F|  |TAMS 0x000000070d000000, 0x000000070d000000| Untracked 
|  96|0x000000070d200000, 0x000000070d200000, 0x000000070d400000|  0%| F|  |TAMS 0x000000070d200000, 0x000000070d200000| Untracked 
|  97|0x000000070d400000, 0x000000070d400000, 0x000000070d600000|  0%| F|  |TAMS 0x000000070d400000, 0x000000070d400000| Untracked 
|  98|0x000000070d600000, 0x000000070d600000, 0x000000070d800000|  0%| F|  |TAMS 0x000000070d600000, 0x000000070d600000| Untracked 
|  99|0x000000070d800000, 0x000000070d800000, 0x000000070da00000|  0%| F|  |TAMS 0x000000070d800000, 0x000000070d800000| Untracked 
| 100|0x000000070da00000, 0x000000070da00000, 0x000000070dc00000|  0%| F|  |TAMS 0x000000070da00000, 0x000000070da00000| Untracked 
| 101|0x000000070dc00000, 0x000000070dc00000, 0x000000070de00000|  0%| F|  |TAMS 0x000000070dc00000, 0x000000070dc00000| Untracked 
| 102|0x000000070de00000, 0x000000070de00000, 0x000000070e000000|  0%| F|  |TAMS 0x000000070de00000, 0x000000070de00000| Untracked 
| 103|0x000000070e000000, 0x000000070e000000, 0x000000070e200000|  0%| F|  |TAMS 0x000000070e000000, 0x000000070e000000| Untracked 
| 104|0x000000070e200000, 0x000000070e200000, 0x000000070e400000|  0%| F|  |TAMS 0x000000070e200000, 0x000000070e200000| Untracked 
| 105|0x000000070e400000, 0x000000070e400000, 0x000000070e600000|  0%| F|  |TAMS 0x000000070e400000, 0x000000070e400000| Untracked 
| 106|0x000000070e600000, 0x000000070e600000, 0x000000070e800000|  0%| F|  |TAMS 0x000000070e600000, 0x000000070e600000| Untracked 
| 107|0x000000070e800000, 0x000000070e800000, 0x000000070ea00000|  0%| F|  |TAMS 0x000000070e800000, 0x000000070e800000| Untracked 
| 108|0x000000070ea00000, 0x000000070ea00000, 0x000000070ec00000|  0%| F|  |TAMS 0x000000070ea00000, 0x000000070ea00000| Untracked 
| 109|0x000000070ec00000, 0x000000070ec00000, 0x000000070ee00000|  0%| F|  |TAMS 0x000000070ec00000, 0x000000070ec00000| Untracked 
| 110|0x000000070ee00000, 0x000000070ee00000, 0x000000070f000000|  0%| F|  |TAMS 0x000000070ee00000, 0x000000070ee00000| Untracked 
| 111|0x000000070f000000, 0x000000070f000000, 0x000000070f200000|  0%| F|  |TAMS 0x000000070f000000, 0x000000070f000000| Untracked 
| 112|0x000000070f200000, 0x000000070f200000, 0x000000070f400000|  0%| F|  |TAMS 0x000000070f200000, 0x000000070f200000| Untracked 
| 113|0x000000070f400000, 0x000000070f400000, 0x000000070f600000|  0%| F|  |TAMS 0x000000070f400000, 0x000000070f400000| Untracked 
| 114|0x000000070f600000, 0x000000070f600000, 0x000000070f800000|  0%| F|  |TAMS 0x000000070f600000, 0x000000070f600000| Untracked 
| 115|0x000000070f800000, 0x000000070f8578a8, 0x000000070fa00000| 17%| E|  |TAMS 0x000000070f800000, 0x000000070f800000| Complete 
| 116|0x000000070fa00000, 0x000000070fc00000, 0x000000070fc00000|100%| E|CS|TAMS 0x000000070fa00000, 0x000000070fa00000| Complete 
| 117|0x000000070fc00000, 0x000000070fdb3040, 0x000000070fe00000| 84%| S|CS|TAMS 0x000000070fc00000, 0x000000070fc00000| Complete 
| 118|0x000000070fe00000, 0x0000000710000000, 0x0000000710000000|100%| E|CS|TAMS 0x000000070fe00000, 0x000000070fe00000| Complete 
| 119|0x0000000710000000, 0x0000000710200000, 0x0000000710200000|100%| E|CS|TAMS 0x0000000710000000, 0x0000000710000000| Complete 
| 120|0x0000000710200000, 0x0000000710400000, 0x0000000710400000|100%| E|CS|TAMS 0x0000000710200000, 0x0000000710200000| Complete 
| 121|0x0000000710400000, 0x0000000710600000, 0x0000000710600000|100%| E|CS|TAMS 0x0000000710400000, 0x0000000710400000| Complete 
| 122|0x0000000710600000, 0x0000000710800000, 0x0000000710800000|100%| E|CS|TAMS 0x0000000710600000, 0x0000000710600000| Complete 
| 123|0x0000000710800000, 0x0000000710a00000, 0x0000000710a00000|100%| E|CS|TAMS 0x0000000710800000, 0x0000000710800000| Complete 
| 124|0x0000000710a00000, 0x0000000710c00000, 0x0000000710c00000|100%| E|CS|TAMS 0x0000000710a00000, 0x0000000710a00000| Complete 
| 125|0x0000000710c00000, 0x0000000710e00000, 0x0000000710e00000|100%| E|CS|TAMS 0x0000000710c00000, 0x0000000710c00000| Complete 
| 126|0x0000000710e00000, 0x0000000711000000, 0x0000000711000000|100%| E|CS|TAMS 0x0000000710e00000, 0x0000000710e00000| Complete 
| 127|0x0000000711000000, 0x0000000711200000, 0x0000000711200000|100%| E|CS|TAMS 0x0000000711000000, 0x0000000711000000| Complete 

Card table byte_map: [0x0000021475a30000,0x0000021476230000] _byte_map_base: 0x0000021472227000

Marking Bits (Prev, Next): (CMBitMap*) 0x0000021460bbde20, (CMBitMap*) 0x0000021460bbde60
 Prev Bits: [0x0000021476a30000, 0x000002147a9e8000)
 Next Bits: [0x000002147a9f0000, 0x000002147e9a8000)

Polling page: 0x0000021460c20000

Metaspace:

Usage:
  Non-class:     11.67 MB used.
      Class:      1.30 MB used.
       Both:     12.97 MB used.

Virtual space:
  Non-class space:       16.00 MB reserved,      11.75 MB ( 73%) committed,  2 nodes.
      Class space:        1.00 GB reserved,       1.44 MB ( <1%) committed,  1 nodes.
             Both:        1.02 GB reserved,      13.19 MB (  1%) committed. 

Chunk freelists:
   Non-Class:  207.00 KB
       Class:  2.61 MB
        Both:  2.81 MB

MaxMetaspaceSize: unlimited
CompressedClassSpaceSize: 1.00 GB
Initial GC threshold: 21.00 MB
Current GC threshold: 21.00 MB
CDS: off
MetaspaceReclaimPolicy: balanced
 - commit_granule_bytes: 65536.
 - commit_granule_words: 8192.
 - virtual_space_node_default_size: 1048576.
 - enlarge_chunks_in_place: 1.
 - new_chunks_are_fully_committed: 0.
 - uncommit_free_chunks: 1.
 - use_allocation_guard: 0.
 - handle_deallocations: 1.


Internal statistics:

num_allocs_failed_limit: 0.
num_arena_births: 108.
num_arena_deaths: 0.
num_vsnodes_births: 3.
num_vsnodes_deaths: 0.
num_space_committed: 211.
num_space_uncommitted: 0.
num_chunks_returned_to_freelist: 0.
num_chunks_taken_from_freelist: 179.
num_chunk_merges: 0.
num_chunk_splits: 93.
num_chunks_enlarged: 33.
num_purges: 0.
num_inconsistent_stats: 0.

CodeHeap 'non-profiled nmethods': size=120000Kb used=356Kb max_used=356Kb free=119643Kb
 bounds [0x000002146d4c0000, 0x000002146d730000, 0x00000214749f0000]
CodeHeap 'profiled nmethods': size=120000Kb used=1129Kb max_used=1129Kb free=118870Kb
 bounds [0x0000021465f90000, 0x0000021466200000, 0x000002146d4c0000]
CodeHeap 'non-nmethods': size=5760Kb used=1260Kb max_used=1335Kb free=4499Kb
 bounds [0x00000214659f0000, 0x0000021465c60000, 0x0000021465f90000]
 total_blobs=1317 nmethods=734 adapters=496
 compilation: enabled
              stopped_count=0, restarted_count=0
 full_count=0

Compilation events (20 events):
Event: 590.069 Thread 0x000002147fc82aa0 nmethod 723 0x000002146d515890 code [0x000002146d515a20, 0x000002146d515b18]
Event: 3330.486 Thread 0x000002147fc8c4b0  724 % !   3       sun.java2d.d3d.D3DScreenUpdateManager::run @ 0 (267 bytes)
Event: 3330.488 Thread 0x000002147fc8c4b0 nmethod 724% 0x000002146609f210 code [0x000002146609f660, 0x00000214660a1e88]
Event: 3386.785 Thread 0x000002147fc8c4b0  725   !   3       sun.java2d.d3d.D3DScreenUpdateManager::run (267 bytes)
Event: 3386.786 Thread 0x000002147fc8c4b0 nmethod 725 0x00000214660a2e90 code [0x00000214660a32e0, 0x00000214660a5a88]
Event: 4201.637 Thread 0x000002147fc8c4b0  726   !   3       java.lang.ref.ReferenceQueue::remove (125 bytes)
Event: 4201.639 Thread 0x000002147fc8c4b0 nmethod 726 0x00000214660a6a10 code [0x00000214660a6c20, 0x00000214660a73b8]
Event: 4621.670 Thread 0x000002147fc8c4b0  727   !   3       jdk.internal.ref.PhantomCleanable::isListEmpty (34 bytes)
Event: 4621.670 Thread 0x000002147fc8c4b0 nmethod 727 0x00000214660a7710 code [0x00000214660a78a0, 0x00000214660a7af8]
Event: 4621.670 Thread 0x000002147fc8c4b0  728       3       jdk.internal.misc.InnocuousThread::eraseThreadLocals (23 bytes)
Event: 4621.671 Thread 0x000002147fc8c4b0 nmethod 728 0x00000214660a7c10 code [0x00000214660a7da0, 0x00000214660a7f98]
Event: 5584.928 Thread 0x000002147fc82aa0  729 % !   4       sun.java2d.d3d.D3DScreenUpdateManager::run @ 0 (267 bytes)
Event: 5584.941 Thread 0x000002147fc82aa0 nmethod 729% 0x000002146d515c10 code [0x000002146d515e00, 0x000002146d516d98]
Event: 6092.660 Thread 0x000002147fc82aa0  730 % !   4       sun.java2d.d3d.D3DScreenUpdateManager::run @ 105 (267 bytes)
Event: 6092.671 Thread 0x000002147fc82aa0 nmethod 730% 0x000002146d517510 code [0x000002146d517700, 0x000002146d518918]
Event: 7168.189 Thread 0x000002147fc8c4b0  731       3       sun.awt.AWTAutoShutdown::notifyToolkitThreadBusy (8 bytes)
Event: 7168.190 Thread 0x000002147fc8c4b0 nmethod 731 0x00000214660a8010 code [0x00000214660a81c0, 0x00000214660a8348]
Event: 7550.658 Thread 0x000002147fc8c4b0  732       3       sun.awt.AWTAutoShutdown::notifyToolkitThreadFree (8 bytes)
Event: 7550.658 Thread 0x000002147fc8c4b0 nmethod 732 0x00000214660a8410 code [0x00000214660a85c0, 0x00000214660a8748]
Event: 19022.857 Thread 0x000002147fc8c4b0  733       3       sun.awt.SunToolkit::getAppContext (42 bytes)

GC Heap History (2 events):
Event: 1.068 GC heap before
{Heap before GC invocations=0 (full 0):
 garbage-first heap   total 262144K, used 45056K [0x0000000701200000, 0x0000000800000000)
  region size 2048K, 10 young (20480K), 0 survivors (0K)
 Metaspace       used 12799K, committed 12992K, reserved 1064960K
  class space    used 1286K, committed 1408K, reserved 1048576K
}
Event: 1.071 GC heap after
{Heap after GC invocations=1 (full 0):
 garbage-first heap   total 262144K, used 9932K [0x0000000701200000, 0x0000000800000000)
  region size 2048K, 1 young (2048K), 1 survivors (2048K)
 Metaspace       used 12799K, committed 12992K, reserved 1064960K
  class space    used 1286K, committed 1408K, reserved 1048576K
}

Dll operation events (7 events):
Event: 0.008 Loaded shared library C:\Users\Bogdan\.p2\pool\plugins\org.eclipse.justj.openjdk.hotspot.jre.full.win32.x86_64_17.0.5.v20221102-0933\jre\bin\java.dll
Event: 0.118 Loaded shared library C:\Users\Bogdan\.p2\pool\plugins\org.eclipse.justj.openjdk.hotspot.jre.full.win32.x86_64_17.0.5.v20221102-0933\jre\bin\net.dll
Event: 0.120 Loaded shared library C:\Users\Bogdan\.p2\pool\plugins\org.eclipse.justj.openjdk.hotspot.jre.full.win32.x86_64_17.0.5.v20221102-0933\jre\bin\nio.dll
Event: 0.172 Loaded shared library C:\Users\Bogdan\.p2\pool\plugins\org.eclipse.justj.openjdk.hotspot.jre.full.win32.x86_64_17.0.5.v20221102-0933\jre\bin\jimage.dll
Event: 0.188 Loaded shared library C:\Users\Bogdan\.p2\pool\plugins\org.eclipse.justj.openjdk.hotspot.jre.full.win32.x86_64_17.0.5.v20221102-0933\jre\bin\awt.dll
Event: 0.523 Loaded shared library C:\Users\Bogdan\.p2\pool\plugins\org.eclipse.justj.openjdk.hotspot.jre.full.win32.x86_64_17.0.5.v20221102-0933\jre\bin\freetype.dll
Event: 0.524 Loaded shared library C:\Users\Bogdan\.p2\pool\plugins\org.eclipse.justj.openjdk.hotspot.jre.full.win32.x86_64_17.0.5.v20221102-0933\jre\bin\fontmanager.dll

Deoptimization events (20 events):
Event: 0.662 Thread 0x000002140257fad0 DEOPT PACKING pc=0x000002146d4edd50 sp=0x00000085936fde90
Event: 0.662 Thread 0x000002140257fad0 DEOPT UNPACKING pc=0x0000021465a423a3 sp=0x00000085936fdca0 mode 2
Event: 1.088 Thread 0x000002140257fad0 Uncommon trap: trap_request=0xffffff45 fr.pc=0x000002146d4ead7c relative=0x000000000000041c
Event: 1.088 Thread 0x000002140257fad0 Uncommon trap: reason=unstable_if action=reinterpret pc=0x000002146d4ead7c method=newproject.main$1.paintComponent(Ljava/awt/Graphics;)V @ 258 c2
Event: 1.088 Thread 0x000002140257fad0 DEOPT PACKING pc=0x000002146d4ead7c sp=0x00000085936fdf00
Event: 1.088 Thread 0x000002140257fad0 DEOPT UNPACKING pc=0x0000021465a423a3 sp=0x00000085936fdc98 mode 2
Event: 455.826 Thread 0x00000214025f7c60 Uncommon trap: trap_request=0xffffffcc fr.pc=0x000002146d513588 relative=0x0000000000000268
Event: 455.827 Thread 0x00000214025f7c60 Uncommon trap: reason=intrinsic_or_type_checked_inlining action=make_not_entrant pc=0x000002146d513588 method=java.util.Arrays.copyOf([Ljava/lang/Object;ILjava/lang/Class;)[Ljava/lang/Object; @ 35 c2
Event: 455.827 Thread 0x00000214025f7c60 DEOPT PACKING pc=0x000002146d513588 sp=0x00000085937fefc0
Event: 455.827 Thread 0x00000214025f7c60 DEOPT UNPACKING pc=0x0000021465a423a3 sp=0x00000085937fef50 mode 2
Event: 558.326 Thread 0x00000214025f7c60 Uncommon trap: trap_request=0xffffffdc fr.pc=0x000002146d514658 relative=0x00000000000001b8
Event: 558.326 Thread 0x00000214025f7c60 Uncommon trap: reason=class_check action=make_not_entrant pc=0x000002146d514658 method=java.util.ArrayList.toArray([Ljava/lang/Object;)[Ljava/lang/Object; @ 21 c2
Event: 558.326 Thread 0x00000214025f7c60 DEOPT PACKING pc=0x000002146d514658 sp=0x00000085937ff020
Event: 558.326 Thread 0x00000214025f7c60 DEOPT UNPACKING pc=0x0000021465a423a3 sp=0x00000085937fefe0 mode 2
Event: 6036.266 Thread 0x00000214025f7c60 DEOPT PACKING pc=0x00000214660a1bff sp=0x00000085937fefe0
Event: 6036.266 Thread 0x00000214025f7c60 DEOPT UNPACKING pc=0x0000021465a42b43 sp=0x00000085937fe570 mode 0
Event: 19021.267 Thread 0x00000214025f7c60 Uncommon trap: trap_request=0xffffff45 fr.pc=0x000002146d518450 relative=0x0000000000000d50
Event: 19021.267 Thread 0x00000214025f7c60 Uncommon trap: reason=unstable_if action=reinterpret pc=0x000002146d518450 method=sun.java2d.StateTrackableDelegate$1.isCurrent()Z @ 8 c2
Event: 19021.267 Thread 0x00000214025f7c60 DEOPT PACKING pc=0x000002146d518450 sp=0x00000085937ff0d0
Event: 19021.267 Thread 0x00000214025f7c60 DEOPT UNPACKING pc=0x0000021465a423a3 sp=0x00000085937fefb0 mode 2

Classes unloaded (0 events):
No events

Classes redefined (0 events):
No events

Internal exceptions (14 events):
Event: 0.132 Thread 0x0000021460b52910 Exception <a 'java/lang/NoSuchMethodError'{0x0000000711112bc8}: 'void java.lang.invoke.DirectMethodHandle$Holder.invokeVirtual(java.lang.Object, java.lang.Object)'> (0x0000000711112bc8) 
thrown [s\src\hotspot\share\interpreter\linkResolver.cpp, line 759]
Event: 0.175 Thread 0x0000021460b52910 Exception <a 'sun/nio/fs/WindowsException'{0x0000000710e2c2a8}> (0x0000000710e2c2a8) 
thrown [s\src\hotspot\share\prims\jni.cpp, line 516]
Event: 0.180 Thread 0x0000021460b52910 Exception <a 'java/lang/ClassNotFoundException'{0x0000000710e32438}: sun/awt/resources/spi/awtProvider> (0x0000000710e32438) 
thrown [s\src\hotspot\share\classfile\systemDictionary.cpp, line 256]
Event: 0.200 Thread 0x0000021460b52910 Exception <a 'java/io/FileNotFoundException'{0x0000000710e86808}> (0x0000000710e86808) 
thrown [s\src\hotspot\share\prims\jni.cpp, line 516]
Event: 0.205 Thread 0x0000021460b52910 Exception <a 'java/io/FileNotFoundException'{0x0000000710eb38e0}> (0x0000000710eb38e0) 
thrown [s\src\hotspot\share\prims\jni.cpp, line 516]
Event: 0.243 Thread 0x0000021460b52910 Exception <a 'java/lang/NoSuchMethodError'{0x0000000710ef0160}: 'java.lang.Object java.lang.invoke.DirectMethodHandle$Holder.invokeStaticInit(java.lang.Object)'> (0x0000000710ef0160) 
thrown [s\src\hotspot\share\interpreter\linkResolver.cpp, line 759]
Event: 0.437 Thread 0x0000021460b52910 Exception <a 'java/lang/NoSuchMethodError'{0x0000000710fa0c68}: 'void java.lang.invoke.DirectMethodHandle$Holder.invokeSpecial(java.lang.Object, java.lang.Object, java.lang.Object)'> (0x0000000710fa0c68) 
thrown [s\src\hotspot\share\interpreter\linkResolver.cpp, line 759]
Event: 0.445 Thread 0x0000021460b52910 Exception <a 'java/lang/NoSuchMethodError'{0x0000000710fcaae0}: 'java.lang.Object java.lang.invoke.DirectMethodHandle$Holder.newInvokeSpecial(java.lang.Object, java.lang.Object, java.lang.Object, java.lang.Object, java.lang.Object)'> (0x0000000710fcaae0) 
thrown [s\src\hotspot\share\interpreter\linkResolver.cpp, line 759]
Event: 0.446 Thread 0x0000021460b52910 Exception <a 'java/lang/NoSuchMethodError'{0x0000000710fd64a8}: 'java.lang.Object java.lang.invoke.DirectMethodHandle$Holder.invokeStatic(java.lang.Object, int, java.lang.Object, java.lang.Object, java.lang.Object, java.lang.Object)'> (0x0000000710fd64a8) 
thrown [s\src\hotspot\share\interpreter\linkResolver.cpp, line 759]
Event: 0.450 Thread 0x0000021460b52910 Exception <a 'java/lang/NoSuchMethodError'{0x0000000710ffbc68}: 'java.lang.Object java.lang.invoke.DirectMethodHandle$Holder.invokeStatic(java.lang.Object, int, java.lang.Object)'> (0x0000000710ffbc68) 
thrown [s\src\hotspot\share\interpreter\linkResolver.cpp, line 759]
Event: 0.475 Thread 0x0000021460b52910 Exception <a 'java/lang/ClassNotFoundException'{0x0000000710cb4008}: com/sun/swing/internal/plaf/metal/resources/spi/metalProvider> (0x0000000710cb4008) 
thrown [s\src\hotspot\share\classfile\systemDictionary.cpp, line 256]
Event: 0.476 Thread 0x0000021460b52910 Exception <a 'java/lang/ClassNotFoundException'{0x0000000710cb7bd8}: com/sun/swing/internal/plaf/basic/resources/spi/basicProvider> (0x0000000710cb7bd8) 
thrown [s\src\hotspot\share\classfile\systemDictionary.cpp, line 256]
Event: 0.518 Thread 0x0000021460b52910 Exception <a 'java/lang/NoSuchMethodError'{0x0000000710d18578}: 'void java.lang.invoke.DirectMethodHandle$Holder.invokeStaticInit(java.lang.Object)'> (0x0000000710d18578) 
thrown [s\src\hotspot\share\interpreter\linkResolver.cpp, line 759]
Event: 0.549 Thread 0x0000021460b52910 Exception <a 'sun/nio/fs/WindowsException'{0x0000000710ddc788}> (0x0000000710ddc788) 
thrown [s\src\hotspot\share\prims\jni.cpp, line 516]

VM Operations (16 events):
Event: 0.147 Executing VM operation: HandshakeAllThreads
Event: 0.147 Executing VM operation: HandshakeAllThreads done
Event: 0.486 Executing VM operation: HandshakeAllThreads
Event: 0.486 Executing VM operation: HandshakeAllThreads done
Event: 0.540 Executing VM operation: HandshakeAllThreads
Event: 0.540 Executing VM operation: HandshakeAllThreads done
Event: 1.068 Executing VM operation: G1CollectForAllocation
Event: 1.071 Executing VM operation: G1CollectForAllocation done
Event: 1.078 Executing VM operation: HandshakeAllThreads
Event: 1.079 Executing VM operation: HandshakeAllThreads done
Event: 1.276 Executing VM operation: HandshakeAllThreads
Event: 1.276 Executing VM operation: HandshakeAllThreads done
Event: 2.284 Executing VM operation: Cleanup
Event: 2.284 Executing VM operation: Cleanup done
Event: 589.202 Executing VM operation: Cleanup
Event: 589.202 Executing VM operation: Cleanup done

Events (20 events):
Event: 1.286 loading class java/util/concurrent/ForkJoinPool$1
Event: 1.286 loading class java/util/concurrent/ForkJoinPool$1 done
Event: 1.286 loading class java/util/concurrent/ForkJoinPool$DefaultCommonPoolForkJoinWorkerThreadFactory
Event: 1.286 loading class java/util/concurrent/ForkJoinPool$DefaultCommonPoolForkJoinWorkerThreadFactory done
Event: 1.286 loading class java/util/concurrent/ForkJoinPool$WorkQueue
Event: 1.286 loading class java/util/concurrent/ForkJoinPool$WorkQueue done
Event: 1.286 loading class java/util/concurrent/ForkJoinWorkerThread
Event: 1.287 loading class java/util/concurrent/ForkJoinWorkerThread done
Event: 1.360 loading class java/awt/LightweightDispatcher$2
Event: 1.360 loading class java/awt/LightweightDispatcher$2 done
Event: 1.777 loading class java/awt/KeyboardFocusManager$2
Event: 1.777 loading class java/awt/KeyboardFocusManager$2 done
Event: 1.777 loading class sun/awt/SunToolkit$1
Event: 1.777 loading class sun/awt/SunToolkit$1 done
Event: 19022.842 loading class java/util/Collections$SynchronizedSet
Event: 19022.848 loading class java/util/Collections$SynchronizedSet done
Event: 19022.848 loading class java/util/WeakHashMap$KeyIterator
Event: 19022.850 loading class java/util/WeakHashMap$HashIterator
Event: 19022.851 loading class java/util/WeakHashMap$HashIterator done
Event: 19022.851 loading class java/util/WeakHashMap$KeyIterator done


Dynamic libraries:
0x00007ff67cf20000 - 0x00007ff67cf2e000 	C:\Users\Bogdan\.p2\pool\plugins\org.eclipse.justj.openjdk.hotspot.jre.full.win32.x86_64_17.0.5.v20221102-0933\jre\bin\javaw.exe
0x00007ff8a3690000 - 0x00007ff8a3888000 	C:\WINDOWS\SYSTEM32\ntdll.dll
0x00007ff8a2d70000 - 0x00007ff8a2e32000 	C:\WINDOWS\System32\KERNEL32.DLL
0x00007ff8a1190000 - 0x00007ff8a1486000 	C:\WINDOWS\System32\KERNELBASE.dll
0x00007ff8a0d20000 - 0x00007ff8a0e20000 	C:\WINDOWS\System32\ucrtbase.dll
0x00007ff89bd30000 - 0x00007ff89bd47000 	C:\Users\Bogdan\.p2\pool\plugins\org.eclipse.justj.openjdk.hotspot.jre.full.win32.x86_64_17.0.5.v20221102-0933\jre\bin\jli.dll
0x00007ff897dc0000 - 0x00007ff897dd9000 	C:\Users\Bogdan\.p2\pool\plugins\org.eclipse.justj.openjdk.hotspot.jre.full.win32.x86_64_17.0.5.v20221102-0933\jre\bin\VCRUNTIME140.dll
0x00007ff8a2350000 - 0x00007ff8a24ed000 	C:\WINDOWS\System32\USER32.dll
0x00007ff8a0e20000 - 0x00007ff8a0e42000 	C:\WINDOWS\System32\win32u.dll
0x00007ff8a2e40000 - 0x00007ff8a2e6b000 	C:\WINDOWS\System32\GDI32.dll
0x00007ff892a40000 - 0x00007ff892cda000 	C:\WINDOWS\WinSxS\amd64_microsoft.windows.common-controls_6595b64144ccf1df_6.0.19041.4355_none_60b8b9eb71f62e16\COMCTL32.dll
0x00007ff8a2030000 - 0x00007ff8a20ce000 	C:\WINDOWS\System32\msvcrt.dll
0x00007ff8a1560000 - 0x00007ff8a167a000 	C:\WINDOWS\System32\gdi32full.dll
0x00007ff8a10f0000 - 0x00007ff8a118d000 	C:\WINDOWS\System32\msvcp_win.dll
0x00007ff8a3430000 - 0x00007ff8a345f000 	C:\WINDOWS\System32\IMM32.DLL
0x00007ff89c280000 - 0x00007ff89c28c000 	C:\Users\Bogdan\.p2\pool\plugins\org.eclipse.justj.openjdk.hotspot.jre.full.win32.x86_64_17.0.5.v20221102-0933\jre\bin\vcruntime140_1.dll
0x00007ff877570000 - 0x00007ff877601000 	C:\Users\Bogdan\.p2\pool\plugins\org.eclipse.justj.openjdk.hotspot.jre.full.win32.x86_64_17.0.5.v20221102-0933\jre\bin\msvcp140.dll
0x00007ff81a910000 - 0x00007ff81b554000 	C:\Users\Bogdan\.p2\pool\plugins\org.eclipse.justj.openjdk.hotspot.jre.full.win32.x86_64_17.0.5.v20221102-0933\jre\bin\server\jvm.dll
0x00007ff8a2cc0000 - 0x00007ff8a2d6f000 	C:\WINDOWS\System32\ADVAPI32.dll
0x00007ff8a1af0000 - 0x00007ff8a1b8f000 	C:\WINDOWS\System32\sechost.dll
0x00007ff8a2fa0000 - 0x00007ff8a30c3000 	C:\WINDOWS\System32\RPCRT4.dll
0x00007ff8a1680000 - 0x00007ff8a16a7000 	C:\WINDOWS\System32\bcrypt.dll
0x00007ff89bdc0000 - 0x00007ff89bdc9000 	C:\WINDOWS\SYSTEM32\WSOCK32.dll
0x00007ff894fe0000 - 0x00007ff895007000 	C:\WINDOWS\SYSTEM32\WINMM.dll
0x00007ff8a2e70000 - 0x00007ff8a2edb000 	C:\WINDOWS\System32\WS2_32.dll
0x00007ff89a330000 - 0x00007ff89a33a000 	C:\WINDOWS\SYSTEM32\VERSION.dll
0x00007ff89eb80000 - 0x00007ff89eb92000 	C:\WINDOWS\SYSTEM32\kernel.appcore.dll
0x00007ff89bd20000 - 0x00007ff89bd2a000 	C:\Users\Bogdan\.p2\pool\plugins\org.eclipse.justj.openjdk.hotspot.jre.full.win32.x86_64_17.0.5.v20221102-0933\jre\bin\jimage.dll
0x00007ff88f6d0000 - 0x00007ff88f8b4000 	C:\WINDOWS\SYSTEM32\DBGHELP.DLL
0x00007ff881f30000 - 0x00007ff881f64000 	C:\WINDOWS\SYSTEM32\dbgcore.DLL
0x00007ff8a1060000 - 0x00007ff8a10e2000 	C:\WINDOWS\System32\bcryptPrimitives.dll
0x00007ff896f00000 - 0x00007ff896f25000 	C:\Users\Bogdan\.p2\pool\plugins\org.eclipse.justj.openjdk.hotspot.jre.full.win32.x86_64_17.0.5.v20221102-0933\jre\bin\java.dll
0x00007ff897280000 - 0x00007ff897298000 	C:\Users\Bogdan\.p2\pool\plugins\org.eclipse.justj.openjdk.hotspot.jre.full.win32.x86_64_17.0.5.v20221102-0933\jre\bin\zip.dll
0x00007ff8a24f0000 - 0x00007ff8a2c5f000 	C:\WINDOWS\System32\SHELL32.dll
0x00007ff89ed80000 - 0x00007ff89f523000 	C:\WINDOWS\SYSTEM32\windows.storage.dll
0x00007ff8a1730000 - 0x00007ff8a1a85000 	C:\WINDOWS\System32\combase.dll
0x00007ff8a0670000 - 0x00007ff8a069b000 	C:\WINDOWS\SYSTEM32\Wldp.dll
0x00007ff8a20d0000 - 0x00007ff8a219d000 	C:\WINDOWS\System32\OLEAUT32.dll
0x00007ff8a2ee0000 - 0x00007ff8a2f8d000 	C:\WINDOWS\System32\SHCORE.dll
0x00007ff8a2c60000 - 0x00007ff8a2cb5000 	C:\WINDOWS\System32\shlwapi.dll
0x00007ff8a0c50000 - 0x00007ff8a0c75000 	C:\WINDOWS\SYSTEM32\profapi.dll
0x00007ff896a00000 - 0x00007ff896a19000 	C:\Users\Bogdan\.p2\pool\plugins\org.eclipse.justj.openjdk.hotspot.jre.full.win32.x86_64_17.0.5.v20221102-0933\jre\bin\net.dll
0x00007ff89b110000 - 0x00007ff89b21a000 	C:\WINDOWS\SYSTEM32\WINHTTP.dll
0x00007ff8a0450000 - 0x00007ff8a04bc000 	C:\WINDOWS\system32\mswsock.dll
0x00007ff896340000 - 0x00007ff896355000 	C:\Users\Bogdan\.p2\pool\plugins\org.eclipse.justj.openjdk.hotspot.jre.full.win32.x86_64_17.0.5.v20221102-0933\jre\bin\nio.dll
0x00007ff86d160000 - 0x00007ff86d2ee000 	C:\Users\Bogdan\.p2\pool\plugins\org.eclipse.justj.openjdk.hotspot.jre.full.win32.x86_64_17.0.5.v20221102-0933\jre\bin\awt.dll
0x00007ff89e230000 - 0x00007ff89e2c4000 	C:\WINDOWS\SYSTEM32\apphelp.dll
0x00007ff89e7a0000 - 0x00007ff89e7cf000 	C:\WINDOWS\system32\DWMAPI.DLL
0x00007ff89e670000 - 0x00007ff89e70e000 	C:\WINDOWS\system32\uxtheme.dll
0x00007ff8508b0000 - 0x00007ff8509d8000 	C:\WINDOWS\system32\opengl32.dll
0x00007ff850880000 - 0x00007ff8508ac000 	C:\WINDOWS\SYSTEM32\GLU32.dll
0x00007ff8a2230000 - 0x00007ff8a2345000 	C:\WINDOWS\System32\MSCTF.dll
0x00007ff8a3460000 - 0x00007ff8a358b000 	C:\WINDOWS\System32\ole32.dll
0x00007ff8a08e0000 - 0x00007ff8a08f2000 	C:\WINDOWS\SYSTEM32\msasn1.dll
0x00007ff89a2f0000 - 0x00007ff89a321000 	C:\WINDOWS\SYSTEM32\cryptnet.dll
0x00007ff8a0e50000 - 0x00007ff8a0fad000 	C:\WINDOWS\System32\CRYPT32.dll
0x00007ff8a05e0000 - 0x00007ff8a05ec000 	C:\WINDOWS\SYSTEM32\cryptbase.dll
0x00007ff899c70000 - 0x00007ff899db7000 	C:\WINDOWS\SYSTEM32\drvstore.dll
0x00007ff8a0ab0000 - 0x00007ff8a0ae3000 	C:\WINDOWS\SYSTEM32\devobj.dll
0x00007ff8a1490000 - 0x00007ff8a14de000 	C:\WINDOWS\System32\cfgmgr32.dll
0x00007ff8a14e0000 - 0x00007ff8a1553000 	C:\WINDOWS\System32\wintrust.dll
0x00007ff8a1b90000 - 0x00007ff8a1bad000 	C:\WINDOWS\System32\imagehlp.dll
0x00007ff8a06b0000 - 0x00007ff8a06c8000 	C:\WINDOWS\SYSTEM32\CRYPTSP.dll
0x00007ff89fd20000 - 0x00007ff89fd58000 	C:\WINDOWS\system32\rsaenh.dll
0x00007ff89f540000 - 0x00007ff89f563000 	C:\WINDOWS\SYSTEM32\gpapi.dll
0x00007ff84f680000 - 0x00007ff84f7d5000 	C:\WINDOWS\System32\DriverStore\FileRepository\nv_dispig.inf_amd64_0afec3f2050014a0\nvppex.dll
0x00007ff8989d0000 - 0x00007ff898a0b000 	C:\WINDOWS\SYSTEM32\dxcore.dll
0x00007ff8774e0000 - 0x00007ff877566000 	C:\Users\Bogdan\.p2\pool\plugins\org.eclipse.justj.openjdk.hotspot.jre.full.win32.x86_64_17.0.5.v20221102-0933\jre\bin\freetype.dll
0x00007ff875610000 - 0x00007ff8756d5000 	C:\Users\Bogdan\.p2\pool\plugins\org.eclipse.justj.openjdk.hotspot.jre.full.win32.x86_64_17.0.5.v20221102-0933\jre\bin\fontmanager.dll
0x00007ff895150000 - 0x00007ff895249000 	C:\WINDOWS\SYSTEM32\textinputframework.dll
0x00007ff89dd00000 - 0x00007ff89ddf2000 	C:\WINDOWS\System32\CoreMessaging.dll
0x00007ff89d660000 - 0x00007ff89d9bb000 	C:\WINDOWS\System32\CoreUIComponents.dll
0x00007ff89ff70000 - 0x00007ff89ffa3000 	C:\WINDOWS\SYSTEM32\ntmarta.dll
0x00007ff89c2a0000 - 0x00007ff89c3f7000 	C:\WINDOWS\SYSTEM32\wintypes.dll
0x00007ff86ea70000 - 0x00007ff86ec41000 	C:\WINDOWS\system32\d3d9.dll
0x00007ff8986a0000 - 0x00007ff898761000 	C:\WINDOWS\System32\DriverStore\FileRepository\nv_dispig.inf_amd64_0afec3f2050014a0\nvldumdx.dll
0x00007ff892ce0000 - 0x00007ff894cce000 	C:\WINDOWS\System32\DriverStore\FileRepository\nv_dispig.inf_amd64_0afec3f2050014a0\nvgpucomp64.dll
0x00007ff845f30000 - 0x00007ff8479c4000 	C:\WINDOWS\System32\DriverStore\FileRepository\nv_dispig.inf_amd64_0afec3f2050014a0\nvd3dumx.dll
0x00007ff891630000 - 0x00007ff8916dc000 	C:\WINDOWS\SYSTEM32\TextShaping.dll

dbghelp: loaded successfully - version: 4.0.5 - missing functions: none
symbol engine: initialized successfully - sym options: 0x614 - pdb path: .;C:\Users\Bogdan\.p2\pool\plugins\org.eclipse.justj.openjdk.hotspot.jre.full.win32.x86_64_17.0.5.v20221102-0933\jre\bin;C:\WINDOWS\SYSTEM32;C:\WINDOWS\WinSxS\amd64_microsoft.windows.common-controls_6595b64144ccf1df_6.0.19041.4355_none_60b8b9eb71f62e16;C:\Users\Bogdan\.p2\pool\plugins\org.eclipse.justj.openjdk.hotspot.jre.full.win32.x86_64_17.0.5.v20221102-0933\jre\bin\server;C:\WINDOWS\System32\DriverStore\FileRepository\nv_dispig.inf_amd64_0afec3f2050014a0

VM Arguments:
jvm_args: -Dfile.encoding=UTF-8 --module-path=C:\Users\Bogdan\Desktop\personal\newproject\bin -XX:+ShowCodeDetailsInExceptionMessages -Djdk.module.main=newproject 
java_command: newproject/newproject.main
java_class_path (initial): <not set>
Launcher Type: SUN_STANDARD

[Global flags]
     intx CICompilerCount                          = 3                                         {product} {ergonomic}
     uint ConcGCThreads                            = 2                                         {product} {ergonomic}
     uint G1ConcRefinementThreads                  = 6                                         {product} {ergonomic}
   size_t G1HeapRegionSize                         = 2097152                                   {product} {ergonomic}
    uintx GCDrainStackTargetSize                   = 64                                        {product} {ergonomic}
   size_t InitialHeapSize                          = 268435456                                 {product} {ergonomic}
   size_t MarkStackSize                            = 4194304                                   {product} {ergonomic}
   size_t MaxHeapSize                              = 4276092928                                {product} {ergonomic}
   size_t MaxNewSize                               = 2564816896                                {product} {ergonomic}
   size_t MinHeapDeltaBytes                        = 2097152                                   {product} {ergonomic}
   size_t MinHeapSize                              = 8388608                                   {product} {ergonomic}
    uintx NonNMethodCodeHeapSize                   = 5832780                                {pd product} {ergonomic}
    uintx NonProfiledCodeHeapSize                  = 122912730                              {pd product} {ergonomic}
    uintx ProfiledCodeHeapSize                     = 122912730                              {pd product} {ergonomic}
    uintx ReservedCodeCacheSize                    = 251658240                              {pd product} {ergonomic}
     bool SegmentedCodeCache                       = true                                      {product} {ergonomic}
     bool ShowCodeDetailsInExceptionMessages       = true                                   {manageable} {command line}
   size_t SoftMaxHeapSize                          = 4276092928                             {manageable} {ergonomic}
     bool UseCompressedClassPointers               = true                           {product lp64_product} {ergonomic}
     bool UseCompressedOops                        = true                           {product lp64_product} {ergonomic}
     bool UseG1GC                                  = true                                      {product} {ergonomic}
     bool UseLargePagesIndividualAllocation        = false                                  {pd product} {ergonomic}

Logging:
Log output configuration:
 #0: stdout all=warning uptime,level,tags
 #1: stderr all=off uptime,level,tags

Environment Variables:
JAVA_HOME=C:\Users\Bogdan\AppData\Local\Coursier\cache\arc\https\github.com\adoptium\temurin11-binaries\releases\download\jdk-11.0.25%252B9\OpenJDK11U-jdk_x64_windows_hotspot_11.0.25_9.zip\jdk-11.0.25+9
PATH=C:/Users/Bogdan/.p2/pool/plugins/org.eclipse.justj.openjdk.hotspot.jre.full.win32.x86_64_17.0.5.v20221102-0933/jre/bin/server;C:/Users/Bogdan/.p2/pool/plugins/org.eclipse.justj.openjdk.hotspot.jre.full.win32.x86_64_17.0.5.v20221102-0933/jre/bin;C:\Program Files\Eclipse Adoptium\jdk-17.0.14.7-hotspot\bin;C:\Python313\Scripts\;C:\Python313\;C:\Program Files (x86)\Eclipse Adoptium\jdk-17.0.13.11-hotspot\bin;C:\Program Files\Common Files\Oracle\Java\javapath;C:\WINDOWS\system32;C:\WINDOWS;C:\WINDOWS\System32\Wbem;C:\WINDOWS\System32\WindowsPowerShell\v1.0\;C:\WINDOWS\System32\OpenSSH\;C:\Program Files\Java\jdk-23\bin;C:\Program Files (x86)\sbt\bin;C:\Program Files (x86)\Windows Kits\10\Windows Performance Toolkit\;C:\ProgramData\chocolatey\bin;C:\Program Files\scala-cli-x86_64-pc-win32\;C:\Program Files\nodejs\;C:\Program Files\dotnet\;C:\Program Files\LLVM\bin;C:\Program Files\Docker\Docker\resources\bin;C:\Program Files\Git\cmd;C:\Users\Bogdan\scoop\apps\llvm\current\bin;C:\Users\Bogdan\scoop\shims;C:\Users\Bogdan\AppData\Local\Microsoft\WindowsApps;C:\Users\Bogdan\AppData\Local\Coursier\cache\arc\https\github.com\adoptium\temurin11-binaries\releases\download\jdk-11.0.25%252B9\OpenJDK11U-jdk_x64_windows_hotspot_11.0.25_9.zip\jdk-11.0.25+9\bin;C:\Users\Bogdan\AppData\Local\Coursier\data\bin;C:\Users\Bogdan\AppData\Local\JetBrains\Toolbox\scripts;C:\Users\Bogdan\AppData\Roaming\npm;C:\Users\Bogdan\.dotnet\tools;C:\Users\Bogdan\Desktop;
USERNAME=Bogdan
OS=Windows_NT
PROCESSOR_IDENTIFIER=Intel64 Family 6 Model 158 Stepping 10, GenuineIntel
TMP=C:\Users\Bogdan\AppData\Local\Temp
TEMP=C:\Users\Bogdan\AppData\Local\Temp



---------------  S Y S T E M  ---------------

OS:
 Windows 10 , 64 bit Build 19041 (10.0.19041.5678)
OS uptime: 6 days 6:07 hours
Hyper-V role detected

CPU: total 6 (initial active 6) (6 cores per cpu, 1 threads per core) family 6 model 158 stepping 10 microcode 0xb4, cx8, cmov, fxsr, mmx, 3dnowpref, sse, sse2, sse3, ssse3, sse4.1, sse4.2, popcnt, lzcnt, tsc, tscinvbit, avx, avx2, aes, erms, clmul, bmi1, bmi2, adx, fma, vzeroupper, clflush, clflushopt, hv

Memory: 4k page, system-wide physical 16304M (4268M free)
TotalPageFile size 65456M (AvailPageFile size 1138M)
current process WorkingSet (physical memory assigned to process): 97M, peak: 154M
current process commit charge ("private bytes"): 400M, peak: 427M

vm_info: OpenJDK 64-Bit Server VM (17.0.5+8) for windows-amd64 JRE (17.0.5+8), built on Oct 19 2022 04:48:13 by "temurin" with MS VC++ 16.7 (VS2019)

END.
