#
# There is insufficient memory for the Java Runtime Environment to continue.
# Native memory allocation (mmap) failed to map 77594624 bytes for G1 virtual space
# Possible reasons:
#   The system is out of physical RAM or swap space
#   The process is running with CompressedOops enabled, and the Java Heap may be blocking the growth of the native heap
# Possible solutions:
#   Reduce memory load on the system
#   Increase physical memory or swap space
#   Check if swap backing store is full
#   Decrease Java heap size (-Xmx/-Xms)
#   Decrease number of Java threads
#   Decrease Java thread stack sizes (-Xss)
#   Set larger code cache with -XX:ReservedCodeCacheSize=
#   JVM is running with Zero Based Compressed Oops mode in which the Java heap is
#     placed in the first 32GB address space. The Java Heap base address is the
#     maximum limit for the native heap growth. Please use -XX:HeapBaseMinAddress
#     to set the Java Heap base and to place the Java Heap above 32GB virtual address.
# This output file may be truncated or incomplete.
#
#  Out of Memory Error (os_windows.cpp:3548), pid=16516, tid=17360
#
# JRE version: OpenJDK Runtime Environment Temurin-17.0.5+8 (17.0.5+8) (build 17.0.5+8)
# Java VM: OpenJDK 64-Bit Server VM Temurin-17.0.5+8 (17.0.5+8, mixed mode, tiered, compressed oops, compressed class ptrs, g1 gc, windows-amd64)
# No core dump will be written. Minidumps are not enabled by default on client versions of Windows
#

---------------  S U M M A R Y ------------

Command Line: -Dfile.encoding=UTF-8 --module-path=C:\Users\Bogdan\Desktop\personal\newproject\bin -XX:+ShowCodeDetailsInExceptionMessages -Djdk.module.main=newproject newproject/newproject.main

Host: Intel(R) Core(TM) i5-8400 CPU @ 2.80GHz, 6 cores, 15G,  Windows 10 , 64 bit Build 19041 (10.0.19041.5678)
Time: Thu Apr 17 03:24:24 2025 E. Europe Daylight Time elapsed time: 3.639492 seconds (0d 0h 0m 3s)

---------------  T H R E A D  ---------------

Current thread (0x0000026e7b2d34b0):  VMThread "VM Thread" [stack: 0x000000bcb3c00000,0x000000bcb3d00000] [id=17360]

Stack: [0x000000bcb3c00000,0x000000bcb3d00000]
Native frames: (J=compiled Java code, j=interpreted, Vv=VM code, C=native code)
V  [jvm.dll+0x676b3a]
V  [jvm.dll+0x831444]
V  [jvm.dll+0x832bee]
V  [jvm.dll+0x833253]
V  [jvm.dll+0x244ce5]
V  [jvm.dll+0x673a49]
V  [jvm.dll+0x66811a]
V  [jvm.dll+0x303ceb]
V  [jvm.dll+0x30b1e6]
V  [jvm.dll+0x35adbe]
V  [jvm.dll+0x35afef]
V  [jvm.dll+0x2dab88]
V  [jvm.dll+0x2d8e3c]
V  [jvm.dll+0x2d840c]
V  [jvm.dll+0x31c641]
V  [jvm.dll+0x8376fb]
V  [jvm.dll+0x838434]
V  [jvm.dll+0x83894c]
V  [jvm.dll+0x838d24]
V  [jvm.dll+0x838df0]
V  [jvm.dll+0x7e17ea]
V  [jvm.dll+0x6759e5]
C  [ucrtbase.dll+0x21bb2]
C  [KERNEL32.DLL+0x17374]
C  [ntdll.dll+0x4cc91]

VM_Operation (0x000000bcb4f0d920): G1TryInitiateConcMark, mode: safepoint, requested by thread 0x0000026e7c59a180


---------------  P R O C E S S  ---------------

Threads class SMR info:
_java_thread_list=0x0000026e7c46f240, length=18, elements={
0x0000026e7bc2f1a0, 0x0000026e7bc2ff20, 0x0000026e7bc6dfc0, 0x0000026e7bc6f020,
0x0000026e7bc7ed80, 0x0000026e7bc7f340, 0x0000026e7bc89ec0, 0x0000026e7bc8acc0,
0x0000026e7bc8e600, 0x0000026e7bd3ab50, 0x0000026e7bf04fe0, 0x0000026e7c0e29b0,
0x0000026e7c0e4e90, 0x0000026e7c12fae0, 0x0000026e7c59a180, 0x0000026e5cb535c0,
0x0000026e7be7b800, 0x0000026e7c414100
}

Java Threads: ( => current thread )
  0x0000026e7bc2f1a0 JavaThread "Reference Handler" daemon [_thread_blocked, id=644, stack(0x000000bcb3d00000,0x000000bcb3e00000)]
  0x0000026e7bc2ff20 JavaThread "Finalizer" daemon [_thread_blocked, id=12988, stack(0x000000bcb3e00000,0x000000bcb3f00000)]
  0x0000026e7bc6dfc0 JavaThread "Signal Dispatcher" daemon [_thread_blocked, id=12436, stack(0x000000bcb3f00000,0x000000bcb4000000)]
  0x0000026e7bc6f020 JavaThread "Attach Listener" daemon [_thread_blocked, id=14540, stack(0x000000bcb4000000,0x000000bcb4100000)]
  0x0000026e7bc7ed80 JavaThread "Service Thread" daemon [_thread_blocked, id=7676, stack(0x000000bcb4100000,0x000000bcb4200000)]
  0x0000026e7bc7f340 JavaThread "Monitor Deflation Thread" daemon [_thread_blocked, id=10096, stack(0x000000bcb4200000,0x000000bcb4300000)]
  0x0000026e7bc89ec0 JavaThread "C2 CompilerThread0" daemon [_thread_in_native, id=12768, stack(0x000000bcb4300000,0x000000bcb4400000)]
  0x0000026e7bc8acc0 JavaThread "C1 CompilerThread0" daemon [_thread_blocked, id=22732, stack(0x000000bcb4400000,0x000000bcb4500000)]
  0x0000026e7bc8e600 JavaThread "Sweeper thread" daemon [_thread_blocked, id=9592, stack(0x000000bcb4500000,0x000000bcb4600000)]
  0x0000026e7bd3ab50 JavaThread "Common-Cleaner" daemon [_thread_blocked, id=22696, stack(0x000000bcb4600000,0x000000bcb4700000)]
  0x0000026e7bf04fe0 JavaThread "Notification Thread" daemon [_thread_blocked, id=22092, stack(0x000000bcb4700000,0x000000bcb4800000)]
  0x0000026e7c0e29b0 JavaThread "Java2D Disposer" daemon [_thread_blocked, id=15408, stack(0x000000bcb4900000,0x000000bcb4a00000)]
  0x0000026e7c0e4e90 JavaThread "AWT-Shutdown" [_thread_blocked, id=21996, stack(0x000000bcb4a00000,0x000000bcb4b00000)]
  0x0000026e7c12fae0 JavaThread "AWT-Windows" daemon [_thread_blocked, id=17696, stack(0x000000bcb4b00000,0x000000bcb4c00000)]
  0x0000026e7c59a180 JavaThread "AWT-EventQueue-0" [_thread_blocked, id=17100, stack(0x000000bcb4e10000,0x000000bcb4f10000)]
  0x0000026e5cb535c0 JavaThread "DestroyJavaVM" [_thread_blocked, id=15356, stack(0x000000bcb3600000,0x000000bcb3700000)]
  0x0000026e7be7b800 JavaThread "D3D Screen Updater" daemon [_thread_in_native, id=10788, stack(0x000000bcb4f10000,0x000000bcb5010000)]
  0x0000026e7c414100 JavaThread "C2 CompilerThread1" daemon [_thread_blocked, id=16156, stack(0x000000bcb5620000,0x000000bcb5720000)]

Other Threads:
=>0x0000026e7b2d34b0 VMThread "VM Thread" [stack: 0x000000bcb3c00000,0x000000bcb3d00000] [id=17360]
  0x0000026e7bf0b4d0 WatcherThread [stack: 0x000000bcb4800000,0x000000bcb4900000] [id=15884]
  0x0000026e5cbbe4c0 GCTaskThread "GC Thread#0" [stack: 0x000000bcb3700000,0x000000bcb3800000] [id=6892]
  0x0000026e7f2430c0 GCTaskThread "GC Thread#1" [stack: 0x000000bcb5120000,0x000000bcb5220000] [id=21160]
  0x0000026e7f243370 GCTaskThread "GC Thread#2" [stack: 0x000000bcb5220000,0x000000bcb5320000] [id=19452]
  0x0000026e7f243620 GCTaskThread "GC Thread#3" [stack: 0x000000bcb5320000,0x000000bcb5420000] [id=17644]
  0x0000026e7f0183e0 GCTaskThread "GC Thread#4" [stack: 0x000000bcb5420000,0x000000bcb5520000] [id=17512]
  0x0000026e7f018690 GCTaskThread "GC Thread#5" [stack: 0x000000bcb5520000,0x000000bcb5620000] [id=360]
  0x0000026e5cbcfa70 ConcurrentGCThread "G1 Main Marker" [stack: 0x000000bcb3800000,0x000000bcb3900000] [id=11612]
  0x0000026e5cbd0480 ConcurrentGCThread "G1 Conc#0" [stack: 0x000000bcb3900000,0x000000bcb3a00000] [id=17128]
  0x0000026e7b1824d0 ConcurrentGCThread "G1 Refine#0" [stack: 0x000000bcb3a00000,0x000000bcb3b00000] [id=8180]
  0x0000026e7b182ef0 ConcurrentGCThread "G1 Service" [stack: 0x000000bcb3b00000,0x000000bcb3c00000] [id=18508]

Threads with active compile tasks:
C2 CompilerThread0     3669  876       4       newproject.main$1::paintComponent (2053 bytes)
C1 CompilerThread0     3669  988       3       javax.swing.plaf.metal.MetalLookAndFeel::getCurrentTheme (88 bytes)
C2 CompilerThread1     3669  968       4       jdk.internal.math.FloatingDecimal$BinaryToASCIIBuffer::dtoa (1509 bytes)

VM state: at safepoint (normal execution)

VM Mutex/Monitor currently owned by a thread:  ([mutex/lock_event])
[0x0000026e5cb4edf0] Threads_lock - owner thread: 0x0000026e7b2d34b0
[0x0000026e5cb4df50] Heap_lock - owner thread: 0x0000026e7c59a180

Heap address: 0x0000000701200000, size: 4078 MB, Compressed Oops mode: Zero based, Oop shift amount: 3

CDS archive(s) not mapped
Compressed class space mapped at: 0x0000000800000000-0x0000000840000000, reserved size: 1073741824
Narrow klass base: 0x0000000800000000, Narrow klass shift: 0, Narrow klass range: 0x40000000

GC Precious Log:
 CPUs: 6 total, 6 available
 Memory: 16304M
 Large Page Support: Disabled
 NUMA Support: Disabled
 Compressed Oops: Enabled (Zero based)
 Heap Region Size: 2M
 Heap Min Capacity: 8M
 Heap Initial Capacity: 256M
 Heap Max Capacity: 4078M
 Pre-touch: Disabled
 Parallel Workers: 6
 Concurrent Workers: 2
 Concurrent Refinement Workers: 6
 Periodic GC: Disabled

Heap:
 garbage-first heap   total 262144K, used 34687K [0x0000000701200000, 0x0000000800000000)
  region size 2048K, 1 young (2048K), 1 survivors (2048K)
 Metaspace       used 13459K, committed 13696K, reserved 1064960K
  class space    used 1330K, committed 1472K, reserved 1048576K

Heap Regions: E=young(eden), S=young(survivor), O=old, HS=humongous(starts), HC=humongous(continues), CS=collection set, F=free, OA=open archive, CA=closed archive, TAMS=top-at-mark-start (previous, next)
|   0|0x0000000701200000, 0x0000000701200000, 0x0000000701400000|  0%| F|  |TAMS 0x0000000701200000, 0x0000000701200000| Untracked 
|   1|0x0000000701400000, 0x0000000701400000, 0x0000000701600000|  0%| F|  |TAMS 0x0000000701400000, 0x0000000701400000| Untracked 
|   2|0x0000000701600000, 0x0000000701600000, 0x0000000701800000|  0%| F|  |TAMS 0x0000000701600000, 0x0000000701600000| Untracked 
|   3|0x0000000701800000, 0x0000000701800000, 0x0000000701a00000|  0%| F|  |TAMS 0x0000000701800000, 0x0000000701800000| Untracked 
|   4|0x0000000701a00000, 0x0000000701a00000, 0x0000000701c00000|  0%| F|  |TAMS 0x0000000701a00000, 0x0000000701a00000| Untracked 
|   5|0x0000000701c00000, 0x0000000701c00000, 0x0000000701e00000|  0%| F|  |TAMS 0x0000000701c00000, 0x0000000701c00000| Untracked 
|   6|0x0000000701e00000, 0x0000000701e00000, 0x0000000702000000|  0%| F|  |TAMS 0x0000000701e00000, 0x0000000701e00000| Untracked 
|   7|0x0000000702000000, 0x0000000702000000, 0x0000000702200000|  0%| F|  |TAMS 0x0000000702000000, 0x0000000702000000| Untracked 
|   8|0x0000000702200000, 0x0000000702400000, 0x0000000702400000|100%|HS|  |TAMS 0x0000000702200000, 0x0000000702400000| Complete 
|   9|0x0000000702400000, 0x0000000702600000, 0x0000000702600000|100%|HC|  |TAMS 0x0000000702400000, 0x0000000702600000| Complete 
|  10|0x0000000702600000, 0x0000000702800000, 0x0000000702800000|100%|HC|  |TAMS 0x0000000702600000, 0x0000000702800000| Complete 
|  11|0x0000000702800000, 0x0000000702a00000, 0x0000000702a00000|100%|HC|  |TAMS 0x0000000702800000, 0x0000000702a00000| Complete 
|  12|0x0000000702a00000, 0x0000000702c00000, 0x0000000702c00000|100%|HS|  |TAMS 0x0000000702a00000, 0x0000000702c00000| Complete 
|  13|0x0000000702c00000, 0x0000000702e00000, 0x0000000702e00000|100%|HC|  |TAMS 0x0000000702c00000, 0x0000000702e00000| Complete 
|  14|0x0000000702e00000, 0x0000000703000000, 0x0000000703000000|100%|HC|  |TAMS 0x0000000702e00000, 0x0000000703000000| Complete 
|  15|0x0000000703000000, 0x0000000703200000, 0x0000000703200000|100%|HC|  |TAMS 0x0000000703000000, 0x0000000703200000| Complete 
|  16|0x0000000703200000, 0x0000000703200000, 0x0000000703400000|  0%| F|  |TAMS 0x0000000703200000, 0x0000000703200000| Untracked 
|  17|0x0000000703400000, 0x0000000703400000, 0x0000000703600000|  0%| F|  |TAMS 0x0000000703400000, 0x0000000703400000| Untracked 
|  18|0x0000000703600000, 0x0000000703600000, 0x0000000703800000|  0%| F|  |TAMS 0x0000000703600000, 0x0000000703600000| Untracked 
|  19|0x0000000703800000, 0x0000000703800000, 0x0000000703a00000|  0%| F|  |TAMS 0x0000000703800000, 0x0000000703800000| Untracked 
|  20|0x0000000703a00000, 0x0000000703a00000, 0x0000000703c00000|  0%| F|  |TAMS 0x0000000703a00000, 0x0000000703a00000| Untracked 
|  21|0x0000000703c00000, 0x0000000703c00000, 0x0000000703e00000|  0%| F|  |TAMS 0x0000000703c00000, 0x0000000703c00000| Untracked 
|  22|0x0000000703e00000, 0x0000000703e00000, 0x0000000704000000|  0%| F|  |TAMS 0x0000000703e00000, 0x0000000703e00000| Untracked 
|  23|0x0000000704000000, 0x0000000704000000, 0x0000000704200000|  0%| F|  |TAMS 0x0000000704000000, 0x0000000704000000| Untracked 
|  24|0x0000000704200000, 0x0000000704200000, 0x0000000704400000|  0%| F|  |TAMS 0x0000000704200000, 0x0000000704200000| Untracked 
|  25|0x0000000704400000, 0x0000000704400000, 0x0000000704600000|  0%| F|  |TAMS 0x0000000704400000, 0x0000000704400000| Untracked 
|  26|0x0000000704600000, 0x0000000704600000, 0x0000000704800000|  0%| F|  |TAMS 0x0000000704600000, 0x0000000704600000| Untracked 
|  27|0x0000000704800000, 0x0000000704800000, 0x0000000704a00000|  0%| F|  |TAMS 0x0000000704800000, 0x0000000704800000| Untracked 
|  28|0x0000000704a00000, 0x0000000704a00000, 0x0000000704c00000|  0%| F|  |TAMS 0x0000000704a00000, 0x0000000704a00000| Untracked 
|  29|0x0000000704c00000, 0x0000000704c00000, 0x0000000704e00000|  0%| F|  |TAMS 0x0000000704c00000, 0x0000000704c00000| Untracked 
|  30|0x0000000704e00000, 0x0000000704e00000, 0x0000000705000000|  0%| F|  |TAMS 0x0000000704e00000, 0x0000000704e00000| Untracked 
|  31|0x0000000705000000, 0x0000000705000000, 0x0000000705200000|  0%| F|  |TAMS 0x0000000705000000, 0x0000000705000000| Untracked 
|  32|0x0000000705200000, 0x0000000705200000, 0x0000000705400000|  0%| F|  |TAMS 0x0000000705200000, 0x0000000705200000| Untracked 
|  33|0x0000000705400000, 0x0000000705400000, 0x0000000705600000|  0%| F|  |TAMS 0x0000000705400000, 0x0000000705400000| Untracked 
|  34|0x0000000705600000, 0x0000000705600000, 0x0000000705800000|  0%| F|  |TAMS 0x0000000705600000, 0x0000000705600000| Untracked 
|  35|0x0000000705800000, 0x0000000705800000, 0x0000000705a00000|  0%| F|  |TAMS 0x0000000705800000, 0x0000000705800000| Untracked 
|  36|0x0000000705a00000, 0x0000000705a00000, 0x0000000705c00000|  0%| F|  |TAMS 0x0000000705a00000, 0x0000000705a00000| Untracked 
|  37|0x0000000705c00000, 0x0000000705c00000, 0x0000000705e00000|  0%| F|  |TAMS 0x0000000705c00000, 0x0000000705c00000| Untracked 
|  38|0x0000000705e00000, 0x0000000705e00000, 0x0000000706000000|  0%| F|  |TAMS 0x0000000705e00000, 0x0000000705e00000| Untracked 
|  39|0x0000000706000000, 0x0000000706000000, 0x0000000706200000|  0%| F|  |TAMS 0x0000000706000000, 0x0000000706000000| Untracked 
|  40|0x0000000706200000, 0x0000000706400000, 0x0000000706400000|100%|HS|  |TAMS 0x0000000706200000, 0x0000000706400000| Complete 
|  41|0x0000000706400000, 0x0000000706600000, 0x0000000706600000|100%|HC|  |TAMS 0x0000000706400000, 0x0000000706600000| Complete 
|  42|0x0000000706600000, 0x0000000706800000, 0x0000000706800000|100%|HC|  |TAMS 0x0000000706600000, 0x0000000706800000| Complete 
|  43|0x0000000706800000, 0x0000000706a00000, 0x0000000706a00000|100%|HC|  |TAMS 0x0000000706800000, 0x0000000706a00000| Complete 
|  44|0x0000000706a00000, 0x0000000706c00000, 0x0000000706c00000|100%|HS|  |TAMS 0x0000000706a00000, 0x0000000706c00000| Complete 
|  45|0x0000000706c00000, 0x0000000706e00000, 0x0000000706e00000|100%|HC|  |TAMS 0x0000000706c00000, 0x0000000706e00000| Complete 
|  46|0x0000000706e00000, 0x0000000707000000, 0x0000000707000000|100%|HC|  |TAMS 0x0000000706e00000, 0x0000000707000000| Complete 
|  47|0x0000000707000000, 0x0000000707200000, 0x0000000707200000|100%|HC|  |TAMS 0x0000000707000000, 0x0000000707200000| Complete 
|  48|0x0000000707200000, 0x0000000707200000, 0x0000000707400000|  0%| F|  |TAMS 0x0000000707200000, 0x0000000707200000| Untracked 
|  49|0x0000000707400000, 0x0000000707400000, 0x0000000707600000|  0%| F|  |TAMS 0x0000000707400000, 0x0000000707400000| Untracked 
|  50|0x0000000707600000, 0x0000000707600000, 0x0000000707800000|  0%| F|  |TAMS 0x0000000707600000, 0x0000000707600000| Untracked 
|  51|0x0000000707800000, 0x0000000707800000, 0x0000000707a00000|  0%| F|  |TAMS 0x0000000707800000, 0x0000000707800000| Untracked 
|  52|0x0000000707a00000, 0x0000000707a00000, 0x0000000707c00000|  0%| F|  |TAMS 0x0000000707a00000, 0x0000000707a00000| Untracked 
|  53|0x0000000707c00000, 0x0000000707c00000, 0x0000000707e00000|  0%| F|  |TAMS 0x0000000707c00000, 0x0000000707c00000| Untracked 
|  54|0x0000000707e00000, 0x0000000707e00000, 0x0000000708000000|  0%| F|  |TAMS 0x0000000707e00000, 0x0000000707e00000| Untracked 
|  55|0x0000000708000000, 0x0000000708000000, 0x0000000708200000|  0%| F|  |TAMS 0x0000000708000000, 0x0000000708000000| Untracked 
|  56|0x0000000708200000, 0x0000000708200000, 0x0000000708400000|  0%| F|  |TAMS 0x0000000708200000, 0x0000000708200000| Untracked 
|  57|0x0000000708400000, 0x0000000708400000, 0x0000000708600000|  0%| F|  |TAMS 0x0000000708400000, 0x0000000708400000| Untracked 
|  58|0x0000000708600000, 0x0000000708600000, 0x0000000708800000|  0%| F|  |TAMS 0x0000000708600000, 0x0000000708600000| Untracked 
|  59|0x0000000708800000, 0x0000000708800000, 0x0000000708a00000|  0%| F|  |TAMS 0x0000000708800000, 0x0000000708800000| Untracked 
|  60|0x0000000708a00000, 0x0000000708a00000, 0x0000000708c00000|  0%| F|  |TAMS 0x0000000708a00000, 0x0000000708a00000| Untracked 
|  61|0x0000000708c00000, 0x0000000708c00000, 0x0000000708e00000|  0%| F|  |TAMS 0x0000000708c00000, 0x0000000708c00000| Untracked 
|  62|0x0000000708e00000, 0x0000000708e00000, 0x0000000709000000|  0%| F|  |TAMS 0x0000000708e00000, 0x0000000708e00000| Untracked 
|  63|0x0000000709000000, 0x0000000709000000, 0x0000000709200000|  0%| F|  |TAMS 0x0000000709000000, 0x0000000709000000| Untracked 
|  64|0x0000000709200000, 0x0000000709200000, 0x0000000709400000|  0%| F|  |TAMS 0x0000000709200000, 0x0000000709200000| Untracked 
|  65|0x0000000709400000, 0x0000000709400000, 0x0000000709600000|  0%| F|  |TAMS 0x0000000709400000, 0x0000000709400000| Untracked 
|  66|0x0000000709600000, 0x0000000709600000, 0x0000000709800000|  0%| F|  |TAMS 0x0000000709600000, 0x0000000709600000| Untracked 
|  67|0x0000000709800000, 0x0000000709800000, 0x0000000709a00000|  0%| F|  |TAMS 0x0000000709800000, 0x0000000709800000| Untracked 
|  68|0x0000000709a00000, 0x0000000709a00000, 0x0000000709c00000|  0%| F|  |TAMS 0x0000000709a00000, 0x0000000709a00000| Untracked 
|  69|0x0000000709c00000, 0x0000000709c00000, 0x0000000709e00000|  0%| F|  |TAMS 0x0000000709c00000, 0x0000000709c00000| Untracked 
|  70|0x0000000709e00000, 0x0000000709e00000, 0x000000070a000000|  0%| F|  |TAMS 0x0000000709e00000, 0x0000000709e00000| Untracked 
|  71|0x000000070a000000, 0x000000070a000000, 0x000000070a200000|  0%| F|  |TAMS 0x000000070a000000, 0x000000070a000000| Untracked 
|  72|0x000000070a200000, 0x000000070a200000, 0x000000070a400000|  0%| F|  |TAMS 0x000000070a200000, 0x000000070a200000| Untracked 
|  73|0x000000070a400000, 0x000000070a400000, 0x000000070a600000|  0%| F|  |TAMS 0x000000070a400000, 0x000000070a400000| Untracked 
|  74|0x000000070a600000, 0x000000070a600000, 0x000000070a800000|  0%| F|  |TAMS 0x000000070a600000, 0x000000070a600000| Untracked 
|  75|0x000000070a800000, 0x000000070a800000, 0x000000070aa00000|  0%| F|  |TAMS 0x000000070a800000, 0x000000070a800000| Untracked 
|  76|0x000000070aa00000, 0x000000070aa00000, 0x000000070ac00000|  0%| F|  |TAMS 0x000000070aa00000, 0x000000070aa00000| Untracked 
|  77|0x000000070ac00000, 0x000000070ac00000, 0x000000070ae00000|  0%| F|  |TAMS 0x000000070ac00000, 0x000000070ac00000| Untracked 
|  78|0x000000070ae00000, 0x000000070ae00000, 0x000000070b000000|  0%| F|  |TAMS 0x000000070ae00000, 0x000000070ae00000| Untracked 
|  79|0x000000070b000000, 0x000000070b000000, 0x000000070b200000|  0%| F|  |TAMS 0x000000070b000000, 0x000000070b000000| Untracked 
|  80|0x000000070b200000, 0x000000070b200000, 0x000000070b400000|  0%| F|  |TAMS 0x000000070b200000, 0x000000070b200000| Untracked 
|  81|0x000000070b400000, 0x000000070b400000, 0x000000070b600000|  0%| F|  |TAMS 0x000000070b400000, 0x000000070b400000| Untracked 
|  82|0x000000070b600000, 0x000000070b600000, 0x000000070b800000|  0%| F|  |TAMS 0x000000070b600000, 0x000000070b600000| Untracked 
|  83|0x000000070b800000, 0x000000070b800000, 0x000000070ba00000|  0%| F|  |TAMS 0x000000070b800000, 0x000000070b800000| Untracked 
|  84|0x000000070ba00000, 0x000000070ba00000, 0x000000070bc00000|  0%| F|  |TAMS 0x000000070ba00000, 0x000000070ba00000| Untracked 
|  85|0x000000070bc00000, 0x000000070bc00000, 0x000000070be00000|  0%| F|  |TAMS 0x000000070bc00000, 0x000000070bc00000| Untracked 
|  86|0x000000070be00000, 0x000000070be00000, 0x000000070c000000|  0%| F|  |TAMS 0x000000070be00000, 0x000000070be00000| Untracked 
|  87|0x000000070c000000, 0x000000070c000000, 0x000000070c200000|  0%| F|  |TAMS 0x000000070c000000, 0x000000070c000000| Untracked 
|  88|0x000000070c200000, 0x000000070c200000, 0x000000070c400000|  0%| F|  |TAMS 0x000000070c200000, 0x000000070c200000| Untracked 
|  89|0x000000070c400000, 0x000000070c400000, 0x000000070c600000|  0%| F|  |TAMS 0x000000070c400000, 0x000000070c400000| Untracked 
|  90|0x000000070c600000, 0x000000070c600000, 0x000000070c800000|  0%| F|  |TAMS 0x000000070c600000, 0x000000070c600000| Untracked 
|  91|0x000000070c800000, 0x000000070c800000, 0x000000070ca00000|  0%| F|  |TAMS 0x000000070c800000, 0x000000070c800000| Untracked 
|  92|0x000000070ca00000, 0x000000070ca00000, 0x000000070cc00000|  0%| F|  |TAMS 0x000000070ca00000, 0x000000070ca00000| Untracked 
|  93|0x000000070cc00000, 0x000000070cc00000, 0x000000070ce00000|  0%| F|  |TAMS 0x000000070cc00000, 0x000000070cc00000| Untracked 
|  94|0x000000070ce00000, 0x000000070ce00000, 0x000000070d000000|  0%| F|  |TAMS 0x000000070ce00000, 0x000000070ce00000| Untracked 
|  95|0x000000070d000000, 0x000000070d000000, 0x000000070d200000|  0%| F|  |TAMS 0x000000070d000000, 0x000000070d000000| Untracked 
|  96|0x000000070d200000, 0x000000070d200000, 0x000000070d400000|  0%| F|  |TAMS 0x000000070d200000, 0x000000070d200000| Untracked 
|  97|0x000000070d400000, 0x000000070d400000, 0x000000070d600000|  0%| F|  |TAMS 0x000000070d400000, 0x000000070d400000| Untracked 
|  98|0x000000070d600000, 0x000000070d600000, 0x000000070d800000|  0%| F|  |TAMS 0x000000070d600000, 0x000000070d600000| Untracked 
|  99|0x000000070d800000, 0x000000070d800000, 0x000000070da00000|  0%| F|  |TAMS 0x000000070d800000, 0x000000070d800000| Untracked 
| 100|0x000000070da00000, 0x000000070da00000, 0x000000070dc00000|  0%| F|  |TAMS 0x000000070da00000, 0x000000070da00000| Untracked 
| 101|0x000000070dc00000, 0x000000070dc00000, 0x000000070de00000|  0%| F|  |TAMS 0x000000070dc00000, 0x000000070dc00000| Untracked 
| 102|0x000000070de00000, 0x000000070de00000, 0x000000070e000000|  0%| F|  |TAMS 0x000000070de00000, 0x000000070de00000| Untracked 
| 103|0x000000070e000000, 0x000000070e000000, 0x000000070e200000|  0%| F|  |TAMS 0x000000070e000000, 0x000000070e000000| Untracked 
| 104|0x000000070e200000, 0x000000070e200000, 0x000000070e400000|  0%| F|  |TAMS 0x000000070e200000, 0x000000070e200000| Untracked 
| 105|0x000000070e400000, 0x000000070e400000, 0x000000070e600000|  0%| F|  |TAMS 0x000000070e400000, 0x000000070e400000| Untracked 
| 106|0x000000070e600000, 0x000000070e600000, 0x000000070e800000|  0%| F|  |TAMS 0x000000070e600000, 0x000000070e600000| Untracked 
| 107|0x000000070e800000, 0x000000070e800000, 0x000000070ea00000|  0%| F|  |TAMS 0x000000070e800000, 0x000000070e800000| Untracked 
| 108|0x000000070ea00000, 0x000000070ea00000, 0x000000070ec00000|  0%| F|  |TAMS 0x000000070ea00000, 0x000000070ea00000| Untracked 
| 109|0x000000070ec00000, 0x000000070ec00000, 0x000000070ee00000|  0%| F|  |TAMS 0x000000070ec00000, 0x000000070ec00000| Untracked 
| 110|0x000000070ee00000, 0x000000070ee00000, 0x000000070f000000|  0%| F|  |TAMS 0x000000070ee00000, 0x000000070ee00000| Untracked 
| 111|0x000000070f000000, 0x000000070f000000, 0x000000070f200000|  0%| F|  |TAMS 0x000000070f000000, 0x000000070f000000| Untracked 
| 112|0x000000070f200000, 0x000000070f200000, 0x000000070f400000|  0%| F|  |TAMS 0x000000070f200000, 0x000000070f200000| Untracked 
| 113|0x000000070f400000, 0x000000070f400000, 0x000000070f600000|  0%| F|  |TAMS 0x000000070f400000, 0x000000070f400000| Untracked 
| 114|0x000000070f600000, 0x000000070f600000, 0x000000070f800000|  0%| F|  |TAMS 0x000000070f600000, 0x000000070f600000| Untracked 
| 115|0x000000070f800000, 0x000000070f800000, 0x000000070fa00000|  0%| F|  |TAMS 0x000000070f800000, 0x000000070f800000| Untracked 
| 116|0x000000070fa00000, 0x000000070fa00000, 0x000000070fc00000|  0%| F|  |TAMS 0x000000070fa00000, 0x000000070fa00000| Untracked 
| 117|0x000000070fc00000, 0x000000070fc00000, 0x000000070fe00000|  0%| F|  |TAMS 0x000000070fc00000, 0x000000070fc00000| Untracked 
| 118|0x000000070fe00000, 0x000000070fe00000, 0x0000000710000000|  0%| F|  |TAMS 0x000000070fe00000, 0x000000070fe00000| Untracked 
| 119|0x0000000710000000, 0x0000000710000000, 0x0000000710200000|  0%| F|  |TAMS 0x0000000710000000, 0x0000000710000000| Untracked 
| 120|0x0000000710200000, 0x0000000710200000, 0x0000000710400000|  0%| F|  |TAMS 0x0000000710200000, 0x0000000710200000| Untracked 
| 121|0x0000000710400000, 0x0000000710400000, 0x0000000710600000|  0%| F|  |TAMS 0x0000000710400000, 0x0000000710400000| Untracked 
| 122|0x0000000710600000, 0x0000000710600000, 0x0000000710800000|  0%| F|  |TAMS 0x0000000710600000, 0x0000000710600000| Untracked 
| 123|0x0000000710800000, 0x0000000710800000, 0x0000000710a00000|  0%| F|  |TAMS 0x0000000710800000, 0x0000000710800000| Untracked 
| 124|0x0000000710a00000, 0x0000000710bdfec0, 0x0000000710c00000| 93%| S|CS|TAMS 0x0000000710a00000, 0x0000000710a00000| Complete 
| 125|0x0000000710c00000, 0x0000000710c00000, 0x0000000710e00000|  0%| F|  |TAMS 0x0000000710c00000, 0x0000000710c00000| Untracked 
| 126|0x0000000710e00000, 0x0000000710e00000, 0x0000000711000000|  0%| F|  |TAMS 0x0000000710e00000, 0x0000000710e00000| Untracked 
| 127|0x0000000711000000, 0x0000000711000000, 0x0000000711200000|  0%| F|  |TAMS 0x0000000711000000, 0x0000000711000000| Untracked 

Card table byte_map: [0x0000026e6fb20000,0x0000026e70320000] _byte_map_base: 0x0000026e6c317000

Marking Bits (Prev, Next): (CMBitMap*) 0x0000026e5cbbead0, (CMBitMap*) 0x0000026e5cbbeb10
 Prev Bits: [0x0000026e70b20000, 0x0000026e74ad8000)
 Next Bits: [0x0000026e74ae0000, 0x0000026e78a98000)

Polling page: 0x0000026e5aa00000

Metaspace:

Usage:
  Non-class:     11.84 MB used.
      Class:      1.30 MB used.
       Both:     13.14 MB used.

Virtual space:
  Non-class space:       16.00 MB reserved,      11.94 MB ( 75%) committed,  2 nodes.
      Class space:        1.00 GB reserved,       1.44 MB ( <1%) committed,  1 nodes.
             Both:        1.02 GB reserved,      13.38 MB (  1%) committed. 

Chunk freelists:
   Non-Class:  64.00 KB
       Class:  2.62 MB
        Both:  2.68 MB

MaxMetaspaceSize: unlimited
CompressedClassSpaceSize: 1.00 GB
Initial GC threshold: 21.00 MB
Current GC threshold: 21.00 MB
CDS: off
MetaspaceReclaimPolicy: balanced
 - commit_granule_bytes: 65536.
 - commit_granule_words: 8192.
 - virtual_space_node_default_size: 1048576.
 - enlarge_chunks_in_place: 1.
 - new_chunks_are_fully_committed: 0.
 - uncommit_free_chunks: 1.
 - use_allocation_guard: 0.
 - handle_deallocations: 1.


Internal statistics:

num_allocs_failed_limit: 0.
num_arena_births: 110.
num_arena_deaths: 0.
num_vsnodes_births: 3.
num_vsnodes_deaths: 0.
num_space_committed: 214.
num_space_uncommitted: 0.
num_chunks_returned_to_freelist: 0.
num_chunks_taken_from_freelist: 190.
num_chunk_merges: 0.
num_chunk_splits: 90.
num_chunks_enlarged: 25.
num_purges: 0.
num_inconsistent_stats: 0.

CodeHeap 'non-profiled nmethods': size=120000Kb used=375Kb max_used=375Kb free=119624Kb
 bounds [0x0000026e67ce0000, 0x0000026e67f50000, 0x0000026e6f210000]
CodeHeap 'profiled nmethods': size=120000Kb used=1575Kb max_used=1575Kb free=118424Kb
 bounds [0x0000026e607b0000, 0x0000026e60a20000, 0x0000026e67ce0000]
CodeHeap 'non-nmethods': size=5760Kb used=1255Kb max_used=1328Kb free=4504Kb
 bounds [0x0000026e60210000, 0x0000026e60480000, 0x0000026e607b0000]
 total_blobs=1557 nmethods=980 adapters=490
 compilation: enabled
              stopped_count=0, restarted_count=0
 full_count=0

Compilation events (20 events):
Event: 3.611 Thread 0x0000026e7bc8acc0 nmethod 978 0x0000026e60937690 code [0x0000026e60937880, 0x0000026e60937c48]
Event: 3.611 Thread 0x0000026e7bc8acc0  979       3       sun.java2d.pipe.Region::isInsideQuickCheck (57 bytes)
Event: 3.611 Thread 0x0000026e7bc8acc0 nmethod 979 0x0000026e60937e10 code [0x0000026e60937fa0, 0x0000026e60938218]
Event: 3.612 Thread 0x0000026e7bc8acc0  980       3       sun.java2d.d3d.D3DSurfaceData::getBounds (98 bytes)
Event: 3.612 Thread 0x0000026e7bc8acc0 nmethod 980 0x0000026e60938310 code [0x0000026e60938500, 0x0000026e60938cd8]
Event: 3.612 Thread 0x0000026e7bc8acc0  981       1       sun.java2d.pipe.Region::getLoY (5 bytes)
Event: 3.612 Thread 0x0000026e7bc8acc0 nmethod 981 0x0000026e67d3d610 code [0x0000026e67d3d7a0, 0x0000026e67d3d878]
Event: 3.612 Thread 0x0000026e7bc8acc0  983       1       javax.swing.JComponent::isPaintingOrigin (2 bytes)
Event: 3.612 Thread 0x0000026e7bc8acc0 nmethod 983 0x0000026e67d3d910 code [0x0000026e67d3daa0, 0x0000026e67d3db78]
Event: 3.612 Thread 0x0000026e7bc8acc0  982       1       sun.java2d.pipe.Region::getHiX (5 bytes)
Event: 3.612 Thread 0x0000026e7bc8acc0 nmethod 982 0x0000026e67d3dc10 code [0x0000026e67d3dda0, 0x0000026e67d3de78]
Event: 3.622 Thread 0x0000026e7bc8acc0  984       3       java.awt.event.InputEvent$1::setCanAccessSystemClipboard (6 bytes)
Event: 3.622 Thread 0x0000026e7bc8acc0 nmethod 984 0x0000026e60938f10 code [0x0000026e609390a0, 0x0000026e609391b8]
Event: 3.622 Thread 0x0000026e7bc8acc0  985       3       javax.swing.JComponent::getX (5 bytes)
Event: 3.622 Thread 0x0000026e7bc8acc0 nmethod 985 0x0000026e60939290 code [0x0000026e60939420, 0x0000026e60939538]
Event: 3.622 Thread 0x0000026e7bc8acc0  986       3       javax.swing.JComponent::getY (5 bytes)
Event: 3.622 Thread 0x0000026e7bc8acc0 nmethod 986 0x0000026e60939610 code [0x0000026e609397a0, 0x0000026e609398b8]
Event: 3.623 Thread 0x0000026e7bc8acc0  987       3       java.awt.Color::getTransparency (22 bytes)
Event: 3.623 Thread 0x0000026e7bc8acc0 nmethod 987 0x0000026e60939990 code [0x0000026e60939b40, 0x0000026e60939eb8]
Event: 3.623 Thread 0x0000026e7bc8acc0  988       3       javax.swing.plaf.metal.MetalLookAndFeel::getCurrentTheme (88 bytes)

GC Heap History (13 events):
Event: 3.120 GC heap before
{Heap before GC invocations=0 (full 0):
 garbage-first heap   total 262144K, used 118784K [0x0000000701200000, 0x0000000800000000)
  region size 2048K, 7 young (14336K), 0 survivors (0K)
 Metaspace       used 13350K, committed 13568K, reserved 1064960K
  class space    used 1330K, committed 1472K, reserved 1048576K
}
Event: 3.122 GC heap after
{Heap after GC invocations=1 (full 0):
 garbage-first heap   total 262144K, used 42756K [0x0000000701200000, 0x0000000800000000)
  region size 2048K, 1 young (2048K), 1 survivors (2048K)
 Metaspace       used 13350K, committed 13568K, reserved 1064960K
  class space    used 1330K, committed 1472K, reserved 1048576K
}
Event: 3.251 GC heap before
{Heap before GC invocations=1 (full 0):
 garbage-first heap   total 262144K, used 122628K [0x0000000701200000, 0x0000000800000000)
  region size 2048K, 5 young (10240K), 1 survivors (2048K)
 Metaspace       used 13367K, committed 13568K, reserved 1064960K
  class space    used 1330K, committed 1472K, reserved 1048576K
}
Event: 3.253 GC heap after
{Heap after GC invocations=2 (full 0):
 garbage-first heap   total 262144K, used 34588K [0x0000000701200000, 0x0000000800000000)
  region size 2048K, 1 young (2048K), 1 survivors (2048K)
 Metaspace       used 13367K, committed 13568K, reserved 1064960K
  class space    used 1330K, committed 1472K, reserved 1048576K
}
Event: 3.464 GC heap before
{Heap before GC invocations=2 (full 0):
 garbage-first heap   total 262144K, used 112412K [0x0000000701200000, 0x0000000800000000)
  region size 2048K, 4 young (8192K), 1 survivors (2048K)
 Metaspace       used 13379K, committed 13568K, reserved 1064960K
  class space    used 1330K, committed 1472K, reserved 1048576K
}
Event: 3.465 GC heap after
{Heap after GC invocations=3 (full 0):
 garbage-first heap   total 262144K, used 34563K [0x0000000701200000, 0x0000000800000000)
  region size 2048K, 1 young (2048K), 1 survivors (2048K)
 Metaspace       used 13379K, committed 13568K, reserved 1064960K
  class space    used 1330K, committed 1472K, reserved 1048576K
}
Event: 3.507 GC heap before
{Heap before GC invocations=3 (full 0):
 garbage-first heap   total 262144K, used 112387K [0x0000000701200000, 0x0000000800000000)
  region size 2048K, 4 young (8192K), 1 survivors (2048K)
 Metaspace       used 13400K, committed 13632K, reserved 1064960K
  class space    used 1330K, committed 1472K, reserved 1048576K
}
Event: 3.509 GC heap after
{Heap after GC invocations=4 (full 0):
 garbage-first heap   total 262144K, used 34604K [0x0000000701200000, 0x0000000800000000)
  region size 2048K, 1 young (2048K), 1 survivors (2048K)
 Metaspace       used 13400K, committed 13632K, reserved 1064960K
  class space    used 1330K, committed 1472K, reserved 1048576K
}
Event: 3.548 GC heap before
{Heap before GC invocations=4 (full 0):
 garbage-first heap   total 262144K, used 112428K [0x0000000701200000, 0x0000000800000000)
  region size 2048K, 4 young (8192K), 1 survivors (2048K)
 Metaspace       used 13434K, committed 13632K, reserved 1064960K
  class space    used 1330K, committed 1472K, reserved 1048576K
}
Event: 3.550 GC heap after
{Heap after GC invocations=5 (full 0):
 garbage-first heap   total 262144K, used 34608K [0x0000000701200000, 0x0000000800000000)
  region size 2048K, 1 young (2048K), 1 survivors (2048K)
 Metaspace       used 13434K, committed 13632K, reserved 1064960K
  class space    used 1330K, committed 1472K, reserved 1048576K
}
Event: 3.588 GC heap before
{Heap before GC invocations=5 (full 0):
 garbage-first heap   total 262144K, used 110384K [0x0000000701200000, 0x0000000800000000)
  region size 2048K, 3 young (6144K), 1 survivors (2048K)
 Metaspace       used 13446K, committed 13632K, reserved 1064960K
  class space    used 1330K, committed 1472K, reserved 1048576K
}
Event: 3.589 GC heap after
{Heap after GC invocations=6 (full 0):
 garbage-first heap   total 262144K, used 34610K [0x0000000701200000, 0x0000000800000000)
  region size 2048K, 1 young (2048K), 1 survivors (2048K)
 Metaspace       used 13446K, committed 13632K, reserved 1064960K
  class space    used 1330K, committed 1472K, reserved 1048576K
}
Event: 3.624 GC heap before
{Heap before GC invocations=6 (full 0):
 garbage-first heap   total 262144K, used 110386K [0x0000000701200000, 0x0000000800000000)
  region size 2048K, 3 young (6144K), 1 survivors (2048K)
 Metaspace       used 13459K, committed 13696K, reserved 1064960K
  class space    used 1330K, committed 1472K, reserved 1048576K
}

Dll operation events (7 events):
Event: 0.007 Loaded shared library C:\Users\Bogdan\.p2\pool\plugins\org.eclipse.justj.openjdk.hotspot.jre.full.win32.x86_64_17.0.5.v20221102-0933\jre\bin\java.dll
Event: 0.104 Loaded shared library C:\Users\Bogdan\.p2\pool\plugins\org.eclipse.justj.openjdk.hotspot.jre.full.win32.x86_64_17.0.5.v20221102-0933\jre\bin\net.dll
Event: 0.106 Loaded shared library C:\Users\Bogdan\.p2\pool\plugins\org.eclipse.justj.openjdk.hotspot.jre.full.win32.x86_64_17.0.5.v20221102-0933\jre\bin\nio.dll
Event: 0.153 Loaded shared library C:\Users\Bogdan\.p2\pool\plugins\org.eclipse.justj.openjdk.hotspot.jre.full.win32.x86_64_17.0.5.v20221102-0933\jre\bin\jimage.dll
Event: 0.167 Loaded shared library C:\Users\Bogdan\.p2\pool\plugins\org.eclipse.justj.openjdk.hotspot.jre.full.win32.x86_64_17.0.5.v20221102-0933\jre\bin\awt.dll
Event: 0.457 Loaded shared library C:\Users\Bogdan\.p2\pool\plugins\org.eclipse.justj.openjdk.hotspot.jre.full.win32.x86_64_17.0.5.v20221102-0933\jre\bin\freetype.dll
Event: 0.458 Loaded shared library C:\Users\Bogdan\.p2\pool\plugins\org.eclipse.justj.openjdk.hotspot.jre.full.win32.x86_64_17.0.5.v20221102-0933\jre\bin\fontmanager.dll

Deoptimization events (20 events):
Event: 0.139 Thread 0x0000026e5cb535c0 DEOPT PACKING pc=0x0000026e67ce6e5c sp=0x000000bcb36fe6f0
Event: 0.139 Thread 0x0000026e5cb535c0 DEOPT UNPACKING pc=0x0000026e602623a3 sp=0x000000bcb36fe680 mode 2
Event: 0.140 Thread 0x0000026e5cb535c0 Uncommon trap: trap_request=0xffffff45 fr.pc=0x0000026e67ce7d80 relative=0x0000000000000080
Event: 0.140 Thread 0x0000026e5cb535c0 Uncommon trap: reason=unstable_if action=reinterpret pc=0x0000026e67ce7d80 method=java.lang.String.isLatin1()Z @ 10 c2
Event: 0.140 Thread 0x0000026e5cb535c0 DEOPT PACKING pc=0x0000026e67ce7d80 sp=0x000000bcb36ff0f0
Event: 0.140 Thread 0x0000026e5cb535c0 DEOPT UNPACKING pc=0x0000026e602623a3 sp=0x000000bcb36ff030 mode 2
Event: 0.473 Thread 0x0000026e5cb535c0 DEOPT PACKING pc=0x0000026e607c10e7 sp=0x000000bcb36fcac0
Event: 0.473 Thread 0x0000026e5cb535c0 DEOPT UNPACKING pc=0x0000026e60262b43 sp=0x000000bcb36fbee0 mode 0
Event: 0.477 Thread 0x0000026e5cb535c0 DEOPT PACKING pc=0x0000026e607c0451 sp=0x000000bcb36fcb70
Event: 0.477 Thread 0x0000026e5cb535c0 DEOPT UNPACKING pc=0x0000026e60262b43 sp=0x000000bcb36fbfe8 mode 0
Event: 0.546 Thread 0x0000026e7c59a180 DEOPT PACKING pc=0x0000026e6089b09c sp=0x000000bcb4f0d540
Event: 0.546 Thread 0x0000026e7c59a180 DEOPT UNPACKING pc=0x0000026e60262b43 sp=0x000000bcb4f0ca88 mode 0
Event: 0.547 Thread 0x0000026e7c59a180 Uncommon trap: trap_request=0xffffff45 fr.pc=0x0000026e67d0bb98 relative=0x0000000000000c98
Event: 0.547 Thread 0x0000026e7c59a180 Uncommon trap: reason=unstable_if action=reinterpret pc=0x0000026e67d0bb98 method=newproject.main$1.paintComponent(Ljava/awt/Graphics;)V @ 1914 c2
Event: 0.547 Thread 0x0000026e7c59a180 DEOPT PACKING pc=0x0000026e67d0bb98 sp=0x000000bcb4f0d7a0
Event: 0.547 Thread 0x0000026e7c59a180 DEOPT UNPACKING pc=0x0000026e602623a3 sp=0x000000bcb4f0d5a0 mode 2
Event: 0.662 Thread 0x0000026e7c59a180 Uncommon trap: trap_request=0xffffff45 fr.pc=0x0000026e67d0a860 relative=0x00000000000002a0
Event: 0.662 Thread 0x0000026e7c59a180 Uncommon trap: reason=unstable_if action=reinterpret pc=0x0000026e67d0a860 method=newproject.main$1.paintComponent(Ljava/awt/Graphics;)V @ 982 c2
Event: 0.662 Thread 0x0000026e7c59a180 DEOPT PACKING pc=0x0000026e67d0a860 sp=0x000000bcb4f0d820
Event: 0.662 Thread 0x0000026e7c59a180 DEOPT UNPACKING pc=0x0000026e602623a3 sp=0x000000bcb4f0d598 mode 2

Classes unloaded (0 events):
No events

Classes redefined (0 events):
No events

Internal exceptions (15 events):
Event: 0.117 Thread 0x0000026e5cb535c0 Exception <a 'java/lang/NoSuchMethodError'{0x0000000711112bc8}: 'void java.lang.invoke.DirectMethodHandle$Holder.invokeVirtual(java.lang.Object, java.lang.Object)'> (0x0000000711112bc8) 
thrown [s\src\hotspot\share\interpreter\linkResolver.cpp, line 759]
Event: 0.155 Thread 0x0000026e5cb535c0 Exception <a 'sun/nio/fs/WindowsException'{0x0000000710e24928}> (0x0000000710e24928) 
thrown [s\src\hotspot\share\prims\jni.cpp, line 516]
Event: 0.160 Thread 0x0000026e5cb535c0 Exception <a 'java/lang/ClassNotFoundException'{0x0000000710e2aab8}: sun/awt/resources/spi/awtProvider> (0x0000000710e2aab8) 
thrown [s\src\hotspot\share\classfile\systemDictionary.cpp, line 256]
Event: 0.177 Thread 0x0000026e5cb535c0 Exception <a 'java/io/FileNotFoundException'{0x0000000710e7ee88}> (0x0000000710e7ee88) 
thrown [s\src\hotspot\share\prims\jni.cpp, line 516]
Event: 0.181 Thread 0x0000026e5cb535c0 Exception <a 'java/io/FileNotFoundException'{0x0000000710eac050}> (0x0000000710eac050) 
thrown [s\src\hotspot\share\prims\jni.cpp, line 516]
Event: 0.216 Thread 0x0000026e5cb535c0 Exception <a 'java/lang/NoSuchMethodError'{0x0000000710ee8718}: 'java.lang.Object java.lang.invoke.DirectMethodHandle$Holder.invokeStaticInit(java.lang.Object)'> (0x0000000710ee8718) 
thrown [s\src\hotspot\share\interpreter\linkResolver.cpp, line 759]
Event: 0.383 Thread 0x0000026e5cb535c0 Exception <a 'java/lang/NoSuchMethodError'{0x0000000710f32968}: 'void java.lang.invoke.DirectMethodHandle$Holder.invokeSpecial(java.lang.Object, java.lang.Object, java.lang.Object)'> (0x0000000710f32968) 
thrown [s\src\hotspot\share\interpreter\linkResolver.cpp, line 759]
Event: 0.390 Thread 0x0000026e5cb535c0 Exception <a 'java/lang/NoSuchMethodError'{0x0000000710fc30b0}: 'java.lang.Object java.lang.invoke.DirectMethodHandle$Holder.newInvokeSpecial(java.lang.Object, java.lang.Object, java.lang.Object, java.lang.Object, java.lang.Object)'> (0x0000000710fc30b0) 
thrown [s\src\hotspot\share\interpreter\linkResolver.cpp, line 759]
Event: 0.391 Thread 0x0000026e5cb535c0 Exception <a 'java/lang/NoSuchMethodError'{0x0000000710fcea78}: 'java.lang.Object java.lang.invoke.DirectMethodHandle$Holder.invokeStatic(java.lang.Object, int, java.lang.Object, java.lang.Object, java.lang.Object, java.lang.Object)'> (0x0000000710fcea78) 
thrown [s\src\hotspot\share\interpreter\linkResolver.cpp, line 759]
Event: 0.396 Thread 0x0000026e5cb535c0 Exception <a 'java/lang/NoSuchMethodError'{0x0000000710ff4238}: 'java.lang.Object java.lang.invoke.DirectMethodHandle$Holder.invokeStatic(java.lang.Object, int, java.lang.Object)'> (0x0000000710ff4238) 
thrown [s\src\hotspot\share\interpreter\linkResolver.cpp, line 759]
Event: 0.418 Thread 0x0000026e5cb535c0 Exception <a 'java/lang/ClassNotFoundException'{0x0000000710cac1e0}: com/sun/swing/internal/plaf/metal/resources/spi/metalProvider> (0x0000000710cac1e0) 
thrown [s\src\hotspot\share\classfile\systemDictionary.cpp, line 256]
Event: 0.418 Thread 0x0000026e5cb535c0 Exception <a 'java/lang/ClassNotFoundException'{0x0000000710cafdb0}: com/sun/swing/internal/plaf/basic/resources/spi/basicProvider> (0x0000000710cafdb0) 
thrown [s\src\hotspot\share\classfile\systemDictionary.cpp, line 256]
Event: 0.433 Thread 0x0000026e5cb535c0 Exception <a 'java/lang/NoSuchMethodError'{0x0000000710cde030}: 'void java.lang.invoke.DirectMethodHandle$Holder.invokeStatic(java.lang.Object, java.lang.Object, java.lang.Object)'> (0x0000000710cde030) 
thrown [s\src\hotspot\share\interpreter\linkResolver.cpp, line 759]
Event: 0.452 Thread 0x0000026e5cb535c0 Exception <a 'java/lang/NoSuchMethodError'{0x0000000710d0c828}: 'void java.lang.invoke.DirectMethodHandle$Holder.invokeStaticInit(java.lang.Object)'> (0x0000000710d0c828) 
thrown [s\src\hotspot\share\interpreter\linkResolver.cpp, line 759]
Event: 0.481 Thread 0x0000026e5cb535c0 Exception <a 'sun/nio/fs/WindowsException'{0x0000000710dd0c70}> (0x0000000710dd0c70) 
thrown [s\src\hotspot\share\prims\jni.cpp, line 516]

VM Operations (20 events):
Event: 0.472 Executing VM operation: HandshakeAllThreads done
Event: 0.648 Executing VM operation: HandshakeAllThreads
Event: 0.648 Executing VM operation: HandshakeAllThreads done
Event: 1.655 Executing VM operation: Cleanup
Event: 1.655 Executing VM operation: Cleanup done
Event: 2.655 Executing VM operation: Cleanup
Event: 2.655 Executing VM operation: Cleanup done
Event: 3.120 Executing VM operation: G1TryInitiateConcMark
Event: 3.122 Executing VM operation: G1TryInitiateConcMark done
Event: 3.251 Executing VM operation: G1TryInitiateConcMark
Event: 3.253 Executing VM operation: G1TryInitiateConcMark done
Event: 3.464 Executing VM operation: G1TryInitiateConcMark
Event: 3.465 Executing VM operation: G1TryInitiateConcMark done
Event: 3.507 Executing VM operation: G1TryInitiateConcMark
Event: 3.509 Executing VM operation: G1TryInitiateConcMark done
Event: 3.548 Executing VM operation: G1TryInitiateConcMark
Event: 3.550 Executing VM operation: G1TryInitiateConcMark done
Event: 3.587 Executing VM operation: G1TryInitiateConcMark
Event: 3.589 Executing VM operation: G1TryInitiateConcMark done
Event: 3.624 Executing VM operation: G1TryInitiateConcMark

Events (20 events):
Event: 0.751 loading class java/util/concurrent/ForkJoinPool$DefaultForkJoinWorkerThreadFactory
Event: 0.751 loading class java/util/concurrent/ForkJoinPool$ForkJoinWorkerThreadFactory
Event: 0.751 loading class java/util/concurrent/ForkJoinPool$ForkJoinWorkerThreadFactory done
Event: 0.751 loading class java/util/concurrent/ForkJoinPool$DefaultForkJoinWorkerThreadFactory done
Event: 0.751 loading class java/util/concurrent/ForkJoinPool$1
Event: 0.751 loading class java/util/concurrent/ForkJoinPool$1 done
Event: 0.751 loading class java/util/concurrent/ForkJoinPool$DefaultCommonPoolForkJoinWorkerThreadFactory
Event: 0.751 loading class java/util/concurrent/ForkJoinPool$DefaultCommonPoolForkJoinWorkerThreadFactory done
Event: 0.751 loading class java/util/concurrent/ForkJoinPool$WorkQueue
Event: 0.752 loading class java/util/concurrent/ForkJoinPool$WorkQueue done
Event: 0.752 loading class java/util/concurrent/ForkJoinWorkerThread
Event: 0.752 loading class java/util/concurrent/ForkJoinWorkerThread done
Event: 0.870 Thread 0x0000026e7c4131d0 Thread exited: 0x0000026e7c4131d0
Event: 2.616 loading class javax/swing/ClientPropertyKey
Event: 2.616 loading class javax/swing/ClientPropertyKey done
Event: 2.616 loading class javax/swing/ClientPropertyKey$1
Event: 2.616 loading class sun/awt/AWTAccessor$ClientPropertyKeyAccessor
Event: 2.616 loading class sun/awt/AWTAccessor$ClientPropertyKeyAccessor done
Event: 2.616 loading class javax/swing/ClientPropertyKey$1 done
Event: 3.586 Thread 0x0000026e7c414100 Thread added: 0x0000026e7c414100


Dynamic libraries:
0x00007ff6b36d0000 - 0x00007ff6b36de000 	C:\Users\Bogdan\.p2\pool\plugins\org.eclipse.justj.openjdk.hotspot.jre.full.win32.x86_64_17.0.5.v20221102-0933\jre\bin\javaw.exe
0x00007ffecfb10000 - 0x00007ffecfd08000 	C:\WINDOWS\SYSTEM32\ntdll.dll
0x00007ffecfa00000 - 0x00007ffecfac2000 	C:\WINDOWS\System32\KERNEL32.DLL
0x00007ffecd3e0000 - 0x00007ffecd6d6000 	C:\WINDOWS\System32\KERNELBASE.dll
0x00007ffecd1f0000 - 0x00007ffecd2f0000 	C:\WINDOWS\System32\ucrtbase.dll
0x00007ffeaef10000 - 0x00007ffeaef29000 	C:\Users\Bogdan\.p2\pool\plugins\org.eclipse.justj.openjdk.hotspot.jre.full.win32.x86_64_17.0.5.v20221102-0933\jre\bin\VCRUNTIME140.dll
0x00007ffeb0e40000 - 0x00007ffeb0e57000 	C:\Users\Bogdan\.p2\pool\plugins\org.eclipse.justj.openjdk.hotspot.jre.full.win32.x86_64_17.0.5.v20221102-0933\jre\bin\jli.dll
0x00007ffecf680000 - 0x00007ffecf81d000 	C:\WINDOWS\System32\USER32.dll
0x00007ffecd320000 - 0x00007ffecd342000 	C:\WINDOWS\System32\win32u.dll
0x00007ffeaafe0000 - 0x00007ffeab27a000 	C:\WINDOWS\WinSxS\amd64_microsoft.windows.common-controls_6595b64144ccf1df_6.0.19041.4355_none_60b8b9eb71f62e16\COMCTL32.dll
0x00007ffecf820000 - 0x00007ffecf84b000 	C:\WINDOWS\System32\GDI32.dll
0x00007ffece810000 - 0x00007ffece8ae000 	C:\WINDOWS\System32\msvcrt.dll
0x00007ffecd6e0000 - 0x00007ffecd7fa000 	C:\WINDOWS\System32\gdi32full.dll
0x00007ffecd800000 - 0x00007ffecd89d000 	C:\WINDOWS\System32\msvcp_win.dll
0x00007ffecf9d0000 - 0x00007ffecf9ff000 	C:\WINDOWS\System32\IMM32.DLL
0x00007ffebc300000 - 0x00007ffebc30c000 	C:\Users\Bogdan\.p2\pool\plugins\org.eclipse.justj.openjdk.hotspot.jre.full.win32.x86_64_17.0.5.v20221102-0933\jre\bin\vcruntime140_1.dll
0x00007ffeac450000 - 0x00007ffeac4e1000 	C:\Users\Bogdan\.p2\pool\plugins\org.eclipse.justj.openjdk.hotspot.jre.full.win32.x86_64_17.0.5.v20221102-0933\jre\bin\msvcp140.dll
0x00007ffe91930000 - 0x00007ffe92574000 	C:\Users\Bogdan\.p2\pool\plugins\org.eclipse.justj.openjdk.hotspot.jre.full.win32.x86_64_17.0.5.v20221102-0933\jre\bin\server\jvm.dll
0x00007ffecf280000 - 0x00007ffecf32f000 	C:\WINDOWS\System32\ADVAPI32.dll
0x00007ffece8b0000 - 0x00007ffece94f000 	C:\WINDOWS\System32\sechost.dll
0x00007ffecdf30000 - 0x00007ffece053000 	C:\WINDOWS\System32\RPCRT4.dll
0x00007ffecd2f0000 - 0x00007ffecd317000 	C:\WINDOWS\System32\bcrypt.dll
0x00007ffec87d0000 - 0x00007ffec87d9000 	C:\WINDOWS\SYSTEM32\WSOCK32.dll
0x00007ffecf1b0000 - 0x00007ffecf21b000 	C:\WINDOWS\System32\WS2_32.dll
0x00007ffec3660000 - 0x00007ffec3687000 	C:\WINDOWS\SYSTEM32\WINMM.dll
0x00007ffec6d20000 - 0x00007ffec6d2a000 	C:\WINDOWS\SYSTEM32\VERSION.dll
0x00007ffecb000000 - 0x00007ffecb012000 	C:\WINDOWS\SYSTEM32\kernel.appcore.dll
0x00007ffebcef0000 - 0x00007ffebcefa000 	C:\Users\Bogdan\.p2\pool\plugins\org.eclipse.justj.openjdk.hotspot.jre.full.win32.x86_64_17.0.5.v20221102-0933\jre\bin\jimage.dll
0x00007ffec5fa0000 - 0x00007ffec6184000 	C:\WINDOWS\SYSTEM32\DBGHELP.DLL
0x00007ffec5dc0000 - 0x00007ffec5df4000 	C:\WINDOWS\SYSTEM32\dbgcore.DLL
0x00007ffecd350000 - 0x00007ffecd3d2000 	C:\WINDOWS\System32\bcryptPrimitives.dll
0x00007ffeaeec0000 - 0x00007ffeaeee5000 	C:\Users\Bogdan\.p2\pool\plugins\org.eclipse.justj.openjdk.hotspot.jre.full.win32.x86_64_17.0.5.v20221102-0933\jre\bin\java.dll
0x00007ffeaf2d0000 - 0x00007ffeaf2e8000 	C:\Users\Bogdan\.p2\pool\plugins\org.eclipse.justj.openjdk.hotspot.jre.full.win32.x86_64_17.0.5.v20221102-0933\jre\bin\zip.dll
0x00007ffecea40000 - 0x00007ffecf1af000 	C:\WINDOWS\System32\SHELL32.dll
0x00007ffecb200000 - 0x00007ffecb9a3000 	C:\WINDOWS\SYSTEM32\windows.storage.dll
0x00007ffecdbd0000 - 0x00007ffecdf25000 	C:\WINDOWS\System32\combase.dll
0x00007ffeccaf0000 - 0x00007ffeccb1b000 	C:\WINDOWS\SYSTEM32\Wldp.dll
0x00007ffecf900000 - 0x00007ffecf9cd000 	C:\WINDOWS\System32\OLEAUT32.dll
0x00007ffecf850000 - 0x00007ffecf8fd000 	C:\WINDOWS\System32\SHCORE.dll
0x00007ffece4e0000 - 0x00007ffece535000 	C:\WINDOWS\System32\shlwapi.dll
0x00007ffecd0d0000 - 0x00007ffecd0f5000 	C:\WINDOWS\SYSTEM32\profapi.dll
0x00007ffeb0ea0000 - 0x00007ffeb0eb9000 	C:\Users\Bogdan\.p2\pool\plugins\org.eclipse.justj.openjdk.hotspot.jre.full.win32.x86_64_17.0.5.v20221102-0933\jre\bin\net.dll
0x00007ffec7cf0000 - 0x00007ffec7dfa000 	C:\WINDOWS\SYSTEM32\WINHTTP.dll
0x00007ffecc8d0000 - 0x00007ffecc93c000 	C:\WINDOWS\system32\mswsock.dll
0x00007ffeb0e80000 - 0x00007ffeb0e95000 	C:\Users\Bogdan\.p2\pool\plugins\org.eclipse.justj.openjdk.hotspot.jre.full.win32.x86_64_17.0.5.v20221102-0933\jre\bin\nio.dll
0x00007ffea8db0000 - 0x00007ffea8f3e000 	C:\Users\Bogdan\.p2\pool\plugins\org.eclipse.justj.openjdk.hotspot.jre.full.win32.x86_64_17.0.5.v20221102-0933\jre\bin\awt.dll
0x00007ffeca710000 - 0x00007ffeca7a4000 	C:\WINDOWS\SYSTEM32\apphelp.dll
0x00007ffecae20000 - 0x00007ffecae4f000 	C:\WINDOWS\system32\DWMAPI.DLL
0x00007ffecab10000 - 0x00007ffecabae000 	C:\WINDOWS\system32\uxtheme.dll
0x00007ffead320000 - 0x00007ffead448000 	C:\WINDOWS\system32\opengl32.dll
0x00007ffeb05d0000 - 0x00007ffeb05fc000 	C:\WINDOWS\SYSTEM32\GLU32.dll
0x00007ffecf3b0000 - 0x00007ffecf4c5000 	C:\WINDOWS\System32\MSCTF.dll
0x00007ffece540000 - 0x00007ffece66b000 	C:\WINDOWS\System32\ole32.dll
0x00007ffe94100000 - 0x00007ffe942d1000 	C:\WINDOWS\system32\d3d9.dll
0x00007ffeb97b0000 - 0x00007ffeb9871000 	C:\WINDOWS\System32\DriverStore\FileRepository\nv_dispig.inf_amd64_0afec3f2050014a0\nvldumdx.dll
0x00007ffeccd60000 - 0x00007ffeccd72000 	C:\WINDOWS\SYSTEM32\msasn1.dll
0x00007ffec6b40000 - 0x00007ffec6b71000 	C:\WINDOWS\SYSTEM32\cryptnet.dll
0x00007ffecd920000 - 0x00007ffecda7d000 	C:\WINDOWS\System32\CRYPT32.dll
0x00007ffecca60000 - 0x00007ffecca6c000 	C:\WINDOWS\SYSTEM32\cryptbase.dll
0x00007ffec6bb0000 - 0x00007ffec6cf7000 	C:\WINDOWS\SYSTEM32\drvstore.dll
0x00007ffeccf30000 - 0x00007ffeccf63000 	C:\WINDOWS\SYSTEM32\devobj.dll
0x00007ffecd1a0000 - 0x00007ffecd1ee000 	C:\WINDOWS\System32\cfgmgr32.dll
0x00007ffecd8a0000 - 0x00007ffecd913000 	C:\WINDOWS\System32\wintrust.dll
0x00007ffecf390000 - 0x00007ffecf3ad000 	C:\WINDOWS\System32\imagehlp.dll
0x00007ffeccb30000 - 0x00007ffeccb48000 	C:\WINDOWS\SYSTEM32\CRYPTSP.dll
0x00007ffecc1a0000 - 0x00007ffecc1d8000 	C:\WINDOWS\system32\rsaenh.dll
0x00007ffeb7350000 - 0x00007ffeb933e000 	C:\WINDOWS\System32\DriverStore\FileRepository\nv_dispig.inf_amd64_0afec3f2050014a0\nvgpucomp64.dll
0x00007ffe8eef0000 - 0x00007ffe90984000 	C:\WINDOWS\System32\DriverStore\FileRepository\nv_dispig.inf_amd64_0afec3f2050014a0\nvd3dumx.dll
0x00007ffecb9c0000 - 0x00007ffecb9e3000 	C:\WINDOWS\SYSTEM32\gpapi.dll
0x00007ffe92bd0000 - 0x00007ffe92d25000 	C:\WINDOWS\System32\DriverStore\FileRepository\nv_dispig.inf_amd64_0afec3f2050014a0\nvppex.dll
0x00007ffeb9770000 - 0x00007ffeb97ab000 	C:\WINDOWS\SYSTEM32\dxcore.dll
0x00007ffeac3c0000 - 0x00007ffeac446000 	C:\Users\Bogdan\.p2\pool\plugins\org.eclipse.justj.openjdk.hotspot.jre.full.win32.x86_64_17.0.5.v20221102-0933\jre\bin\freetype.dll
0x00007ffeab290000 - 0x00007ffeab355000 	C:\Users\Bogdan\.p2\pool\plugins\org.eclipse.justj.openjdk.hotspot.jre.full.win32.x86_64_17.0.5.v20221102-0933\jre\bin\fontmanager.dll
0x00007ffebc050000 - 0x00007ffebc149000 	C:\WINDOWS\SYSTEM32\textinputframework.dll
0x00007ffec9d50000 - 0x00007ffeca0ab000 	C:\WINDOWS\System32\CoreUIComponents.dll
0x00007ffeca470000 - 0x00007ffeca562000 	C:\WINDOWS\System32\CoreMessaging.dll
0x00007ffecc3f0000 - 0x00007ffecc423000 	C:\WINDOWS\SYSTEM32\ntmarta.dll
0x00007ffec8d70000 - 0x00007ffec8ec7000 	C:\WINDOWS\SYSTEM32\wintypes.dll

dbghelp: loaded successfully - version: 4.0.5 - missing functions: none
symbol engine: initialized successfully - sym options: 0x614 - pdb path: .;C:\Users\Bogdan\.p2\pool\plugins\org.eclipse.justj.openjdk.hotspot.jre.full.win32.x86_64_17.0.5.v20221102-0933\jre\bin;C:\WINDOWS\SYSTEM32;C:\WINDOWS\WinSxS\amd64_microsoft.windows.common-controls_6595b64144ccf1df_6.0.19041.4355_none_60b8b9eb71f62e16;C:\Users\Bogdan\.p2\pool\plugins\org.eclipse.justj.openjdk.hotspot.jre.full.win32.x86_64_17.0.5.v20221102-0933\jre\bin\server;C:\WINDOWS\System32\DriverStore\FileRepository\nv_dispig.inf_amd64_0afec3f2050014a0

VM Arguments:
jvm_args: -Dfile.encoding=UTF-8 --module-path=C:\Users\Bogdan\Desktop\personal\newproject\bin -XX:+ShowCodeDetailsInExceptionMessages -Djdk.module.main=newproject 
java_command: newproject/newproject.main
java_class_path (initial): <not set>
Launcher Type: SUN_STANDARD

[Global flags]
     intx CICompilerCount                          = 3                                         {product} {ergonomic}
     uint ConcGCThreads                            = 2                                         {product} {ergonomic}
     uint G1ConcRefinementThreads                  = 6                                         {product} {ergonomic}
   size_t G1HeapRegionSize                         = 2097152                                   {product} {ergonomic}
    uintx GCDrainStackTargetSize                   = 64                                        {product} {ergonomic}
   size_t InitialHeapSize                          = 268435456                                 {product} {ergonomic}
   size_t MarkStackSize                            = 4194304                                   {product} {ergonomic}
   size_t MaxHeapSize                              = 4276092928                                {product} {ergonomic}
   size_t MaxNewSize                               = 2564816896                                {product} {ergonomic}
   size_t MinHeapDeltaBytes                        = 2097152                                   {product} {ergonomic}
   size_t MinHeapSize                              = 8388608                                   {product} {ergonomic}
    uintx NonNMethodCodeHeapSize                   = 5832780                                {pd product} {ergonomic}
    uintx NonProfiledCodeHeapSize                  = 122912730                              {pd product} {ergonomic}
    uintx ProfiledCodeHeapSize                     = 122912730                              {pd product} {ergonomic}
    uintx ReservedCodeCacheSize                    = 251658240                              {pd product} {ergonomic}
     bool SegmentedCodeCache                       = true                                      {product} {ergonomic}
     bool ShowCodeDetailsInExceptionMessages       = true                                   {manageable} {command line}
   size_t SoftMaxHeapSize                          = 4276092928                             {manageable} {ergonomic}
     bool UseCompressedClassPointers               = true                           {product lp64_product} {ergonomic}
     bool UseCompressedOops                        = true                           {product lp64_product} {ergonomic}
     bool UseG1GC                                  = true                                      {product} {ergonomic}
     bool UseLargePagesIndividualAllocation        = false                                  {pd product} {ergonomic}

Logging:
Log output configuration:
 #0: stdout all=warning uptime,level,tags
 #1: stderr all=off uptime,level,tags

Environment Variables:
JAVA_HOME=C:\Users\Bogdan\AppData\Local\Coursier\cache\arc\https\github.com\adoptium\temurin11-binaries\releases\download\jdk-11.0.25%252B9\OpenJDK11U-jdk_x64_windows_hotspot_11.0.25_9.zip\jdk-11.0.25+9
PATH=C:/Users/Bogdan/.p2/pool/plugins/org.eclipse.justj.openjdk.hotspot.jre.full.win32.x86_64_17.0.5.v20221102-0933/jre/bin/server;C:/Users/Bogdan/.p2/pool/plugins/org.eclipse.justj.openjdk.hotspot.jre.full.win32.x86_64_17.0.5.v20221102-0933/jre/bin;C:\Program Files\Eclipse Adoptium\jdk-17.0.14.7-hotspot\bin;C:\Python313\Scripts\;C:\Python313\;C:\Program Files (x86)\Eclipse Adoptium\jdk-17.0.13.11-hotspot\bin;C:\Program Files\Common Files\Oracle\Java\javapath;C:\WINDOWS\system32;C:\WINDOWS;C:\WINDOWS\System32\Wbem;C:\WINDOWS\System32\WindowsPowerShell\v1.0\;C:\WINDOWS\System32\OpenSSH\;C:\Program Files\Java\jdk-23\bin;C:\Program Files (x86)\sbt\bin;C:\Program Files (x86)\Windows Kits\10\Windows Performance Toolkit\;C:\ProgramData\chocolatey\bin;C:\Program Files\scala-cli-x86_64-pc-win32\;C:\Program Files\nodejs\;C:\Program Files\dotnet\;C:\Program Files\LLVM\bin;C:\Program Files\Docker\Docker\resources\bin;C:\Program Files\Git\cmd;C:\Users\Bogdan\scoop\apps\llvm\current\bin;C:\Users\Bogdan\scoop\shims;C:\Users\Bogdan\AppData\Local\Microsoft\WindowsApps;C:\Users\Bogdan\AppData\Local\Coursier\cache\arc\https\github.com\adoptium\temurin11-binaries\releases\download\jdk-11.0.25%252B9\OpenJDK11U-jdk_x64_windows_hotspot_11.0.25_9.zip\jdk-11.0.25+9\bin;C:\Users\Bogdan\AppData\Local\Coursier\data\bin;C:\Users\Bogdan\AppData\Local\JetBrains\Toolbox\scripts;C:\Users\Bogdan\AppData\Roaming\npm;C:\Users\Bogdan\.dotnet\tools;C:\Users\Bogdan\Desktop;
USERNAME=Bogdan
OS=Windows_NT
PROCESSOR_IDENTIFIER=Intel64 Family 6 Model 158 Stepping 10, GenuineIntel
TMP=C:\Users\Bogdan\AppData\Local\Temp
TEMP=C:\Users\Bogdan\AppData\Local\Temp



---------------  S Y S T E M  ---------------

OS:
 Windows 10 , 64 bit Build 19041 (10.0.19041.5678)
OS uptime: 2 days 22:14 hours
Hyper-V role detected

CPU: total 6 (initial active 6) (6 cores per cpu, 1 threads per core) family 6 model 158 stepping 10 microcode 0xb4, cx8, cmov, fxsr, mmx, 3dnowpref, sse, sse2, sse3, ssse3, sse4.1, sse4.2, popcnt, lzcnt, tsc, tscinvbit, avx, avx2, aes, erms, clmul, bmi1, bmi2, adx, fma, vzeroupper, clflush, clflushopt, hv

Memory: 4k page, system-wide physical 16304M (8108M free)
TotalPageFile size 45447M (AvailPageFile size 72M)
current process WorkingSet (physical memory assigned to process): 227M, peak: 229M
current process commit charge ("private bytes"): 420M, peak: 494M

vm_info: OpenJDK 64-Bit Server VM (17.0.5+8) for windows-amd64 JRE (17.0.5+8), built on Oct 19 2022 04:48:13 by "temurin" with MS VC++ 16.7 (VS2019)

END.
