#
# There is insufficient memory for the Java Runtime Environment to continue.
# Native memory allocation (mmap) failed to map 106954752 bytes for G1 virtual space
# Possible reasons:
#   The system is out of physical RAM or swap space
#   The process is running with CompressedOops enabled, and the Java Heap may be blocking the growth of the native heap
# Possible solutions:
#   Reduce memory load on the system
#   Increase physical memory or swap space
#   Check if swap backing store is full
#   Decrease Java heap size (-Xmx/-Xms)
#   Decrease number of Java threads
#   Decrease Java thread stack sizes (-Xss)
#   Set larger code cache with -XX:ReservedCodeCacheSize=
#   JVM is running with Zero Based Compressed Oops mode in which the Java heap is
#     placed in the first 32GB address space. The Java Heap base address is the
#     maximum limit for the native heap growth. Please use -XX:HeapBaseMinAddress
#     to set the Java Heap base and to place the Java Heap above 32GB virtual address.
# This output file may be truncated or incomplete.
#
#  Out of Memory Error (os_windows.cpp:3548), pid=22480, tid=372
#
# JRE version: OpenJDK Runtime Environment Temurin-17.0.5+8 (17.0.5+8) (build 17.0.5+8)
# Java VM: OpenJDK 64-Bit Server VM Temurin-17.0.5+8 (17.0.5+8, mixed mode, tiered, compressed oops, compressed class ptrs, g1 gc, windows-amd64)
# No core dump will be written. Minidumps are not enabled by default on client versions of Windows
#

---------------  S U M M A R Y ------------

Command Line: -Dfile.encoding=UTF-8 -XX:+ShowCodeDetailsInExceptionMessages newproject.main

Host: Intel(R) Core(TM) i5-8400 CPU @ 2.80GHz, 6 cores, 15G,  Windows 10 , 64 bit Build 19041 (10.0.19041.5438)
Time: Sat Apr 12 01:35:21 2025 E. Europe Daylight Time elapsed time: 3.623824 seconds (0d 0h 0m 3s)

---------------  T H R E A D  ---------------

Current thread (0x0000026ccbaa31f0):  VMThread "VM Thread" [stack: 0x000000affdf00000,0x000000affe000000] [id=372]

Stack: [0x000000affdf00000,0x000000affe000000]
Native frames: (J=compiled Java code, j=interpreted, Vv=VM code, C=native code)
V  [jvm.dll+0x676b3a]
V  [jvm.dll+0x831444]
V  [jvm.dll+0x832bee]
V  [jvm.dll+0x833253]
V  [jvm.dll+0x244ce5]
V  [jvm.dll+0x673a49]
V  [jvm.dll+0x66811a]
V  [jvm.dll+0x303ceb]
V  [jvm.dll+0x30b1e6]
V  [jvm.dll+0x35adbe]
V  [jvm.dll+0x35afef]
V  [jvm.dll+0x2dab88]
V  [jvm.dll+0x2d8e3c]
V  [jvm.dll+0x2d840c]
V  [jvm.dll+0x31c641]
V  [jvm.dll+0x8376fb]
V  [jvm.dll+0x838434]
V  [jvm.dll+0x83894c]
V  [jvm.dll+0x838d24]
V  [jvm.dll+0x838df0]
V  [jvm.dll+0x7e17ea]
V  [jvm.dll+0x6759e5]
C  [ucrtbase.dll+0x21bb2]
C  [KERNEL32.DLL+0x17374]
C  [ntdll.dll+0x4cc91]

VM_Operation (0x000000afff1fdc90): G1TryInitiateConcMark, mode: safepoint, requested by thread 0x0000026ccce99270


---------------  P R O C E S S  ---------------

Threads class SMR info:
_java_thread_list=0x0000026ccd09ad20, length=17, elements={
0x0000026ccc42f1a0, 0x0000026ccc4317e0, 0x0000026ccc46a180, 0x0000026ccc46cb50,
0x0000026ccc47d750, 0x0000026ccc4a1920, 0x0000026ccc4b0870, 0x0000026ccc4b1630,
0x0000026ccc4b2ee0, 0x0000026ccc6320a0, 0x0000026ccc63cfd0, 0x0000026ccca55500,
0x0000026ccca5ab10, 0x0000026ccca56ba0, 0x0000026ccce99270, 0x0000026cab3224e0,
0x0000026cccef6090
}

Java Threads: ( => current thread )
  0x0000026ccc42f1a0 JavaThread "Reference Handler" daemon [_thread_blocked, id=11464, stack(0x000000affe000000,0x000000affe100000)]
  0x0000026ccc4317e0 JavaThread "Finalizer" daemon [_thread_blocked, id=11292, stack(0x000000affe100000,0x000000affe200000)]
  0x0000026ccc46a180 JavaThread "Signal Dispatcher" daemon [_thread_blocked, id=8536, stack(0x000000affe200000,0x000000affe300000)]
  0x0000026ccc46cb50 JavaThread "Attach Listener" daemon [_thread_blocked, id=24620, stack(0x000000affe300000,0x000000affe400000)]
  0x0000026ccc47d750 JavaThread "Service Thread" daemon [_thread_blocked, id=16220, stack(0x000000affe400000,0x000000affe500000)]
  0x0000026ccc4a1920 JavaThread "Monitor Deflation Thread" daemon [_thread_blocked, id=9148, stack(0x000000affe500000,0x000000affe600000)]
  0x0000026ccc4b0870 JavaThread "C2 CompilerThread0" daemon [_thread_blocked, id=22488, stack(0x000000affe600000,0x000000affe700000)]
  0x0000026ccc4b1630 JavaThread "C1 CompilerThread0" daemon [_thread_blocked, id=22992, stack(0x000000affe700000,0x000000affe800000)]
  0x0000026ccc4b2ee0 JavaThread "Sweeper thread" daemon [_thread_blocked, id=13184, stack(0x000000affe800000,0x000000affe900000)]
  0x0000026ccc6320a0 JavaThread "Notification Thread" daemon [_thread_blocked, id=23816, stack(0x000000affe900000,0x000000affea00000)]
  0x0000026ccc63cfd0 JavaThread "Common-Cleaner" daemon [_thread_blocked, id=21508, stack(0x000000affeb00000,0x000000affec00000)]
  0x0000026ccca55500 JavaThread "Java2D Disposer" daemon [_thread_blocked, id=25076, stack(0x000000affec00000,0x000000affed00000)]
  0x0000026ccca5ab10 JavaThread "AWT-Shutdown" [_thread_blocked, id=22308, stack(0x000000affed00000,0x000000affee00000)]
  0x0000026ccca56ba0 JavaThread "AWT-Windows" daemon [_thread_blocked, id=10380, stack(0x000000affee00000,0x000000affef00000)]
  0x0000026ccce99270 JavaThread "AWT-EventQueue-0" [_thread_blocked, id=18564, stack(0x000000afff100000,0x000000afff200000)]
  0x0000026cab3224e0 JavaThread "DestroyJavaVM" [_thread_blocked, id=24920, stack(0x000000affd900000,0x000000affda00000)]
  0x0000026cccef6090 JavaThread "D3D Screen Updater" daemon [_thread_in_native, id=6292, stack(0x000000afff200000,0x000000afff300000)]

Other Threads:
=>0x0000026ccbaa31f0 VMThread "VM Thread" [stack: 0x000000affdf00000,0x000000affe000000] [id=372]
  0x0000026cab3a6920 WatcherThread [stack: 0x000000affea00000,0x000000affeb00000] [id=21544]
  0x0000026cab38dda0 GCTaskThread "GC Thread#0" [stack: 0x000000affda00000,0x000000affdb00000] [id=24488]
  0x0000026cd55b9090 GCTaskThread "GC Thread#1" [stack: 0x000000afff300000,0x000000afff400000] [id=13176]
  0x0000026cccf2ff10 GCTaskThread "GC Thread#2" [stack: 0x000000afff400000,0x000000afff500000] [id=19840]
  0x0000026cd55bd720 GCTaskThread "GC Thread#3" [stack: 0x000000afff500000,0x000000afff600000] [id=23312]
  0x0000026cd55bd9d0 GCTaskThread "GC Thread#4" [stack: 0x000000afff600000,0x000000afff700000] [id=13300]
  0x0000026ccd004780 GCTaskThread "GC Thread#5" [stack: 0x000000afff700000,0x000000afff800000] [id=12340]
  0x0000026cab39ebb0 ConcurrentGCThread "G1 Main Marker" [stack: 0x000000affdb00000,0x000000affdc00000] [id=13520]
  0x0000026cab39fd60 ConcurrentGCThread "G1 Conc#0" [stack: 0x000000affdc00000,0x000000affdd00000] [id=11100]
  0x0000026ccb9524d0 ConcurrentGCThread "G1 Refine#0" [stack: 0x000000affdd00000,0x000000affde00000] [id=3688]
  0x0000026ccb952ef0 ConcurrentGCThread "G1 Service" [stack: 0x000000affde00000,0x000000affdf00000] [id=12432]

Threads with active compile tasks:
C1 CompilerThread0     3647  882       3       java.awt.EventQueue::postEvent (172 bytes)

VM state: at safepoint (normal execution)

VM Mutex/Monitor currently owned by a thread:  ([mutex/lock_event])
[0x0000026cab31e9d0] Threads_lock - owner thread: 0x0000026ccbaa31f0
[0x0000026cab31eca0] Heap_lock - owner thread: 0x0000026ccce99270

Heap address: 0x0000000701200000, size: 4078 MB, Compressed Oops mode: Zero based, Oop shift amount: 3

CDS archive(s) not mapped
Compressed class space mapped at: 0x0000000800000000-0x0000000840000000, reserved size: 1073741824
Narrow klass base: 0x0000000800000000, Narrow klass shift: 0, Narrow klass range: 0x40000000

GC Precious Log:
 CPUs: 6 total, 6 available
 Memory: 16304M
 Large Page Support: Disabled
 NUMA Support: Disabled
 Compressed Oops: Enabled (Zero based)
 Heap Region Size: 2M
 Heap Min Capacity: 8M
 Heap Initial Capacity: 256M
 Heap Max Capacity: 4078M
 Pre-touch: Disabled
 Parallel Workers: 6
 Concurrent Workers: 2
 Concurrent Refinement Workers: 6
 Periodic GC: Disabled

Heap:
 garbage-first heap   total 372736K, used 42616K [0x0000000701200000, 0x0000000800000000)
  region size 2048K, 1 young (2048K), 1 survivors (2048K)
 Metaspace       used 12565K, committed 12736K, reserved 1064960K
  class space    used 1232K, committed 1344K, reserved 1048576K

Heap Regions: E=young(eden), S=young(survivor), O=old, HS=humongous(starts), HC=humongous(continues), CS=collection set, F=free, OA=open archive, CA=closed archive, TAMS=top-at-mark-start (previous, next)
|   0|0x0000000701200000, 0x0000000701200000, 0x0000000701400000|  0%| F|  |TAMS 0x0000000701200000, 0x0000000701200000| Untracked 
|   1|0x0000000701400000, 0x0000000701400000, 0x0000000701600000|  0%| F|  |TAMS 0x0000000701400000, 0x0000000701400000| Untracked 
|   2|0x0000000701600000, 0x0000000701600000, 0x0000000701800000|  0%| F|  |TAMS 0x0000000701600000, 0x0000000701600000| Untracked 
|   3|0x0000000701800000, 0x0000000701800000, 0x0000000701a00000|  0%| F|  |TAMS 0x0000000701800000, 0x0000000701800000| Untracked 
|   4|0x0000000701a00000, 0x0000000701c00000, 0x0000000701c00000|100%|HS|  |TAMS 0x0000000701a00000, 0x0000000701c00000| Complete 
|   5|0x0000000701c00000, 0x0000000701e00000, 0x0000000701e00000|100%|HC|  |TAMS 0x0000000701c00000, 0x0000000701e00000| Complete 
|   6|0x0000000701e00000, 0x0000000702000000, 0x0000000702000000|100%|HC|  |TAMS 0x0000000701e00000, 0x0000000702000000| Complete 
|   7|0x0000000702000000, 0x0000000702200000, 0x0000000702200000|100%|HC|  |TAMS 0x0000000702000000, 0x0000000702200000| Complete 
|   8|0x0000000702200000, 0x0000000702400000, 0x0000000702400000|100%|HS|  |TAMS 0x0000000702200000, 0x0000000702400000| Complete 
|   9|0x0000000702400000, 0x0000000702600000, 0x0000000702600000|100%|HC|  |TAMS 0x0000000702400000, 0x0000000702600000| Complete 
|  10|0x0000000702600000, 0x0000000702800000, 0x0000000702800000|100%|HC|  |TAMS 0x0000000702600000, 0x0000000702800000| Complete 
|  11|0x0000000702800000, 0x0000000702a00000, 0x0000000702a00000|100%|HC|  |TAMS 0x0000000702800000, 0x0000000702a00000| Complete 
|  12|0x0000000702a00000, 0x0000000702a00000, 0x0000000702c00000|  0%| F|  |TAMS 0x0000000702a00000, 0x0000000702a00000| Untracked 
|  13|0x0000000702c00000, 0x0000000702c00000, 0x0000000702e00000|  0%| F|  |TAMS 0x0000000702c00000, 0x0000000702c00000| Untracked 
|  14|0x0000000702e00000, 0x0000000702e00000, 0x0000000703000000|  0%| F|  |TAMS 0x0000000702e00000, 0x0000000702e00000| Untracked 
|  15|0x0000000703000000, 0x0000000703000000, 0x0000000703200000|  0%| F|  |TAMS 0x0000000703000000, 0x0000000703000000| Untracked 
|  16|0x0000000703200000, 0x0000000703200000, 0x0000000703400000|  0%| F|  |TAMS 0x0000000703200000, 0x0000000703200000| Untracked 
|  17|0x0000000703400000, 0x0000000703400000, 0x0000000703600000|  0%| F|  |TAMS 0x0000000703400000, 0x0000000703400000| Untracked 
|  18|0x0000000703600000, 0x0000000703600000, 0x0000000703800000|  0%| F|  |TAMS 0x0000000703600000, 0x0000000703600000| Untracked 
|  19|0x0000000703800000, 0x0000000703800000, 0x0000000703a00000|  0%| F|  |TAMS 0x0000000703800000, 0x0000000703800000| Untracked 
|  20|0x0000000703a00000, 0x0000000703a00000, 0x0000000703c00000|  0%| F|  |TAMS 0x0000000703a00000, 0x0000000703a00000| Untracked 
|  21|0x0000000703c00000, 0x0000000703c00000, 0x0000000703e00000|  0%| F|  |TAMS 0x0000000703c00000, 0x0000000703c00000| Untracked 
|  22|0x0000000703e00000, 0x0000000703e00000, 0x0000000704000000|  0%| F|  |TAMS 0x0000000703e00000, 0x0000000703e00000| Untracked 
|  23|0x0000000704000000, 0x0000000704000000, 0x0000000704200000|  0%| F|  |TAMS 0x0000000704000000, 0x0000000704000000| Untracked 
|  24|0x0000000704200000, 0x0000000704200000, 0x0000000704400000|  0%| F|  |TAMS 0x0000000704200000, 0x0000000704200000| Untracked 
|  25|0x0000000704400000, 0x0000000704400000, 0x0000000704600000|  0%| F|  |TAMS 0x0000000704400000, 0x0000000704400000| Untracked 
|  26|0x0000000704600000, 0x0000000704600000, 0x0000000704800000|  0%| F|  |TAMS 0x0000000704600000, 0x0000000704600000| Untracked 
|  27|0x0000000704800000, 0x0000000704800000, 0x0000000704a00000|  0%| F|  |TAMS 0x0000000704800000, 0x0000000704800000| Untracked 
|  28|0x0000000704a00000, 0x0000000704a00000, 0x0000000704c00000|  0%| F|  |TAMS 0x0000000704a00000, 0x0000000704a00000| Untracked 
|  29|0x0000000704c00000, 0x0000000704c00000, 0x0000000704e00000|  0%| F|  |TAMS 0x0000000704c00000, 0x0000000704c00000| Untracked 
|  30|0x0000000704e00000, 0x0000000704e00000, 0x0000000705000000|  0%| F|  |TAMS 0x0000000704e00000, 0x0000000704e00000| Untracked 
|  31|0x0000000705000000, 0x0000000705000000, 0x0000000705200000|  0%| F|  |TAMS 0x0000000705000000, 0x0000000705000000| Untracked 
|  32|0x0000000705200000, 0x0000000705200000, 0x0000000705400000|  0%| F|  |TAMS 0x0000000705200000, 0x0000000705200000| Untracked 
|  33|0x0000000705400000, 0x0000000705400000, 0x0000000705600000|  0%| F|  |TAMS 0x0000000705400000, 0x0000000705400000| Untracked 
|  34|0x0000000705600000, 0x0000000705600000, 0x0000000705800000|  0%| F|  |TAMS 0x0000000705600000, 0x0000000705600000| Untracked 
|  35|0x0000000705800000, 0x0000000705800000, 0x0000000705a00000|  0%| F|  |TAMS 0x0000000705800000, 0x0000000705800000| Untracked 
|  36|0x0000000705a00000, 0x0000000705c00000, 0x0000000705c00000|100%|HS|  |TAMS 0x0000000705a00000, 0x0000000705c00000| Complete 
|  37|0x0000000705c00000, 0x0000000705e00000, 0x0000000705e00000|100%|HC|  |TAMS 0x0000000705c00000, 0x0000000705e00000| Complete 
|  38|0x0000000705e00000, 0x0000000706000000, 0x0000000706000000|100%|HC|  |TAMS 0x0000000705e00000, 0x0000000706000000| Complete 
|  39|0x0000000706000000, 0x0000000706200000, 0x0000000706200000|100%|HC|  |TAMS 0x0000000706000000, 0x0000000706200000| Complete 
|  40|0x0000000706200000, 0x0000000706400000, 0x0000000706400000|100%|HS|  |TAMS 0x0000000706200000, 0x0000000706400000| Complete 
|  41|0x0000000706400000, 0x0000000706600000, 0x0000000706600000|100%|HC|  |TAMS 0x0000000706400000, 0x0000000706600000| Complete 
|  42|0x0000000706600000, 0x0000000706800000, 0x0000000706800000|100%|HC|  |TAMS 0x0000000706600000, 0x0000000706800000| Complete 
|  43|0x0000000706800000, 0x0000000706a00000, 0x0000000706a00000|100%|HC|  |TAMS 0x0000000706800000, 0x0000000706a00000| Complete 
|  44|0x0000000706a00000, 0x0000000706a00000, 0x0000000706c00000|  0%| F|  |TAMS 0x0000000706a00000, 0x0000000706a00000| Untracked 
|  45|0x0000000706c00000, 0x0000000706c00000, 0x0000000706e00000|  0%| F|  |TAMS 0x0000000706c00000, 0x0000000706c00000| Untracked 
|  46|0x0000000706e00000, 0x0000000706e00000, 0x0000000707000000|  0%| F|  |TAMS 0x0000000706e00000, 0x0000000706e00000| Untracked 
|  47|0x0000000707000000, 0x0000000707000000, 0x0000000707200000|  0%| F|  |TAMS 0x0000000707000000, 0x0000000707000000| Untracked 
|  48|0x0000000707200000, 0x0000000707200000, 0x0000000707400000|  0%| F|  |TAMS 0x0000000707200000, 0x0000000707200000| Untracked 
|  49|0x0000000707400000, 0x0000000707400000, 0x0000000707600000|  0%| F|  |TAMS 0x0000000707400000, 0x0000000707400000| Untracked 
|  50|0x0000000707600000, 0x0000000707600000, 0x0000000707800000|  0%| F|  |TAMS 0x0000000707600000, 0x0000000707600000| Untracked 
|  51|0x0000000707800000, 0x0000000707800000, 0x0000000707a00000|  0%| F|  |TAMS 0x0000000707800000, 0x0000000707800000| Untracked 
|  52|0x0000000707a00000, 0x0000000707a00000, 0x0000000707c00000|  0%| F|  |TAMS 0x0000000707a00000, 0x0000000707a00000| Untracked 
|  53|0x0000000707c00000, 0x0000000707c00000, 0x0000000707e00000|  0%| F|  |TAMS 0x0000000707c00000, 0x0000000707c00000| Untracked 
|  54|0x0000000707e00000, 0x0000000707e00000, 0x0000000708000000|  0%| F|  |TAMS 0x0000000707e00000, 0x0000000707e00000| Untracked 
|  55|0x0000000708000000, 0x0000000708000000, 0x0000000708200000|  0%| F|  |TAMS 0x0000000708000000, 0x0000000708000000| Untracked 
|  56|0x0000000708200000, 0x0000000708400000, 0x0000000708400000|100%|HS|  |TAMS 0x0000000708200000, 0x0000000708400000| Complete 
|  57|0x0000000708400000, 0x0000000708600000, 0x0000000708600000|100%|HC|  |TAMS 0x0000000708400000, 0x0000000708600000| Complete 
|  58|0x0000000708600000, 0x0000000708800000, 0x0000000708800000|100%|HC|  |TAMS 0x0000000708600000, 0x0000000708800000| Complete 
|  59|0x0000000708800000, 0x0000000708a00000, 0x0000000708a00000|100%|HC|  |TAMS 0x0000000708800000, 0x0000000708a00000| Complete 
|  60|0x0000000708a00000, 0x0000000708a00000, 0x0000000708c00000|  0%| F|  |TAMS 0x0000000708a00000, 0x0000000708a00000| Untracked 
|  61|0x0000000708c00000, 0x0000000708c00000, 0x0000000708e00000|  0%| F|  |TAMS 0x0000000708c00000, 0x0000000708c00000| Untracked 
|  62|0x0000000708e00000, 0x0000000708e00000, 0x0000000709000000|  0%| F|  |TAMS 0x0000000708e00000, 0x0000000708e00000| Untracked 
|  63|0x0000000709000000, 0x0000000709000000, 0x0000000709200000|  0%| F|  |TAMS 0x0000000709000000, 0x0000000709000000| Untracked 
|  64|0x0000000709200000, 0x0000000709200000, 0x0000000709400000|  0%| F|  |TAMS 0x0000000709200000, 0x0000000709200000| Untracked 
|  65|0x0000000709400000, 0x0000000709400000, 0x0000000709600000|  0%| F|  |TAMS 0x0000000709400000, 0x0000000709400000| Untracked 
|  66|0x0000000709600000, 0x0000000709600000, 0x0000000709800000|  0%| F|  |TAMS 0x0000000709600000, 0x0000000709600000| Untracked 
|  67|0x0000000709800000, 0x0000000709800000, 0x0000000709a00000|  0%| F|  |TAMS 0x0000000709800000, 0x0000000709800000| Untracked 
|  68|0x0000000709a00000, 0x0000000709a00000, 0x0000000709c00000|  0%| F|  |TAMS 0x0000000709a00000, 0x0000000709a00000| Untracked 
|  69|0x0000000709c00000, 0x0000000709c00000, 0x0000000709e00000|  0%| F|  |TAMS 0x0000000709c00000, 0x0000000709c00000| Untracked 
|  70|0x0000000709e00000, 0x0000000709e00000, 0x000000070a000000|  0%| F|  |TAMS 0x0000000709e00000, 0x0000000709e00000| Untracked 
|  71|0x000000070a000000, 0x000000070a000000, 0x000000070a200000|  0%| F|  |TAMS 0x000000070a000000, 0x000000070a000000| Untracked 
|  72|0x000000070a200000, 0x000000070a200000, 0x000000070a400000|  0%| F|  |TAMS 0x000000070a200000, 0x000000070a200000| Untracked 
|  73|0x000000070a400000, 0x000000070a400000, 0x000000070a600000|  0%| F|  |TAMS 0x000000070a400000, 0x000000070a400000| Untracked 
|  74|0x000000070a600000, 0x000000070a600000, 0x000000070a800000|  0%| F|  |TAMS 0x000000070a600000, 0x000000070a600000| Untracked 
|  75|0x000000070a800000, 0x000000070a800000, 0x000000070aa00000|  0%| F|  |TAMS 0x000000070a800000, 0x000000070a800000| Untracked 
|  76|0x000000070aa00000, 0x000000070aa00000, 0x000000070ac00000|  0%| F|  |TAMS 0x000000070aa00000, 0x000000070aa00000| Untracked 
|  77|0x000000070ac00000, 0x000000070ac00000, 0x000000070ae00000|  0%| F|  |TAMS 0x000000070ac00000, 0x000000070ac00000| Untracked 
|  78|0x000000070ae00000, 0x000000070ae00000, 0x000000070b000000|  0%| F|  |TAMS 0x000000070ae00000, 0x000000070ae00000| Untracked 
|  79|0x000000070b000000, 0x000000070b000000, 0x000000070b200000|  0%| F|  |TAMS 0x000000070b000000, 0x000000070b000000| Untracked 
|  80|0x000000070b200000, 0x000000070b200000, 0x000000070b400000|  0%| F|  |TAMS 0x000000070b200000, 0x000000070b200000| Untracked 
|  81|0x000000070b400000, 0x000000070b400000, 0x000000070b600000|  0%| F|  |TAMS 0x000000070b400000, 0x000000070b400000| Untracked 
|  82|0x000000070b600000, 0x000000070b600000, 0x000000070b800000|  0%| F|  |TAMS 0x000000070b600000, 0x000000070b600000| Untracked 
|  83|0x000000070b800000, 0x000000070b800000, 0x000000070ba00000|  0%| F|  |TAMS 0x000000070b800000, 0x000000070b800000| Untracked 
|  84|0x000000070ba00000, 0x000000070ba00000, 0x000000070bc00000|  0%| F|  |TAMS 0x000000070ba00000, 0x000000070ba00000| Untracked 
|  85|0x000000070bc00000, 0x000000070bc00000, 0x000000070be00000|  0%| F|  |TAMS 0x000000070bc00000, 0x000000070bc00000| Untracked 
|  86|0x000000070be00000, 0x000000070be00000, 0x000000070c000000|  0%| F|  |TAMS 0x000000070be00000, 0x000000070be00000| Untracked 
|  87|0x000000070c000000, 0x000000070c000000, 0x000000070c200000|  0%| F|  |TAMS 0x000000070c000000, 0x000000070c000000| Untracked 
|  88|0x000000070c200000, 0x000000070c200000, 0x000000070c400000|  0%| F|  |TAMS 0x000000070c200000, 0x000000070c200000| Untracked 
|  89|0x000000070c400000, 0x000000070c400000, 0x000000070c600000|  0%| F|  |TAMS 0x000000070c400000, 0x000000070c400000| Untracked 
|  90|0x000000070c600000, 0x000000070c600000, 0x000000070c800000|  0%| F|  |TAMS 0x000000070c600000, 0x000000070c600000| Untracked 
|  91|0x000000070c800000, 0x000000070c800000, 0x000000070ca00000|  0%| F|  |TAMS 0x000000070c800000, 0x000000070c800000| Untracked 
|  92|0x000000070ca00000, 0x000000070ca00000, 0x000000070cc00000|  0%| F|  |TAMS 0x000000070ca00000, 0x000000070ca00000| Untracked 
|  93|0x000000070cc00000, 0x000000070cc00000, 0x000000070ce00000|  0%| F|  |TAMS 0x000000070cc00000, 0x000000070cc00000| Untracked 
|  94|0x000000070ce00000, 0x000000070ce00000, 0x000000070d000000|  0%| F|  |TAMS 0x000000070ce00000, 0x000000070ce00000| Untracked 
|  95|0x000000070d000000, 0x000000070d000000, 0x000000070d200000|  0%| F|  |TAMS 0x000000070d000000, 0x000000070d000000| Untracked 
|  96|0x000000070d200000, 0x000000070d200000, 0x000000070d400000|  0%| F|  |TAMS 0x000000070d200000, 0x000000070d200000| Untracked 
|  97|0x000000070d400000, 0x000000070d400000, 0x000000070d600000|  0%| F|  |TAMS 0x000000070d400000, 0x000000070d400000| Untracked 
|  98|0x000000070d600000, 0x000000070d600000, 0x000000070d800000|  0%| F|  |TAMS 0x000000070d600000, 0x000000070d600000| Untracked 
|  99|0x000000070d800000, 0x000000070d800000, 0x000000070da00000|  0%| F|  |TAMS 0x000000070d800000, 0x000000070d800000| Untracked 
| 100|0x000000070da00000, 0x000000070da00000, 0x000000070dc00000|  0%| F|  |TAMS 0x000000070da00000, 0x000000070da00000| Untracked 
| 101|0x000000070dc00000, 0x000000070dc00000, 0x000000070de00000|  0%| F|  |TAMS 0x000000070dc00000, 0x000000070dc00000| Untracked 
| 102|0x000000070de00000, 0x000000070de00000, 0x000000070e000000|  0%| F|  |TAMS 0x000000070de00000, 0x000000070de00000| Untracked 
| 103|0x000000070e000000, 0x000000070e000000, 0x000000070e200000|  0%| F|  |TAMS 0x000000070e000000, 0x000000070e000000| Untracked 
| 104|0x000000070e200000, 0x000000070e200000, 0x000000070e400000|  0%| F|  |TAMS 0x000000070e200000, 0x000000070e200000| Untracked 
| 105|0x000000070e400000, 0x000000070e400000, 0x000000070e600000|  0%| F|  |TAMS 0x000000070e400000, 0x000000070e400000| Untracked 
| 106|0x000000070e600000, 0x000000070e600000, 0x000000070e800000|  0%| F|  |TAMS 0x000000070e600000, 0x000000070e600000| Untracked 
| 107|0x000000070e800000, 0x000000070e800000, 0x000000070ea00000|  0%| F|  |TAMS 0x000000070e800000, 0x000000070e800000| Untracked 
| 108|0x000000070ea00000, 0x000000070ea00000, 0x000000070ec00000|  0%| F|  |TAMS 0x000000070ea00000, 0x000000070ea00000| Untracked 
| 109|0x000000070ec00000, 0x000000070ec00000, 0x000000070ee00000|  0%| F|  |TAMS 0x000000070ec00000, 0x000000070ec00000| Untracked 
| 110|0x000000070ee00000, 0x000000070ee00000, 0x000000070f000000|  0%| F|  |TAMS 0x000000070ee00000, 0x000000070ee00000| Untracked 
| 111|0x000000070f000000, 0x000000070f000000, 0x000000070f200000|  0%| F|  |TAMS 0x000000070f000000, 0x000000070f000000| Untracked 
| 112|0x000000070f200000, 0x000000070f200000, 0x000000070f400000|  0%| F|  |TAMS 0x000000070f200000, 0x000000070f200000| Untracked 
| 113|0x000000070f400000, 0x000000070f400000, 0x000000070f600000|  0%| F|  |TAMS 0x000000070f400000, 0x000000070f400000| Untracked 
| 114|0x000000070f600000, 0x000000070f600000, 0x000000070f800000|  0%| F|  |TAMS 0x000000070f600000, 0x000000070f600000| Untracked 
| 115|0x000000070f800000, 0x000000070f800000, 0x000000070fa00000|  0%| F|  |TAMS 0x000000070f800000, 0x000000070f800000| Untracked 
| 116|0x000000070fa00000, 0x000000070fa00000, 0x000000070fc00000|  0%| F|  |TAMS 0x000000070fa00000, 0x000000070fa00000| Untracked 
| 117|0x000000070fc00000, 0x000000070fc00000, 0x000000070fe00000|  0%| F|  |TAMS 0x000000070fc00000, 0x000000070fc00000| Untracked 
| 118|0x000000070fe00000, 0x000000070fe00000, 0x0000000710000000|  0%| F|  |TAMS 0x000000070fe00000, 0x000000070fe00000| Untracked 
| 119|0x0000000710000000, 0x0000000710000000, 0x0000000710200000|  0%| F|  |TAMS 0x0000000710000000, 0x0000000710000000| Untracked 
| 120|0x0000000710200000, 0x0000000710200000, 0x0000000710400000|  0%| F|  |TAMS 0x0000000710200000, 0x0000000710200000| Untracked 
| 121|0x0000000710400000, 0x0000000710400000, 0x0000000710600000|  0%| F|  |TAMS 0x0000000710400000, 0x0000000710400000| Untracked 
| 122|0x0000000710600000, 0x0000000710600000, 0x0000000710800000|  0%| F|  |TAMS 0x0000000710600000, 0x0000000710600000| Untracked 
| 123|0x0000000710800000, 0x0000000710800000, 0x0000000710a00000|  0%| F|  |TAMS 0x0000000710800000, 0x0000000710800000| Untracked 
| 124|0x0000000710a00000, 0x0000000710a00000, 0x0000000710c00000|  0%| F|  |TAMS 0x0000000710a00000, 0x0000000710a00000| Untracked 
| 125|0x0000000710c00000, 0x0000000710c00000, 0x0000000710e00000|  0%| F|  |TAMS 0x0000000710c00000, 0x0000000710c00000| Untracked 
| 126|0x0000000710e00000, 0x0000000710e00000, 0x0000000711000000|  0%| F|  |TAMS 0x0000000710e00000, 0x0000000710e00000| Untracked 
| 127|0x0000000711000000, 0x0000000711000000, 0x0000000711200000|  0%| F|  |TAMS 0x0000000711000000, 0x0000000711000000| Untracked 
| 128|0x0000000711200000, 0x0000000711200000, 0x0000000711400000|  0%| F|  |TAMS 0x0000000711200000, 0x0000000711200000| Untracked 
| 129|0x0000000711400000, 0x0000000711400000, 0x0000000711600000|  0%| F|  |TAMS 0x0000000711400000, 0x0000000711400000| Untracked 
| 130|0x0000000711600000, 0x0000000711600000, 0x0000000711800000|  0%| F|  |TAMS 0x0000000711600000, 0x0000000711600000| Untracked 
| 131|0x0000000711800000, 0x0000000711800000, 0x0000000711a00000|  0%| F|  |TAMS 0x0000000711800000, 0x0000000711800000| Untracked 
| 132|0x0000000711a00000, 0x0000000711a00000, 0x0000000711c00000|  0%| F|  |TAMS 0x0000000711a00000, 0x0000000711a00000| Untracked 
| 133|0x0000000711c00000, 0x0000000711c00000, 0x0000000711e00000|  0%| F|  |TAMS 0x0000000711c00000, 0x0000000711c00000| Untracked 
| 134|0x0000000711e00000, 0x0000000711e00000, 0x0000000712000000|  0%| F|  |TAMS 0x0000000711e00000, 0x0000000711e00000| Untracked 
| 135|0x0000000712000000, 0x0000000712000000, 0x0000000712200000|  0%| F|  |TAMS 0x0000000712000000, 0x0000000712000000| Untracked 
| 136|0x0000000712200000, 0x0000000712200000, 0x0000000712400000|  0%| F|  |TAMS 0x0000000712200000, 0x0000000712200000| Untracked 
| 137|0x0000000712400000, 0x0000000712400000, 0x0000000712600000|  0%| F|  |TAMS 0x0000000712400000, 0x0000000712400000| Untracked 
| 138|0x0000000712600000, 0x0000000712600000, 0x0000000712800000|  0%| F|  |TAMS 0x0000000712600000, 0x0000000712600000| Untracked 
| 139|0x0000000712800000, 0x0000000712800000, 0x0000000712a00000|  0%| F|  |TAMS 0x0000000712800000, 0x0000000712800000| Untracked 
| 140|0x0000000712a00000, 0x0000000712a00000, 0x0000000712c00000|  0%| F|  |TAMS 0x0000000712a00000, 0x0000000712a00000| Untracked 
| 141|0x0000000712c00000, 0x0000000712c00000, 0x0000000712e00000|  0%| F|  |TAMS 0x0000000712c00000, 0x0000000712c00000| Untracked 
| 142|0x0000000712e00000, 0x0000000712e00000, 0x0000000713000000|  0%| F|  |TAMS 0x0000000712e00000, 0x0000000712e00000| Untracked 
| 143|0x0000000713000000, 0x0000000713000000, 0x0000000713200000|  0%| F|  |TAMS 0x0000000713000000, 0x0000000713000000| Untracked 
| 144|0x0000000713200000, 0x0000000713200000, 0x0000000713400000|  0%| F|  |TAMS 0x0000000713200000, 0x0000000713200000| Untracked 
| 145|0x0000000713400000, 0x0000000713400000, 0x0000000713600000|  0%| F|  |TAMS 0x0000000713400000, 0x0000000713400000| Untracked 
| 146|0x0000000713600000, 0x0000000713600000, 0x0000000713800000|  0%| F|  |TAMS 0x0000000713600000, 0x0000000713600000| Untracked 
| 147|0x0000000713800000, 0x0000000713800000, 0x0000000713a00000|  0%| F|  |TAMS 0x0000000713800000, 0x0000000713800000| Untracked 
| 148|0x0000000713a00000, 0x0000000713a00000, 0x0000000713c00000|  0%| F|  |TAMS 0x0000000713a00000, 0x0000000713a00000| Untracked 
| 149|0x0000000713c00000, 0x0000000713c00000, 0x0000000713e00000|  0%| F|  |TAMS 0x0000000713c00000, 0x0000000713c00000| Untracked 
| 150|0x0000000713e00000, 0x0000000713e00000, 0x0000000714000000|  0%| F|  |TAMS 0x0000000713e00000, 0x0000000713e00000| Untracked 
| 151|0x0000000714000000, 0x0000000714000000, 0x0000000714200000|  0%| F|  |TAMS 0x0000000714000000, 0x0000000714000000| Untracked 
| 152|0x0000000714200000, 0x0000000714200000, 0x0000000714400000|  0%| F|  |TAMS 0x0000000714200000, 0x0000000714200000| Untracked 
| 153|0x0000000714400000, 0x0000000714400000, 0x0000000714600000|  0%| F|  |TAMS 0x0000000714400000, 0x0000000714400000| Untracked 
| 154|0x0000000714600000, 0x0000000714600000, 0x0000000714800000|  0%| F|  |TAMS 0x0000000714600000, 0x0000000714600000| Untracked 
| 155|0x0000000714800000, 0x0000000714800000, 0x0000000714a00000|  0%| F|  |TAMS 0x0000000714800000, 0x0000000714800000| Untracked 
| 156|0x0000000714a00000, 0x0000000714a00000, 0x0000000714c00000|  0%| F|  |TAMS 0x0000000714a00000, 0x0000000714a00000| Untracked 
| 157|0x0000000714c00000, 0x0000000714c00000, 0x0000000714e00000|  0%| F|  |TAMS 0x0000000714c00000, 0x0000000714c00000| Untracked 
| 158|0x0000000714e00000, 0x0000000714e00000, 0x0000000715000000|  0%| F|  |TAMS 0x0000000714e00000, 0x0000000714e00000| Untracked 
| 159|0x0000000715000000, 0x0000000715000000, 0x0000000715200000|  0%| F|  |TAMS 0x0000000715000000, 0x0000000715000000| Untracked 
| 160|0x0000000715200000, 0x0000000715200000, 0x0000000715400000|  0%| F|  |TAMS 0x0000000715200000, 0x0000000715200000| Untracked 
| 161|0x0000000715400000, 0x0000000715400000, 0x0000000715600000|  0%| F|  |TAMS 0x0000000715400000, 0x0000000715400000| Untracked 
| 162|0x0000000715600000, 0x0000000715600000, 0x0000000715800000|  0%| F|  |TAMS 0x0000000715600000, 0x0000000715600000| Untracked 
| 163|0x0000000715800000, 0x0000000715800000, 0x0000000715a00000|  0%| F|  |TAMS 0x0000000715800000, 0x0000000715800000| Untracked 
| 164|0x0000000715a00000, 0x0000000715a00000, 0x0000000715c00000|  0%| F|  |TAMS 0x0000000715a00000, 0x0000000715a00000| Untracked 
| 165|0x0000000715c00000, 0x0000000715c00000, 0x0000000715e00000|  0%| F|  |TAMS 0x0000000715c00000, 0x0000000715c00000| Untracked 
| 166|0x0000000715e00000, 0x0000000715e00000, 0x0000000716000000|  0%| F|  |TAMS 0x0000000715e00000, 0x0000000715e00000| Untracked 
| 167|0x0000000716000000, 0x0000000716000000, 0x0000000716200000|  0%| F|  |TAMS 0x0000000716000000, 0x0000000716000000| Untracked 
| 168|0x0000000716200000, 0x0000000716200000, 0x0000000716400000|  0%| F|  |TAMS 0x0000000716200000, 0x0000000716200000| Untracked 
| 169|0x0000000716400000, 0x0000000716400000, 0x0000000716600000|  0%| F|  |TAMS 0x0000000716400000, 0x0000000716400000| Untracked 
| 170|0x0000000716600000, 0x0000000716600000, 0x0000000716800000|  0%| F|  |TAMS 0x0000000716600000, 0x0000000716600000| Untracked 
| 171|0x0000000716800000, 0x0000000716800000, 0x0000000716a00000|  0%| F|  |TAMS 0x0000000716800000, 0x0000000716800000| Untracked 
| 172|0x0000000716a00000, 0x0000000716a00000, 0x0000000716c00000|  0%| F|  |TAMS 0x0000000716a00000, 0x0000000716a00000| Untracked 
| 173|0x0000000716c00000, 0x0000000716c00000, 0x0000000716e00000|  0%| F|  |TAMS 0x0000000716c00000, 0x0000000716c00000| Untracked 
| 174|0x0000000716e00000, 0x0000000716e00000, 0x0000000717000000|  0%| F|  |TAMS 0x0000000716e00000, 0x0000000716e00000| Untracked 
| 175|0x0000000717000000, 0x0000000717000000, 0x0000000717200000|  0%| F|  |TAMS 0x0000000717000000, 0x0000000717000000| Untracked 
| 176|0x0000000717200000, 0x000000071739e120, 0x0000000717400000| 80%| S|CS|TAMS 0x0000000717200000, 0x0000000717200000| Complete 
| 177|0x0000000717400000, 0x0000000717400000, 0x0000000717600000|  0%| F|  |TAMS 0x0000000717400000, 0x0000000717400000| Untracked 
| 178|0x0000000717600000, 0x0000000717600000, 0x0000000717800000|  0%| F|  |TAMS 0x0000000717600000, 0x0000000717600000| Untracked 
| 179|0x0000000717800000, 0x0000000717800000, 0x0000000717a00000|  0%| F|  |TAMS 0x0000000717800000, 0x0000000717800000| Untracked 
| 180|0x0000000717a00000, 0x0000000717a00000, 0x0000000717c00000|  0%| F|  |TAMS 0x0000000717a00000, 0x0000000717a00000| Untracked 
| 181|0x0000000717c00000, 0x0000000717c00000, 0x0000000717e00000|  0%| F|  |TAMS 0x0000000717c00000, 0x0000000717c00000| Untracked 

Card table byte_map: [0x0000026cc0250000,0x0000026cc0a50000] _byte_map_base: 0x0000026cbca47000

Marking Bits (Prev, Next): (CMBitMap*) 0x0000026cab38e3b0, (CMBitMap*) 0x0000026cab38e3f0
 Prev Bits: [0x0000026cc1250000, 0x0000026cc5208000)
 Next Bits: [0x0000026cc5210000, 0x0000026cc91c8000)

Polling page: 0x0000026cab3f0000

Metaspace:

Usage:
  Non-class:     11.07 MB used.
      Class:      1.20 MB used.
       Both:     12.27 MB used.

Virtual space:
  Non-class space:       16.00 MB reserved,      11.12 MB ( 70%) committed,  2 nodes.
      Class space:        1.00 GB reserved,       1.31 MB ( <1%) committed,  1 nodes.
             Both:        1.02 GB reserved,      12.44 MB (  1%) committed. 

Chunk freelists:
   Non-Class:  448.00 KB
       Class:  2.75 MB
        Both:  3.18 MB

MaxMetaspaceSize: unlimited
CompressedClassSpaceSize: 1.00 GB
Initial GC threshold: 21.00 MB
Current GC threshold: 21.00 MB
CDS: off
MetaspaceReclaimPolicy: balanced
 - commit_granule_bytes: 65536.
 - commit_granule_words: 8192.
 - virtual_space_node_default_size: 1048576.
 - enlarge_chunks_in_place: 1.
 - new_chunks_are_fully_committed: 0.
 - uncommit_free_chunks: 1.
 - use_allocation_guard: 0.
 - handle_deallocations: 1.


Internal statistics:

num_allocs_failed_limit: 0.
num_arena_births: 108.
num_arena_deaths: 0.
num_vsnodes_births: 3.
num_vsnodes_deaths: 0.
num_space_committed: 199.
num_space_uncommitted: 0.
num_chunks_returned_to_freelist: 0.
num_chunks_taken_from_freelist: 154.
num_chunk_merges: 0.
num_chunk_splits: 88.
num_chunks_enlarged: 52.
num_purges: 0.
num_inconsistent_stats: 0.

CodeHeap 'non-profiled nmethods': size=120000Kb used=295Kb max_used=295Kb free=119704Kb
 bounds [0x0000026cb7cc0000, 0x0000026cb7f30000, 0x0000026cbf1f0000]
CodeHeap 'profiled nmethods': size=120000Kb used=1344Kb max_used=1344Kb free=118655Kb
 bounds [0x0000026cb0790000, 0x0000026cb0a00000, 0x0000026cb7cc0000]
CodeHeap 'non-nmethods': size=5760Kb used=1238Kb max_used=1278Kb free=4521Kb
 bounds [0x0000026cb01f0000, 0x0000026cb0460000, 0x0000026cb0790000]
 total_blobs=1435 nmethods=880 adapters=468
 compilation: enabled
              stopped_count=0, restarted_count=0
 full_count=0

Compilation events (20 events):
Event: 3.585 Thread 0x0000026ccc4b1630 nmethod 872 0x0000026cb08dbf10 code [0x0000026cb08dc120, 0x0000026cb08dc898]
Event: 3.585 Thread 0x0000026ccc4b1630  873       3       java.awt.Image$1::getSurfaceManager (5 bytes)
Event: 3.585 Thread 0x0000026ccc4b1630 nmethod 873 0x0000026cb08dcc10 code [0x0000026cb08dcda0, 0x0000026cb08dceb8]
Event: 3.586 Thread 0x0000026ccc4b1630  874       3       java.awt.geom.AffineTransform::equals (92 bytes)
Event: 3.586 Thread 0x0000026ccc4b1630 nmethod 874 0x0000026cb08dcf90 code [0x0000026cb08dd140, 0x0000026cb08dd738]
Event: 3.597 Thread 0x0000026ccc4b1630  875       1       java.util.IdentityHashMap::size (5 bytes)
Event: 3.597 Thread 0x0000026ccc4b1630 nmethod 875 0x0000026cb7d09b10 code [0x0000026cb7d09ca0, 0x0000026cb7d09d78]
Event: 3.597 Thread 0x0000026ccc4b1630  876   !   3       sun.java2d.SunGraphics2D::drawLine (74 bytes)
Event: 3.598 Thread 0x0000026ccc4b1630 nmethod 876 0x0000026cb08dd810 code [0x0000026cb08dda20, 0x0000026cb08de148]
Event: 3.598 Thread 0x0000026ccc4b1630  877       3       java.awt.Component::bounds (24 bytes)
Event: 3.598 Thread 0x0000026ccc4b1630 nmethod 877 0x0000026cb08de510 code [0x0000026cb08de6c0, 0x0000026cb08de9d8]
Event: 3.598 Thread 0x0000026ccc4b1630  878       3       java.awt.Rectangle::setBounds (21 bytes)
Event: 3.598 Thread 0x0000026ccc4b1630 nmethod 878 0x0000026cb08deb10 code [0x0000026cb08decc0, 0x0000026cb08dee28]
Event: 3.608 Thread 0x0000026ccc4b1630  879       3       java.awt.Component::getAccessControlContext (22 bytes)
Event: 3.608 Thread 0x0000026ccc4b1630 nmethod 879 0x0000026cb08def10 code [0x0000026cb08df0c0, 0x0000026cb08df2a8]
Event: 3.620 Thread 0x0000026ccc4b1630  880       3       java.awt.EventQueue::postEvent (13 bytes)
Event: 3.620 Thread 0x0000026ccc4b1630 nmethod 880 0x0000026cb08df390 code [0x0000026cb08df560, 0x0000026cb08df8c8]
Event: 3.620 Thread 0x0000026ccc4b1630  881       3       java.awt.EventQueue::getPriority (78 bytes)
Event: 3.620 Thread 0x0000026ccc4b1630 nmethod 881 0x0000026cb08dfa10 code [0x0000026cb08dfbe0, 0x0000026cb08e0258]
Event: 3.620 Thread 0x0000026ccc4b1630  882       3       java.awt.EventQueue::postEvent (172 bytes)

GC Heap History (19 events):
Event: 3.176 GC heap before
{Heap before GC invocations=0 (full 0):
 garbage-first heap   total 262144K, used 116736K [0x0000000701200000, 0x0000000800000000)
  region size 2048K, 6 young (12288K), 0 survivors (0K)
 Metaspace       used 12456K, committed 12672K, reserved 1064960K
  class space    used 1232K, committed 1344K, reserved 1048576K
}
Event: 3.179 GC heap after
{Heap after GC invocations=1 (full 0):
 garbage-first heap   total 262144K, used 42644K [0x0000000701200000, 0x0000000800000000)
  region size 2048K, 1 young (2048K), 1 survivors (2048K)
 Metaspace       used 12456K, committed 12672K, reserved 1064960K
  class space    used 1232K, committed 1344K, reserved 1048576K
}
Event: 3.222 GC heap before
{Heap before GC invocations=1 (full 0):
 garbage-first heap   total 262144K, used 118420K [0x0000000701200000, 0x0000000800000000)
  region size 2048K, 3 young (6144K), 1 survivors (2048K)
 Metaspace       used 12468K, committed 12672K, reserved 1064960K
  class space    used 1232K, committed 1344K, reserved 1048576K
}
Event: 3.223 GC heap after
{Heap after GC invocations=2 (full 0):
 garbage-first heap   total 262144K, used 34429K [0x0000000701200000, 0x0000000800000000)
  region size 2048K, 1 young (2048K), 1 survivors (2048K)
 Metaspace       used 12468K, committed 12672K, reserved 1064960K
  class space    used 1232K, committed 1344K, reserved 1048576K
}
Event: 3.260 GC heap before
{Heap before GC invocations=2 (full 0):
 garbage-first heap   total 262144K, used 110205K [0x0000000701200000, 0x0000000800000000)
  region size 2048K, 3 young (6144K), 1 survivors (2048K)
 Metaspace       used 12473K, committed 12672K, reserved 1064960K
  class space    used 1232K, committed 1344K, reserved 1048576K
}
Event: 3.262 GC heap after
{Heap after GC invocations=3 (full 0):
 garbage-first heap   total 262144K, used 34426K [0x0000000701200000, 0x0000000800000000)
  region size 2048K, 1 young (2048K), 1 survivors (2048K)
 Metaspace       used 12473K, committed 12672K, reserved 1064960K
  class space    used 1232K, committed 1344K, reserved 1048576K
}
Event: 3.296 GC heap before
{Heap before GC invocations=3 (full 0):
 garbage-first heap   total 262144K, used 110202K [0x0000000701200000, 0x0000000800000000)
  region size 2048K, 3 young (6144K), 1 survivors (2048K)
 Metaspace       used 12482K, committed 12672K, reserved 1064960K
  class space    used 1232K, committed 1344K, reserved 1048576K
}
Event: 3.298 GC heap after
{Heap after GC invocations=4 (full 0):
 garbage-first heap   total 262144K, used 34529K [0x0000000701200000, 0x0000000800000000)
  region size 2048K, 1 young (2048K), 1 survivors (2048K)
 Metaspace       used 12482K, committed 12672K, reserved 1064960K
  class space    used 1232K, committed 1344K, reserved 1048576K
}
Event: 3.332 GC heap before
{Heap before GC invocations=4 (full 0):
 garbage-first heap   total 262144K, used 112353K [0x0000000701200000, 0x0000000800000000)
  region size 2048K, 4 young (8192K), 1 survivors (2048K)
 Metaspace       used 12490K, committed 12672K, reserved 1064960K
  class space    used 1232K, committed 1344K, reserved 1048576K
}
Event: 3.333 GC heap after
{Heap after GC invocations=5 (full 0):
 garbage-first heap   total 262144K, used 34544K [0x0000000701200000, 0x0000000800000000)
  region size 2048K, 1 young (2048K), 1 survivors (2048K)
 Metaspace       used 12490K, committed 12672K, reserved 1064960K
  class space    used 1232K, committed 1344K, reserved 1048576K
}
Event: 3.367 GC heap before
{Heap before GC invocations=5 (full 0):
 garbage-first heap   total 262144K, used 112368K [0x0000000701200000, 0x0000000800000000)
  region size 2048K, 4 young (8192K), 1 survivors (2048K)
 Metaspace       used 12517K, committed 12672K, reserved 1064960K
  class space    used 1232K, committed 1344K, reserved 1048576K
}
Event: 3.369 GC heap after
{Heap after GC invocations=6 (full 0):
 garbage-first heap   total 372736K, used 34464K [0x0000000701200000, 0x0000000800000000)
  region size 2048K, 1 young (2048K), 1 survivors (2048K)
 Metaspace       used 12517K, committed 12672K, reserved 1064960K
  class space    used 1232K, committed 1344K, reserved 1048576K
}
Event: 3.442 GC heap before
{Heap before GC invocations=6 (full 0):
 garbage-first heap   total 372736K, used 163488K [0x0000000701200000, 0x0000000800000000)
  region size 2048K, 5 young (10240K), 1 survivors (2048K)
 Metaspace       used 12538K, committed 12736K, reserved 1064960K
  class space    used 1232K, committed 1344K, reserved 1048576K
}
Event: 3.443 GC heap after
{Heap after GC invocations=7 (full 0):
 garbage-first heap   total 372736K, used 50866K [0x0000000701200000, 0x0000000800000000)
  region size 2048K, 1 young (2048K), 1 survivors (2048K)
 Metaspace       used 12538K, committed 12736K, reserved 1064960K
  class space    used 1232K, committed 1344K, reserved 1048576K
}
Event: 3.505 GC heap before
{Heap before GC invocations=7 (full 0):
 garbage-first heap   total 372736K, used 171698K [0x0000000701200000, 0x0000000800000000)
  region size 2048K, 5 young (10240K), 1 survivors (2048K)
 Metaspace       used 12546K, committed 12736K, reserved 1064960K
  class space    used 1232K, committed 1344K, reserved 1048576K
}
Event: 3.507 GC heap after
{Heap after GC invocations=8 (full 0):
 garbage-first heap   total 372736K, used 42703K [0x0000000701200000, 0x0000000800000000)
  region size 2048K, 1 young (2048K), 1 survivors (2048K)
 Metaspace       used 12546K, committed 12736K, reserved 1064960K
  class space    used 1232K, committed 1344K, reserved 1048576K
}
Event: 3.563 GC heap before
{Heap before GC invocations=8 (full 0):
 garbage-first heap   total 372736K, used 171727K [0x0000000701200000, 0x0000000800000000)
  region size 2048K, 5 young (10240K), 1 survivors (2048K)
 Metaspace       used 12556K, committed 12736K, reserved 1064960K
  class space    used 1232K, committed 1344K, reserved 1048576K
}
Event: 3.565 GC heap after
{Heap after GC invocations=9 (full 0):
 garbage-first heap   total 372736K, used 42752K [0x0000000701200000, 0x0000000800000000)
  region size 2048K, 1 young (2048K), 1 survivors (2048K)
 Metaspace       used 12556K, committed 12736K, reserved 1064960K
  class space    used 1232K, committed 1344K, reserved 1048576K
}
Event: 3.621 GC heap before
{Heap before GC invocations=9 (full 0):
 garbage-first heap   total 372736K, used 171776K [0x0000000701200000, 0x0000000800000000)
  region size 2048K, 5 young (10240K), 1 survivors (2048K)
 Metaspace       used 12565K, committed 12736K, reserved 1064960K
  class space    used 1232K, committed 1344K, reserved 1048576K
}

Dll operation events (5 events):
Event: 0.007 Loaded shared library C:\Users\Bogdan\.p2\pool\plugins\org.eclipse.justj.openjdk.hotspot.jre.full.win32.x86_64_17.0.5.v20221102-0933\jre\bin\java.dll
Event: 0.106 Loaded shared library C:\Users\Bogdan\.p2\pool\plugins\org.eclipse.justj.openjdk.hotspot.jre.full.win32.x86_64_17.0.5.v20221102-0933\jre\bin\jimage.dll
Event: 0.136 Loaded shared library C:\Users\Bogdan\.p2\pool\plugins\org.eclipse.justj.openjdk.hotspot.jre.full.win32.x86_64_17.0.5.v20221102-0933\jre\bin\awt.dll
Event: 0.441 Loaded shared library C:\Users\Bogdan\.p2\pool\plugins\org.eclipse.justj.openjdk.hotspot.jre.full.win32.x86_64_17.0.5.v20221102-0933\jre\bin\freetype.dll
Event: 0.442 Loaded shared library C:\Users\Bogdan\.p2\pool\plugins\org.eclipse.justj.openjdk.hotspot.jre.full.win32.x86_64_17.0.5.v20221102-0933\jre\bin\fontmanager.dll

Deoptimization events (12 events):
Event: 0.457 Thread 0x0000026cab3224e0 DEOPT PACKING pc=0x0000026cb07a6067 sp=0x000000affd9fc5b0
Event: 0.457 Thread 0x0000026cab3224e0 DEOPT UNPACKING pc=0x0000026cb0242b43 sp=0x000000affd9fb9d0 mode 0
Event: 0.592 Thread 0x0000026ccce99270 Uncommon trap: trap_request=0xffffff45 fr.pc=0x0000026cb7ce5860 relative=0x00000000000002a0
Event: 0.592 Thread 0x0000026ccce99270 Uncommon trap: reason=unstable_if action=reinterpret pc=0x0000026cb7ce5860 method=newproject.main$1.paintComponent(Ljava/awt/Graphics;)V @ 776 c2
Event: 0.592 Thread 0x0000026ccce99270 DEOPT PACKING pc=0x0000026cb7ce5860 sp=0x000000afff1fdc40
Event: 0.592 Thread 0x0000026ccce99270 DEOPT UNPACKING pc=0x0000026cb02423a3 sp=0x000000afff1fda98 mode 2
Event: 0.594 Thread 0x0000026ccce99270 Uncommon trap: trap_request=0xffffff45 fr.pc=0x0000026cb7ce9f48 relative=0x0000000000000c28
Event: 0.594 Thread 0x0000026ccce99270 Uncommon trap: reason=unstable_if action=reinterpret pc=0x0000026cb7ce9f48 method=newproject.main$1.paintComponent(Ljava/awt/Graphics;)V @ 1293 c2
Event: 0.594 Thread 0x0000026ccce99270 DEOPT PACKING pc=0x0000026cb7ce9f48 sp=0x000000afff1fdbd0
Event: 0.594 Thread 0x0000026ccce99270 DEOPT UNPACKING pc=0x0000026cb02423a3 sp=0x000000afff1fdaa0 mode 2
Event: 2.217 Thread 0x0000026ccce99270 DEOPT PACKING pc=0x0000026cb08937bf sp=0x000000afff1fda00
Event: 2.217 Thread 0x0000026ccce99270 DEOPT UNPACKING pc=0x0000026cb0242b43 sp=0x000000afff1fcf88 mode 0

Classes unloaded (0 events):
No events

Classes redefined (0 events):
No events

Internal exceptions (13 events):
Event: 0.127 Thread 0x0000026cab3224e0 Exception <a 'java/lang/ClassNotFoundException'{0x0000000711186858}: sun/awt/resources/spi/awtProvider> (0x0000000711186858) 
thrown [s\src\hotspot\share\classfile\systemDictionary.cpp, line 256]
Event: 0.150 Thread 0x0000026cab3224e0 Exception <a 'java/io/FileNotFoundException'{0x00000007111e1220}> (0x00000007111e1220) 
thrown [s\src\hotspot\share\prims\jni.cpp, line 516]
Event: 0.156 Thread 0x0000026cab3224e0 Exception <a 'java/io/FileNotFoundException'{0x0000000710e0e630}> (0x0000000710e0e630) 
thrown [s\src\hotspot\share\prims\jni.cpp, line 516]
Event: 0.193 Thread 0x0000026cab3224e0 Exception <a 'java/lang/NoSuchMethodError'{0x0000000710e4ee40}: 'java.lang.Object java.lang.invoke.DirectMethodHandle$Holder.invokeStaticInit(java.lang.Object)'> (0x0000000710e4ee40) 
thrown [s\src\hotspot\share\interpreter\linkResolver.cpp, line 759]
Event: 0.368 Thread 0x0000026cab3224e0 Exception <a 'java/lang/NoSuchMethodError'{0x0000000710f001f0}: 'void java.lang.invoke.DirectMethodHandle$Holder.invokeSpecial(java.lang.Object, java.lang.Object, java.lang.Object)'> (0x0000000710f001f0) 
thrown [s\src\hotspot\share\interpreter\linkResolver.cpp, line 759]
Event: 0.375 Thread 0x0000026cab3224e0 Exception <a 'java/lang/NoSuchMethodError'{0x0000000710f2a1d0}: 'java.lang.Object java.lang.invoke.DirectMethodHandle$Holder.newInvokeSpecial(java.lang.Object, java.lang.Object, java.lang.Object, java.lang.Object, java.lang.Object)'> (0x0000000710f2a1d0) 
thrown [s\src\hotspot\share\interpreter\linkResolver.cpp, line 759]
Event: 0.377 Thread 0x0000026cab3224e0 Exception <a 'java/lang/NoSuchMethodError'{0x0000000710f35e08}: 'java.lang.Object java.lang.invoke.DirectMethodHandle$Holder.invokeStatic(java.lang.Object, int, java.lang.Object, java.lang.Object, java.lang.Object, java.lang.Object)'> (0x0000000710f35e08) 
thrown [s\src\hotspot\share\interpreter\linkResolver.cpp, line 759]
Event: 0.380 Thread 0x0000026cab3224e0 Exception <a 'java/lang/NoSuchMethodError'{0x0000000710f5b5c8}: 'java.lang.Object java.lang.invoke.DirectMethodHandle$Holder.invokeStatic(java.lang.Object, int, java.lang.Object)'> (0x0000000710f5b5c8) 
thrown [s\src\hotspot\share\interpreter\linkResolver.cpp, line 759]
Event: 0.400 Thread 0x0000026cab3224e0 Exception <a 'java/lang/ClassNotFoundException'{0x0000000710c13410}: com/sun/swing/internal/plaf/metal/resources/spi/metalProvider> (0x0000000710c13410) 
thrown [s\src\hotspot\share\classfile\systemDictionary.cpp, line 256]
Event: 0.400 Thread 0x0000026cab3224e0 Exception <a 'java/lang/ClassNotFoundException'{0x0000000710c17010}: com/sun/swing/internal/plaf/basic/resources/spi/basicProvider> (0x0000000710c17010) 
thrown [s\src\hotspot\share\classfile\systemDictionary.cpp, line 256]
Event: 0.417 Thread 0x0000026cab3224e0 Exception <a 'java/lang/NoSuchMethodError'{0x0000000710c46f28}: 'void java.lang.invoke.DirectMethodHandle$Holder.invokeStatic(java.lang.Object, java.lang.Object, java.lang.Object)'> (0x0000000710c46f28) 
thrown [s\src\hotspot\share\interpreter\linkResolver.cpp, line 759]
Event: 0.436 Thread 0x0000026cab3224e0 Exception <a 'java/lang/NoSuchMethodError'{0x0000000710cdc958}: 'void java.lang.invoke.DirectMethodHandle$Holder.invokeStaticInit(java.lang.Object)'> (0x0000000710cdc958) 
thrown [s\src\hotspot\share\interpreter\linkResolver.cpp, line 759]
Event: 0.482 Thread 0x0000026ccca56ba0 Exception <a 'java/lang/NoSuchMethodError'{0x0000000710e771f8}: 'void java.lang.invoke.DirectMethodHandle$Holder.invokeVirtual(java.lang.Object, java.lang.Object)'> (0x0000000710e771f8) 
thrown [s\src\hotspot\share\interpreter\linkResolver.cpp, line 759]

VM Operations (20 events):
Event: 2.632 Executing VM operation: Cleanup done
Event: 3.176 Executing VM operation: G1TryInitiateConcMark
Event: 3.179 Executing VM operation: G1TryInitiateConcMark done
Event: 3.222 Executing VM operation: G1TryInitiateConcMark
Event: 3.223 Executing VM operation: G1TryInitiateConcMark done
Event: 3.260 Executing VM operation: G1TryInitiateConcMark
Event: 3.262 Executing VM operation: G1TryInitiateConcMark done
Event: 3.296 Executing VM operation: G1TryInitiateConcMark
Event: 3.298 Executing VM operation: G1TryInitiateConcMark done
Event: 3.332 Executing VM operation: G1TryInitiateConcMark
Event: 3.333 Executing VM operation: G1TryInitiateConcMark done
Event: 3.367 Executing VM operation: G1TryInitiateConcMark
Event: 3.369 Executing VM operation: G1TryInitiateConcMark done
Event: 3.442 Executing VM operation: G1TryInitiateConcMark
Event: 3.443 Executing VM operation: G1TryInitiateConcMark done
Event: 3.505 Executing VM operation: G1TryInitiateConcMark
Event: 3.507 Executing VM operation: G1TryInitiateConcMark done
Event: 3.563 Executing VM operation: G1TryInitiateConcMark
Event: 3.565 Executing VM operation: G1TryInitiateConcMark done
Event: 3.621 Executing VM operation: G1TryInitiateConcMark

Events (20 events):
Event: 0.615 loading class java/util/concurrent/ForkJoinPool$ForkJoinWorkerThreadFactory
Event: 0.615 loading class java/util/concurrent/ForkJoinPool$ForkJoinWorkerThreadFactory done
Event: 0.615 loading class java/util/concurrent/ForkJoinPool$DefaultForkJoinWorkerThreadFactory done
Event: 0.615 loading class java/util/concurrent/ForkJoinPool$1
Event: 0.615 loading class java/util/concurrent/ForkJoinPool$1 done
Event: 0.615 loading class java/util/concurrent/ForkJoinPool$DefaultCommonPoolForkJoinWorkerThreadFactory
Event: 0.615 loading class java/util/concurrent/ForkJoinPool$DefaultCommonPoolForkJoinWorkerThreadFactory done
Event: 0.615 loading class java/util/concurrent/ForkJoinPool$WorkQueue
Event: 0.615 loading class java/util/concurrent/ForkJoinPool$WorkQueue done
Event: 0.615 loading class java/util/concurrent/ForkJoinWorkerThread
Event: 0.615 loading class java/util/concurrent/ForkJoinWorkerThread done
Event: 0.861 Thread 0x0000026ccd001e40 Thread exited: 0x0000026ccd001e40
Event: 1.468 loading class java/awt/LightweightDispatcher$2
Event: 1.468 loading class java/awt/LightweightDispatcher$2 done
Event: 3.115 loading class javax/swing/ClientPropertyKey
Event: 3.115 loading class javax/swing/ClientPropertyKey done
Event: 3.115 loading class javax/swing/ClientPropertyKey$1
Event: 3.116 loading class sun/awt/AWTAccessor$ClientPropertyKeyAccessor
Event: 3.116 loading class sun/awt/AWTAccessor$ClientPropertyKeyAccessor done
Event: 3.116 loading class javax/swing/ClientPropertyKey$1 done


Dynamic libraries:
0x00007ff6826f0000 - 0x00007ff6826fe000 	C:\Users\Bogdan\.p2\pool\plugins\org.eclipse.justj.openjdk.hotspot.jre.full.win32.x86_64_17.0.5.v20221102-0933\jre\bin\javaw.exe
0x00007ffce0610000 - 0x00007ffce0808000 	C:\WINDOWS\SYSTEM32\ntdll.dll
0x00007ffcdf020000 - 0x00007ffcdf0e2000 	C:\WINDOWS\System32\KERNEL32.DLL
0x00007ffcddf90000 - 0x00007ffcde28f000 	C:\WINDOWS\System32\KERNELBASE.dll
0x00007ffcde3e0000 - 0x00007ffcde4e0000 	C:\WINDOWS\System32\ucrtbase.dll
0x00007ffcda860000 - 0x00007ffcda879000 	C:\Users\Bogdan\.p2\pool\plugins\org.eclipse.justj.openjdk.hotspot.jre.full.win32.x86_64_17.0.5.v20221102-0933\jre\bin\VCRUNTIME140.dll
0x00007ffcda840000 - 0x00007ffcda857000 	C:\Users\Bogdan\.p2\pool\plugins\org.eclipse.justj.openjdk.hotspot.jre.full.win32.x86_64_17.0.5.v20221102-0933\jre\bin\jli.dll
0x00007ffcdfde0000 - 0x00007ffcdff7d000 	C:\WINDOWS\System32\USER32.dll
0x00007ffcde3b0000 - 0x00007ffcde3d2000 	C:\WINDOWS\System32\win32u.dll
0x00007ffcdfc50000 - 0x00007ffcdfc7b000 	C:\WINDOWS\System32\GDI32.dll
0x00007ffcc8620000 - 0x00007ffcc88ba000 	C:\WINDOWS\WinSxS\amd64_microsoft.windows.common-controls_6595b64144ccf1df_6.0.19041.4355_none_60b8b9eb71f62e16\COMCTL32.dll
0x00007ffcde290000 - 0x00007ffcde3aa000 	C:\WINDOWS\System32\gdi32full.dll
0x00007ffcddd40000 - 0x00007ffcddddd000 	C:\WINDOWS\System32\msvcp_win.dll
0x00007ffcdf0f0000 - 0x00007ffcdf18e000 	C:\WINDOWS\System32\msvcrt.dll
0x00007ffcdfc80000 - 0x00007ffcdfcaf000 	C:\WINDOWS\System32\IMM32.DLL
0x00007ffcdb2f0000 - 0x00007ffcdb2fc000 	C:\Users\Bogdan\.p2\pool\plugins\org.eclipse.justj.openjdk.hotspot.jre.full.win32.x86_64_17.0.5.v20221102-0933\jre\bin\vcruntime140_1.dll
0x00007ffcb73a0000 - 0x00007ffcb7431000 	C:\Users\Bogdan\.p2\pool\plugins\org.eclipse.justj.openjdk.hotspot.jre.full.win32.x86_64_17.0.5.v20221102-0933\jre\bin\msvcp140.dll
0x00007ffc86fe0000 - 0x00007ffc87c24000 	C:\Users\Bogdan\.p2\pool\plugins\org.eclipse.justj.openjdk.hotspot.jre.full.win32.x86_64_17.0.5.v20221102-0933\jre\bin\server\jvm.dll
0x00007ffcdf2c0000 - 0x00007ffcdf36f000 	C:\WINDOWS\System32\ADVAPI32.dll
0x00007ffcdfd40000 - 0x00007ffcdfddf000 	C:\WINDOWS\System32\sechost.dll
0x00007ffcdf190000 - 0x00007ffcdf2b3000 	C:\WINDOWS\System32\RPCRT4.dll
0x00007ffcde4e0000 - 0x00007ffcde507000 	C:\WINDOWS\System32\bcrypt.dll
0x00007ffcdb2e0000 - 0x00007ffcdb2e9000 	C:\WINDOWS\SYSTEM32\WSOCK32.dll
0x00007ffcdee80000 - 0x00007ffcdeeeb000 	C:\WINDOWS\System32\WS2_32.dll
0x00007ffccc470000 - 0x00007ffccc497000 	C:\WINDOWS\SYSTEM32\WINMM.dll
0x00007ffcd6ed0000 - 0x00007ffcd6eda000 	C:\WINDOWS\SYSTEM32\VERSION.dll
0x00007ffcdbb10000 - 0x00007ffcdbb22000 	C:\WINDOWS\SYSTEM32\kernel.appcore.dll
0x00007ffcd5210000 - 0x00007ffcd521a000 	C:\Users\Bogdan\.p2\pool\plugins\org.eclipse.justj.openjdk.hotspot.jre.full.win32.x86_64_17.0.5.v20221102-0933\jre\bin\jimage.dll
0x00007ffccaee0000 - 0x00007ffccb0c4000 	C:\WINDOWS\SYSTEM32\DBGHELP.DLL
0x00007ffcc0030000 - 0x00007ffcc0064000 	C:\WINDOWS\SYSTEM32\dbgcore.DLL
0x00007ffcddcb0000 - 0x00007ffcddd32000 	C:\WINDOWS\System32\bcryptPrimitives.dll
0x00007ffcc5a50000 - 0x00007ffcc5a75000 	C:\Users\Bogdan\.p2\pool\plugins\org.eclipse.justj.openjdk.hotspot.jre.full.win32.x86_64_17.0.5.v20221102-0933\jre\bin\java.dll
0x00007ffcd09c0000 - 0x00007ffcd09d8000 	C:\Users\Bogdan\.p2\pool\plugins\org.eclipse.justj.openjdk.hotspot.jre.full.win32.x86_64_17.0.5.v20221102-0933\jre\bin\zip.dll
0x00007ffcde710000 - 0x00007ffcdee7d000 	C:\WINDOWS\System32\SHELL32.dll
0x00007ffcdbd10000 - 0x00007ffcdc4b4000 	C:\WINDOWS\SYSTEM32\windows.storage.dll
0x00007ffcdf4b0000 - 0x00007ffcdf805000 	C:\WINDOWS\System32\combase.dll
0x00007ffcdd600000 - 0x00007ffcdd62b000 	C:\WINDOWS\SYSTEM32\Wldp.dll
0x00007ffcdfb60000 - 0x00007ffcdfc2d000 	C:\WINDOWS\System32\OLEAUT32.dll
0x00007ffcdff80000 - 0x00007ffce002d000 	C:\WINDOWS\System32\SHCORE.dll
0x00007ffcdf370000 - 0x00007ffcdf3c5000 	C:\WINDOWS\System32\shlwapi.dll
0x00007ffcddbe0000 - 0x00007ffcddc05000 	C:\WINDOWS\SYSTEM32\profapi.dll
0x00007ffcb2d00000 - 0x00007ffcb2e8e000 	C:\Users\Bogdan\.p2\pool\plugins\org.eclipse.justj.openjdk.hotspot.jre.full.win32.x86_64_17.0.5.v20221102-0933\jre\bin\awt.dll
0x00007ffcdaf00000 - 0x00007ffcdaf94000 	C:\WINDOWS\SYSTEM32\apphelp.dll
0x00007ffcdb730000 - 0x00007ffcdb75f000 	C:\WINDOWS\system32\DWMAPI.DLL
0x00007ffcdb600000 - 0x00007ffcdb69e000 	C:\WINDOWS\system32\uxtheme.dll
0x00007ffcb1440000 - 0x00007ffcb1568000 	C:\WINDOWS\system32\opengl32.dll
0x00007ffcc5000000 - 0x00007ffcc502c000 	C:\WINDOWS\SYSTEM32\GLU32.dll
0x00007ffcdfa40000 - 0x00007ffcdfb55000 	C:\WINDOWS\System32\MSCTF.dll
0x00007ffcdeef0000 - 0x00007ffcdf01b000 	C:\WINDOWS\System32\ole32.dll
0x00007ffcb1090000 - 0x00007ffcb1261000 	C:\WINDOWS\system32\d3d9.dll
0x00007ffcd4a60000 - 0x00007ffcd4b21000 	C:\WINDOWS\System32\DriverStore\FileRepository\nv_dispig.inf_amd64_0afec3f2050014a0\nvldumdx.dll
0x00007ffcdd870000 - 0x00007ffcdd882000 	C:\WINDOWS\SYSTEM32\msasn1.dll
0x00007ffcd71f0000 - 0x00007ffcd7221000 	C:\WINDOWS\SYSTEM32\cryptnet.dll
0x00007ffcdde30000 - 0x00007ffcddf8c000 	C:\WINDOWS\System32\CRYPT32.dll
0x00007ffcdd570000 - 0x00007ffcdd57c000 	C:\WINDOWS\SYSTEM32\cryptbase.dll
0x00007ffcd7050000 - 0x00007ffcd7197000 	C:\WINDOWS\SYSTEM32\drvstore.dll
0x00007ffcdda40000 - 0x00007ffcdda73000 	C:\WINDOWS\SYSTEM32\devobj.dll
0x00007ffcddde0000 - 0x00007ffcdde2e000 	C:\WINDOWS\System32\cfgmgr32.dll
0x00007ffcde5c0000 - 0x00007ffcde628000 	C:\WINDOWS\System32\wintrust.dll
0x00007ffcdfc30000 - 0x00007ffcdfc4d000 	C:\WINDOWS\System32\imagehlp.dll
0x00007ffcdd640000 - 0x00007ffcdd658000 	C:\WINDOWS\SYSTEM32\CRYPTSP.dll
0x00007ffcdccb0000 - 0x00007ffcdcce8000 	C:\WINDOWS\system32\rsaenh.dll
0x00007ffcd14e0000 - 0x00007ffcd34ce000 	C:\WINDOWS\System32\DriverStore\FileRepository\nv_dispig.inf_amd64_0afec3f2050014a0\nvgpucomp64.dll
0x00007ffc6d8f0000 - 0x00007ffc6f384000 	C:\WINDOWS\System32\DriverStore\FileRepository\nv_dispig.inf_amd64_0afec3f2050014a0\nvd3dumx.dll
0x00007ffcdc4d0000 - 0x00007ffcdc4f3000 	C:\WINDOWS\SYSTEM32\gpapi.dll
0x00007ffcb0f30000 - 0x00007ffcb1085000 	C:\WINDOWS\System32\DriverStore\FileRepository\nv_dispig.inf_amd64_0afec3f2050014a0\nvppex.dll
0x00007ffcd50c0000 - 0x00007ffcd50fb000 	C:\WINDOWS\SYSTEM32\dxcore.dll
0x00007ffcb6f80000 - 0x00007ffcb7006000 	C:\Users\Bogdan\.p2\pool\plugins\org.eclipse.justj.openjdk.hotspot.jre.full.win32.x86_64_17.0.5.v20221102-0933\jre\bin\freetype.dll
0x00007ffcb1370000 - 0x00007ffcb1435000 	C:\Users\Bogdan\.p2\pool\plugins\org.eclipse.justj.openjdk.hotspot.jre.full.win32.x86_64_17.0.5.v20221102-0933\jre\bin\fontmanager.dll
0x00007ffcd4b30000 - 0x00007ffcd4c29000 	C:\WINDOWS\SYSTEM32\textinputframework.dll
0x00007ffcdabf0000 - 0x00007ffcdace2000 	C:\WINDOWS\System32\CoreMessaging.dll
0x00007ffcda890000 - 0x00007ffcdabeb000 	C:\WINDOWS\System32\CoreUIComponents.dll
0x00007ffcdcf00000 - 0x00007ffcdcf33000 	C:\WINDOWS\SYSTEM32\ntmarta.dll
0x00007ffcd9ef0000 - 0x00007ffcda047000 	C:\WINDOWS\SYSTEM32\wintypes.dll

dbghelp: loaded successfully - version: 4.0.5 - missing functions: none
symbol engine: initialized successfully - sym options: 0x614 - pdb path: .;C:\Users\Bogdan\.p2\pool\plugins\org.eclipse.justj.openjdk.hotspot.jre.full.win32.x86_64_17.0.5.v20221102-0933\jre\bin;C:\WINDOWS\SYSTEM32;C:\WINDOWS\WinSxS\amd64_microsoft.windows.common-controls_6595b64144ccf1df_6.0.19041.4355_none_60b8b9eb71f62e16;C:\Users\Bogdan\.p2\pool\plugins\org.eclipse.justj.openjdk.hotspot.jre.full.win32.x86_64_17.0.5.v20221102-0933\jre\bin\server;C:\WINDOWS\System32\DriverStore\FileRepository\nv_dispig.inf_amd64_0afec3f2050014a0

VM Arguments:
jvm_args: -Dfile.encoding=UTF-8 -XX:+ShowCodeDetailsInExceptionMessages 
java_command: newproject.main
java_class_path (initial): C:\Users\Bogdan\Desktop\personal\newproject\bin
Launcher Type: SUN_STANDARD

[Global flags]
     intx CICompilerCount                          = 3                                         {product} {ergonomic}
     uint ConcGCThreads                            = 2                                         {product} {ergonomic}
     uint G1ConcRefinementThreads                  = 6                                         {product} {ergonomic}
   size_t G1HeapRegionSize                         = 2097152                                   {product} {ergonomic}
    uintx GCDrainStackTargetSize                   = 64                                        {product} {ergonomic}
   size_t InitialHeapSize                          = 268435456                                 {product} {ergonomic}
   size_t MarkStackSize                            = 4194304                                   {product} {ergonomic}
   size_t MaxHeapSize                              = 4276092928                                {product} {ergonomic}
   size_t MaxNewSize                               = 2564816896                                {product} {ergonomic}
   size_t MinHeapDeltaBytes                        = 2097152                                   {product} {ergonomic}
   size_t MinHeapSize                              = 8388608                                   {product} {ergonomic}
    uintx NonNMethodCodeHeapSize                   = 5832780                                {pd product} {ergonomic}
    uintx NonProfiledCodeHeapSize                  = 122912730                              {pd product} {ergonomic}
    uintx ProfiledCodeHeapSize                     = 122912730                              {pd product} {ergonomic}
    uintx ReservedCodeCacheSize                    = 251658240                              {pd product} {ergonomic}
     bool SegmentedCodeCache                       = true                                      {product} {ergonomic}
     bool ShowCodeDetailsInExceptionMessages       = true                                   {manageable} {command line}
   size_t SoftMaxHeapSize                          = 4276092928                             {manageable} {ergonomic}
     bool UseCompressedClassPointers               = true                           {product lp64_product} {ergonomic}
     bool UseCompressedOops                        = true                           {product lp64_product} {ergonomic}
     bool UseG1GC                                  = true                                      {product} {ergonomic}
     bool UseLargePagesIndividualAllocation        = false                                  {pd product} {ergonomic}

Logging:
Log output configuration:
 #0: stdout all=warning uptime,level,tags
 #1: stderr all=off uptime,level,tags

Environment Variables:
JAVA_HOME=C:\Users\Bogdan\AppData\Local\Coursier\cache\arc\https\github.com\adoptium\temurin11-binaries\releases\download\jdk-11.0.25%252B9\OpenJDK11U-jdk_x64_windows_hotspot_11.0.25_9.zip\jdk-11.0.25+9
PATH=C:/Users/Bogdan/.p2/pool/plugins/org.eclipse.justj.openjdk.hotspot.jre.full.win32.x86_64_17.0.5.v20221102-0933/jre/bin/server;C:/Users/Bogdan/.p2/pool/plugins/org.eclipse.justj.openjdk.hotspot.jre.full.win32.x86_64_17.0.5.v20221102-0933/jre/bin;C:\Program Files\Eclipse Adoptium\jdk-17.0.14.7-hotspot\bin;C:\Python313\Scripts\;C:\Python313\;C:\Program Files (x86)\Eclipse Adoptium\jdk-17.0.13.11-hotspot\bin;C:\Program Files\Common Files\Oracle\Java\javapath;C:\WINDOWS\system32;C:\WINDOWS;C:\WINDOWS\System32\Wbem;C:\WINDOWS\System32\WindowsPowerShell\v1.0\;C:\WINDOWS\System32\OpenSSH\;C:\Program Files\Java\jdk-23\bin;C:\Program Files (x86)\sbt\bin;C:\Program Files (x86)\Windows Kits\10\Windows Performance Toolkit\;C:\ProgramData\chocolatey\bin;C:\Program Files\scala-cli-x86_64-pc-win32\;C:\Program Files\nodejs\;C:\Program Files\dotnet\;C:\Program Files\LLVM\bin;C:\Program Files\Docker\Docker\resources\bin;C:\Program Files\Git\cmd;C:\Users\Bogdan\scoop\apps\llvm\current\bin;C:\Users\Bogdan\scoop\shims;C:\Users\Bogdan\AppData\Local\Microsoft\WindowsApps;C:\Users\Bogdan\AppData\Local\Coursier\cache\arc\https\github.com\adoptium\temurin11-binaries\releases\download\jdk-11.0.25%252B9\OpenJDK11U-jdk_x64_windows_hotspot_11.0.25_9.zip\jdk-11.0.25+9\bin;C:\Users\Bogdan\AppData\Local\Coursier\data\bin;C:\Users\Bogdan\AppData\Local\JetBrains\Toolbox\scripts;C:\Users\Bogdan\AppData\Roaming\npm;C:\Users\Bogdan\.dotnet\tools;C:\Users\Bogdan\Desktop;
USERNAME=Bogdan
OS=Windows_NT
PROCESSOR_IDENTIFIER=Intel64 Family 6 Model 158 Stepping 10, GenuineIntel
TMP=C:\Users\Bogdan\AppData\Local\Temp
TEMP=C:\Users\Bogdan\AppData\Local\Temp



---------------  S Y S T E M  ---------------

OS:
 Windows 10 , 64 bit Build 19041 (10.0.19041.5438)
OS uptime: 2 days 13:35 hours
Hyper-V role detected

CPU: total 6 (initial active 6) (6 cores per cpu, 1 threads per core) family 6 model 158 stepping 10 microcode 0xb4, cx8, cmov, fxsr, mmx, 3dnowpref, sse, sse2, sse3, ssse3, sse4.1, sse4.2, popcnt, lzcnt, tsc, tscinvbit, avx, avx2, aes, erms, clmul, bmi1, bmi2, adx, fma, vzeroupper, clflush, clflushopt, hv

Memory: 4k page, system-wide physical 16304M (5586M free)
TotalPageFile size 44741M (AvailPageFile size 5M)
current process WorkingSet (physical memory assigned to process): 273M, peak: 273M
current process commit charge ("private bytes"): 528M, peak: 630M

vm_info: OpenJDK 64-Bit Server VM (17.0.5+8) for windows-amd64 JRE (17.0.5+8), built on Oct 19 2022 04:48:13 by "temurin" with MS VC++ 16.7 (VS2019)

END.
