#
# A fatal error has been detected by the Java Runtime Environment:
#
#  EXCEPTION_ACCESS_VIOLATION (0xc0000005) at pc=0x00007ff86d23a8a9, pid=10760, tid=24972
#
# JRE version: OpenJDK Runtime Environment Temurin-17.0.5+8 (17.0.5+8) (build 17.0.5+8)
# Java VM: OpenJDK 64-Bit Server VM Temurin-17.0.5+8 (17.0.5+8, mixed mode, tiered, compressed oops, compressed class ptrs, g1 gc, windows-amd64)
# Problematic frame:
# C  [awt.dll+0xda8a9]
#
# No core dump will be written. Minidumps are not enabled by default on client versions of Windows
#
# If you would like to submit a bug report, please visit:
#   https://github.com/adoptium/adoptium-support/issues
# The crash happened outside the Java Virtual Machine in native code.
# See problematic frame for where to report the bug.
#

---------------  S U M M A R Y ------------

Command Line: -Dfile.encoding=UTF-8 --module-path=C:\Users\Bogdan\Desktop\personal\newproject\bin -XX:+ShowCodeDetailsInExceptionMessages -Djdk.module.main=newproject newproject/newproject.main

Host: Intel(R) Core(TM) i5-8400 CPU @ 2.80GHz, 6 cores, 15G,  Windows 10 , 64 bit Build 19041 (10.0.19041.5678)
Time: Sat May  3 08:25:36 2025 E. Europe Daylight Time elapsed time: 30495.214550 seconds (0d 8h 28m 15s)

---------------  T H R E A D  ---------------

Current thread (0x000002a7aa13b700):  JavaThread "AWT-Windows" daemon [_thread_in_native, id=24972, stack(0x000000e2c6f00000,0x000000e2c7000000)]

Stack: [0x000000e2c6f00000,0x000000e2c7000000],  sp=0x000000e2c6ffe840,  free space=1018k
Native frames: (J=compiled Java code, j=interpreted, Vv=VM code, C=native code)
C  [awt.dll+0xda8a9]

Java frames: (J=compiled Java code, j=interpreted, Vv=VM code)
j  sun.java2d.d3d.D3DGraphicsDevice.getDeviceCapsNative(I)I+0 java.desktop@17.0.5
j  sun.java2d.d3d.D3DGraphicsDevice$1.run()V+8 java.desktop@17.0.5
v  ~StubRoutines::call_stub
j  sun.awt.windows.WToolkit.eventLoop()V+0 java.desktop@17.0.5
j  sun.awt.windows.WToolkit.run()V+50 java.desktop@17.0.5
j  java.lang.Thread.run()V+11 java.base@17.0.5
v  ~StubRoutines::call_stub

siginfo: EXCEPTION_ACCESS_VIOLATION (0xc0000005), reading address 0x0000000000000028


Register to memory mapping:

RIP=0x00007ff86d23a8a9 awt.dll
RAX=0x0 is NULL
RBX=0x000002a7aa623d50 points into unknown readable memory: 0x000002a7aa74a450 | 50 a4 74 aa a7 02 00 00
RCX=0x0 is NULL
RDX=0x0 is NULL
RSP=0x000000e2c6ffe840 is pointing into the stack for thread: 0x000002a7aa13b700
RBP=0x000000e2c6ffe948 is pointing into the stack for thread: 0x000002a7aa13b700
RSI=0x000000e2c6ffee10 is pointing into the stack for thread: 0x000002a7aa13b700
RDI=0x0 is NULL
R8 =0x0000000000000001 is an unknown value
R9 =0x00000000000000dd is an unknown value
R10=0x000002a78d82d5f2 is at code_begin+946 in an Interpreter codelet
method entry point (kind = native)  [0x000002a78d82d240, 0x000002a78d82dbc0]  2432 bytes
R11=0x000000070fd1c680 is an oop: java.lang.Class 
{0x000000070fd1c680} - klass: 'java/lang/Class'
 - ---- fields (total size 15 words):
 - private volatile transient 'classRedefinedCount' 'I' @12  0
 - private volatile transient 'cachedConstructor' 'Ljava/lang/reflect/Constructor;' @40  NULL (0)
 - private transient 'name' 'Ljava/lang/String;' @44  "sun.java2d.d3d.D3DGraphicsDevice"{0x000000070fd0d658} (e1fa1acb)
 - private transient 'module' 'Ljava/lang/Module;' @48  a 'java/lang/Module'{0x000000070fc24030} (e1f84806)
 - private final 'classLoader' 'Ljava/lang/ClassLoader;' @52  NULL (0)
 - private transient 'classData' 'Ljava/lang/Object;' @56  NULL (0)
 - private transient 'packageName' 'Ljava/lang/String;' @60  "sun.java2d.d3d"{0x000000070fc44e88} (e1f889d1)
 - private final 'componentType' 'Ljava/lang/Class;' @64  NULL (0)
 - private volatile transient 'reflectionData' 'Ljava/lang/ref/SoftReference;' @68  NULL (0)
 - private volatile transient 'genericInfo' 'Lsun/reflect/generics/repository/ClassRepository;' @72  NULL (0)
 - private volatile transient 'enumConstants' '[Ljava/lang/Object;' @76  NULL (0)
 - private volatile transient 'enumConstantDirectory' 'Ljava/util/Map;' @80  NULL (0)
 - private volatile transient 'annotationData' 'Ljava/lang/Class$AnnotationData;' @84  NULL (0)
 - private volatile transient 'annotationType' 'Lsun/reflect/annotation/AnnotationType;' @88  NULL (0)
 - transient 'classValueMap' 'Ljava/lang/ClassValue$ClassValueMap;' @92  NULL (0)
 - signature: Lsun/java2d/d3d/D3DGraphicsDevice;
 - fake entry for mirror: 'sun/java2d/d3d/D3DGraphicsDevice'
 - fake entry for array: NULL
 - fake entry for oop_size: 15
 - fake entry for static_oop_field_count: 0
 - private static 'd3dAvailable' 'Z' @112  true
R12=0x0 is NULL
R13={method} {0x000002a7a9b3fbc0} 'getDeviceCapsNative' '(I)I' in 'sun/java2d/d3d/D3DGraphicsDevice'
R14=0x000000e2c6ffe968 is pointing into the stack for thread: 0x000002a7aa13b700
R15=0x000002a7aa13b700 is a thread


Registers:
RAX=0x0000000000000000, RBX=0x000002a7aa623d50, RCX=0x0000000000000000, RDX=0x0000000000000000
RSP=0x000000e2c6ffe840, RBP=0x000000e2c6ffe948, RSI=0x000000e2c6ffee10, RDI=0x0000000000000000
R8 =0x0000000000000001, R9 =0x00000000000000dd, R10=0x000002a78d82d5f2, R11=0x000000070fd1c680
R12=0x0000000000000000, R13=0x000002a7a9b3fbb8, R14=0x000000e2c6ffe968, R15=0x000002a7aa13b700
RIP=0x00007ff86d23a8a9, EFLAGS=0x0000000000010246

Top of Stack: (sp=0x000000e2c6ffe840)
0x000000e2c6ffe840:   00007ff86d29a838 000002a7aa112150
0x000000e2c6ffe850:   0000000000000000 0000000000000000
0x000000e2c6ffe860:   0000000000000000 00007ff86d17f930
0x000000e2c6ffe870:   000002a7aa112150 000002a7aa623d50
0x000000e2c6ffe880:   00000000fffffff4 0000000000000000
0x000000e2c6ffe890:   000002a7aa112150 00007ff86d17cd28
0x000000e2c6ffe8a0:   00200065006f0067 0000000000490055
0x000000e2c6ffe8b0:   00007ff86d25f638 00000000000000dd
0x000000e2c6ffe8c0:   000002a7aa13b700 000002a78d82d621
0x000000e2c6ffe8d0:   000002a7a9b3fbb8 00007ff81abcc9b2
0x000000e2c6ffe8e0:   0000d1f9b16a452e 00007ff81b0b5b1d
0x000000e2c6ffe8f0:   000002a7aa5a8232 00007ff800000000
0x000000e2c6ffe900:   000000e2c6ffe900 0000000000000000
0x000000e2c6ffe910:   000000e2c6ffe968 000002a7a9b165c8
0x000000e2c6ffe920:   0000000000000000 000000070fd1c680
0x000000e2c6ffe930:   000002a7a9b3fbb8 0000000000000000 

Instructions: (pc=0x00007ff86d23a8a9)
0x00007ff86d23a7a9:   cc cc cc cc cc cc cc 48 89 5c 24 08 48 89 6c 24
0x00007ff86d23a7b9:   10 48 89 74 24 18 57 48 83 ec 20 41 8b f8 0f b6
0x00007ff86d23a7c9:   f2 48 8b e9 e8 de dd f4 ff 48 8b d8 48 89 44 24
0x00007ff86d23a7d9:   48 41 b8 01 00 00 00 8b d7 48 8b c8 e8 46 dd f4
0x00007ff86d23a7e9:   ff 48 8b c8 44 0f b6 c6 48 8b d5 e8 97 fa ff ff
0x00007ff86d23a7f9:   48 8b f8 48 8b cb e8 ac de f4 ff 90 48 8b c7 48
0x00007ff86d23a809:   8b 5c 24 30 48 8b 6c 24 38 48 8b 74 24 40 48 83
0x00007ff86d23a819:   c4 20 5f c3 cc cc cc 48 8b 49 28 e9 47 07 00 00
0x00007ff86d23a829:   cc cc cc cc cc cc cc 48 89 5c 24 08 57 48 83 ec
0x00007ff86d23a839:   20 8b f9 e8 6f dd f4 ff 48 8b d8 48 89 44 24 38
0x00007ff86d23a849:   41 b8 01 00 00 00 8b d7 48 8b c8 e8 d7 dc f4 ff
0x00007ff86d23a859:   48 8b 08 8b 39 48 8b cb e8 4a de f4 ff 90 8b c7
0x00007ff86d23a869:   48 8b 5c 24 30 48 83 c4 20 5f c3 cc cc cc cc cc
0x00007ff86d23a879:   cc cc cc cc cc cc cc 48 89 5c 24 08 57 48 83 ec
0x00007ff86d23a889:   20 8b f9 e8 1f dd f4 ff 48 8b d8 48 89 44 24 38
0x00007ff86d23a899:   41 b8 01 00 00 00 8b d7 48 8b c8 e8 87 dc f4 ff
0x00007ff86d23a8a9:   48 8b 78 28 48 8b cb e8 fb dd f4 ff 90 48 8b c7
0x00007ff86d23a8b9:   48 8b 5c 24 30 48 83 c4 20 5f c3 cc cc cc cc cc
0x00007ff86d23a8c9:   cc cc cc cc cc cc cc 48 89 5c 24 08 57 48 83 ec
0x00007ff86d23a8d9:   20 8b f9 e8 cf dc f4 ff 48 8b d8 48 89 44 24 38
0x00007ff86d23a8e9:   41 b8 01 00 00 00 8b d7 48 8b c8 e8 37 dc f4 ff
0x00007ff86d23a8f9:   48 8b 78 30 48 8b cb e8 ab dd f4 ff 90 48 8b c7
0x00007ff86d23a909:   48 8b 5c 24 30 48 83 c4 20 5f c3 cc cc cc cc cc
0x00007ff86d23a919:   cc cc cc cc cc cc cc 48 89 5c 24 08 57 48 83 ec
0x00007ff86d23a929:   20 8b f9 e8 7f dc f4 ff 48 8b d8 48 89 44 24 38
0x00007ff86d23a939:   41 b8 01 00 00 00 8b d7 48 8b c8 e8 e7 db f4 ff
0x00007ff86d23a949:   48 8b 78 08 48 85 ff 74 07 48 8b bf 08 0c 00 00
0x00007ff86d23a959:   48 8b cb e8 4f dd f4 ff 90 48 8b c7 48 8b 5c 24
0x00007ff86d23a969:   30 48 83 c4 20 5f c3 f3 0f 10 41 48 c3 cc cc cc
0x00007ff86d23a979:   cc cc cc cc cc cc cc f3 0f 10 41 4c c3 cc cc cc
0x00007ff86d23a989:   cc cc cc cc cc cc cc 48 89 5c 24 10 48 89 6c 24
0x00007ff86d23a999:   18 48 89 74 24 20 57 48 81 ec 20 01 00 00 48 8b 


Stack slot to memory mapping:
stack at sp + 0 slots: 0x00007ff86d29a838 awt.dll
stack at sp + 1 slots: 0x000002a7aa112150 points into unknown readable memory: 0x0055005400000001 | 01 00 00 00 54 00 55 00
stack at sp + 2 slots: 0x0 is NULL
stack at sp + 3 slots: 0x0 is NULL
stack at sp + 4 slots: 0x0 is NULL
stack at sp + 5 slots: 0x00007ff86d17f930 awt.dll
stack at sp + 6 slots: 0x000002a7aa112150 points into unknown readable memory: 0x0055005400000001 | 01 00 00 00 54 00 55 00
stack at sp + 7 slots: 0x000002a7aa623d50 points into unknown readable memory: 0x000002a7aa74a450 | 50 a4 74 aa a7 02 00 00


---------------  P R O C E S S  ---------------

Threads class SMR info:
_java_thread_list=0x000002a7b3317c40, length=17, elements={
0x000002a7a9c37040, 0x000002a7a9c37f00, 0x000002a7a9c7d690, 0x000002a7a9c80150,
0x000002a7a9c80f10, 0x000002a7a9c84dc0, 0x000002a7a9c8dcc0, 0x000002a7a9c8ed70,
0x000002a7a9ca2550, 0x000002a7a9d3d430, 0x000002a7a9f0c320, 0x000002a7aa130b00,
0x000002a7aa138360, 0x000002a7aa13b700, 0x000002a7aa5ac050, 0x000002a7889928e0,
0x000002a7a9e64ad0
}

Java Threads: ( => current thread )
  0x000002a7a9c37040 JavaThread "Reference Handler" daemon [_thread_blocked, id=12272, stack(0x000000e2c6100000,0x000000e2c6200000)]
  0x000002a7a9c37f00 JavaThread "Finalizer" daemon [_thread_blocked, id=5308, stack(0x000000e2c6200000,0x000000e2c6300000)]
  0x000002a7a9c7d690 JavaThread "Signal Dispatcher" daemon [_thread_blocked, id=33572, stack(0x000000e2c6300000,0x000000e2c6400000)]
  0x000002a7a9c80150 JavaThread "Attach Listener" daemon [_thread_blocked, id=20208, stack(0x000000e2c6400000,0x000000e2c6500000)]
  0x000002a7a9c80f10 JavaThread "Service Thread" daemon [_thread_blocked, id=30856, stack(0x000000e2c6500000,0x000000e2c6600000)]
  0x000002a7a9c84dc0 JavaThread "Monitor Deflation Thread" daemon [_thread_blocked, id=28844, stack(0x000000e2c6600000,0x000000e2c6700000)]
  0x000002a7a9c8dcc0 JavaThread "C2 CompilerThread0" daemon [_thread_blocked, id=14560, stack(0x000000e2c6700000,0x000000e2c6800000)]
  0x000002a7a9c8ed70 JavaThread "C1 CompilerThread0" daemon [_thread_blocked, id=296, stack(0x000000e2c6800000,0x000000e2c6900000)]
  0x000002a7a9ca2550 JavaThread "Sweeper thread" daemon [_thread_blocked, id=6004, stack(0x000000e2c6900000,0x000000e2c6a00000)]
  0x000002a7a9d3d430 JavaThread "Common-Cleaner" daemon [_thread_blocked, id=28940, stack(0x000000e2c6a00000,0x000000e2c6b00000)]
  0x000002a7a9f0c320 JavaThread "Notification Thread" daemon [_thread_blocked, id=4872, stack(0x000000e2c6b00000,0x000000e2c6c00000)]
  0x000002a7aa130b00 JavaThread "Java2D Disposer" daemon [_thread_blocked, id=11520, stack(0x000000e2c6d00000,0x000000e2c6e00000)]
  0x000002a7aa138360 JavaThread "AWT-Shutdown" [_thread_blocked, id=15496, stack(0x000000e2c6e00000,0x000000e2c6f00000)]
=>0x000002a7aa13b700 JavaThread "AWT-Windows" daemon [_thread_in_native, id=24972, stack(0x000000e2c6f00000,0x000000e2c7000000)]
  0x000002a7aa5ac050 JavaThread "AWT-EventQueue-0" [_thread_in_native, id=11592, stack(0x000000e2c7200000,0x000000e2c7300000)]
  0x000002a7889928e0 JavaThread "DestroyJavaVM" [_thread_blocked, id=15424, stack(0x000000e2c5a00000,0x000000e2c5b00000)]
  0x000002a7a9e64ad0 JavaThread "D3D Screen Updater" daemon [_thread_blocked, id=30620, stack(0x000000e2c7300000,0x000000e2c7400000)]

Other Threads:
  0x000002a7a90d41a0 VMThread "VM Thread" [stack: 0x000000e2c6000000,0x000000e2c6100000] [id=31936]
  0x000002a788a1b190 WatcherThread [stack: 0x000000e2c6c00000,0x000000e2c6d00000] [id=1396]
  0x000002a7889fe270 GCTaskThread "GC Thread#0" [stack: 0x000000e2c5b00000,0x000000e2c5c00000] [id=19024]
  0x000002a7aa7f9890 GCTaskThread "GC Thread#1" [stack: 0x000000e2c7500000,0x000000e2c7600000] [id=1792]
  0x000002a7b316a240 GCTaskThread "GC Thread#2" [stack: 0x000000e2c7600000,0x000000e2c7700000] [id=16048]
  0x000002a7b316a4f0 GCTaskThread "GC Thread#3" [stack: 0x000000e2c7700000,0x000000e2c7800000] [id=22464]
  0x000002a7aa7498a0 GCTaskThread "GC Thread#4" [stack: 0x000000e2c7800000,0x000000e2c7900000] [id=27440]
  0x000002a7aa749b50 GCTaskThread "GC Thread#5" [stack: 0x000000e2c7900000,0x000000e2c7a00000] [id=31780]
  0x000002a788a0f820 ConcurrentGCThread "G1 Main Marker" [stack: 0x000000e2c5c00000,0x000000e2c5d00000] [id=32608]
  0x000002a788a10230 ConcurrentGCThread "G1 Conc#0" [stack: 0x000000e2c5d00000,0x000000e2c5e00000] [id=3172]
  0x000002a788a5cfa0 ConcurrentGCThread "G1 Refine#0" [stack: 0x000000e2c5e00000,0x000000e2c5f00000] [id=2156]
  0x000002a788a5d9c0 ConcurrentGCThread "G1 Service" [stack: 0x000000e2c5f00000,0x000000e2c6000000] [id=30076]

Threads with active compile tasks:

VM state: not at safepoint (normal execution)

VM Mutex/Monitor currently owned by a thread: None

Heap address: 0x0000000701200000, size: 4078 MB, Compressed Oops mode: Zero based, Oop shift amount: 3

CDS archive(s) not mapped
Compressed class space mapped at: 0x0000000800000000-0x0000000840000000, reserved size: 1073741824
Narrow klass base: 0x0000000800000000, Narrow klass shift: 0, Narrow klass range: 0x40000000

GC Precious Log:
 CPUs: 6 total, 6 available
 Memory: 16304M
 Large Page Support: Disabled
 NUMA Support: Disabled
 Compressed Oops: Enabled (Zero based)
 Heap Region Size: 2M
 Heap Min Capacity: 8M
 Heap Initial Capacity: 256M
 Heap Max Capacity: 4078M
 Pre-touch: Disabled
 Parallel Workers: 6
 Concurrent Workers: 2
 Concurrent Refinement Workers: 6
 Periodic GC: Disabled

Heap:
 garbage-first heap   total 262144K, used 77432K [0x0000000701200000, 0x0000000800000000)
  region size 2048K, 15 young (30720K), 1 survivors (2048K)
 Metaspace       used 13220K, committed 13440K, reserved 1064960K
  class space    used 1329K, committed 1472K, reserved 1048576K

Heap Regions: E=young(eden), S=young(survivor), O=old, HS=humongous(starts), HC=humongous(continues), CS=collection set, F=free, OA=open archive, CA=closed archive, TAMS=top-at-mark-start (previous, next)
|   0|0x0000000701200000, 0x0000000701400000, 0x0000000701400000|100%|HS|  |TAMS 0x0000000701200000, 0x0000000701200000| Complete 
|   1|0x0000000701400000, 0x0000000701600000, 0x0000000701600000|100%|HC|  |TAMS 0x0000000701400000, 0x0000000701400000| Complete 
|   2|0x0000000701600000, 0x0000000701800000, 0x0000000701800000|100%|HC|  |TAMS 0x0000000701600000, 0x0000000701600000| Complete 
|   3|0x0000000701800000, 0x0000000701a00000, 0x0000000701a00000|100%|HC|  |TAMS 0x0000000701800000, 0x0000000701800000| Complete 
|   4|0x0000000701a00000, 0x0000000701c00000, 0x0000000701c00000|100%|HS|  |TAMS 0x0000000701a00000, 0x0000000701a00000| Complete 
|   5|0x0000000701c00000, 0x0000000701e00000, 0x0000000701e00000|100%|HC|  |TAMS 0x0000000701c00000, 0x0000000701c00000| Complete 
|   6|0x0000000701e00000, 0x0000000702000000, 0x0000000702000000|100%|HC|  |TAMS 0x0000000701e00000, 0x0000000701e00000| Complete 
|   7|0x0000000702000000, 0x0000000702200000, 0x0000000702200000|100%|HC|  |TAMS 0x0000000702000000, 0x0000000702000000| Complete 
|   8|0x0000000702200000, 0x0000000702400000, 0x0000000702400000|100%|HC|  |TAMS 0x0000000702200000, 0x0000000702200000| Complete 
|   9|0x0000000702400000, 0x0000000702600000, 0x0000000702600000|100%|HC|  |TAMS 0x0000000702400000, 0x0000000702400000| Complete 
|  10|0x0000000702600000, 0x0000000702800000, 0x0000000702800000|100%|HC|  |TAMS 0x0000000702600000, 0x0000000702600000| Complete 
|  11|0x0000000702800000, 0x0000000702a00000, 0x0000000702a00000|100%|HC|  |TAMS 0x0000000702800000, 0x0000000702800000| Complete 
|  12|0x0000000702a00000, 0x0000000702c00000, 0x0000000702c00000|100%|HS|  |TAMS 0x0000000702a00000, 0x0000000702a00000| Complete 
|  13|0x0000000702c00000, 0x0000000702e00000, 0x0000000702e00000|100%|HC|  |TAMS 0x0000000702c00000, 0x0000000702c00000| Complete 
|  14|0x0000000702e00000, 0x0000000703000000, 0x0000000703000000|100%|HC|  |TAMS 0x0000000702e00000, 0x0000000702e00000| Complete 
|  15|0x0000000703000000, 0x0000000703200000, 0x0000000703200000|100%|HC|  |TAMS 0x0000000703000000, 0x0000000703000000| Complete 
|  16|0x0000000703200000, 0x0000000703400000, 0x0000000703400000|100%|HS|  |TAMS 0x0000000703200000, 0x0000000703200000| Complete 
|  17|0x0000000703400000, 0x0000000703600000, 0x0000000703600000|100%|HC|  |TAMS 0x0000000703400000, 0x0000000703400000| Complete 
|  18|0x0000000703600000, 0x0000000703800000, 0x0000000703800000|100%|HC|  |TAMS 0x0000000703600000, 0x0000000703600000| Complete 
|  19|0x0000000703800000, 0x0000000703a00000, 0x0000000703a00000|100%|HC|  |TAMS 0x0000000703800000, 0x0000000703800000| Complete 
|  20|0x0000000703a00000, 0x0000000703c00000, 0x0000000703c00000|100%|HC|  |TAMS 0x0000000703a00000, 0x0000000703a00000| Complete 
|  21|0x0000000703c00000, 0x0000000703e00000, 0x0000000703e00000|100%|HC|  |TAMS 0x0000000703c00000, 0x0000000703c00000| Complete 
|  22|0x0000000703e00000, 0x0000000704000000, 0x0000000704000000|100%|HC|  |TAMS 0x0000000703e00000, 0x0000000703e00000| Complete 
|  23|0x0000000704000000, 0x0000000704200000, 0x0000000704200000|100%|HC|  |TAMS 0x0000000704000000, 0x0000000704000000| Complete 
|  24|0x0000000704200000, 0x0000000704200000, 0x0000000704400000|  0%| F|  |TAMS 0x0000000704200000, 0x0000000704200000| Untracked 
|  25|0x0000000704400000, 0x0000000704400000, 0x0000000704600000|  0%| F|  |TAMS 0x0000000704400000, 0x0000000704400000| Untracked 
|  26|0x0000000704600000, 0x0000000704600000, 0x0000000704800000|  0%| F|  |TAMS 0x0000000704600000, 0x0000000704600000| Untracked 
|  27|0x0000000704800000, 0x0000000704800000, 0x0000000704a00000|  0%| F|  |TAMS 0x0000000704800000, 0x0000000704800000| Untracked 
|  28|0x0000000704a00000, 0x0000000704a00000, 0x0000000704c00000|  0%| F|  |TAMS 0x0000000704a00000, 0x0000000704a00000| Untracked 
|  29|0x0000000704c00000, 0x0000000704c00000, 0x0000000704e00000|  0%| F|  |TAMS 0x0000000704c00000, 0x0000000704c00000| Untracked 
|  30|0x0000000704e00000, 0x0000000704e00000, 0x0000000705000000|  0%| F|  |TAMS 0x0000000704e00000, 0x0000000704e00000| Untracked 
|  31|0x0000000705000000, 0x0000000705000000, 0x0000000705200000|  0%| F|  |TAMS 0x0000000705000000, 0x0000000705000000| Untracked 
|  32|0x0000000705200000, 0x0000000705200000, 0x0000000705400000|  0%| F|  |TAMS 0x0000000705200000, 0x0000000705200000| Untracked 
|  33|0x0000000705400000, 0x0000000705400000, 0x0000000705600000|  0%| F|  |TAMS 0x0000000705400000, 0x0000000705400000| Untracked 
|  34|0x0000000705600000, 0x0000000705600000, 0x0000000705800000|  0%| F|  |TAMS 0x0000000705600000, 0x0000000705600000| Untracked 
|  35|0x0000000705800000, 0x0000000705800000, 0x0000000705a00000|  0%| F|  |TAMS 0x0000000705800000, 0x0000000705800000| Untracked 
|  36|0x0000000705a00000, 0x0000000705a00000, 0x0000000705c00000|  0%| F|  |TAMS 0x0000000705a00000, 0x0000000705a00000| Untracked 
|  37|0x0000000705c00000, 0x0000000705c00000, 0x0000000705e00000|  0%| F|  |TAMS 0x0000000705c00000, 0x0000000705c00000| Untracked 
|  38|0x0000000705e00000, 0x0000000705e00000, 0x0000000706000000|  0%| F|  |TAMS 0x0000000705e00000, 0x0000000705e00000| Untracked 
|  39|0x0000000706000000, 0x0000000706000000, 0x0000000706200000|  0%| F|  |TAMS 0x0000000706000000, 0x0000000706000000| Untracked 
|  40|0x0000000706200000, 0x0000000706200000, 0x0000000706400000|  0%| F|  |TAMS 0x0000000706200000, 0x0000000706200000| Untracked 
|  41|0x0000000706400000, 0x0000000706400000, 0x0000000706600000|  0%| F|  |TAMS 0x0000000706400000, 0x0000000706400000| Untracked 
|  42|0x0000000706600000, 0x0000000706600000, 0x0000000706800000|  0%| F|  |TAMS 0x0000000706600000, 0x0000000706600000| Untracked 
|  43|0x0000000706800000, 0x0000000706800000, 0x0000000706a00000|  0%| F|  |TAMS 0x0000000706800000, 0x0000000706800000| Untracked 
|  44|0x0000000706a00000, 0x0000000706a00000, 0x0000000706c00000|  0%| F|  |TAMS 0x0000000706a00000, 0x0000000706a00000| Untracked 
|  45|0x0000000706c00000, 0x0000000706c00000, 0x0000000706e00000|  0%| F|  |TAMS 0x0000000706c00000, 0x0000000706c00000| Untracked 
|  46|0x0000000706e00000, 0x0000000706e00000, 0x0000000707000000|  0%| F|  |TAMS 0x0000000706e00000, 0x0000000706e00000| Untracked 
|  47|0x0000000707000000, 0x0000000707000000, 0x0000000707200000|  0%| F|  |TAMS 0x0000000707000000, 0x0000000707000000| Untracked 
|  48|0x0000000707200000, 0x0000000707200000, 0x0000000707400000|  0%| F|  |TAMS 0x0000000707200000, 0x0000000707200000| Untracked 
|  49|0x0000000707400000, 0x0000000707400000, 0x0000000707600000|  0%| F|  |TAMS 0x0000000707400000, 0x0000000707400000| Untracked 
|  50|0x0000000707600000, 0x0000000707600000, 0x0000000707800000|  0%| F|  |TAMS 0x0000000707600000, 0x0000000707600000| Untracked 
|  51|0x0000000707800000, 0x0000000707800000, 0x0000000707a00000|  0%| F|  |TAMS 0x0000000707800000, 0x0000000707800000| Untracked 
|  52|0x0000000707a00000, 0x0000000707a00000, 0x0000000707c00000|  0%| F|  |TAMS 0x0000000707a00000, 0x0000000707a00000| Untracked 
|  53|0x0000000707c00000, 0x0000000707c00000, 0x0000000707e00000|  0%| F|  |TAMS 0x0000000707c00000, 0x0000000707c00000| Untracked 
|  54|0x0000000707e00000, 0x0000000707e00000, 0x0000000708000000|  0%| F|  |TAMS 0x0000000707e00000, 0x0000000707e00000| Untracked 
|  55|0x0000000708000000, 0x0000000708000000, 0x0000000708200000|  0%| F|  |TAMS 0x0000000708000000, 0x0000000708000000| Untracked 
|  56|0x0000000708200000, 0x0000000708200000, 0x0000000708400000|  0%| F|  |TAMS 0x0000000708200000, 0x0000000708200000| Untracked 
|  57|0x0000000708400000, 0x0000000708400000, 0x0000000708600000|  0%| F|  |TAMS 0x0000000708400000, 0x0000000708400000| Untracked 
|  58|0x0000000708600000, 0x0000000708600000, 0x0000000708800000|  0%| F|  |TAMS 0x0000000708600000, 0x0000000708600000| Untracked 
|  59|0x0000000708800000, 0x0000000708800000, 0x0000000708a00000|  0%| F|  |TAMS 0x0000000708800000, 0x0000000708800000| Untracked 
|  60|0x0000000708a00000, 0x0000000708a00000, 0x0000000708c00000|  0%| F|  |TAMS 0x0000000708a00000, 0x0000000708a00000| Untracked 
|  61|0x0000000708c00000, 0x0000000708c00000, 0x0000000708e00000|  0%| F|  |TAMS 0x0000000708c00000, 0x0000000708c00000| Untracked 
|  62|0x0000000708e00000, 0x0000000708e00000, 0x0000000709000000|  0%| F|  |TAMS 0x0000000708e00000, 0x0000000708e00000| Untracked 
|  63|0x0000000709000000, 0x0000000709000000, 0x0000000709200000|  0%| F|  |TAMS 0x0000000709000000, 0x0000000709000000| Untracked 
|  64|0x0000000709200000, 0x0000000709200000, 0x0000000709400000|  0%| F|  |TAMS 0x0000000709200000, 0x0000000709200000| Untracked 
|  65|0x0000000709400000, 0x0000000709400000, 0x0000000709600000|  0%| F|  |TAMS 0x0000000709400000, 0x0000000709400000| Untracked 
|  66|0x0000000709600000, 0x0000000709600000, 0x0000000709800000|  0%| F|  |TAMS 0x0000000709600000, 0x0000000709600000| Untracked 
|  67|0x0000000709800000, 0x0000000709800000, 0x0000000709a00000|  0%| F|  |TAMS 0x0000000709800000, 0x0000000709800000| Untracked 
|  68|0x0000000709a00000, 0x0000000709a00000, 0x0000000709c00000|  0%| F|  |TAMS 0x0000000709a00000, 0x0000000709a00000| Untracked 
|  69|0x0000000709c00000, 0x0000000709c00000, 0x0000000709e00000|  0%| F|  |TAMS 0x0000000709c00000, 0x0000000709c00000| Untracked 
|  70|0x0000000709e00000, 0x0000000709e00000, 0x000000070a000000|  0%| F|  |TAMS 0x0000000709e00000, 0x0000000709e00000| Untracked 
|  71|0x000000070a000000, 0x000000070a000000, 0x000000070a200000|  0%| F|  |TAMS 0x000000070a000000, 0x000000070a000000| Untracked 
|  72|0x000000070a200000, 0x000000070a200000, 0x000000070a400000|  0%| F|  |TAMS 0x000000070a200000, 0x000000070a200000| Untracked 
|  73|0x000000070a400000, 0x000000070a400000, 0x000000070a600000|  0%| F|  |TAMS 0x000000070a400000, 0x000000070a400000| Untracked 
|  74|0x000000070a600000, 0x000000070a600000, 0x000000070a800000|  0%| F|  |TAMS 0x000000070a600000, 0x000000070a600000| Untracked 
|  75|0x000000070a800000, 0x000000070a800000, 0x000000070aa00000|  0%| F|  |TAMS 0x000000070a800000, 0x000000070a800000| Untracked 
|  76|0x000000070aa00000, 0x000000070aa00000, 0x000000070ac00000|  0%| F|  |TAMS 0x000000070aa00000, 0x000000070aa00000| Untracked 
|  77|0x000000070ac00000, 0x000000070ac00000, 0x000000070ae00000|  0%| F|  |TAMS 0x000000070ac00000, 0x000000070ac00000| Untracked 
|  78|0x000000070ae00000, 0x000000070ae00000, 0x000000070b000000|  0%| F|  |TAMS 0x000000070ae00000, 0x000000070ae00000| Untracked 
|  79|0x000000070b000000, 0x000000070b000000, 0x000000070b200000|  0%| F|  |TAMS 0x000000070b000000, 0x000000070b000000| Untracked 
|  80|0x000000070b200000, 0x000000070b200000, 0x000000070b400000|  0%| F|  |TAMS 0x000000070b200000, 0x000000070b200000| Untracked 
|  81|0x000000070b400000, 0x000000070b400000, 0x000000070b600000|  0%| F|  |TAMS 0x000000070b400000, 0x000000070b400000| Untracked 
|  82|0x000000070b600000, 0x000000070b600000, 0x000000070b800000|  0%| F|  |TAMS 0x000000070b600000, 0x000000070b600000| Untracked 
|  83|0x000000070b800000, 0x000000070b800000, 0x000000070ba00000|  0%| F|  |TAMS 0x000000070b800000, 0x000000070b800000| Untracked 
|  84|0x000000070ba00000, 0x000000070ba00000, 0x000000070bc00000|  0%| F|  |TAMS 0x000000070ba00000, 0x000000070ba00000| Untracked 
|  85|0x000000070bc00000, 0x000000070bc00000, 0x000000070be00000|  0%| F|  |TAMS 0x000000070bc00000, 0x000000070bc00000| Untracked 
|  86|0x000000070be00000, 0x000000070be00000, 0x000000070c000000|  0%| F|  |TAMS 0x000000070be00000, 0x000000070be00000| Untracked 
|  87|0x000000070c000000, 0x000000070c000000, 0x000000070c200000|  0%| F|  |TAMS 0x000000070c000000, 0x000000070c000000| Untracked 
|  88|0x000000070c200000, 0x000000070c200000, 0x000000070c400000|  0%| F|  |TAMS 0x000000070c200000, 0x000000070c200000| Untracked 
|  89|0x000000070c400000, 0x000000070c400000, 0x000000070c600000|  0%| F|  |TAMS 0x000000070c400000, 0x000000070c400000| Untracked 
|  90|0x000000070c600000, 0x000000070c600000, 0x000000070c800000|  0%| F|  |TAMS 0x000000070c600000, 0x000000070c600000| Untracked 
|  91|0x000000070c800000, 0x000000070c800000, 0x000000070ca00000|  0%| F|  |TAMS 0x000000070c800000, 0x000000070c800000| Untracked 
|  92|0x000000070ca00000, 0x000000070ca00000, 0x000000070cc00000|  0%| F|  |TAMS 0x000000070ca00000, 0x000000070ca00000| Untracked 
|  93|0x000000070cc00000, 0x000000070cc00000, 0x000000070ce00000|  0%| F|  |TAMS 0x000000070cc00000, 0x000000070cc00000| Untracked 
|  94|0x000000070ce00000, 0x000000070ce00000, 0x000000070d000000|  0%| F|  |TAMS 0x000000070ce00000, 0x000000070ce00000| Untracked 
|  95|0x000000070d000000, 0x000000070d000000, 0x000000070d200000|  0%| F|  |TAMS 0x000000070d000000, 0x000000070d000000| Untracked 
|  96|0x000000070d200000, 0x000000070d200000, 0x000000070d400000|  0%| F|  |TAMS 0x000000070d200000, 0x000000070d200000| Untracked 
|  97|0x000000070d400000, 0x000000070d400000, 0x000000070d600000|  0%| F|  |TAMS 0x000000070d400000, 0x000000070d400000| Untracked 
|  98|0x000000070d600000, 0x000000070d600000, 0x000000070d800000|  0%| F|  |TAMS 0x000000070d600000, 0x000000070d600000| Untracked 
|  99|0x000000070d800000, 0x000000070d800000, 0x000000070da00000|  0%| F|  |TAMS 0x000000070d800000, 0x000000070d800000| Untracked 
| 100|0x000000070da00000, 0x000000070da00000, 0x000000070dc00000|  0%| F|  |TAMS 0x000000070da00000, 0x000000070da00000| Untracked 
| 101|0x000000070dc00000, 0x000000070dc00000, 0x000000070de00000|  0%| F|  |TAMS 0x000000070dc00000, 0x000000070dc00000| Untracked 
| 102|0x000000070de00000, 0x000000070de00000, 0x000000070e000000|  0%| F|  |TAMS 0x000000070de00000, 0x000000070de00000| Untracked 
| 103|0x000000070e000000, 0x000000070e000000, 0x000000070e200000|  0%| F|  |TAMS 0x000000070e000000, 0x000000070e000000| Untracked 
| 104|0x000000070e200000, 0x000000070e200000, 0x000000070e400000|  0%| F|  |TAMS 0x000000070e200000, 0x000000070e200000| Untracked 
| 105|0x000000070e400000, 0x000000070e400000, 0x000000070e600000|  0%| F|  |TAMS 0x000000070e400000, 0x000000070e400000| Untracked 
| 106|0x000000070e600000, 0x000000070e600000, 0x000000070e800000|  0%| F|  |TAMS 0x000000070e600000, 0x000000070e600000| Untracked 
| 107|0x000000070e800000, 0x000000070e800000, 0x000000070ea00000|  0%| F|  |TAMS 0x000000070e800000, 0x000000070e800000| Untracked 
| 108|0x000000070ea00000, 0x000000070ea00000, 0x000000070ec00000|  0%| F|  |TAMS 0x000000070ea00000, 0x000000070ea00000| Untracked 
| 109|0x000000070ec00000, 0x000000070ec00000, 0x000000070ee00000|  0%| F|  |TAMS 0x000000070ec00000, 0x000000070ec00000| Untracked 
| 110|0x000000070ee00000, 0x000000070ee00000, 0x000000070f000000|  0%| F|  |TAMS 0x000000070ee00000, 0x000000070ee00000| Untracked 
| 111|0x000000070f000000, 0x000000070f000000, 0x000000070f200000|  0%| F|  |TAMS 0x000000070f000000, 0x000000070f000000| Untracked 
| 112|0x000000070f200000, 0x000000070f200000, 0x000000070f400000|  0%| F|  |TAMS 0x000000070f200000, 0x000000070f200000| Untracked 
| 113|0x000000070f400000, 0x000000070f4578b0, 0x000000070f600000| 17%| E|  |TAMS 0x000000070f400000, 0x000000070f400000| Complete 
| 114|0x000000070f600000, 0x000000070f800000, 0x000000070f800000|100%| E|CS|TAMS 0x000000070f600000, 0x000000070f600000| Complete 
| 115|0x000000070f800000, 0x000000070fa00000, 0x000000070fa00000|100%| E|CS|TAMS 0x000000070f800000, 0x000000070f800000| Complete 
| 116|0x000000070fa00000, 0x000000070fc00000, 0x000000070fc00000|100%| E|CS|TAMS 0x000000070fa00000, 0x000000070fa00000| Complete 
| 117|0x000000070fc00000, 0x000000070fd9e050, 0x000000070fe00000| 80%| S|CS|TAMS 0x000000070fc00000, 0x000000070fc00000| Complete 
| 118|0x000000070fe00000, 0x0000000710000000, 0x0000000710000000|100%| E|CS|TAMS 0x000000070fe00000, 0x000000070fe00000| Complete 
| 119|0x0000000710000000, 0x0000000710200000, 0x0000000710200000|100%| E|CS|TAMS 0x0000000710000000, 0x0000000710000000| Complete 
| 120|0x0000000710200000, 0x0000000710400000, 0x0000000710400000|100%| E|CS|TAMS 0x0000000710200000, 0x0000000710200000| Complete 
| 121|0x0000000710400000, 0x0000000710600000, 0x0000000710600000|100%| E|CS|TAMS 0x0000000710400000, 0x0000000710400000| Complete 
| 122|0x0000000710600000, 0x0000000710800000, 0x0000000710800000|100%| E|CS|TAMS 0x0000000710600000, 0x0000000710600000| Complete 
| 123|0x0000000710800000, 0x0000000710a00000, 0x0000000710a00000|100%| E|CS|TAMS 0x0000000710800000, 0x0000000710800000| Complete 
| 124|0x0000000710a00000, 0x0000000710c00000, 0x0000000710c00000|100%| E|CS|TAMS 0x0000000710a00000, 0x0000000710a00000| Complete 
| 125|0x0000000710c00000, 0x0000000710e00000, 0x0000000710e00000|100%| E|CS|TAMS 0x0000000710c00000, 0x0000000710c00000| Complete 
| 126|0x0000000710e00000, 0x0000000711000000, 0x0000000711000000|100%| E|CS|TAMS 0x0000000710e00000, 0x0000000710e00000| Complete 
| 127|0x0000000711000000, 0x0000000711200000, 0x0000000711200000|100%| E|CS|TAMS 0x0000000711000000, 0x0000000711000000| Complete 

Card table byte_map: [0x000002a79d890000,0x000002a79e090000] _byte_map_base: 0x000002a79a087000

Marking Bits (Prev, Next): (CMBitMap*) 0x000002a7889fe880, (CMBitMap*) 0x000002a7889fe8c0
 Prev Bits: [0x000002a79e890000, 0x000002a7a2848000)
 Next Bits: [0x000002a7a2850000, 0x000002a7a6808000)

Polling page: 0x000002a788a60000

Metaspace:

Usage:
  Non-class:     11.61 MB used.
      Class:      1.30 MB used.
       Both:     12.91 MB used.

Virtual space:
  Non-class space:       16.00 MB reserved,      11.69 MB ( 73%) committed,  2 nodes.
      Class space:        1.00 GB reserved,       1.44 MB ( <1%) committed,  1 nodes.
             Both:        1.02 GB reserved,      13.12 MB (  1%) committed. 

Chunk freelists:
   Non-Class:  207.00 KB
       Class:  2.61 MB
        Both:  2.81 MB

MaxMetaspaceSize: unlimited
CompressedClassSpaceSize: 1.00 GB
Initial GC threshold: 21.00 MB
Current GC threshold: 21.00 MB
CDS: off
MetaspaceReclaimPolicy: balanced
 - commit_granule_bytes: 65536.
 - commit_granule_words: 8192.
 - virtual_space_node_default_size: 1048576.
 - enlarge_chunks_in_place: 1.
 - new_chunks_are_fully_committed: 0.
 - uncommit_free_chunks: 1.
 - use_allocation_guard: 0.
 - handle_deallocations: 1.


Internal statistics:

num_allocs_failed_limit: 0.
num_arena_births: 108.
num_arena_deaths: 0.
num_vsnodes_births: 3.
num_vsnodes_deaths: 0.
num_space_committed: 210.
num_space_uncommitted: 0.
num_chunks_returned_to_freelist: 0.
num_chunks_taken_from_freelist: 179.
num_chunk_merges: 0.
num_chunk_splits: 92.
num_chunks_enlarged: 33.
num_purges: 0.
num_inconsistent_stats: 0.

CodeHeap 'non-profiled nmethods': size=120000Kb used=355Kb max_used=355Kb free=119644Kb
 bounds [0x000002a7952f0000, 0x000002a795560000, 0x000002a79c820000]
CodeHeap 'profiled nmethods': size=120000Kb used=1094Kb max_used=1094Kb free=118905Kb
 bounds [0x000002a78ddc0000, 0x000002a78e030000, 0x000002a7952f0000]
CodeHeap 'non-nmethods': size=5760Kb used=1256Kb max_used=1330Kb free=4503Kb
 bounds [0x000002a78d820000, 0x000002a78da90000, 0x000002a78ddc0000]
 total_blobs=1284 nmethods=706 adapters=491
 compilation: enabled
              stopped_count=0, restarted_count=0
 full_count=0

Compilation events (20 events):
Event: 595.376 Thread 0x000002a7a9c8dcc0  696       4       sun.java2d.d3d.D3DSurfaceData$D3DWindowSurfaceData::isDirty (18 bytes)
Event: 595.377 Thread 0x000002a7a9c8dcc0 nmethod 696 0x000002a795345410 code [0x000002a7953455a0, 0x000002a795345698]
Event: 3329.612 Thread 0x000002a7a9c8ed70  697 % !   3       sun.java2d.d3d.D3DScreenUpdateManager::run @ 0 (267 bytes)
Event: 3329.623 Thread 0x000002a7a9c8ed70 nmethod 697% 0x000002a78dec6f90 code [0x000002a78dec73e0, 0x000002a78dec9c08]
Event: 3386.133 Thread 0x000002a7a9c8ed70  698   !   3       sun.java2d.d3d.D3DScreenUpdateManager::run (267 bytes)
Event: 3386.135 Thread 0x000002a7a9c8ed70 nmethod 698 0x000002a78decac10 code [0x000002a78decb060, 0x000002a78decd808]
Event: 4321.482 Thread 0x000002a7a9c8ed70  699   !   3       java.lang.ref.ReferenceQueue::remove (125 bytes)
Event: 4321.484 Thread 0x000002a7a9c8ed70 nmethod 699 0x000002a78dece790 code [0x000002a78dece9a0, 0x000002a78decf138]
Event: 4621.519 Thread 0x000002a7a9c8ed70  700   !   3       jdk.internal.ref.PhantomCleanable::isListEmpty (34 bytes)
Event: 4621.519 Thread 0x000002a7a9c8ed70 nmethod 700 0x000002a78decf490 code [0x000002a78decf620, 0x000002a78decf878]
Event: 4621.519 Thread 0x000002a7a9c8ed70  701       3       jdk.internal.misc.InnocuousThread::eraseThreadLocals (23 bytes)
Event: 4621.520 Thread 0x000002a7a9c8ed70 nmethod 701 0x000002a78decf990 code [0x000002a78decfb20, 0x000002a78decfd18]
Event: 5586.261 Thread 0x000002a7a9c8dcc0  702 % !   4       sun.java2d.d3d.D3DScreenUpdateManager::run @ 0 (267 bytes)
Event: 5586.272 Thread 0x000002a7a9c8dcc0 nmethod 702% 0x000002a795345790 code [0x000002a795345980, 0x000002a795346918]
Event: 6094.784 Thread 0x000002a7a9c8dcc0  703 % !   4       sun.java2d.d3d.D3DScreenUpdateManager::run @ 105 (267 bytes)
Event: 6094.796 Thread 0x000002a7a9c8dcc0 nmethod 703% 0x000002a795347090 code [0x000002a795347280, 0x000002a795348498]
Event: 11215.866 Thread 0x000002a7a9c8ed70  704       3       sun.awt.AWTAutoShutdown::notifyToolkitThreadBusy (8 bytes)
Event: 11215.867 Thread 0x000002a7a9c8ed70 nmethod 704 0x000002a78decfd90 code [0x000002a78decff40, 0x000002a78ded00c8]
Event: 11226.321 Thread 0x000002a7a9c8ed70  705       3       sun.awt.AWTAutoShutdown::notifyToolkitThreadFree (8 bytes)
Event: 11226.321 Thread 0x000002a7a9c8ed70 nmethod 705 0x000002a78ded0190 code [0x000002a78ded0340, 0x000002a78ded04c8]

GC Heap History (2 events):
Event: 0.870 GC heap before
{Heap before GC invocations=0 (full 0):
 garbage-first heap   total 262144K, used 45056K [0x0000000701200000, 0x0000000800000000)
  region size 2048K, 10 young (20480K), 0 survivors (0K)
 Metaspace       used 12582K, committed 12736K, reserved 1064960K
  class space    used 1260K, committed 1344K, reserved 1048576K
}
Event: 0.872 GC heap after
{Heap after GC invocations=1 (full 0):
 garbage-first heap   total 262144K, used 26232K [0x0000000701200000, 0x0000000800000000)
  region size 2048K, 1 young (2048K), 1 survivors (2048K)
 Metaspace       used 12582K, committed 12736K, reserved 1064960K
  class space    used 1260K, committed 1344K, reserved 1048576K
}

Dll operation events (7 events):
Event: 0.006 Loaded shared library C:\Users\Bogdan\.p2\pool\plugins\org.eclipse.justj.openjdk.hotspot.jre.full.win32.x86_64_17.0.5.v20221102-0933\jre\bin\java.dll
Event: 0.111 Loaded shared library C:\Users\Bogdan\.p2\pool\plugins\org.eclipse.justj.openjdk.hotspot.jre.full.win32.x86_64_17.0.5.v20221102-0933\jre\bin\net.dll
Event: 0.112 Loaded shared library C:\Users\Bogdan\.p2\pool\plugins\org.eclipse.justj.openjdk.hotspot.jre.full.win32.x86_64_17.0.5.v20221102-0933\jre\bin\nio.dll
Event: 0.159 Loaded shared library C:\Users\Bogdan\.p2\pool\plugins\org.eclipse.justj.openjdk.hotspot.jre.full.win32.x86_64_17.0.5.v20221102-0933\jre\bin\jimage.dll
Event: 0.174 Loaded shared library C:\Users\Bogdan\.p2\pool\plugins\org.eclipse.justj.openjdk.hotspot.jre.full.win32.x86_64_17.0.5.v20221102-0933\jre\bin\awt.dll
Event: 0.470 Loaded shared library C:\Users\Bogdan\.p2\pool\plugins\org.eclipse.justj.openjdk.hotspot.jre.full.win32.x86_64_17.0.5.v20221102-0933\jre\bin\freetype.dll
Event: 0.471 Loaded shared library C:\Users\Bogdan\.p2\pool\plugins\org.eclipse.justj.openjdk.hotspot.jre.full.win32.x86_64_17.0.5.v20221102-0933\jre\bin\fontmanager.dll

Deoptimization events (20 events):
Event: 0.595 Thread 0x000002a7aa5ac050 DEOPT PACKING pc=0x000002a79531d750 sp=0x000000e2c72fda60
Event: 0.595 Thread 0x000002a7aa5ac050 DEOPT UNPACKING pc=0x000002a78d8723a3 sp=0x000000e2c72fd870 mode 2
Event: 0.995 Thread 0x000002a7aa5ac050 Uncommon trap: trap_request=0xffffff45 fr.pc=0x000002a79531a5fc relative=0x000000000000041c
Event: 0.995 Thread 0x000002a7aa5ac050 Uncommon trap: reason=unstable_if action=reinterpret pc=0x000002a79531a5fc method=newproject.main$1.paintComponent(Ljava/awt/Graphics;)V @ 258 c2
Event: 0.995 Thread 0x000002a7aa5ac050 DEOPT PACKING pc=0x000002a79531a5fc sp=0x000000e2c72fdad0
Event: 0.995 Thread 0x000002a7aa5ac050 DEOPT UNPACKING pc=0x000002a78d8723a3 sp=0x000000e2c72fd868 mode 2
Event: 460.897 Thread 0x000002a7a9e64ad0 Uncommon trap: trap_request=0xffffffcc fr.pc=0x000002a795343108 relative=0x0000000000000268
Event: 460.897 Thread 0x000002a7a9e64ad0 Uncommon trap: reason=intrinsic_or_type_checked_inlining action=make_not_entrant pc=0x000002a795343108 method=java.util.Arrays.copyOf([Ljava/lang/Object;ILjava/lang/Class;)[Ljava/lang/Object; @ 35 c2
Event: 460.897 Thread 0x000002a7a9e64ad0 DEOPT PACKING pc=0x000002a795343108 sp=0x000000e2c73ff440
Event: 460.897 Thread 0x000002a7a9e64ad0 DEOPT UNPACKING pc=0x000002a78d8723a3 sp=0x000000e2c73ff3d0 mode 2
Event: 563.509 Thread 0x000002a7a9e64ad0 Uncommon trap: trap_request=0xffffffdc fr.pc=0x000002a7953441d8 relative=0x00000000000001b8
Event: 563.509 Thread 0x000002a7a9e64ad0 Uncommon trap: reason=class_check action=make_not_entrant pc=0x000002a7953441d8 method=java.util.ArrayList.toArray([Ljava/lang/Object;)[Ljava/lang/Object; @ 21 c2
Event: 563.509 Thread 0x000002a7a9e64ad0 DEOPT PACKING pc=0x000002a7953441d8 sp=0x000000e2c73ff4a0
Event: 563.510 Thread 0x000002a7a9e64ad0 DEOPT UNPACKING pc=0x000002a78d8723a3 sp=0x000000e2c73ff460 mode 2
Event: 6038.538 Thread 0x000002a7a9e64ad0 DEOPT PACKING pc=0x000002a78dec997f sp=0x000000e2c73ff460
Event: 6038.538 Thread 0x000002a7a9e64ad0 DEOPT UNPACKING pc=0x000002a78d872b43 sp=0x000000e2c73fe9f0 mode 0
Event: 30449.976 Thread 0x000002a7a9e64ad0 Uncommon trap: trap_request=0xffffff45 fr.pc=0x000002a795347fd0 relative=0x0000000000000d50
Event: 30450.537 Thread 0x000002a7a9e64ad0 Uncommon trap: reason=unstable_if action=reinterpret pc=0x000002a795347fd0 method=sun.java2d.StateTrackableDelegate$1.isCurrent()Z @ 8 c2
Event: 30450.537 Thread 0x000002a7a9e64ad0 DEOPT PACKING pc=0x000002a795347fd0 sp=0x000000e2c73ff550
Event: 30451.093 Thread 0x000002a7a9e64ad0 DEOPT UNPACKING pc=0x000002a78d8723a3 sp=0x000000e2c73ff430 mode 2

Classes unloaded (0 events):
No events

Classes redefined (0 events):
No events

Internal exceptions (14 events):
Event: 0.123 Thread 0x000002a7889928e0 Exception <a 'java/lang/NoSuchMethodError'{0x0000000711112bc8}: 'void java.lang.invoke.DirectMethodHandle$Holder.invokeVirtual(java.lang.Object, java.lang.Object)'> (0x0000000711112bc8) 
thrown [s\src\hotspot\share\interpreter\linkResolver.cpp, line 759]
Event: 0.162 Thread 0x000002a7889928e0 Exception <a 'sun/nio/fs/WindowsException'{0x0000000710e2c188}> (0x0000000710e2c188) 
thrown [s\src\hotspot\share\prims\jni.cpp, line 516]
Event: 0.166 Thread 0x000002a7889928e0 Exception <a 'java/lang/ClassNotFoundException'{0x0000000710e32318}: sun/awt/resources/spi/awtProvider> (0x0000000710e32318) 
thrown [s\src\hotspot\share\classfile\systemDictionary.cpp, line 256]
Event: 0.184 Thread 0x000002a7889928e0 Exception <a 'java/io/FileNotFoundException'{0x0000000710e866d0}> (0x0000000710e866d0) 
thrown [s\src\hotspot\share\prims\jni.cpp, line 516]
Event: 0.189 Thread 0x000002a7889928e0 Exception <a 'java/io/FileNotFoundException'{0x0000000710eb3650}> (0x0000000710eb3650) 
thrown [s\src\hotspot\share\prims\jni.cpp, line 516]
Event: 0.224 Thread 0x000002a7889928e0 Exception <a 'java/lang/NoSuchMethodError'{0x0000000710ef0198}: 'java.lang.Object java.lang.invoke.DirectMethodHandle$Holder.invokeStaticInit(java.lang.Object)'> (0x0000000710ef0198) 
thrown [s\src\hotspot\share\interpreter\linkResolver.cpp, line 759]
Event: 0.394 Thread 0x000002a7889928e0 Exception <a 'java/lang/NoSuchMethodError'{0x0000000710fa0d98}: 'void java.lang.invoke.DirectMethodHandle$Holder.invokeSpecial(java.lang.Object, java.lang.Object, java.lang.Object)'> (0x0000000710fa0d98) 
thrown [s\src\hotspot\share\interpreter\linkResolver.cpp, line 759]
Event: 0.402 Thread 0x000002a7889928e0 Exception <a 'java/lang/NoSuchMethodError'{0x0000000710fcac10}: 'java.lang.Object java.lang.invoke.DirectMethodHandle$Holder.newInvokeSpecial(java.lang.Object, java.lang.Object, java.lang.Object, java.lang.Object, java.lang.Object)'> (0x0000000710fcac10) 
thrown [s\src\hotspot\share\interpreter\linkResolver.cpp, line 759]
Event: 0.403 Thread 0x000002a7889928e0 Exception <a 'java/lang/NoSuchMethodError'{0x0000000710fd65d8}: 'java.lang.Object java.lang.invoke.DirectMethodHandle$Holder.invokeStatic(java.lang.Object, int, java.lang.Object, java.lang.Object, java.lang.Object, java.lang.Object)'> (0x0000000710fd65d8) 
thrown [s\src\hotspot\share\interpreter\linkResolver.cpp, line 759]
Event: 0.406 Thread 0x000002a7889928e0 Exception <a 'java/lang/NoSuchMethodError'{0x0000000710ffbd98}: 'java.lang.Object java.lang.invoke.DirectMethodHandle$Holder.invokeStatic(java.lang.Object, int, java.lang.Object)'> (0x0000000710ffbd98) 
thrown [s\src\hotspot\share\interpreter\linkResolver.cpp, line 759]
Event: 0.426 Thread 0x000002a7889928e0 Exception <a 'java/lang/ClassNotFoundException'{0x0000000710cb4030}: com/sun/swing/internal/plaf/metal/resources/spi/metalProvider> (0x0000000710cb4030) 
thrown [s\src\hotspot\share\classfile\systemDictionary.cpp, line 256]
Event: 0.427 Thread 0x000002a7889928e0 Exception <a 'java/lang/ClassNotFoundException'{0x0000000710cb7c00}: com/sun/swing/internal/plaf/basic/resources/spi/basicProvider> (0x0000000710cb7c00) 
thrown [s\src\hotspot\share\classfile\systemDictionary.cpp, line 256]
Event: 0.465 Thread 0x000002a7889928e0 Exception <a 'java/lang/NoSuchMethodError'{0x0000000710d18428}: 'void java.lang.invoke.DirectMethodHandle$Holder.invokeStaticInit(java.lang.Object)'> (0x0000000710d18428) 
thrown [s\src\hotspot\share\interpreter\linkResolver.cpp, line 759]
Event: 0.499 Thread 0x000002a7889928e0 Exception <a 'sun/nio/fs/WindowsException'{0x0000000710ddc548}> (0x0000000710ddc548) 
thrown [s\src\hotspot\share\prims\jni.cpp, line 516]

VM Operations (16 events):
Event: 0.137 Executing VM operation: HandshakeAllThreads
Event: 0.137 Executing VM operation: HandshakeAllThreads done
Event: 0.436 Executing VM operation: HandshakeAllThreads
Event: 0.436 Executing VM operation: HandshakeAllThreads done
Event: 0.488 Executing VM operation: HandshakeAllThreads
Event: 0.489 Executing VM operation: HandshakeAllThreads done
Event: 0.870 Executing VM operation: G1CollectForAllocation
Event: 0.872 Executing VM operation: G1CollectForAllocation done
Event: 0.979 Executing VM operation: HandshakeAllThreads
Event: 0.979 Executing VM operation: HandshakeAllThreads done
Event: 1.145 Executing VM operation: HandshakeAllThreads
Event: 1.145 Executing VM operation: HandshakeAllThreads done
Event: 2.153 Executing VM operation: Cleanup
Event: 2.153 Executing VM operation: Cleanup done
Event: 595.060 Executing VM operation: Cleanup
Event: 595.060 Executing VM operation: Cleanup done

Events (20 events):
Event: 1.152 loading class java/util/concurrent/ForkJoinPool$1 done
Event: 1.152 loading class java/util/concurrent/ForkJoinPool$DefaultCommonPoolForkJoinWorkerThreadFactory
Event: 1.152 loading class java/util/concurrent/ForkJoinPool$DefaultCommonPoolForkJoinWorkerThreadFactory done
Event: 1.152 loading class java/util/concurrent/ForkJoinPool$WorkQueue
Event: 1.152 loading class java/util/concurrent/ForkJoinPool$WorkQueue done
Event: 1.152 loading class java/util/concurrent/ForkJoinWorkerThread
Event: 1.152 loading class java/util/concurrent/ForkJoinWorkerThread done
Event: 1.175 Thread 0x000002a7b2960850 Thread exited: 0x000002a7b2960850
Event: 1.223 loading class java/awt/LightweightDispatcher$2
Event: 1.223 loading class java/awt/LightweightDispatcher$2 done
Event: 1.592 loading class java/awt/KeyboardFocusManager$2
Event: 1.592 loading class java/awt/KeyboardFocusManager$2 done
Event: 1.592 loading class sun/awt/SunToolkit$1
Event: 1.592 loading class sun/awt/SunToolkit$1 done
Event: 30492.100 loading class java/util/Collections$SynchronizedSet
Event: 30494.519 loading class java/util/Collections$SynchronizedSet done
Event: 30494.553 loading class java/util/WeakHashMap$KeyIterator
Event: 30494.842 loading class java/util/WeakHashMap$HashIterator
Event: 30495.053 loading class java/util/WeakHashMap$HashIterator done
Event: 30495.053 loading class java/util/WeakHashMap$KeyIterator done


Dynamic libraries:
0x00007ff67cf20000 - 0x00007ff67cf2e000 	C:\Users\Bogdan\.p2\pool\plugins\org.eclipse.justj.openjdk.hotspot.jre.full.win32.x86_64_17.0.5.v20221102-0933\jre\bin\javaw.exe
0x00007ff8a3690000 - 0x00007ff8a3888000 	C:\WINDOWS\SYSTEM32\ntdll.dll
0x00007ff8a2d70000 - 0x00007ff8a2e32000 	C:\WINDOWS\System32\KERNEL32.DLL
0x00007ff8a1190000 - 0x00007ff8a1486000 	C:\WINDOWS\System32\KERNELBASE.dll
0x00007ff8a0d20000 - 0x00007ff8a0e20000 	C:\WINDOWS\System32\ucrtbase.dll
0x00007ff89bd30000 - 0x00007ff89bd47000 	C:\Users\Bogdan\.p2\pool\plugins\org.eclipse.justj.openjdk.hotspot.jre.full.win32.x86_64_17.0.5.v20221102-0933\jre\bin\jli.dll
0x00007ff8a2350000 - 0x00007ff8a24ed000 	C:\WINDOWS\System32\USER32.dll
0x00007ff8a0e20000 - 0x00007ff8a0e42000 	C:\WINDOWS\System32\win32u.dll
0x00007ff8a2e40000 - 0x00007ff8a2e6b000 	C:\WINDOWS\System32\GDI32.dll
0x00007ff8a1560000 - 0x00007ff8a167a000 	C:\WINDOWS\System32\gdi32full.dll
0x00007ff8a10f0000 - 0x00007ff8a118d000 	C:\WINDOWS\System32\msvcp_win.dll
0x00007ff897dc0000 - 0x00007ff897dd9000 	C:\Users\Bogdan\.p2\pool\plugins\org.eclipse.justj.openjdk.hotspot.jre.full.win32.x86_64_17.0.5.v20221102-0933\jre\bin\VCRUNTIME140.dll
0x00007ff892a40000 - 0x00007ff892cda000 	C:\WINDOWS\WinSxS\amd64_microsoft.windows.common-controls_6595b64144ccf1df_6.0.19041.4355_none_60b8b9eb71f62e16\COMCTL32.dll
0x00007ff8a2030000 - 0x00007ff8a20ce000 	C:\WINDOWS\System32\msvcrt.dll
0x00007ff8a3430000 - 0x00007ff8a345f000 	C:\WINDOWS\System32\IMM32.DLL
0x00007ff89c280000 - 0x00007ff89c28c000 	C:\Users\Bogdan\.p2\pool\plugins\org.eclipse.justj.openjdk.hotspot.jre.full.win32.x86_64_17.0.5.v20221102-0933\jre\bin\vcruntime140_1.dll
0x00007ff877570000 - 0x00007ff877601000 	C:\Users\Bogdan\.p2\pool\plugins\org.eclipse.justj.openjdk.hotspot.jre.full.win32.x86_64_17.0.5.v20221102-0933\jre\bin\msvcp140.dll
0x00007ff81a910000 - 0x00007ff81b554000 	C:\Users\Bogdan\.p2\pool\plugins\org.eclipse.justj.openjdk.hotspot.jre.full.win32.x86_64_17.0.5.v20221102-0933\jre\bin\server\jvm.dll
0x00007ff8a2cc0000 - 0x00007ff8a2d6f000 	C:\WINDOWS\System32\ADVAPI32.dll
0x00007ff8a1af0000 - 0x00007ff8a1b8f000 	C:\WINDOWS\System32\sechost.dll
0x00007ff8a2fa0000 - 0x00007ff8a30c3000 	C:\WINDOWS\System32\RPCRT4.dll
0x00007ff8a1680000 - 0x00007ff8a16a7000 	C:\WINDOWS\System32\bcrypt.dll
0x00007ff89bdc0000 - 0x00007ff89bdc9000 	C:\WINDOWS\SYSTEM32\WSOCK32.dll
0x00007ff894fe0000 - 0x00007ff895007000 	C:\WINDOWS\SYSTEM32\WINMM.dll
0x00007ff8a2e70000 - 0x00007ff8a2edb000 	C:\WINDOWS\System32\WS2_32.dll
0x00007ff89a330000 - 0x00007ff89a33a000 	C:\WINDOWS\SYSTEM32\VERSION.dll
0x00007ff89eb80000 - 0x00007ff89eb92000 	C:\WINDOWS\SYSTEM32\kernel.appcore.dll
0x00007ff89bd20000 - 0x00007ff89bd2a000 	C:\Users\Bogdan\.p2\pool\plugins\org.eclipse.justj.openjdk.hotspot.jre.full.win32.x86_64_17.0.5.v20221102-0933\jre\bin\jimage.dll
0x00007ff88f6d0000 - 0x00007ff88f8b4000 	C:\WINDOWS\SYSTEM32\DBGHELP.DLL
0x00007ff881f30000 - 0x00007ff881f64000 	C:\WINDOWS\SYSTEM32\dbgcore.DLL
0x00007ff8a1060000 - 0x00007ff8a10e2000 	C:\WINDOWS\System32\bcryptPrimitives.dll
0x00007ff896f00000 - 0x00007ff896f25000 	C:\Users\Bogdan\.p2\pool\plugins\org.eclipse.justj.openjdk.hotspot.jre.full.win32.x86_64_17.0.5.v20221102-0933\jre\bin\java.dll
0x00007ff897280000 - 0x00007ff897298000 	C:\Users\Bogdan\.p2\pool\plugins\org.eclipse.justj.openjdk.hotspot.jre.full.win32.x86_64_17.0.5.v20221102-0933\jre\bin\zip.dll
0x00007ff8a24f0000 - 0x00007ff8a2c5f000 	C:\WINDOWS\System32\SHELL32.dll
0x00007ff89ed80000 - 0x00007ff89f523000 	C:\WINDOWS\SYSTEM32\windows.storage.dll
0x00007ff8a1730000 - 0x00007ff8a1a85000 	C:\WINDOWS\System32\combase.dll
0x00007ff8a0670000 - 0x00007ff8a069b000 	C:\WINDOWS\SYSTEM32\Wldp.dll
0x00007ff8a20d0000 - 0x00007ff8a219d000 	C:\WINDOWS\System32\OLEAUT32.dll
0x00007ff8a2ee0000 - 0x00007ff8a2f8d000 	C:\WINDOWS\System32\SHCORE.dll
0x00007ff8a2c60000 - 0x00007ff8a2cb5000 	C:\WINDOWS\System32\shlwapi.dll
0x00007ff8a0c50000 - 0x00007ff8a0c75000 	C:\WINDOWS\SYSTEM32\profapi.dll
0x00007ff896a00000 - 0x00007ff896a19000 	C:\Users\Bogdan\.p2\pool\plugins\org.eclipse.justj.openjdk.hotspot.jre.full.win32.x86_64_17.0.5.v20221102-0933\jre\bin\net.dll
0x00007ff89b110000 - 0x00007ff89b21a000 	C:\WINDOWS\SYSTEM32\WINHTTP.dll
0x00007ff8a0450000 - 0x00007ff8a04bc000 	C:\WINDOWS\system32\mswsock.dll
0x00007ff896340000 - 0x00007ff896355000 	C:\Users\Bogdan\.p2\pool\plugins\org.eclipse.justj.openjdk.hotspot.jre.full.win32.x86_64_17.0.5.v20221102-0933\jre\bin\nio.dll
0x00007ff86d160000 - 0x00007ff86d2ee000 	C:\Users\Bogdan\.p2\pool\plugins\org.eclipse.justj.openjdk.hotspot.jre.full.win32.x86_64_17.0.5.v20221102-0933\jre\bin\awt.dll
0x00007ff89e230000 - 0x00007ff89e2c4000 	C:\WINDOWS\SYSTEM32\apphelp.dll
0x00007ff89e7a0000 - 0x00007ff89e7cf000 	C:\WINDOWS\system32\DWMAPI.DLL
0x00007ff89e670000 - 0x00007ff89e70e000 	C:\WINDOWS\system32\uxtheme.dll
0x00007ff8508b0000 - 0x00007ff8509d8000 	C:\WINDOWS\system32\opengl32.dll
0x00007ff850880000 - 0x00007ff8508ac000 	C:\WINDOWS\SYSTEM32\GLU32.dll
0x00007ff8a2230000 - 0x00007ff8a2345000 	C:\WINDOWS\System32\MSCTF.dll
0x00007ff8a3460000 - 0x00007ff8a358b000 	C:\WINDOWS\System32\ole32.dll
0x00007ff8a08e0000 - 0x00007ff8a08f2000 	C:\WINDOWS\SYSTEM32\msasn1.dll
0x00007ff89a2f0000 - 0x00007ff89a321000 	C:\WINDOWS\SYSTEM32\cryptnet.dll
0x00007ff8a0e50000 - 0x00007ff8a0fad000 	C:\WINDOWS\System32\CRYPT32.dll
0x00007ff8a05e0000 - 0x00007ff8a05ec000 	C:\WINDOWS\SYSTEM32\cryptbase.dll
0x00007ff899c70000 - 0x00007ff899db7000 	C:\WINDOWS\SYSTEM32\drvstore.dll
0x00007ff8a0ab0000 - 0x00007ff8a0ae3000 	C:\WINDOWS\SYSTEM32\devobj.dll
0x00007ff8a1490000 - 0x00007ff8a14de000 	C:\WINDOWS\System32\cfgmgr32.dll
0x00007ff8a14e0000 - 0x00007ff8a1553000 	C:\WINDOWS\System32\wintrust.dll
0x00007ff8a1b90000 - 0x00007ff8a1bad000 	C:\WINDOWS\System32\imagehlp.dll
0x00007ff8a06b0000 - 0x00007ff8a06c8000 	C:\WINDOWS\SYSTEM32\CRYPTSP.dll
0x00007ff89fd20000 - 0x00007ff89fd58000 	C:\WINDOWS\system32\rsaenh.dll
0x00007ff89f540000 - 0x00007ff89f563000 	C:\WINDOWS\SYSTEM32\gpapi.dll
0x00007ff84f680000 - 0x00007ff84f7d5000 	C:\WINDOWS\System32\DriverStore\FileRepository\nv_dispig.inf_amd64_0afec3f2050014a0\nvppex.dll
0x00007ff8989d0000 - 0x00007ff898a0b000 	C:\WINDOWS\SYSTEM32\dxcore.dll
0x00007ff8774e0000 - 0x00007ff877566000 	C:\Users\Bogdan\.p2\pool\plugins\org.eclipse.justj.openjdk.hotspot.jre.full.win32.x86_64_17.0.5.v20221102-0933\jre\bin\freetype.dll
0x00007ff875610000 - 0x00007ff8756d5000 	C:\Users\Bogdan\.p2\pool\plugins\org.eclipse.justj.openjdk.hotspot.jre.full.win32.x86_64_17.0.5.v20221102-0933\jre\bin\fontmanager.dll
0x00007ff895150000 - 0x00007ff895249000 	C:\WINDOWS\SYSTEM32\textinputframework.dll
0x00007ff89d660000 - 0x00007ff89d9bb000 	C:\WINDOWS\System32\CoreUIComponents.dll
0x00007ff89dd00000 - 0x00007ff89ddf2000 	C:\WINDOWS\System32\CoreMessaging.dll
0x00007ff89ff70000 - 0x00007ff89ffa3000 	C:\WINDOWS\SYSTEM32\ntmarta.dll
0x00007ff89c2a0000 - 0x00007ff89c3f7000 	C:\WINDOWS\SYSTEM32\wintypes.dll
0x00007ff86ea70000 - 0x00007ff86ec41000 	C:\WINDOWS\system32\d3d9.dll
0x00007ff8986a0000 - 0x00007ff898761000 	C:\WINDOWS\System32\DriverStore\FileRepository\nv_dispig.inf_amd64_0afec3f2050014a0\nvldumdx.dll
0x00007ff892ce0000 - 0x00007ff894cce000 	C:\WINDOWS\System32\DriverStore\FileRepository\nv_dispig.inf_amd64_0afec3f2050014a0\nvgpucomp64.dll
0x00007ff845f30000 - 0x00007ff8479c4000 	C:\WINDOWS\System32\DriverStore\FileRepository\nv_dispig.inf_amd64_0afec3f2050014a0\nvd3dumx.dll

dbghelp: loaded successfully - version: 4.0.5 - missing functions: none
symbol engine: initialized successfully - sym options: 0x614 - pdb path: .;C:\Users\Bogdan\.p2\pool\plugins\org.eclipse.justj.openjdk.hotspot.jre.full.win32.x86_64_17.0.5.v20221102-0933\jre\bin;C:\WINDOWS\SYSTEM32;C:\WINDOWS\WinSxS\amd64_microsoft.windows.common-controls_6595b64144ccf1df_6.0.19041.4355_none_60b8b9eb71f62e16;C:\Users\Bogdan\.p2\pool\plugins\org.eclipse.justj.openjdk.hotspot.jre.full.win32.x86_64_17.0.5.v20221102-0933\jre\bin\server;C:\WINDOWS\System32\DriverStore\FileRepository\nv_dispig.inf_amd64_0afec3f2050014a0

VM Arguments:
jvm_args: -Dfile.encoding=UTF-8 --module-path=C:\Users\Bogdan\Desktop\personal\newproject\bin -XX:+ShowCodeDetailsInExceptionMessages -Djdk.module.main=newproject 
java_command: newproject/newproject.main
java_class_path (initial): <not set>
Launcher Type: SUN_STANDARD

[Global flags]
     intx CICompilerCount                          = 3                                         {product} {ergonomic}
     uint ConcGCThreads                            = 2                                         {product} {ergonomic}
     uint G1ConcRefinementThreads                  = 6                                         {product} {ergonomic}
   size_t G1HeapRegionSize                         = 2097152                                   {product} {ergonomic}
    uintx GCDrainStackTargetSize                   = 64                                        {product} {ergonomic}
   size_t InitialHeapSize                          = 268435456                                 {product} {ergonomic}
   size_t MarkStackSize                            = 4194304                                   {product} {ergonomic}
   size_t MaxHeapSize                              = 4276092928                                {product} {ergonomic}
   size_t MaxNewSize                               = 2564816896                                {product} {ergonomic}
   size_t MinHeapDeltaBytes                        = 2097152                                   {product} {ergonomic}
   size_t MinHeapSize                              = 8388608                                   {product} {ergonomic}
    uintx NonNMethodCodeHeapSize                   = 5832780                                {pd product} {ergonomic}
    uintx NonProfiledCodeHeapSize                  = 122912730                              {pd product} {ergonomic}
    uintx ProfiledCodeHeapSize                     = 122912730                              {pd product} {ergonomic}
    uintx ReservedCodeCacheSize                    = 251658240                              {pd product} {ergonomic}
     bool SegmentedCodeCache                       = true                                      {product} {ergonomic}
     bool ShowCodeDetailsInExceptionMessages       = true                                   {manageable} {command line}
   size_t SoftMaxHeapSize                          = 4276092928                             {manageable} {ergonomic}
     bool UseCompressedClassPointers               = true                           {product lp64_product} {ergonomic}
     bool UseCompressedOops                        = true                           {product lp64_product} {ergonomic}
     bool UseG1GC                                  = true                                      {product} {ergonomic}
     bool UseLargePagesIndividualAllocation        = false                                  {pd product} {ergonomic}

Logging:
Log output configuration:
 #0: stdout all=warning uptime,level,tags
 #1: stderr all=off uptime,level,tags

Environment Variables:
JAVA_HOME=C:\Users\Bogdan\AppData\Local\Coursier\cache\arc\https\github.com\adoptium\temurin11-binaries\releases\download\jdk-11.0.25%252B9\OpenJDK11U-jdk_x64_windows_hotspot_11.0.25_9.zip\jdk-11.0.25+9
PATH=C:/Users/Bogdan/.p2/pool/plugins/org.eclipse.justj.openjdk.hotspot.jre.full.win32.x86_64_17.0.5.v20221102-0933/jre/bin/server;C:/Users/Bogdan/.p2/pool/plugins/org.eclipse.justj.openjdk.hotspot.jre.full.win32.x86_64_17.0.5.v20221102-0933/jre/bin;C:\Program Files\Eclipse Adoptium\jdk-17.0.14.7-hotspot\bin;C:\Python313\Scripts\;C:\Python313\;C:\Program Files (x86)\Eclipse Adoptium\jdk-17.0.13.11-hotspot\bin;C:\Program Files\Common Files\Oracle\Java\javapath;C:\WINDOWS\system32;C:\WINDOWS;C:\WINDOWS\System32\Wbem;C:\WINDOWS\System32\WindowsPowerShell\v1.0\;C:\WINDOWS\System32\OpenSSH\;C:\Program Files\Java\jdk-23\bin;C:\Program Files (x86)\sbt\bin;C:\Program Files (x86)\Windows Kits\10\Windows Performance Toolkit\;C:\ProgramData\chocolatey\bin;C:\Program Files\scala-cli-x86_64-pc-win32\;C:\Program Files\nodejs\;C:\Program Files\dotnet\;C:\Program Files\LLVM\bin;C:\Program Files\Docker\Docker\resources\bin;C:\Program Files\Git\cmd;C:\Users\Bogdan\scoop\apps\llvm\current\bin;C:\Users\Bogdan\scoop\shims;C:\Users\Bogdan\AppData\Local\Microsoft\WindowsApps;C:\Users\Bogdan\AppData\Local\Coursier\cache\arc\https\github.com\adoptium\temurin11-binaries\releases\download\jdk-11.0.25%252B9\OpenJDK11U-jdk_x64_windows_hotspot_11.0.25_9.zip\jdk-11.0.25+9\bin;C:\Users\Bogdan\AppData\Local\Coursier\data\bin;C:\Users\Bogdan\AppData\Local\JetBrains\Toolbox\scripts;C:\Users\Bogdan\AppData\Roaming\npm;C:\Users\Bogdan\.dotnet\tools;C:\Users\Bogdan\Desktop;
USERNAME=Bogdan
OS=Windows_NT
PROCESSOR_IDENTIFIER=Intel64 Family 6 Model 158 Stepping 10, GenuineIntel
TMP=C:\Users\Bogdan\AppData\Local\Temp
TEMP=C:\Users\Bogdan\AppData\Local\Temp



---------------  S Y S T E M  ---------------

OS:
 Windows 10 , 64 bit Build 19041 (10.0.19041.5678)
OS uptime: 6 days 6:08 hours
Hyper-V role detected

CPU: total 6 (initial active 6) (6 cores per cpu, 1 threads per core) family 6 model 158 stepping 10 microcode 0xb4, cx8, cmov, fxsr, mmx, 3dnowpref, sse, sse2, sse3, ssse3, sse4.1, sse4.2, popcnt, lzcnt, tsc, tscinvbit, avx, avx2, aes, erms, clmul, bmi1, bmi2, adx, fma, vzeroupper, clflush, clflushopt, hv

Memory: 4k page, system-wide physical 16304M (2302M free)
TotalPageFile size 65456M (AvailPageFile size 4978M)
current process WorkingSet (physical memory assigned to process): 57M, peak: 166M
current process commit charge ("private bytes"): 376M, peak: 427M

vm_info: OpenJDK 64-Bit Server VM (17.0.5+8) for windows-amd64 JRE (17.0.5+8), built on Oct 19 2022 04:48:13 by "temurin" with MS VC++ 16.7 (VS2019)

END.
