#
# There is insufficient memory for the Java Runtime Environment to continue.
# Native memory allocation (malloc) failed to allocate 1049136 bytes for Chunk::new
# Possible reasons:
#   The system is out of physical RAM or swap space
#   The process is running with CompressedOops enabled, and the Java Heap may be blocking the growth of the native heap
# Possible solutions:
#   Reduce memory load on the system
#   Increase physical memory or swap space
#   Check if swap backing store is full
#   Decrease Java heap size (-Xmx/-Xms)
#   Decrease number of Java threads
#   Decrease Java thread stack sizes (-Xss)
#   Set larger code cache with -XX:ReservedCodeCacheSize=
#   JVM is running with Zero Based Compressed Oops mode in which the Java heap is
#     placed in the first 32GB address space. The Java Heap base address is the
#     maximum limit for the native heap growth. Please use -XX:HeapBaseMinAddress
#     to set the Java Heap base and to place the Java Heap above 32GB virtual address.
# This output file may be truncated or incomplete.
#
#  Out of Memory Error (arena.cpp:189), pid=20800, tid=20884
#
# JRE version: OpenJDK Runtime Environment Temurin-17.0.5+8 (17.0.5+8) (build 17.0.5+8)
# Java VM: OpenJDK 64-Bit Server VM Temurin-17.0.5+8 (17.0.5+8, mixed mode, tiered, compressed oops, compressed class ptrs, g1 gc, windows-amd64)
# No core dump will be written. Minidumps are not enabled by default on client versions of Windows
#

---------------  S U M M A R Y ------------

Command Line: -Dfile.encoding=UTF-8 --module-path=C:\Users\Bogdan\Desktop\personal\newproject\bin -XX:+ShowCodeDetailsInExceptionMessages -Djdk.module.main=newproject newproject/newproject.main

Host: Intel(R) Core(TM) i5-8400 CPU @ 2.80GHz, 6 cores, 15G,  Windows 10 , 64 bit Build 19041 (10.0.19041.5678)
Time: Wed Apr 16 05:57:12 2025 E. Europe Daylight Time elapsed time: 0.649673 seconds (0d 0h 0m 0s)

---------------  T H R E A D  ---------------

Current thread (0x000001b2724809b0):  JavaThread "C2 CompilerThread0" daemon [_thread_in_native, id=20884, stack(0x00000009ced00000,0x00000009cee00000)]


Current CompileTask:
C2:    649  618       4       newproject.main$1::paintComponent (1784 bytes)

Stack: [0x00000009ced00000,0x00000009cee00000]
Native frames: (J=compiled Java code, j=interpreted, Vv=VM code, C=native code)
V  [jvm.dll+0x676b3a]
V  [jvm.dll+0x831444]
V  [jvm.dll+0x832bee]
V  [jvm.dll+0x833253]
V  [jvm.dll+0x244ce5]
V  [jvm.dll+0xabbac]
V  [jvm.dll+0xac17c]
V  [jvm.dll+0x362d02]
V  [jvm.dll+0x32d591]
V  [jvm.dll+0x32ca3a]
V  [jvm.dll+0x217b51]
V  [jvm.dll+0x216f71]
V  [jvm.dll+0x1a343d]
V  [jvm.dll+0x22698a]
V  [jvm.dll+0x224ac5]
V  [jvm.dll+0x7e727b]
V  [jvm.dll+0x7e17ea]
V  [jvm.dll+0x6759e5]
C  [ucrtbase.dll+0x21bb2]
C  [KERNEL32.DLL+0x17374]
C  [ntdll.dll+0x4cc91]


---------------  P R O C E S S  ---------------

Threads class SMR info:
_java_thread_list=0x000001b272c86f40, length=17, elements={
0x000001b2724335a0, 0x000001b272434320, 0x000001b272477690, 0x000001b27247a060,
0x000001b27247b0c0, 0x000001b27247c120, 0x000001b2724809b0, 0x000001b272481b00,
0x000001b272485350, 0x000001b272633580, 0x000001b2727195d0, 0x000001b27292bf30,
0x000001b27292e410, 0x000001b27292e8e0, 0x000001b272d9a6c0, 0x000001b2532e1e80,
0x000001b272652970
}

Java Threads: ( => current thread )
  0x000001b2724335a0 JavaThread "Reference Handler" daemon [_thread_blocked, id=20876, stack(0x00000009ce700000,0x00000009ce800000)]
  0x000001b272434320 JavaThread "Finalizer" daemon [_thread_blocked, id=20872, stack(0x00000009ce800000,0x00000009ce900000)]
  0x000001b272477690 JavaThread "Signal Dispatcher" daemon [_thread_blocked, id=20864, stack(0x00000009ce900000,0x00000009cea00000)]
  0x000001b27247a060 JavaThread "Attach Listener" daemon [_thread_blocked, id=20880, stack(0x00000009cea00000,0x00000009ceb00000)]
  0x000001b27247b0c0 JavaThread "Service Thread" daemon [_thread_blocked, id=20892, stack(0x00000009ceb00000,0x00000009cec00000)]
  0x000001b27247c120 JavaThread "Monitor Deflation Thread" daemon [_thread_blocked, id=20888, stack(0x00000009cec00000,0x00000009ced00000)]
=>0x000001b2724809b0 JavaThread "C2 CompilerThread0" daemon [_thread_in_native, id=20884, stack(0x00000009ced00000,0x00000009cee00000)]
  0x000001b272481b00 JavaThread "C1 CompilerThread0" daemon [_thread_blocked, id=20900, stack(0x00000009cee00000,0x00000009cef00000)]
  0x000001b272485350 JavaThread "Sweeper thread" daemon [_thread_blocked, id=20896, stack(0x00000009cef00000,0x00000009cf000000)]
  0x000001b272633580 JavaThread "Common-Cleaner" daemon [_thread_blocked, id=20912, stack(0x00000009cf000000,0x00000009cf100000)]
  0x000001b2727195d0 JavaThread "Notification Thread" daemon [_thread_blocked, id=20944, stack(0x00000009cf100000,0x00000009cf200000)]
  0x000001b27292bf30 JavaThread "Java2D Disposer" daemon [_thread_blocked, id=20820, stack(0x00000009cf300000,0x00000009cf400000)]
  0x000001b27292e410 JavaThread "AWT-Shutdown" [_thread_blocked, id=20948, stack(0x00000009cf400000,0x00000009cf500000)]
  0x000001b27292e8e0 JavaThread "AWT-Windows" daemon [_thread_in_native, id=20952, stack(0x00000009cf500000,0x00000009cf600000)]
  0x000001b272d9a6c0 JavaThread "AWT-EventQueue-0" [_thread_blocked, id=11604, stack(0x00000009cf800000,0x00000009cf900000)]
  0x000001b2532e1e80 JavaThread "DestroyJavaVM" [_thread_blocked, id=152, stack(0x00000009ce000000,0x00000009ce100000)]
  0x000001b272652970 JavaThread "D3D Screen Updater" daemon [_thread_blocked, id=11632, stack(0x00000009cf900000,0x00000009cfa00000)]

Other Threads:
  0x000001b27242b650 VMThread "VM Thread" [stack: 0x00000009ce600000,0x00000009ce700000] [id=20868]
  0x000001b253366650 WatcherThread [stack: 0x00000009cf200000,0x00000009cf300000] [id=20932]
  0x000001b25334dda0 GCTaskThread "GC Thread#0" [stack: 0x00000009ce100000,0x00000009ce200000] [id=17220]
  0x000001b25335eac0 ConcurrentGCThread "G1 Main Marker" [stack: 0x00000009ce200000,0x00000009ce300000] [id=7864]
  0x000001b25335fb80 ConcurrentGCThread "G1 Conc#0" [stack: 0x00000009ce300000,0x00000009ce400000] [id=20844]
  0x000001b2719120d0 ConcurrentGCThread "G1 Refine#0" [stack: 0x00000009ce400000,0x00000009ce500000] [id=20856]
  0x000001b2719127a0 ConcurrentGCThread "G1 Service" [stack: 0x00000009ce500000,0x00000009ce600000] [id=20860]

Threads with active compile tasks:
C2 CompilerThread0      672  618       4       newproject.main$1::paintComponent (1784 bytes)

VM state: not at safepoint (normal execution)

VM Mutex/Monitor currently owned by a thread: None

Heap address: 0x0000000701200000, size: 4078 MB, Compressed Oops mode: Zero based, Oop shift amount: 3

CDS archive(s) not mapped
Compressed class space mapped at: 0x0000000800000000-0x0000000840000000, reserved size: 1073741824
Narrow klass base: 0x0000000800000000, Narrow klass shift: 0, Narrow klass range: 0x40000000

GC Precious Log:
 CPUs: 6 total, 6 available
 Memory: 16304M
 Large Page Support: Disabled
 NUMA Support: Disabled
 Compressed Oops: Enabled (Zero based)
 Heap Region Size: 2M
 Heap Min Capacity: 8M
 Heap Initial Capacity: 256M
 Heap Max Capacity: 4078M
 Pre-touch: Disabled
 Parallel Workers: 6
 Concurrent Workers: 2
 Concurrent Refinement Workers: 6
 Periodic GC: Disabled

Heap:
 garbage-first heap   total 262144K, used 55296K [0x0000000701200000, 0x0000000800000000)
  region size 2048K, 4 young (8192K), 0 survivors (0K)
 Metaspace       used 13192K, committed 13376K, reserved 1064960K
  class space    used 1328K, committed 1472K, reserved 1048576K

Heap Regions: E=young(eden), S=young(survivor), O=old, HS=humongous(starts), HC=humongous(continues), CS=collection set, F=free, OA=open archive, CA=closed archive, TAMS=top-at-mark-start (previous, next)
|   0|0x0000000701200000, 0x0000000701400000, 0x0000000701400000|100%|HS|  |TAMS 0x0000000701200000, 0x0000000701200000| Complete 
|   1|0x0000000701400000, 0x0000000701600000, 0x0000000701600000|100%|HC|  |TAMS 0x0000000701400000, 0x0000000701400000| Complete 
|   2|0x0000000701600000, 0x0000000701800000, 0x0000000701800000|100%|HC|  |TAMS 0x0000000701600000, 0x0000000701600000| Complete 
|   3|0x0000000701800000, 0x0000000701a00000, 0x0000000701a00000|100%|HC|  |TAMS 0x0000000701800000, 0x0000000701800000| Complete 
|   4|0x0000000701a00000, 0x0000000701c00000, 0x0000000701c00000|100%|HS|  |TAMS 0x0000000701a00000, 0x0000000701a00000| Complete 
|   5|0x0000000701c00000, 0x0000000701e00000, 0x0000000701e00000|100%|HC|  |TAMS 0x0000000701c00000, 0x0000000701c00000| Complete 
|   6|0x0000000701e00000, 0x0000000702000000, 0x0000000702000000|100%|HC|  |TAMS 0x0000000701e00000, 0x0000000701e00000| Complete 
|   7|0x0000000702000000, 0x0000000702200000, 0x0000000702200000|100%|HC|  |TAMS 0x0000000702000000, 0x0000000702000000| Complete 
|   8|0x0000000702200000, 0x0000000702400000, 0x0000000702400000|100%|HC|  |TAMS 0x0000000702200000, 0x0000000702200000| Complete 
|   9|0x0000000702400000, 0x0000000702600000, 0x0000000702600000|100%|HC|  |TAMS 0x0000000702400000, 0x0000000702400000| Complete 
|  10|0x0000000702600000, 0x0000000702800000, 0x0000000702800000|100%|HC|  |TAMS 0x0000000702600000, 0x0000000702600000| Complete 
|  11|0x0000000702800000, 0x0000000702a00000, 0x0000000702a00000|100%|HC|  |TAMS 0x0000000702800000, 0x0000000702800000| Complete 
|  12|0x0000000702a00000, 0x0000000702c00000, 0x0000000702c00000|100%|HS|  |TAMS 0x0000000702a00000, 0x0000000702a00000| Complete 
|  13|0x0000000702c00000, 0x0000000702e00000, 0x0000000702e00000|100%|HC|  |TAMS 0x0000000702c00000, 0x0000000702c00000| Complete 
|  14|0x0000000702e00000, 0x0000000703000000, 0x0000000703000000|100%|HC|  |TAMS 0x0000000702e00000, 0x0000000702e00000| Complete 
|  15|0x0000000703000000, 0x0000000703200000, 0x0000000703200000|100%|HC|  |TAMS 0x0000000703000000, 0x0000000703000000| Complete 
|  16|0x0000000703200000, 0x0000000703400000, 0x0000000703400000|100%|HS|  |TAMS 0x0000000703200000, 0x0000000703200000| Complete 
|  17|0x0000000703400000, 0x0000000703600000, 0x0000000703600000|100%|HC|  |TAMS 0x0000000703400000, 0x0000000703400000| Complete 
|  18|0x0000000703600000, 0x0000000703800000, 0x0000000703800000|100%|HC|  |TAMS 0x0000000703600000, 0x0000000703600000| Complete 
|  19|0x0000000703800000, 0x0000000703a00000, 0x0000000703a00000|100%|HC|  |TAMS 0x0000000703800000, 0x0000000703800000| Complete 
|  20|0x0000000703a00000, 0x0000000703c00000, 0x0000000703c00000|100%|HC|  |TAMS 0x0000000703a00000, 0x0000000703a00000| Complete 
|  21|0x0000000703c00000, 0x0000000703e00000, 0x0000000703e00000|100%|HC|  |TAMS 0x0000000703c00000, 0x0000000703c00000| Complete 
|  22|0x0000000703e00000, 0x0000000704000000, 0x0000000704000000|100%|HC|  |TAMS 0x0000000703e00000, 0x0000000703e00000| Complete 
|  23|0x0000000704000000, 0x0000000704200000, 0x0000000704200000|100%|HC|  |TAMS 0x0000000704000000, 0x0000000704000000| Complete 
|  24|0x0000000704200000, 0x0000000704200000, 0x0000000704400000|  0%| F|  |TAMS 0x0000000704200000, 0x0000000704200000| Untracked 
|  25|0x0000000704400000, 0x0000000704400000, 0x0000000704600000|  0%| F|  |TAMS 0x0000000704400000, 0x0000000704400000| Untracked 
|  26|0x0000000704600000, 0x0000000704600000, 0x0000000704800000|  0%| F|  |TAMS 0x0000000704600000, 0x0000000704600000| Untracked 
|  27|0x0000000704800000, 0x0000000704800000, 0x0000000704a00000|  0%| F|  |TAMS 0x0000000704800000, 0x0000000704800000| Untracked 
|  28|0x0000000704a00000, 0x0000000704a00000, 0x0000000704c00000|  0%| F|  |TAMS 0x0000000704a00000, 0x0000000704a00000| Untracked 
|  29|0x0000000704c00000, 0x0000000704c00000, 0x0000000704e00000|  0%| F|  |TAMS 0x0000000704c00000, 0x0000000704c00000| Untracked 
|  30|0x0000000704e00000, 0x0000000704e00000, 0x0000000705000000|  0%| F|  |TAMS 0x0000000704e00000, 0x0000000704e00000| Untracked 
|  31|0x0000000705000000, 0x0000000705000000, 0x0000000705200000|  0%| F|  |TAMS 0x0000000705000000, 0x0000000705000000| Untracked 
|  32|0x0000000705200000, 0x0000000705200000, 0x0000000705400000|  0%| F|  |TAMS 0x0000000705200000, 0x0000000705200000| Untracked 
|  33|0x0000000705400000, 0x0000000705400000, 0x0000000705600000|  0%| F|  |TAMS 0x0000000705400000, 0x0000000705400000| Untracked 
|  34|0x0000000705600000, 0x0000000705600000, 0x0000000705800000|  0%| F|  |TAMS 0x0000000705600000, 0x0000000705600000| Untracked 
|  35|0x0000000705800000, 0x0000000705800000, 0x0000000705a00000|  0%| F|  |TAMS 0x0000000705800000, 0x0000000705800000| Untracked 
|  36|0x0000000705a00000, 0x0000000705a00000, 0x0000000705c00000|  0%| F|  |TAMS 0x0000000705a00000, 0x0000000705a00000| Untracked 
|  37|0x0000000705c00000, 0x0000000705c00000, 0x0000000705e00000|  0%| F|  |TAMS 0x0000000705c00000, 0x0000000705c00000| Untracked 
|  38|0x0000000705e00000, 0x0000000705e00000, 0x0000000706000000|  0%| F|  |TAMS 0x0000000705e00000, 0x0000000705e00000| Untracked 
|  39|0x0000000706000000, 0x0000000706000000, 0x0000000706200000|  0%| F|  |TAMS 0x0000000706000000, 0x0000000706000000| Untracked 
|  40|0x0000000706200000, 0x0000000706200000, 0x0000000706400000|  0%| F|  |TAMS 0x0000000706200000, 0x0000000706200000| Untracked 
|  41|0x0000000706400000, 0x0000000706400000, 0x0000000706600000|  0%| F|  |TAMS 0x0000000706400000, 0x0000000706400000| Untracked 
|  42|0x0000000706600000, 0x0000000706600000, 0x0000000706800000|  0%| F|  |TAMS 0x0000000706600000, 0x0000000706600000| Untracked 
|  43|0x0000000706800000, 0x0000000706800000, 0x0000000706a00000|  0%| F|  |TAMS 0x0000000706800000, 0x0000000706800000| Untracked 
|  44|0x0000000706a00000, 0x0000000706a00000, 0x0000000706c00000|  0%| F|  |TAMS 0x0000000706a00000, 0x0000000706a00000| Untracked 
|  45|0x0000000706c00000, 0x0000000706c00000, 0x0000000706e00000|  0%| F|  |TAMS 0x0000000706c00000, 0x0000000706c00000| Untracked 
|  46|0x0000000706e00000, 0x0000000706e00000, 0x0000000707000000|  0%| F|  |TAMS 0x0000000706e00000, 0x0000000706e00000| Untracked 
|  47|0x0000000707000000, 0x0000000707000000, 0x0000000707200000|  0%| F|  |TAMS 0x0000000707000000, 0x0000000707000000| Untracked 
|  48|0x0000000707200000, 0x0000000707200000, 0x0000000707400000|  0%| F|  |TAMS 0x0000000707200000, 0x0000000707200000| Untracked 
|  49|0x0000000707400000, 0x0000000707400000, 0x0000000707600000|  0%| F|  |TAMS 0x0000000707400000, 0x0000000707400000| Untracked 
|  50|0x0000000707600000, 0x0000000707600000, 0x0000000707800000|  0%| F|  |TAMS 0x0000000707600000, 0x0000000707600000| Untracked 
|  51|0x0000000707800000, 0x0000000707800000, 0x0000000707a00000|  0%| F|  |TAMS 0x0000000707800000, 0x0000000707800000| Untracked 
|  52|0x0000000707a00000, 0x0000000707a00000, 0x0000000707c00000|  0%| F|  |TAMS 0x0000000707a00000, 0x0000000707a00000| Untracked 
|  53|0x0000000707c00000, 0x0000000707c00000, 0x0000000707e00000|  0%| F|  |TAMS 0x0000000707c00000, 0x0000000707c00000| Untracked 
|  54|0x0000000707e00000, 0x0000000707e00000, 0x0000000708000000|  0%| F|  |TAMS 0x0000000707e00000, 0x0000000707e00000| Untracked 
|  55|0x0000000708000000, 0x0000000708000000, 0x0000000708200000|  0%| F|  |TAMS 0x0000000708000000, 0x0000000708000000| Untracked 
|  56|0x0000000708200000, 0x0000000708200000, 0x0000000708400000|  0%| F|  |TAMS 0x0000000708200000, 0x0000000708200000| Untracked 
|  57|0x0000000708400000, 0x0000000708400000, 0x0000000708600000|  0%| F|  |TAMS 0x0000000708400000, 0x0000000708400000| Untracked 
|  58|0x0000000708600000, 0x0000000708600000, 0x0000000708800000|  0%| F|  |TAMS 0x0000000708600000, 0x0000000708600000| Untracked 
|  59|0x0000000708800000, 0x0000000708800000, 0x0000000708a00000|  0%| F|  |TAMS 0x0000000708800000, 0x0000000708800000| Untracked 
|  60|0x0000000708a00000, 0x0000000708a00000, 0x0000000708c00000|  0%| F|  |TAMS 0x0000000708a00000, 0x0000000708a00000| Untracked 
|  61|0x0000000708c00000, 0x0000000708c00000, 0x0000000708e00000|  0%| F|  |TAMS 0x0000000708c00000, 0x0000000708c00000| Untracked 
|  62|0x0000000708e00000, 0x0000000708e00000, 0x0000000709000000|  0%| F|  |TAMS 0x0000000708e00000, 0x0000000708e00000| Untracked 
|  63|0x0000000709000000, 0x0000000709000000, 0x0000000709200000|  0%| F|  |TAMS 0x0000000709000000, 0x0000000709000000| Untracked 
|  64|0x0000000709200000, 0x0000000709200000, 0x0000000709400000|  0%| F|  |TAMS 0x0000000709200000, 0x0000000709200000| Untracked 
|  65|0x0000000709400000, 0x0000000709400000, 0x0000000709600000|  0%| F|  |TAMS 0x0000000709400000, 0x0000000709400000| Untracked 
|  66|0x0000000709600000, 0x0000000709600000, 0x0000000709800000|  0%| F|  |TAMS 0x0000000709600000, 0x0000000709600000| Untracked 
|  67|0x0000000709800000, 0x0000000709800000, 0x0000000709a00000|  0%| F|  |TAMS 0x0000000709800000, 0x0000000709800000| Untracked 
|  68|0x0000000709a00000, 0x0000000709a00000, 0x0000000709c00000|  0%| F|  |TAMS 0x0000000709a00000, 0x0000000709a00000| Untracked 
|  69|0x0000000709c00000, 0x0000000709c00000, 0x0000000709e00000|  0%| F|  |TAMS 0x0000000709c00000, 0x0000000709c00000| Untracked 
|  70|0x0000000709e00000, 0x0000000709e00000, 0x000000070a000000|  0%| F|  |TAMS 0x0000000709e00000, 0x0000000709e00000| Untracked 
|  71|0x000000070a000000, 0x000000070a000000, 0x000000070a200000|  0%| F|  |TAMS 0x000000070a000000, 0x000000070a000000| Untracked 
|  72|0x000000070a200000, 0x000000070a200000, 0x000000070a400000|  0%| F|  |TAMS 0x000000070a200000, 0x000000070a200000| Untracked 
|  73|0x000000070a400000, 0x000000070a400000, 0x000000070a600000|  0%| F|  |TAMS 0x000000070a400000, 0x000000070a400000| Untracked 
|  74|0x000000070a600000, 0x000000070a600000, 0x000000070a800000|  0%| F|  |TAMS 0x000000070a600000, 0x000000070a600000| Untracked 
|  75|0x000000070a800000, 0x000000070a800000, 0x000000070aa00000|  0%| F|  |TAMS 0x000000070a800000, 0x000000070a800000| Untracked 
|  76|0x000000070aa00000, 0x000000070aa00000, 0x000000070ac00000|  0%| F|  |TAMS 0x000000070aa00000, 0x000000070aa00000| Untracked 
|  77|0x000000070ac00000, 0x000000070ac00000, 0x000000070ae00000|  0%| F|  |TAMS 0x000000070ac00000, 0x000000070ac00000| Untracked 
|  78|0x000000070ae00000, 0x000000070ae00000, 0x000000070b000000|  0%| F|  |TAMS 0x000000070ae00000, 0x000000070ae00000| Untracked 
|  79|0x000000070b000000, 0x000000070b000000, 0x000000070b200000|  0%| F|  |TAMS 0x000000070b000000, 0x000000070b000000| Untracked 
|  80|0x000000070b200000, 0x000000070b200000, 0x000000070b400000|  0%| F|  |TAMS 0x000000070b200000, 0x000000070b200000| Untracked 
|  81|0x000000070b400000, 0x000000070b400000, 0x000000070b600000|  0%| F|  |TAMS 0x000000070b400000, 0x000000070b400000| Untracked 
|  82|0x000000070b600000, 0x000000070b600000, 0x000000070b800000|  0%| F|  |TAMS 0x000000070b600000, 0x000000070b600000| Untracked 
|  83|0x000000070b800000, 0x000000070b800000, 0x000000070ba00000|  0%| F|  |TAMS 0x000000070b800000, 0x000000070b800000| Untracked 
|  84|0x000000070ba00000, 0x000000070ba00000, 0x000000070bc00000|  0%| F|  |TAMS 0x000000070ba00000, 0x000000070ba00000| Untracked 
|  85|0x000000070bc00000, 0x000000070bc00000, 0x000000070be00000|  0%| F|  |TAMS 0x000000070bc00000, 0x000000070bc00000| Untracked 
|  86|0x000000070be00000, 0x000000070be00000, 0x000000070c000000|  0%| F|  |TAMS 0x000000070be00000, 0x000000070be00000| Untracked 
|  87|0x000000070c000000, 0x000000070c000000, 0x000000070c200000|  0%| F|  |TAMS 0x000000070c000000, 0x000000070c000000| Untracked 
|  88|0x000000070c200000, 0x000000070c200000, 0x000000070c400000|  0%| F|  |TAMS 0x000000070c200000, 0x000000070c200000| Untracked 
|  89|0x000000070c400000, 0x000000070c400000, 0x000000070c600000|  0%| F|  |TAMS 0x000000070c400000, 0x000000070c400000| Untracked 
|  90|0x000000070c600000, 0x000000070c600000, 0x000000070c800000|  0%| F|  |TAMS 0x000000070c600000, 0x000000070c600000| Untracked 
|  91|0x000000070c800000, 0x000000070c800000, 0x000000070ca00000|  0%| F|  |TAMS 0x000000070c800000, 0x000000070c800000| Untracked 
|  92|0x000000070ca00000, 0x000000070ca00000, 0x000000070cc00000|  0%| F|  |TAMS 0x000000070ca00000, 0x000000070ca00000| Untracked 
|  93|0x000000070cc00000, 0x000000070cc00000, 0x000000070ce00000|  0%| F|  |TAMS 0x000000070cc00000, 0x000000070cc00000| Untracked 
|  94|0x000000070ce00000, 0x000000070ce00000, 0x000000070d000000|  0%| F|  |TAMS 0x000000070ce00000, 0x000000070ce00000| Untracked 
|  95|0x000000070d000000, 0x000000070d000000, 0x000000070d200000|  0%| F|  |TAMS 0x000000070d000000, 0x000000070d000000| Untracked 
|  96|0x000000070d200000, 0x000000070d200000, 0x000000070d400000|  0%| F|  |TAMS 0x000000070d200000, 0x000000070d200000| Untracked 
|  97|0x000000070d400000, 0x000000070d400000, 0x000000070d600000|  0%| F|  |TAMS 0x000000070d400000, 0x000000070d400000| Untracked 
|  98|0x000000070d600000, 0x000000070d600000, 0x000000070d800000|  0%| F|  |TAMS 0x000000070d600000, 0x000000070d600000| Untracked 
|  99|0x000000070d800000, 0x000000070d800000, 0x000000070da00000|  0%| F|  |TAMS 0x000000070d800000, 0x000000070d800000| Untracked 
| 100|0x000000070da00000, 0x000000070da00000, 0x000000070dc00000|  0%| F|  |TAMS 0x000000070da00000, 0x000000070da00000| Untracked 
| 101|0x000000070dc00000, 0x000000070dc00000, 0x000000070de00000|  0%| F|  |TAMS 0x000000070dc00000, 0x000000070dc00000| Untracked 
| 102|0x000000070de00000, 0x000000070de00000, 0x000000070e000000|  0%| F|  |TAMS 0x000000070de00000, 0x000000070de00000| Untracked 
| 103|0x000000070e000000, 0x000000070e000000, 0x000000070e200000|  0%| F|  |TAMS 0x000000070e000000, 0x000000070e000000| Untracked 
| 104|0x000000070e200000, 0x000000070e200000, 0x000000070e400000|  0%| F|  |TAMS 0x000000070e200000, 0x000000070e200000| Untracked 
| 105|0x000000070e400000, 0x000000070e400000, 0x000000070e600000|  0%| F|  |TAMS 0x000000070e400000, 0x000000070e400000| Untracked 
| 106|0x000000070e600000, 0x000000070e600000, 0x000000070e800000|  0%| F|  |TAMS 0x000000070e600000, 0x000000070e600000| Untracked 
| 107|0x000000070e800000, 0x000000070e800000, 0x000000070ea00000|  0%| F|  |TAMS 0x000000070e800000, 0x000000070e800000| Untracked 
| 108|0x000000070ea00000, 0x000000070ea00000, 0x000000070ec00000|  0%| F|  |TAMS 0x000000070ea00000, 0x000000070ea00000| Untracked 
| 109|0x000000070ec00000, 0x000000070ec00000, 0x000000070ee00000|  0%| F|  |TAMS 0x000000070ec00000, 0x000000070ec00000| Untracked 
| 110|0x000000070ee00000, 0x000000070ee00000, 0x000000070f000000|  0%| F|  |TAMS 0x000000070ee00000, 0x000000070ee00000| Untracked 
| 111|0x000000070f000000, 0x000000070f000000, 0x000000070f200000|  0%| F|  |TAMS 0x000000070f000000, 0x000000070f000000| Untracked 
| 112|0x000000070f200000, 0x000000070f200000, 0x000000070f400000|  0%| F|  |TAMS 0x000000070f200000, 0x000000070f200000| Untracked 
| 113|0x000000070f400000, 0x000000070f400000, 0x000000070f600000|  0%| F|  |TAMS 0x000000070f400000, 0x000000070f400000| Untracked 
| 114|0x000000070f600000, 0x000000070f600000, 0x000000070f800000|  0%| F|  |TAMS 0x000000070f600000, 0x000000070f600000| Untracked 
| 115|0x000000070f800000, 0x000000070f800000, 0x000000070fa00000|  0%| F|  |TAMS 0x000000070f800000, 0x000000070f800000| Untracked 
| 116|0x000000070fa00000, 0x000000070fa00000, 0x000000070fc00000|  0%| F|  |TAMS 0x000000070fa00000, 0x000000070fa00000| Untracked 
| 117|0x000000070fc00000, 0x000000070fc00000, 0x000000070fe00000|  0%| F|  |TAMS 0x000000070fc00000, 0x000000070fc00000| Untracked 
| 118|0x000000070fe00000, 0x000000070fe00000, 0x0000000710000000|  0%| F|  |TAMS 0x000000070fe00000, 0x000000070fe00000| Untracked 
| 119|0x0000000710000000, 0x0000000710000000, 0x0000000710200000|  0%| F|  |TAMS 0x0000000710000000, 0x0000000710000000| Untracked 
| 120|0x0000000710200000, 0x0000000710200000, 0x0000000710400000|  0%| F|  |TAMS 0x0000000710200000, 0x0000000710200000| Untracked 
| 121|0x0000000710400000, 0x0000000710400000, 0x0000000710600000|  0%| F|  |TAMS 0x0000000710400000, 0x0000000710400000| Untracked 
| 122|0x0000000710600000, 0x0000000710600000, 0x0000000710800000|  0%| F|  |TAMS 0x0000000710600000, 0x0000000710600000| Untracked 
| 123|0x0000000710800000, 0x0000000710800000, 0x0000000710a00000|  0%| F|  |TAMS 0x0000000710800000, 0x0000000710800000| Untracked 
| 124|0x0000000710a00000, 0x0000000710a66ed0, 0x0000000710c00000| 20%| E|  |TAMS 0x0000000710a00000, 0x0000000710a00000| Complete 
| 125|0x0000000710c00000, 0x0000000710e00000, 0x0000000710e00000|100%| E|CS|TAMS 0x0000000710c00000, 0x0000000710c00000| Complete 
| 126|0x0000000710e00000, 0x0000000711000000, 0x0000000711000000|100%| E|CS|TAMS 0x0000000710e00000, 0x0000000710e00000| Complete 
| 127|0x0000000711000000, 0x0000000711200000, 0x0000000711200000|100%| E|CS|TAMS 0x0000000711000000, 0x0000000711000000| Complete 

Card table byte_map: [0x000001b2662b0000,0x000001b266ab0000] _byte_map_base: 0x000001b262aa7000

Marking Bits (Prev, Next): (CMBitMap*) 0x000001b25334e2c0, (CMBitMap*) 0x000001b25334e300
 Prev Bits: [0x000001b2672b0000, 0x000001b26b268000)
 Next Bits: [0x000001b26b270000, 0x000001b26f228000)

Polling page: 0x000001b251240000

Metaspace:

Usage:
  Non-class:     11.59 MB used.
      Class:      1.30 MB used.
       Both:     12.88 MB used.

Virtual space:
  Non-class space:       16.00 MB reserved,      11.62 MB ( 73%) committed,  2 nodes.
      Class space:        1.00 GB reserved,       1.44 MB ( <1%) committed,  1 nodes.
             Both:        1.02 GB reserved,      13.06 MB (  1%) committed. 

Chunk freelists:
   Non-Class:  192.00 KB
       Class:  2.62 MB
        Both:  2.80 MB

MaxMetaspaceSize: unlimited
CompressedClassSpaceSize: 1.00 GB
Initial GC threshold: 21.00 MB
Current GC threshold: 21.00 MB
CDS: off
MetaspaceReclaimPolicy: balanced
 - commit_granule_bytes: 65536.
 - commit_granule_words: 8192.
 - virtual_space_node_default_size: 1048576.
 - enlarge_chunks_in_place: 1.
 - new_chunks_are_fully_committed: 0.
 - uncommit_free_chunks: 1.
 - use_allocation_guard: 0.
 - handle_deallocations: 1.


Internal statistics:

num_allocs_failed_limit: 0.
num_arena_births: 110.
num_arena_deaths: 0.
num_vsnodes_births: 3.
num_vsnodes_deaths: 0.
num_space_committed: 209.
num_space_uncommitted: 0.
num_chunks_returned_to_freelist: 0.
num_chunks_taken_from_freelist: 185.
num_chunk_merges: 0.
num_chunk_splits: 91.
num_chunks_enlarged: 32.
num_purges: 0.
num_inconsistent_stats: 0.

CodeHeap 'non-profiled nmethods': size=120000Kb used=184Kb max_used=184Kb free=119816Kb
 bounds [0x000001b25e470000, 0x000001b25e6e0000, 0x000001b2659a0000]
CodeHeap 'profiled nmethods': size=120000Kb used=992Kb max_used=992Kb free=119007Kb
 bounds [0x000001b256f40000, 0x000001b2571b0000, 0x000001b25e470000]
CodeHeap 'non-nmethods': size=5760Kb used=1255Kb max_used=1268Kb free=4505Kb
 bounds [0x000001b2569a0000, 0x000001b256c10000, 0x000001b256f40000]
 total_blobs=1209 nmethods=631 adapters=491
 compilation: enabled
              stopped_count=0, restarted_count=0
 full_count=0

Compilation events (20 events):
Event: 0.601 Thread 0x000001b272481b00  621       1       java.awt.Component::getHeight (5 bytes)
Event: 0.601 Thread 0x000001b272481b00 nmethod 621 0x000001b25e49d410 code [0x000001b25e49d5a0, 0x000001b25e49d678]
Event: 0.601 Thread 0x000001b272481b00  623       1       java.awt.image.Raster::getWidth (5 bytes)
Event: 0.601 Thread 0x000001b272481b00 nmethod 623 0x000001b25e49d710 code [0x000001b25e49d8a0, 0x000001b25e49d978]
Event: 0.606 Thread 0x000001b272481b00  624       1       sun.java2d.SurfaceData::isValid (5 bytes)
Event: 0.606 Thread 0x000001b272481b00 nmethod 624 0x000001b25e49da10 code [0x000001b25e49dba0, 0x000001b25e49dc78]
Event: 0.606 Thread 0x000001b272481b00  625       3       java.awt.Color::getAlpha (12 bytes)
Event: 0.607 Thread 0x000001b272481b00 nmethod 625 0x000001b257034b90 code [0x000001b257034d20, 0x000001b257034ed8]
Event: 0.609 Thread 0x000001b272481b00  626       1       sun.java2d.SurfaceData::isSurfaceLost (5 bytes)
Event: 0.609 Thread 0x000001b272481b00 nmethod 626 0x000001b25e49dd10 code [0x000001b25e49dea0, 0x000001b25e49df78]
Event: 0.609 Thread 0x000001b272481b00  627       3       java.util.ArrayList$Itr::checkForComodification (23 bytes)
Event: 0.610 Thread 0x000001b272481b00 nmethod 627 0x000001b257034f90 code [0x000001b257035140, 0x000001b257035308]
Event: 0.610 Thread 0x000001b272481b00  628       3       java.util.ArrayList$Itr::next (66 bytes)
Event: 0.611 Thread 0x000001b272481b00 nmethod 628 0x000001b257035410 code [0x000001b257035600, 0x000001b2570359c8]
Event: 0.611 Thread 0x000001b272481b00  629       3       java.util.ArrayList$Itr::<init> (26 bytes)
Event: 0.611 Thread 0x000001b272481b00 nmethod 629 0x000001b257035b90 code [0x000001b257035d20, 0x000001b257035ef8]
Event: 0.612 Thread 0x000001b272481b00  630       3       java.lang.invoke.MethodTypeForm::canonicalize (59 bytes)
Event: 0.613 Thread 0x000001b272481b00 nmethod 630 0x000001b257036010 code [0x000001b2570361e0, 0x000001b257036508]
Event: 0.613 Thread 0x000001b272481b00  631       3       java.lang.invoke.MethodType$ConcurrentWeakInternSet::add (66 bytes)
Event: 0.613 Thread 0x000001b272481b00 nmethod 631 0x000001b257036610 code [0x000001b2570368a0, 0x000001b257037708]

GC Heap History (0 events):
No events

Dll operation events (7 events):
Event: 0.007 Loaded shared library C:\Users\Bogdan\.p2\pool\plugins\org.eclipse.justj.openjdk.hotspot.jre.full.win32.x86_64_17.0.5.v20221102-0933\jre\bin\java.dll
Event: 0.101 Loaded shared library C:\Users\Bogdan\.p2\pool\plugins\org.eclipse.justj.openjdk.hotspot.jre.full.win32.x86_64_17.0.5.v20221102-0933\jre\bin\net.dll
Event: 0.103 Loaded shared library C:\Users\Bogdan\.p2\pool\plugins\org.eclipse.justj.openjdk.hotspot.jre.full.win32.x86_64_17.0.5.v20221102-0933\jre\bin\nio.dll
Event: 0.146 Loaded shared library C:\Users\Bogdan\.p2\pool\plugins\org.eclipse.justj.openjdk.hotspot.jre.full.win32.x86_64_17.0.5.v20221102-0933\jre\bin\jimage.dll
Event: 0.160 Loaded shared library C:\Users\Bogdan\.p2\pool\plugins\org.eclipse.justj.openjdk.hotspot.jre.full.win32.x86_64_17.0.5.v20221102-0933\jre\bin\awt.dll
Event: 0.454 Loaded shared library C:\Users\Bogdan\.p2\pool\plugins\org.eclipse.justj.openjdk.hotspot.jre.full.win32.x86_64_17.0.5.v20221102-0933\jre\bin\freetype.dll
Event: 0.455 Loaded shared library C:\Users\Bogdan\.p2\pool\plugins\org.eclipse.justj.openjdk.hotspot.jre.full.win32.x86_64_17.0.5.v20221102-0933\jre\bin\fontmanager.dll

Deoptimization events (16 events):
Event: 0.133 Thread 0x000001b2532e1e80 Uncommon trap: trap_request=0xffffff45 fr.pc=0x000001b25e476e5c relative=0x000000000000005c
Event: 0.133 Thread 0x000001b2532e1e80 Uncommon trap: reason=unstable_if action=reinterpret pc=0x000001b25e476e5c method=java.lang.String.isLatin1()Z @ 10 c2
Event: 0.133 Thread 0x000001b2532e1e80 DEOPT PACKING pc=0x000001b25e476e5c sp=0x00000009ce0fe300
Event: 0.133 Thread 0x000001b2532e1e80 DEOPT UNPACKING pc=0x000001b2569f23a3 sp=0x00000009ce0fe290 mode 2
Event: 0.133 Thread 0x000001b2532e1e80 Uncommon trap: trap_request=0xffffff45 fr.pc=0x000001b25e478200 relative=0x0000000000000080
Event: 0.133 Thread 0x000001b2532e1e80 Uncommon trap: reason=unstable_if action=reinterpret pc=0x000001b25e478200 method=java.lang.String.isLatin1()Z @ 10 c2
Event: 0.133 Thread 0x000001b2532e1e80 DEOPT PACKING pc=0x000001b25e478200 sp=0x00000009ce0fed00
Event: 0.133 Thread 0x000001b2532e1e80 DEOPT UNPACKING pc=0x000001b2569f23a3 sp=0x00000009ce0fec40 mode 2
Event: 0.470 Thread 0x000001b2532e1e80 DEOPT PACKING pc=0x000001b256f501e7 sp=0x00000009ce0fc600
Event: 0.470 Thread 0x000001b2532e1e80 DEOPT UNPACKING pc=0x000001b2569f2b43 sp=0x00000009ce0fba20 mode 0
Event: 0.474 Thread 0x000001b2532e1e80 DEOPT PACKING pc=0x000001b256f4f551 sp=0x00000009ce0fc840
Event: 0.474 Thread 0x000001b2532e1e80 DEOPT UNPACKING pc=0x000001b2569f2b43 sp=0x00000009ce0fbcb8 mode 0
Event: 0.601 Thread 0x000001b272d9a6c0 Uncommon trap: trap_request=0xffffff45 fr.pc=0x000001b25e49a194 relative=0x00000000000002d4
Event: 0.601 Thread 0x000001b272d9a6c0 Uncommon trap: reason=unstable_if action=reinterpret pc=0x000001b25e49a194 method=newproject.main$1.paintComponent(Ljava/awt/Graphics;)V @ 837 c2
Event: 0.601 Thread 0x000001b272d9a6c0 DEOPT PACKING pc=0x000001b25e49a194 sp=0x00000009cf8fdad0
Event: 0.601 Thread 0x000001b272d9a6c0 DEOPT UNPACKING pc=0x000001b2569f23a3 sp=0x00000009cf8fd8b0 mode 2

Classes unloaded (0 events):
No events

Classes redefined (0 events):
No events

Internal exceptions (15 events):
Event: 0.113 Thread 0x000001b2532e1e80 Exception <a 'java/lang/NoSuchMethodError'{0x0000000711112bc8}: 'void java.lang.invoke.DirectMethodHandle$Holder.invokeVirtual(java.lang.Object, java.lang.Object)'> (0x0000000711112bc8) 
thrown [s\src\hotspot\share\interpreter\linkResolver.cpp, line 759]
Event: 0.148 Thread 0x000001b2532e1e80 Exception <a 'sun/nio/fs/WindowsException'{0x0000000710e238c8}> (0x0000000710e238c8) 
thrown [s\src\hotspot\share\prims\jni.cpp, line 516]
Event: 0.153 Thread 0x000001b2532e1e80 Exception <a 'java/lang/ClassNotFoundException'{0x0000000710e29a58}: sun/awt/resources/spi/awtProvider> (0x0000000710e29a58) 
thrown [s\src\hotspot\share\classfile\systemDictionary.cpp, line 256]
Event: 0.169 Thread 0x000001b2532e1e80 Exception <a 'java/io/FileNotFoundException'{0x0000000710e7de10}> (0x0000000710e7de10) 
thrown [s\src\hotspot\share\prims\jni.cpp, line 516]
Event: 0.174 Thread 0x000001b2532e1e80 Exception <a 'java/io/FileNotFoundException'{0x0000000710eaae80}> (0x0000000710eaae80) 
thrown [s\src\hotspot\share\prims\jni.cpp, line 516]
Event: 0.208 Thread 0x000001b2532e1e80 Exception <a 'java/lang/NoSuchMethodError'{0x0000000710ee76a0}: 'java.lang.Object java.lang.invoke.DirectMethodHandle$Holder.invokeStaticInit(java.lang.Object)'> (0x0000000710ee76a0) 
thrown [s\src\hotspot\share\interpreter\linkResolver.cpp, line 759]
Event: 0.380 Thread 0x000001b2532e1e80 Exception <a 'java/lang/NoSuchMethodError'{0x0000000710f318f0}: 'void java.lang.invoke.DirectMethodHandle$Holder.invokeSpecial(java.lang.Object, java.lang.Object, java.lang.Object)'> (0x0000000710f318f0) 
thrown [s\src\hotspot\share\interpreter\linkResolver.cpp, line 759]
Event: 0.387 Thread 0x000001b2532e1e80 Exception <a 'java/lang/NoSuchMethodError'{0x0000000710fc2048}: 'java.lang.Object java.lang.invoke.DirectMethodHandle$Holder.newInvokeSpecial(java.lang.Object, java.lang.Object, java.lang.Object, java.lang.Object, java.lang.Object)'> (0x0000000710fc2048) 
thrown [s\src\hotspot\share\interpreter\linkResolver.cpp, line 759]
Event: 0.388 Thread 0x000001b2532e1e80 Exception <a 'java/lang/NoSuchMethodError'{0x0000000710fcda10}: 'java.lang.Object java.lang.invoke.DirectMethodHandle$Holder.invokeStatic(java.lang.Object, int, java.lang.Object, java.lang.Object, java.lang.Object, java.lang.Object)'> (0x0000000710fcda10) 
thrown [s\src\hotspot\share\interpreter\linkResolver.cpp, line 759]
Event: 0.393 Thread 0x000001b2532e1e80 Exception <a 'java/lang/NoSuchMethodError'{0x0000000710ff31d0}: 'java.lang.Object java.lang.invoke.DirectMethodHandle$Holder.invokeStatic(java.lang.Object, int, java.lang.Object)'> (0x0000000710ff31d0) 
thrown [s\src\hotspot\share\interpreter\linkResolver.cpp, line 759]
Event: 0.414 Thread 0x000001b2532e1e80 Exception <a 'java/lang/ClassNotFoundException'{0x0000000710cab248}: com/sun/swing/internal/plaf/metal/resources/spi/metalProvider> (0x0000000710cab248) 
thrown [s\src\hotspot\share\classfile\systemDictionary.cpp, line 256]
Event: 0.414 Thread 0x000001b2532e1e80 Exception <a 'java/lang/ClassNotFoundException'{0x0000000710caee18}: com/sun/swing/internal/plaf/basic/resources/spi/basicProvider> (0x0000000710caee18) 
thrown [s\src\hotspot\share\classfile\systemDictionary.cpp, line 256]
Event: 0.430 Thread 0x000001b2532e1e80 Exception <a 'java/lang/NoSuchMethodError'{0x0000000710cdd010}: 'void java.lang.invoke.DirectMethodHandle$Holder.invokeStatic(java.lang.Object, java.lang.Object, java.lang.Object)'> (0x0000000710cdd010) 
thrown [s\src\hotspot\share\interpreter\linkResolver.cpp, line 759]
Event: 0.449 Thread 0x000001b2532e1e80 Exception <a 'java/lang/NoSuchMethodError'{0x0000000710d0b838}: 'void java.lang.invoke.DirectMethodHandle$Holder.invokeStaticInit(java.lang.Object)'> (0x0000000710d0b838) 
thrown [s\src\hotspot\share\interpreter\linkResolver.cpp, line 759]
Event: 0.479 Thread 0x000001b2532e1e80 Exception <a 'sun/nio/fs/WindowsException'{0x0000000710dcfcf8}> (0x0000000710dcfcf8) 
thrown [s\src\hotspot\share\prims\jni.cpp, line 516]

VM Operations (8 events):
Event: 0.125 Executing VM operation: HandshakeAllThreads
Event: 0.125 Executing VM operation: HandshakeAllThreads done
Event: 0.423 Executing VM operation: HandshakeAllThreads
Event: 0.423 Executing VM operation: HandshakeAllThreads done
Event: 0.469 Executing VM operation: HandshakeAllThreads
Event: 0.469 Executing VM operation: HandshakeAllThreads done
Event: 0.498 Executing VM operation: HandshakeAllThreads
Event: 0.498 Executing VM operation: HandshakeAllThreads done

Events (20 events):
Event: 0.612 loading class java/lang/invoke/VarHandleLongs$FieldInstanceReadWrite
Event: 0.612 loading class java/lang/invoke/VarHandleLongs$FieldInstanceReadOnly
Event: 0.612 loading class java/lang/invoke/VarHandleLongs$FieldInstanceReadOnly done
Event: 0.612 loading class java/lang/invoke/VarHandleLongs$FieldInstanceReadWrite done
Event: 0.612 loading class java/lang/invoke/VarHandleInts$FieldStaticReadWrite
Event: 0.612 loading class java/lang/invoke/VarHandleInts$FieldStaticReadOnly
Event: 0.612 loading class java/lang/invoke/VarHandleInts$FieldStaticReadOnly done
Event: 0.612 loading class java/lang/invoke/VarHandleInts$FieldStaticReadWrite done
Event: 0.612 loading class java/util/concurrent/ForkJoinPool$DefaultForkJoinWorkerThreadFactory
Event: 0.612 loading class java/util/concurrent/ForkJoinPool$ForkJoinWorkerThreadFactory
Event: 0.612 loading class java/util/concurrent/ForkJoinPool$ForkJoinWorkerThreadFactory done
Event: 0.612 loading class java/util/concurrent/ForkJoinPool$DefaultForkJoinWorkerThreadFactory done
Event: 0.612 loading class java/util/concurrent/ForkJoinPool$1
Event: 0.612 loading class java/util/concurrent/ForkJoinPool$1 done
Event: 0.613 loading class java/util/concurrent/ForkJoinPool$DefaultCommonPoolForkJoinWorkerThreadFactory
Event: 0.613 loading class java/util/concurrent/ForkJoinPool$DefaultCommonPoolForkJoinWorkerThreadFactory done
Event: 0.613 loading class java/util/concurrent/ForkJoinPool$WorkQueue
Event: 0.613 loading class java/util/concurrent/ForkJoinPool$WorkQueue done
Event: 0.613 loading class java/util/concurrent/ForkJoinWorkerThread
Event: 0.613 loading class java/util/concurrent/ForkJoinWorkerThread done


Dynamic libraries:
0x00007ff6b36d0000 - 0x00007ff6b36de000 	C:\Users\Bogdan\.p2\pool\plugins\org.eclipse.justj.openjdk.hotspot.jre.full.win32.x86_64_17.0.5.v20221102-0933\jre\bin\javaw.exe
0x00007ffecfb10000 - 0x00007ffecfd08000 	C:\WINDOWS\SYSTEM32\ntdll.dll
0x00007ffecfa00000 - 0x00007ffecfac2000 	C:\WINDOWS\System32\KERNEL32.DLL
0x00007ffecd3e0000 - 0x00007ffecd6d6000 	C:\WINDOWS\System32\KERNELBASE.dll
0x00007ffecd1f0000 - 0x00007ffecd2f0000 	C:\WINDOWS\System32\ucrtbase.dll
0x00007ffec0c30000 - 0x00007ffec0c49000 	C:\Users\Bogdan\.p2\pool\plugins\org.eclipse.justj.openjdk.hotspot.jre.full.win32.x86_64_17.0.5.v20221102-0933\jre\bin\VCRUNTIME140.dll
0x00007ffebf2a0000 - 0x00007ffebf2b7000 	C:\Users\Bogdan\.p2\pool\plugins\org.eclipse.justj.openjdk.hotspot.jre.full.win32.x86_64_17.0.5.v20221102-0933\jre\bin\jli.dll
0x00007ffecf680000 - 0x00007ffecf81d000 	C:\WINDOWS\System32\USER32.dll
0x00007ffecd320000 - 0x00007ffecd342000 	C:\WINDOWS\System32\win32u.dll
0x00007ffecf820000 - 0x00007ffecf84b000 	C:\WINDOWS\System32\GDI32.dll
0x00007ffeaafe0000 - 0x00007ffeab27a000 	C:\WINDOWS\WinSxS\amd64_microsoft.windows.common-controls_6595b64144ccf1df_6.0.19041.4355_none_60b8b9eb71f62e16\COMCTL32.dll
0x00007ffecd6e0000 - 0x00007ffecd7fa000 	C:\WINDOWS\System32\gdi32full.dll
0x00007ffece810000 - 0x00007ffece8ae000 	C:\WINDOWS\System32\msvcrt.dll
0x00007ffecd800000 - 0x00007ffecd89d000 	C:\WINDOWS\System32\msvcp_win.dll
0x00007ffecf9d0000 - 0x00007ffecf9ff000 	C:\WINDOWS\System32\IMM32.DLL
0x00007ffec87d0000 - 0x00007ffec87dc000 	C:\Users\Bogdan\.p2\pool\plugins\org.eclipse.justj.openjdk.hotspot.jre.full.win32.x86_64_17.0.5.v20221102-0933\jre\bin\vcruntime140_1.dll
0x00007ffeae1e0000 - 0x00007ffeae271000 	C:\Users\Bogdan\.p2\pool\plugins\org.eclipse.justj.openjdk.hotspot.jre.full.win32.x86_64_17.0.5.v20221102-0933\jre\bin\msvcp140.dll
0x00007ffe63200000 - 0x00007ffe63e44000 	C:\Users\Bogdan\.p2\pool\plugins\org.eclipse.justj.openjdk.hotspot.jre.full.win32.x86_64_17.0.5.v20221102-0933\jre\bin\server\jvm.dll
0x00007ffecf280000 - 0x00007ffecf32f000 	C:\WINDOWS\System32\ADVAPI32.dll
0x00007ffece8b0000 - 0x00007ffece94f000 	C:\WINDOWS\System32\sechost.dll
0x00007ffecdf30000 - 0x00007ffece053000 	C:\WINDOWS\System32\RPCRT4.dll
0x00007ffecd2f0000 - 0x00007ffecd317000 	C:\WINDOWS\System32\bcrypt.dll
0x00007ffeb02d0000 - 0x00007ffeb02d9000 	C:\WINDOWS\SYSTEM32\WSOCK32.dll
0x00007ffec3660000 - 0x00007ffec3687000 	C:\WINDOWS\SYSTEM32\WINMM.dll
0x00007ffec6d20000 - 0x00007ffec6d2a000 	C:\WINDOWS\SYSTEM32\VERSION.dll
0x00007ffecf1b0000 - 0x00007ffecf21b000 	C:\WINDOWS\System32\WS2_32.dll
0x00007ffecb000000 - 0x00007ffecb012000 	C:\WINDOWS\SYSTEM32\kernel.appcore.dll
0x00007ffeaeee0000 - 0x00007ffeaeeea000 	C:\Users\Bogdan\.p2\pool\plugins\org.eclipse.justj.openjdk.hotspot.jre.full.win32.x86_64_17.0.5.v20221102-0933\jre\bin\jimage.dll
0x00007ffec5fa0000 - 0x00007ffec6184000 	C:\WINDOWS\SYSTEM32\DBGHELP.DLL
0x00007ffec5dc0000 - 0x00007ffec5df4000 	C:\WINDOWS\SYSTEM32\dbgcore.DLL
0x00007ffecd350000 - 0x00007ffecd3d2000 	C:\WINDOWS\System32\bcryptPrimitives.dll
0x00007ffeace70000 - 0x00007ffeace95000 	C:\Users\Bogdan\.p2\pool\plugins\org.eclipse.justj.openjdk.hotspot.jre.full.win32.x86_64_17.0.5.v20221102-0933\jre\bin\java.dll
0x00007ffeaeec0000 - 0x00007ffeaeed8000 	C:\Users\Bogdan\.p2\pool\plugins\org.eclipse.justj.openjdk.hotspot.jre.full.win32.x86_64_17.0.5.v20221102-0933\jre\bin\zip.dll
0x00007ffecea40000 - 0x00007ffecf1af000 	C:\WINDOWS\System32\SHELL32.dll
0x00007ffecb200000 - 0x00007ffecb9a3000 	C:\WINDOWS\SYSTEM32\windows.storage.dll
0x00007ffecdbd0000 - 0x00007ffecdf25000 	C:\WINDOWS\System32\combase.dll
0x00007ffeccaf0000 - 0x00007ffeccb1b000 	C:\WINDOWS\SYSTEM32\Wldp.dll
0x00007ffecf900000 - 0x00007ffecf9cd000 	C:\WINDOWS\System32\OLEAUT32.dll
0x00007ffecf850000 - 0x00007ffecf8fd000 	C:\WINDOWS\System32\SHCORE.dll
0x00007ffece4e0000 - 0x00007ffece535000 	C:\WINDOWS\System32\shlwapi.dll
0x00007ffecd0d0000 - 0x00007ffecd0f5000 	C:\WINDOWS\SYSTEM32\profapi.dll
0x00007ffeaee90000 - 0x00007ffeaeea9000 	C:\Users\Bogdan\.p2\pool\plugins\org.eclipse.justj.openjdk.hotspot.jre.full.win32.x86_64_17.0.5.v20221102-0933\jre\bin\net.dll
0x00007ffec7cf0000 - 0x00007ffec7dfa000 	C:\WINDOWS\SYSTEM32\WINHTTP.dll
0x00007ffecc8d0000 - 0x00007ffecc93c000 	C:\WINDOWS\system32\mswsock.dll
0x00007ffead6b0000 - 0x00007ffead6c5000 	C:\Users\Bogdan\.p2\pool\plugins\org.eclipse.justj.openjdk.hotspot.jre.full.win32.x86_64_17.0.5.v20221102-0933\jre\bin\nio.dll
0x00007ffead940000 - 0x00007ffeadace000 	C:\Users\Bogdan\.p2\pool\plugins\org.eclipse.justj.openjdk.hotspot.jre.full.win32.x86_64_17.0.5.v20221102-0933\jre\bin\awt.dll
0x00007ffeca710000 - 0x00007ffeca7a4000 	C:\WINDOWS\SYSTEM32\apphelp.dll
0x00007ffecae20000 - 0x00007ffecae4f000 	C:\WINDOWS\system32\DWMAPI.DLL
0x00007ffecab10000 - 0x00007ffecabae000 	C:\WINDOWS\system32\uxtheme.dll
0x00007ffead320000 - 0x00007ffead448000 	C:\WINDOWS\system32\opengl32.dll
0x00007ffeb05d0000 - 0x00007ffeb05fc000 	C:\WINDOWS\SYSTEM32\GLU32.dll
0x00007ffecf3b0000 - 0x00007ffecf4c5000 	C:\WINDOWS\System32\MSCTF.dll
0x00007ffece540000 - 0x00007ffece66b000 	C:\WINDOWS\System32\ole32.dll
0x00007ffe94100000 - 0x00007ffe942d1000 	C:\WINDOWS\system32\d3d9.dll
0x00007ffeb97b0000 - 0x00007ffeb9871000 	C:\WINDOWS\System32\DriverStore\FileRepository\nv_dispig.inf_amd64_0afec3f2050014a0\nvldumdx.dll
0x00007ffeccd60000 - 0x00007ffeccd72000 	C:\WINDOWS\SYSTEM32\msasn1.dll
0x00007ffec6b40000 - 0x00007ffec6b71000 	C:\WINDOWS\SYSTEM32\cryptnet.dll
0x00007ffecd920000 - 0x00007ffecda7d000 	C:\WINDOWS\System32\CRYPT32.dll
0x00007ffecca60000 - 0x00007ffecca6c000 	C:\WINDOWS\SYSTEM32\cryptbase.dll
0x00007ffec6bb0000 - 0x00007ffec6cf7000 	C:\WINDOWS\SYSTEM32\drvstore.dll
0x00007ffeccf30000 - 0x00007ffeccf63000 	C:\WINDOWS\SYSTEM32\devobj.dll
0x00007ffecd1a0000 - 0x00007ffecd1ee000 	C:\WINDOWS\System32\cfgmgr32.dll
0x00007ffecd8a0000 - 0x00007ffecd913000 	C:\WINDOWS\System32\wintrust.dll
0x00007ffecf390000 - 0x00007ffecf3ad000 	C:\WINDOWS\System32\imagehlp.dll
0x00007ffeccb30000 - 0x00007ffeccb48000 	C:\WINDOWS\SYSTEM32\CRYPTSP.dll
0x00007ffecc1a0000 - 0x00007ffecc1d8000 	C:\WINDOWS\system32\rsaenh.dll
0x00007ffeb7350000 - 0x00007ffeb933e000 	C:\WINDOWS\System32\DriverStore\FileRepository\nv_dispig.inf_amd64_0afec3f2050014a0\nvgpucomp64.dll
0x00007ffe98bb0000 - 0x00007ffe9a644000 	C:\WINDOWS\System32\DriverStore\FileRepository\nv_dispig.inf_amd64_0afec3f2050014a0\nvd3dumx.dll
0x00007ffecb9c0000 - 0x00007ffecb9e3000 	C:\WINDOWS\SYSTEM32\gpapi.dll
0x00007ffe92bd0000 - 0x00007ffe92d25000 	C:\WINDOWS\System32\DriverStore\FileRepository\nv_dispig.inf_amd64_0afec3f2050014a0\nvppex.dll
0x00007ffeb9770000 - 0x00007ffeb97ab000 	C:\WINDOWS\SYSTEM32\dxcore.dll
0x00007ffeae2a0000 - 0x00007ffeae326000 	C:\Users\Bogdan\.p2\pool\plugins\org.eclipse.justj.openjdk.hotspot.jre.full.win32.x86_64_17.0.5.v20221102-0933\jre\bin\freetype.dll
0x00007ffead870000 - 0x00007ffead935000 	C:\Users\Bogdan\.p2\pool\plugins\org.eclipse.justj.openjdk.hotspot.jre.full.win32.x86_64_17.0.5.v20221102-0933\jre\bin\fontmanager.dll
0x00007ffebc050000 - 0x00007ffebc149000 	C:\WINDOWS\SYSTEM32\textinputframework.dll
0x00007ffec9d50000 - 0x00007ffeca0ab000 	C:\WINDOWS\System32\CoreUIComponents.dll
0x00007ffeca470000 - 0x00007ffeca562000 	C:\WINDOWS\System32\CoreMessaging.dll
0x00007ffecc3f0000 - 0x00007ffecc423000 	C:\WINDOWS\SYSTEM32\ntmarta.dll
0x00007ffec8d70000 - 0x00007ffec8ec7000 	C:\WINDOWS\SYSTEM32\wintypes.dll

dbghelp: loaded successfully - version: 4.0.5 - missing functions: none
symbol engine: initialized successfully - sym options: 0x614 - pdb path: .;C:\Users\Bogdan\.p2\pool\plugins\org.eclipse.justj.openjdk.hotspot.jre.full.win32.x86_64_17.0.5.v20221102-0933\jre\bin;C:\WINDOWS\SYSTEM32;C:\WINDOWS\WinSxS\amd64_microsoft.windows.common-controls_6595b64144ccf1df_6.0.19041.4355_none_60b8b9eb71f62e16;C:\Users\Bogdan\.p2\pool\plugins\org.eclipse.justj.openjdk.hotspot.jre.full.win32.x86_64_17.0.5.v20221102-0933\jre\bin\server;C:\WINDOWS\System32\DriverStore\FileRepository\nv_dispig.inf_amd64_0afec3f2050014a0

VM Arguments:
jvm_args: -Dfile.encoding=UTF-8 --module-path=C:\Users\Bogdan\Desktop\personal\newproject\bin -XX:+ShowCodeDetailsInExceptionMessages -Djdk.module.main=newproject 
java_command: newproject/newproject.main
java_class_path (initial): <not set>
Launcher Type: SUN_STANDARD

[Global flags]
     intx CICompilerCount                          = 3                                         {product} {ergonomic}
     uint ConcGCThreads                            = 2                                         {product} {ergonomic}
     uint G1ConcRefinementThreads                  = 6                                         {product} {ergonomic}
   size_t G1HeapRegionSize                         = 2097152                                   {product} {ergonomic}
    uintx GCDrainStackTargetSize                   = 64                                        {product} {ergonomic}
   size_t InitialHeapSize                          = 268435456                                 {product} {ergonomic}
   size_t MarkStackSize                            = 4194304                                   {product} {ergonomic}
   size_t MaxHeapSize                              = 4276092928                                {product} {ergonomic}
   size_t MaxNewSize                               = 2564816896                                {product} {ergonomic}
   size_t MinHeapDeltaBytes                        = 2097152                                   {product} {ergonomic}
   size_t MinHeapSize                              = 8388608                                   {product} {ergonomic}
    uintx NonNMethodCodeHeapSize                   = 5832780                                {pd product} {ergonomic}
    uintx NonProfiledCodeHeapSize                  = 122912730                              {pd product} {ergonomic}
    uintx ProfiledCodeHeapSize                     = 122912730                              {pd product} {ergonomic}
    uintx ReservedCodeCacheSize                    = 251658240                              {pd product} {ergonomic}
     bool SegmentedCodeCache                       = true                                      {product} {ergonomic}
     bool ShowCodeDetailsInExceptionMessages       = true                                   {manageable} {command line}
   size_t SoftMaxHeapSize                          = 4276092928                             {manageable} {ergonomic}
     bool UseCompressedClassPointers               = true                           {product lp64_product} {ergonomic}
     bool UseCompressedOops                        = true                           {product lp64_product} {ergonomic}
     bool UseG1GC                                  = true                                      {product} {ergonomic}
     bool UseLargePagesIndividualAllocation        = false                                  {pd product} {ergonomic}

Logging:
Log output configuration:
 #0: stdout all=warning uptime,level,tags
 #1: stderr all=off uptime,level,tags

Environment Variables:
JAVA_HOME=C:\Users\Bogdan\AppData\Local\Coursier\cache\arc\https\github.com\adoptium\temurin11-binaries\releases\download\jdk-11.0.25%252B9\OpenJDK11U-jdk_x64_windows_hotspot_11.0.25_9.zip\jdk-11.0.25+9
PATH=C:/Users/Bogdan/.p2/pool/plugins/org.eclipse.justj.openjdk.hotspot.jre.full.win32.x86_64_17.0.5.v20221102-0933/jre/bin/server;C:/Users/Bogdan/.p2/pool/plugins/org.eclipse.justj.openjdk.hotspot.jre.full.win32.x86_64_17.0.5.v20221102-0933/jre/bin;C:\Program Files\Eclipse Adoptium\jdk-17.0.14.7-hotspot\bin;C:\Python313\Scripts\;C:\Python313\;C:\Program Files (x86)\Eclipse Adoptium\jdk-17.0.13.11-hotspot\bin;C:\Program Files\Common Files\Oracle\Java\javapath;C:\WINDOWS\system32;C:\WINDOWS;C:\WINDOWS\System32\Wbem;C:\WINDOWS\System32\WindowsPowerShell\v1.0\;C:\WINDOWS\System32\OpenSSH\;C:\Program Files\Java\jdk-23\bin;C:\Program Files (x86)\sbt\bin;C:\Program Files (x86)\Windows Kits\10\Windows Performance Toolkit\;C:\ProgramData\chocolatey\bin;C:\Program Files\scala-cli-x86_64-pc-win32\;C:\Program Files\nodejs\;C:\Program Files\dotnet\;C:\Program Files\LLVM\bin;C:\Program Files\Docker\Docker\resources\bin;C:\Program Files\Git\cmd;C:\Users\Bogdan\scoop\apps\llvm\current\bin;C:\Users\Bogdan\scoop\shims;C:\Users\Bogdan\AppData\Local\Microsoft\WindowsApps;C:\Users\Bogdan\AppData\Local\Coursier\cache\arc\https\github.com\adoptium\temurin11-binaries\releases\download\jdk-11.0.25%252B9\OpenJDK11U-jdk_x64_windows_hotspot_11.0.25_9.zip\jdk-11.0.25+9\bin;C:\Users\Bogdan\AppData\Local\Coursier\data\bin;C:\Users\Bogdan\AppData\Local\JetBrains\Toolbox\scripts;C:\Users\Bogdan\AppData\Roaming\npm;C:\Users\Bogdan\.dotnet\tools;C:\Users\Bogdan\Desktop;
USERNAME=Bogdan
OS=Windows_NT
PROCESSOR_IDENTIFIER=Intel64 Family 6 Model 158 Stepping 10, GenuineIntel
TMP=C:\Users\Bogdan\AppData\Local\Temp
TEMP=C:\Users\Bogdan\AppData\Local\Temp



---------------  S Y S T E M  ---------------

OS:
 Windows 10 , 64 bit Build 19041 (10.0.19041.5678)
OS uptime: 2 days 0:46 hours
Hyper-V role detected

CPU: total 6 (initial active 6) (6 cores per cpu, 1 threads per core) family 6 model 158 stepping 10 microcode 0xb4, cx8, cmov, fxsr, mmx, 3dnowpref, sse, sse2, sse3, ssse3, sse4.1, sse4.2, popcnt, lzcnt, tsc, tscinvbit, avx, avx2, aes, erms, clmul, bmi1, bmi2, adx, fma, vzeroupper, clflush, clflushopt, hv

Memory: 4k page, system-wide physical 16304M (1853M free)
TotalPageFile size 43257M (AvailPageFile size 4M)
current process WorkingSet (physical memory assigned to process): 131M, peak: 131M
current process commit charge ("private bytes"): 406M, peak: 407M

vm_info: OpenJDK 64-Bit Server VM (17.0.5+8) for windows-amd64 JRE (17.0.5+8), built on Oct 19 2022 04:48:13 by "temurin" with MS VC++ 16.7 (VS2019)

END.
