#
# A fatal error has been detected by the Java Runtime Environment:
#
#  EXCEPTION_ACCESS_VIOLATION (0xc0000005) at pc=0x00007ff86d23a8a9, pid=28440, tid=31408
#
# JRE version: OpenJDK Runtime Environment Temurin-17.0.5+8 (17.0.5+8) (build 17.0.5+8)
# Java VM: OpenJDK 64-Bit Server VM Temurin-17.0.5+8 (17.0.5+8, mixed mode, tiered, compressed oops, compressed class ptrs, g1 gc, windows-amd64)
# Problematic frame:
# C  [awt.dll+0xda8a9]
#
# No core dump will be written. Minidumps are not enabled by default on client versions of Windows
#
# If you would like to submit a bug report, please visit:
#   https://github.com/adoptium/adoptium-support/issues
# The crash happened outside the Java Virtual Machine in native code.
# See problematic frame for where to report the bug.
#

---------------  S U M M A R Y ------------

Command Line: -Dfile.encoding=UTF-8 --module-path=C:\Users\Bogdan\Desktop\personal\newproject\bin -XX:+ShowCodeDetailsInExceptionMessages -Djdk.module.main=newproject newproject/newproject.main

Host: Intel(R) Core(TM) i5-8400 CPU @ 2.80GHz, 6 cores, 15G,  Windows 10 , 64 bit Build 19041 (10.0.19041.5678)
Time: Sat May  3 08:24:35 2025 E. Europe Daylight Time elapsed time: 15492.397361 seconds (0d 4h 18m 12s)

---------------  T H R E A D  ---------------

Current thread (0x0000017254fa2d90):  JavaThread "AWT-Windows" daemon [_thread_in_native, id=31408, stack(0x00000016f8900000,0x00000016f8a00000)]

Stack: [0x00000016f8900000,0x00000016f8a00000],  sp=0x00000016f89fe0c0,  free space=1016k
Native frames: (J=compiled Java code, j=interpreted, Vv=VM code, C=native code)
C  [awt.dll+0xda8a9]

Java frames: (J=compiled Java code, j=interpreted, Vv=VM code)
j  sun.java2d.d3d.D3DGraphicsDevice.getDeviceCapsNative(I)I+0 java.desktop@17.0.5
j  sun.java2d.d3d.D3DGraphicsDevice$1.run()V+8 java.desktop@17.0.5
v  ~StubRoutines::call_stub
j  sun.awt.windows.WToolkit.eventLoop()V+0 java.desktop@17.0.5
j  sun.awt.windows.WToolkit.run()V+50 java.desktop@17.0.5
j  java.lang.Thread.run()V+11 java.base@17.0.5
v  ~StubRoutines::call_stub

siginfo: EXCEPTION_ACCESS_VIOLATION (0xc0000005), reading address 0x0000000000000028


Register to memory mapping:

RIP=0x00007ff86d23a8a9 awt.dll
RAX=0x0 is NULL
RBX=0x000001725e59f9e0 points into unknown readable memory: 0x000001725549c000 | 00 c0 49 55 72 01 00 00
RCX=0x0 is NULL
RDX=0x0 is NULL
RSP=0x00000016f89fe0c0 is pointing into the stack for thread: 0x0000017254fa2d90
RBP=0x00000016f89fe1c8 is pointing into the stack for thread: 0x0000017254fa2d90
RSI=0x00000016f89fe690 is pointing into the stack for thread: 0x0000017254fa2d90
RDI=0x0 is NULL
R8 =0x0000000000000001 is an unknown value
R9 =0x00000000000000dd is an unknown value
R10=0x000001723899d5f2 is at code_begin+946 in an Interpreter codelet
method entry point (kind = native)  [0x000001723899d240, 0x000001723899dbc0]  2432 bytes
R11=0x0000000713335920 is an oop: java.lang.Class 
{0x0000000713335920} - klass: 'java/lang/Class'
 - ---- fields (total size 15 words):
 - private volatile transient 'classRedefinedCount' 'I' @12  0
 - private volatile transient 'cachedConstructor' 'Ljava/lang/reflect/Constructor;' @40  NULL (0)
 - private transient 'name' 'Ljava/lang/String;' @44  "sun.java2d.d3d.D3DGraphicsDevice"{0x0000000713322328} (e2664465)
 - private transient 'module' 'Ljava/lang/Module;' @48  a 'java/lang/Module'{0x0000000713229168} (e264522d)
 - private final 'classLoader' 'Ljava/lang/ClassLoader;' @52  NULL (0)
 - private transient 'classData' 'Ljava/lang/Object;' @56  NULL (0)
 - private transient 'packageName' 'Ljava/lang/String;' @60  "sun.java2d.d3d"{0x0000000713232158} (e264642b)
 - private final 'componentType' 'Ljava/lang/Class;' @64  NULL (0)
 - private volatile transient 'reflectionData' 'Ljava/lang/ref/SoftReference;' @68  NULL (0)
 - private volatile transient 'genericInfo' 'Lsun/reflect/generics/repository/ClassRepository;' @72  NULL (0)
 - private volatile transient 'enumConstants' '[Ljava/lang/Object;' @76  NULL (0)
 - private volatile transient 'enumConstantDirectory' 'Ljava/util/Map;' @80  NULL (0)
 - private volatile transient 'annotationData' 'Ljava/lang/Class$AnnotationData;' @84  NULL (0)
 - private volatile transient 'annotationType' 'Lsun/reflect/annotation/AnnotationType;' @88  NULL (0)
 - transient 'classValueMap' 'Ljava/lang/ClassValue$ClassValueMap;' @92  NULL (0)
 - signature: Lsun/java2d/d3d/D3DGraphicsDevice;
 - fake entry for mirror: 'sun/java2d/d3d/D3DGraphicsDevice'
 - fake entry for array: NULL
 - fake entry for oop_size: 15
 - fake entry for static_oop_field_count: 0
 - private static 'd3dAvailable' 'Z' @112  true
R12=0x0 is NULL
R13={method} {0x0000017254b3e920} 'getDeviceCapsNative' '(I)I' in 'sun/java2d/d3d/D3DGraphicsDevice'
R14=0x00000016f89fe1e8 is pointing into the stack for thread: 0x0000017254fa2d90
R15=0x0000017254fa2d90 is a thread


Registers:
RAX=0x0000000000000000, RBX=0x000001725e59f9e0, RCX=0x0000000000000000, RDX=0x0000000000000000
RSP=0x00000016f89fe0c0, RBP=0x00000016f89fe1c8, RSI=0x00000016f89fe690, RDI=0x0000000000000000
R8 =0x0000000000000001, R9 =0x00000000000000dd, R10=0x000001723899d5f2, R11=0x0000000713335920
R12=0x0000000000000000, R13=0x0000017254b3e918, R14=0x00000016f89fe1e8, R15=0x0000017254fa2d90
RIP=0x00007ff86d23a8a9, EFLAGS=0x0000000000010246

Top of Stack: (sp=0x00000016f89fe0c0)
0x00000016f89fe0c0:   00007ff86d29a838 0000017254f59040
0x00000016f89fe0d0:   0000000000000000 0000000000000000
0x00000016f89fe0e0:   0000000000000000 00007ff86d17f930
0x00000016f89fe0f0:   0000017254f59040 000001725e59f9e0
0x00000016f89fe100:   0000fe704307900e 0000000000000000
0x00000016f89fe110:   0000017254f59040 00007ff86d17cd28
0x00000016f89fe120:   0000000000000018 000001725e214f60
0x00000016f89fe130:   00007ff86d25f638 00000000000000dd
0x00000016f89fe140:   0000017254fa2d90 000001723899d621
0x00000016f89fe150:   0000017254b3e918 0000001600000001
0x00000016f89fe160:   0000000000000009 00007ff81b0b5b1d
0x00000016f89fe170:   0000017255181d12 00007ff800000000
0x00000016f89fe180:   00000016f89fe180 0000000000000000
0x00000016f89fe190:   00000016f89fe1e8 0000017254b15320
0x00000016f89fe1a0:   0000000000000000 0000000713335920
0x00000016f89fe1b0:   0000017254b3e918 0000000000000000 

Instructions: (pc=0x00007ff86d23a8a9)
0x00007ff86d23a7a9:   cc cc cc cc cc cc cc 48 89 5c 24 08 48 89 6c 24
0x00007ff86d23a7b9:   10 48 89 74 24 18 57 48 83 ec 20 41 8b f8 0f b6
0x00007ff86d23a7c9:   f2 48 8b e9 e8 de dd f4 ff 48 8b d8 48 89 44 24
0x00007ff86d23a7d9:   48 41 b8 01 00 00 00 8b d7 48 8b c8 e8 46 dd f4
0x00007ff86d23a7e9:   ff 48 8b c8 44 0f b6 c6 48 8b d5 e8 97 fa ff ff
0x00007ff86d23a7f9:   48 8b f8 48 8b cb e8 ac de f4 ff 90 48 8b c7 48
0x00007ff86d23a809:   8b 5c 24 30 48 8b 6c 24 38 48 8b 74 24 40 48 83
0x00007ff86d23a819:   c4 20 5f c3 cc cc cc 48 8b 49 28 e9 47 07 00 00
0x00007ff86d23a829:   cc cc cc cc cc cc cc 48 89 5c 24 08 57 48 83 ec
0x00007ff86d23a839:   20 8b f9 e8 6f dd f4 ff 48 8b d8 48 89 44 24 38
0x00007ff86d23a849:   41 b8 01 00 00 00 8b d7 48 8b c8 e8 d7 dc f4 ff
0x00007ff86d23a859:   48 8b 08 8b 39 48 8b cb e8 4a de f4 ff 90 8b c7
0x00007ff86d23a869:   48 8b 5c 24 30 48 83 c4 20 5f c3 cc cc cc cc cc
0x00007ff86d23a879:   cc cc cc cc cc cc cc 48 89 5c 24 08 57 48 83 ec
0x00007ff86d23a889:   20 8b f9 e8 1f dd f4 ff 48 8b d8 48 89 44 24 38
0x00007ff86d23a899:   41 b8 01 00 00 00 8b d7 48 8b c8 e8 87 dc f4 ff
0x00007ff86d23a8a9:   48 8b 78 28 48 8b cb e8 fb dd f4 ff 90 48 8b c7
0x00007ff86d23a8b9:   48 8b 5c 24 30 48 83 c4 20 5f c3 cc cc cc cc cc
0x00007ff86d23a8c9:   cc cc cc cc cc cc cc 48 89 5c 24 08 57 48 83 ec
0x00007ff86d23a8d9:   20 8b f9 e8 cf dc f4 ff 48 8b d8 48 89 44 24 38
0x00007ff86d23a8e9:   41 b8 01 00 00 00 8b d7 48 8b c8 e8 37 dc f4 ff
0x00007ff86d23a8f9:   48 8b 78 30 48 8b cb e8 ab dd f4 ff 90 48 8b c7
0x00007ff86d23a909:   48 8b 5c 24 30 48 83 c4 20 5f c3 cc cc cc cc cc
0x00007ff86d23a919:   cc cc cc cc cc cc cc 48 89 5c 24 08 57 48 83 ec
0x00007ff86d23a929:   20 8b f9 e8 7f dc f4 ff 48 8b d8 48 89 44 24 38
0x00007ff86d23a939:   41 b8 01 00 00 00 8b d7 48 8b c8 e8 e7 db f4 ff
0x00007ff86d23a949:   48 8b 78 08 48 85 ff 74 07 48 8b bf 08 0c 00 00
0x00007ff86d23a959:   48 8b cb e8 4f dd f4 ff 90 48 8b c7 48 8b 5c 24
0x00007ff86d23a969:   30 48 83 c4 20 5f c3 f3 0f 10 41 48 c3 cc cc cc
0x00007ff86d23a979:   cc cc cc cc cc cc cc f3 0f 10 41 4c c3 cc cc cc
0x00007ff86d23a989:   cc cc cc cc cc cc cc 48 89 5c 24 10 48 89 6c 24
0x00007ff86d23a999:   18 48 89 74 24 20 57 48 81 ec 20 01 00 00 48 8b 


Stack slot to memory mapping:
stack at sp + 0 slots: 0x00007ff86d29a838 awt.dll
stack at sp + 1 slots: 0x0000017254f59040 points into unknown readable memory: 0x6e75735f00000001 | 01 00 00 00 5f 73 75 6e
stack at sp + 2 slots: 0x0 is NULL
stack at sp + 3 slots: 0x0 is NULL
stack at sp + 4 slots: 0x0 is NULL
stack at sp + 5 slots: 0x00007ff86d17f930 awt.dll
stack at sp + 6 slots: 0x0000017254f59040 points into unknown readable memory: 0x6e75735f00000001 | 01 00 00 00 5f 73 75 6e
stack at sp + 7 slots: 0x000001725e59f9e0 points into unknown readable memory: 0x000001725549c000 | 00 c0 49 55 72 01 00 00


---------------  P R O C E S S  ---------------

Threads class SMR info:
_java_thread_list=0x00000172552776e0, length=17, elements={
0x0000017254c52020, 0x0000017254c53430, 0x0000017254c3bef0, 0x0000017254c3c7b0,
0x0000017254c79430, 0x0000017254c79de0, 0x0000017254c7ef00, 0x0000017254c7f9a0,
0x0000017254c82b40, 0x0000017254dc0e30, 0x0000017254f19770, 0x0000017254f5cf40,
0x0000017254fa28c0, 0x0000017254fa2d90, 0x00000172555a3d10, 0x0000017233a2e960,
0x0000017254df54b0
}

Java Threads: ( => current thread )
  0x0000017254c52020 JavaThread "Reference Handler" daemon [_thread_blocked, id=34548, stack(0x00000016f7b00000,0x00000016f7c00000)]
  0x0000017254c53430 JavaThread "Finalizer" daemon [_thread_blocked, id=15492, stack(0x00000016f7c00000,0x00000016f7d00000)]
  0x0000017254c3bef0 JavaThread "Signal Dispatcher" daemon [_thread_blocked, id=3384, stack(0x00000016f7d00000,0x00000016f7e00000)]
  0x0000017254c3c7b0 JavaThread "Attach Listener" daemon [_thread_blocked, id=24820, stack(0x00000016f7e00000,0x00000016f7f00000)]
  0x0000017254c79430 JavaThread "Service Thread" daemon [_thread_blocked, id=368, stack(0x00000016f7f00000,0x00000016f8000000)]
  0x0000017254c79de0 JavaThread "Monitor Deflation Thread" daemon [_thread_blocked, id=26848, stack(0x00000016f8000000,0x00000016f8100000)]
  0x0000017254c7ef00 JavaThread "C2 CompilerThread0" daemon [_thread_blocked, id=24268, stack(0x00000016f8100000,0x00000016f8200000)]
  0x0000017254c7f9a0 JavaThread "C1 CompilerThread0" daemon [_thread_blocked, id=7440, stack(0x00000016f8200000,0x00000016f8300000)]
  0x0000017254c82b40 JavaThread "Sweeper thread" daemon [_thread_blocked, id=26708, stack(0x00000016f8300000,0x00000016f8400000)]
  0x0000017254dc0e30 JavaThread "Common-Cleaner" daemon [_thread_blocked, id=30220, stack(0x00000016f8400000,0x00000016f8500000)]
  0x0000017254f19770 JavaThread "Notification Thread" daemon [_thread_blocked, id=19724, stack(0x00000016f8500000,0x00000016f8600000)]
  0x0000017254f5cf40 JavaThread "Java2D Disposer" daemon [_thread_blocked, id=32252, stack(0x00000016f8700000,0x00000016f8800000)]
  0x0000017254fa28c0 JavaThread "AWT-Shutdown" [_thread_blocked, id=2120, stack(0x00000016f8800000,0x00000016f8900000)]
=>0x0000017254fa2d90 JavaThread "AWT-Windows" daemon [_thread_in_native, id=31408, stack(0x00000016f8900000,0x00000016f8a00000)]
  0x00000172555a3d10 JavaThread "AWT-EventQueue-0" [_thread_in_native, id=34200, stack(0x00000016f8d00000,0x00000016f8e00000)]
  0x0000017233a2e960 JavaThread "DestroyJavaVM" [_thread_blocked, id=27372, stack(0x00000016f7400000,0x00000016f7500000)]
  0x0000017254df54b0 JavaThread "D3D Screen Updater" daemon [_thread_blocked, id=25604, stack(0x00000016f8e00000,0x00000016f8f00000)]

Other Threads:
  0x000001725424d130 VMThread "VM Thread" [stack: 0x00000016f7a00000,0x00000016f7b00000] [id=26580]
  0x0000017254f362c0 WatcherThread [stack: 0x00000016f8600000,0x00000016f8700000] [id=27492]
  0x0000017233b6d4c0 GCTaskThread "GC Thread#0" [stack: 0x00000016f7500000,0x00000016f7600000] [id=5724]
  0x000001725e0fce50 GCTaskThread "GC Thread#1" [stack: 0x00000016f9000000,0x00000016f9100000] [id=12876]
  0x000001725e0fd100 GCTaskThread "GC Thread#2" [stack: 0x00000016f9100000,0x00000016f9200000] [id=10264]
  0x000001725e01d420 GCTaskThread "GC Thread#3" [stack: 0x00000016f9200000,0x00000016f9300000] [id=9148]
  0x000001725e01d6d0 GCTaskThread "GC Thread#4" [stack: 0x00000016f9300000,0x00000016f9400000] [id=19256]
  0x000001725e01d980 GCTaskThread "GC Thread#5" [stack: 0x00000016f9400000,0x00000016f9500000] [id=7296]
  0x0000017233b7ea70 ConcurrentGCThread "G1 Main Marker" [stack: 0x00000016f7600000,0x00000016f7700000] [id=30876]
  0x0000017233b7f480 ConcurrentGCThread "G1 Conc#0" [stack: 0x00000016f7700000,0x00000016f7800000] [id=15596]
  0x0000017233bcd1a0 ConcurrentGCThread "G1 Refine#0" [stack: 0x00000016f7800000,0x00000016f7900000] [id=30604]
  0x00000172540d4640 ConcurrentGCThread "G1 Service" [stack: 0x00000016f7900000,0x00000016f7a00000] [id=7700]

Threads with active compile tasks:

VM state: not at safepoint (normal execution)

VM Mutex/Monitor currently owned by a thread: None

Heap address: 0x0000000701200000, size: 4078 MB, Compressed Oops mode: Zero based, Oop shift amount: 3

CDS archive(s) not mapped
Compressed class space mapped at: 0x0000000800000000-0x0000000840000000, reserved size: 1073741824
Narrow klass base: 0x0000000800000000, Narrow klass shift: 0, Narrow klass range: 0x40000000

GC Precious Log:
 CPUs: 6 total, 6 available
 Memory: 16304M
 Large Page Support: Disabled
 NUMA Support: Disabled
 Compressed Oops: Enabled (Zero based)
 Heap Region Size: 2M
 Heap Min Capacity: 8M
 Heap Initial Capacity: 256M
 Heap Max Capacity: 4078M
 Pre-touch: Disabled
 Parallel Workers: 6
 Concurrent Workers: 2
 Concurrent Refinement Workers: 6
 Periodic GC: Disabled

Heap:
 garbage-first heap   total 378880K, used 153207K [0x0000000701200000, 0x0000000800000000)
  region size 2048K, 12 young (24576K), 1 survivors (2048K)
 Metaspace       used 13431K, committed 13632K, reserved 1064960K
  class space    used 1344K, committed 1472K, reserved 1048576K

Heap Regions: E=young(eden), S=young(survivor), O=old, HS=humongous(starts), HC=humongous(continues), CS=collection set, F=free, OA=open archive, CA=closed archive, TAMS=top-at-mark-start (previous, next)
|   0|0x0000000701200000, 0x0000000701400000, 0x0000000701400000|100%|HS|  |TAMS 0x0000000701200000, 0x0000000701200000| Complete 
|   1|0x0000000701400000, 0x0000000701600000, 0x0000000701600000|100%|HC|  |TAMS 0x0000000701400000, 0x0000000701400000| Complete 
|   2|0x0000000701600000, 0x0000000701800000, 0x0000000701800000|100%|HC|  |TAMS 0x0000000701600000, 0x0000000701600000| Complete 
|   3|0x0000000701800000, 0x0000000701a00000, 0x0000000701a00000|100%|HC|  |TAMS 0x0000000701800000, 0x0000000701800000| Complete 
|   4|0x0000000701a00000, 0x0000000701c00000, 0x0000000701c00000|100%|HC|  |TAMS 0x0000000701a00000, 0x0000000701a00000| Complete 
|   5|0x0000000701c00000, 0x0000000701e00000, 0x0000000701e00000|100%|HC|  |TAMS 0x0000000701c00000, 0x0000000701c00000| Complete 
|   6|0x0000000701e00000, 0x0000000702000000, 0x0000000702000000|100%|HC|  |TAMS 0x0000000701e00000, 0x0000000701e00000| Complete 
|   7|0x0000000702000000, 0x0000000702200000, 0x0000000702200000|100%|HC|  |TAMS 0x0000000702000000, 0x0000000702000000| Complete 
|   8|0x0000000702200000, 0x0000000702400000, 0x0000000702400000|100%|HS|  |TAMS 0x0000000702200000, 0x0000000702400000| Complete 
|   9|0x0000000702400000, 0x0000000702600000, 0x0000000702600000|100%|HC|  |TAMS 0x0000000702400000, 0x0000000702600000| Complete 
|  10|0x0000000702600000, 0x0000000702800000, 0x0000000702800000|100%|HC|  |TAMS 0x0000000702600000, 0x0000000702800000| Complete 
|  11|0x0000000702800000, 0x0000000702a00000, 0x0000000702a00000|100%|HC|  |TAMS 0x0000000702800000, 0x0000000702a00000| Complete 
|  12|0x0000000702a00000, 0x0000000702c00000, 0x0000000702c00000|100%|HS|  |TAMS 0x0000000702a00000, 0x0000000702a00000| Complete 
|  13|0x0000000702c00000, 0x0000000702e00000, 0x0000000702e00000|100%|HC|  |TAMS 0x0000000702c00000, 0x0000000702c00000| Complete 
|  14|0x0000000702e00000, 0x0000000703000000, 0x0000000703000000|100%|HC|  |TAMS 0x0000000702e00000, 0x0000000702e00000| Complete 
|  15|0x0000000703000000, 0x0000000703200000, 0x0000000703200000|100%|HC|  |TAMS 0x0000000703000000, 0x0000000703000000| Complete 
|  16|0x0000000703200000, 0x0000000703400000, 0x0000000703400000|100%|HS|  |TAMS 0x0000000703200000, 0x0000000703200000| Complete 
|  17|0x0000000703400000, 0x0000000703600000, 0x0000000703600000|100%|HC|  |TAMS 0x0000000703400000, 0x0000000703400000| Complete 
|  18|0x0000000703600000, 0x0000000703800000, 0x0000000703800000|100%|HC|  |TAMS 0x0000000703600000, 0x0000000703600000| Complete 
|  19|0x0000000703800000, 0x0000000703a00000, 0x0000000703a00000|100%|HC|  |TAMS 0x0000000703800000, 0x0000000703800000| Complete 
|  20|0x0000000703a00000, 0x0000000703c00000, 0x0000000703c00000|100%|HC|  |TAMS 0x0000000703a00000, 0x0000000703a00000| Complete 
|  21|0x0000000703c00000, 0x0000000703e00000, 0x0000000703e00000|100%|HC|  |TAMS 0x0000000703c00000, 0x0000000703c00000| Complete 
|  22|0x0000000703e00000, 0x0000000704000000, 0x0000000704000000|100%|HC|  |TAMS 0x0000000703e00000, 0x0000000703e00000| Complete 
|  23|0x0000000704000000, 0x0000000704200000, 0x0000000704200000|100%|HC|  |TAMS 0x0000000704000000, 0x0000000704000000| Complete 
|  24|0x0000000704200000, 0x0000000704400000, 0x0000000704400000|100%|HS|  |TAMS 0x0000000704200000, 0x0000000704200000| Complete 
|  25|0x0000000704400000, 0x0000000704600000, 0x0000000704600000|100%|HC|  |TAMS 0x0000000704400000, 0x0000000704400000| Complete 
|  26|0x0000000704600000, 0x0000000704800000, 0x0000000704800000|100%|HC|  |TAMS 0x0000000704600000, 0x0000000704600000| Complete 
|  27|0x0000000704800000, 0x0000000704a00000, 0x0000000704a00000|100%|HC|  |TAMS 0x0000000704800000, 0x0000000704800000| Complete 
|  28|0x0000000704a00000, 0x0000000704c00000, 0x0000000704c00000|100%|HS|  |TAMS 0x0000000704a00000, 0x0000000704c00000| Complete 
|  29|0x0000000704c00000, 0x0000000704e00000, 0x0000000704e00000|100%|HC|  |TAMS 0x0000000704c00000, 0x0000000704e00000| Complete 
|  30|0x0000000704e00000, 0x0000000705000000, 0x0000000705000000|100%|HC|  |TAMS 0x0000000704e00000, 0x0000000705000000| Complete 
|  31|0x0000000705000000, 0x0000000705200000, 0x0000000705200000|100%|HC|  |TAMS 0x0000000705000000, 0x0000000705200000| Complete 
|  32|0x0000000705200000, 0x0000000705400000, 0x0000000705400000|100%|HS|  |TAMS 0x0000000705200000, 0x0000000705200000| Complete 
|  33|0x0000000705400000, 0x0000000705600000, 0x0000000705600000|100%|HC|  |TAMS 0x0000000705400000, 0x0000000705400000| Complete 
|  34|0x0000000705600000, 0x0000000705800000, 0x0000000705800000|100%|HC|  |TAMS 0x0000000705600000, 0x0000000705600000| Complete 
|  35|0x0000000705800000, 0x0000000705a00000, 0x0000000705a00000|100%|HC|  |TAMS 0x0000000705800000, 0x0000000705800000| Complete 
|  36|0x0000000705a00000, 0x0000000705c00000, 0x0000000705c00000|100%|HC|  |TAMS 0x0000000705a00000, 0x0000000705a00000| Complete 
|  37|0x0000000705c00000, 0x0000000705e00000, 0x0000000705e00000|100%|HC|  |TAMS 0x0000000705c00000, 0x0000000705c00000| Complete 
|  38|0x0000000705e00000, 0x0000000706000000, 0x0000000706000000|100%|HC|  |TAMS 0x0000000705e00000, 0x0000000705e00000| Complete 
|  39|0x0000000706000000, 0x0000000706200000, 0x0000000706200000|100%|HC|  |TAMS 0x0000000706000000, 0x0000000706000000| Complete 
|  40|0x0000000706200000, 0x0000000706400000, 0x0000000706400000|100%|HS|  |TAMS 0x0000000706200000, 0x0000000706400000| Complete 
|  41|0x0000000706400000, 0x0000000706600000, 0x0000000706600000|100%|HC|  |TAMS 0x0000000706400000, 0x0000000706600000| Complete 
|  42|0x0000000706600000, 0x0000000706800000, 0x0000000706800000|100%|HC|  |TAMS 0x0000000706600000, 0x0000000706800000| Complete 
|  43|0x0000000706800000, 0x0000000706a00000, 0x0000000706a00000|100%|HC|  |TAMS 0x0000000706800000, 0x0000000706a00000| Complete 
|  44|0x0000000706a00000, 0x0000000706c00000, 0x0000000706c00000|100%|HS|  |TAMS 0x0000000706a00000, 0x0000000706a00000| Complete 
|  45|0x0000000706c00000, 0x0000000706e00000, 0x0000000706e00000|100%|HC|  |TAMS 0x0000000706c00000, 0x0000000706c00000| Complete 
|  46|0x0000000706e00000, 0x0000000707000000, 0x0000000707000000|100%|HC|  |TAMS 0x0000000706e00000, 0x0000000706e00000| Complete 
|  47|0x0000000707000000, 0x0000000707200000, 0x0000000707200000|100%|HC|  |TAMS 0x0000000707000000, 0x0000000707000000| Complete 
|  48|0x0000000707200000, 0x0000000707400000, 0x0000000707400000|100%|HS|  |TAMS 0x0000000707200000, 0x0000000707200000| Complete 
|  49|0x0000000707400000, 0x0000000707600000, 0x0000000707600000|100%|HC|  |TAMS 0x0000000707400000, 0x0000000707400000| Complete 
|  50|0x0000000707600000, 0x0000000707800000, 0x0000000707800000|100%|HC|  |TAMS 0x0000000707600000, 0x0000000707600000| Complete 
|  51|0x0000000707800000, 0x0000000707a00000, 0x0000000707a00000|100%|HC|  |TAMS 0x0000000707800000, 0x0000000707800000| Complete 
|  52|0x0000000707a00000, 0x0000000707c00000, 0x0000000707c00000|100%|HC|  |TAMS 0x0000000707a00000, 0x0000000707a00000| Complete 
|  53|0x0000000707c00000, 0x0000000707e00000, 0x0000000707e00000|100%|HC|  |TAMS 0x0000000707c00000, 0x0000000707c00000| Complete 
|  54|0x0000000707e00000, 0x0000000708000000, 0x0000000708000000|100%|HC|  |TAMS 0x0000000707e00000, 0x0000000707e00000| Complete 
|  55|0x0000000708000000, 0x0000000708200000, 0x0000000708200000|100%|HC|  |TAMS 0x0000000708000000, 0x0000000708000000| Complete 
|  56|0x0000000708200000, 0x0000000708400000, 0x0000000708400000|100%|HS|  |TAMS 0x0000000708200000, 0x0000000708400000| Complete 
|  57|0x0000000708400000, 0x0000000708600000, 0x0000000708600000|100%|HC|  |TAMS 0x0000000708400000, 0x0000000708600000| Complete 
|  58|0x0000000708600000, 0x0000000708800000, 0x0000000708800000|100%|HC|  |TAMS 0x0000000708600000, 0x0000000708800000| Complete 
|  59|0x0000000708800000, 0x0000000708a00000, 0x0000000708a00000|100%|HC|  |TAMS 0x0000000708800000, 0x0000000708a00000| Complete 
|  60|0x0000000708a00000, 0x0000000708a00000, 0x0000000708c00000|  0%| F|  |TAMS 0x0000000708a00000, 0x0000000708a00000| Untracked 
|  61|0x0000000708c00000, 0x0000000708c00000, 0x0000000708e00000|  0%| F|  |TAMS 0x0000000708c00000, 0x0000000708c00000| Untracked 
|  62|0x0000000708e00000, 0x0000000708e00000, 0x0000000709000000|  0%| F|  |TAMS 0x0000000708e00000, 0x0000000708e00000| Untracked 
|  63|0x0000000709000000, 0x0000000709000000, 0x0000000709200000|  0%| F|  |TAMS 0x0000000709000000, 0x0000000709000000| Untracked 
|  64|0x0000000709200000, 0x0000000709400000, 0x0000000709400000|100%|HS|  |TAMS 0x0000000709200000, 0x0000000709400000| Complete 
|  65|0x0000000709400000, 0x0000000709600000, 0x0000000709600000|100%|HC|  |TAMS 0x0000000709400000, 0x0000000709600000| Complete 
|  66|0x0000000709600000, 0x0000000709800000, 0x0000000709800000|100%|HC|  |TAMS 0x0000000709600000, 0x0000000709800000| Complete 
|  67|0x0000000709800000, 0x0000000709a00000, 0x0000000709a00000|100%|HC|  |TAMS 0x0000000709800000, 0x0000000709a00000| Complete 
|  68|0x0000000709a00000, 0x0000000709a00000, 0x0000000709c00000|  0%| F|  |TAMS 0x0000000709a00000, 0x0000000709a00000| Untracked 
|  69|0x0000000709c00000, 0x0000000709c00000, 0x0000000709e00000|  0%| F|  |TAMS 0x0000000709c00000, 0x0000000709c00000| Untracked 
|  70|0x0000000709e00000, 0x0000000709e00000, 0x000000070a000000|  0%| F|  |TAMS 0x0000000709e00000, 0x0000000709e00000| Untracked 
|  71|0x000000070a000000, 0x000000070a000000, 0x000000070a200000|  0%| F|  |TAMS 0x000000070a000000, 0x000000070a000000| Untracked 
|  72|0x000000070a200000, 0x000000070a200000, 0x000000070a400000|  0%| F|  |TAMS 0x000000070a200000, 0x000000070a200000| Untracked 
|  73|0x000000070a400000, 0x000000070a400000, 0x000000070a600000|  0%| F|  |TAMS 0x000000070a400000, 0x000000070a400000| Untracked 
|  74|0x000000070a600000, 0x000000070a600000, 0x000000070a800000|  0%| F|  |TAMS 0x000000070a600000, 0x000000070a600000| Untracked 
|  75|0x000000070a800000, 0x000000070a800000, 0x000000070aa00000|  0%| F|  |TAMS 0x000000070a800000, 0x000000070a800000| Untracked 
|  76|0x000000070aa00000, 0x000000070aa00000, 0x000000070ac00000|  0%| F|  |TAMS 0x000000070aa00000, 0x000000070aa00000| Untracked 
|  77|0x000000070ac00000, 0x000000070ac00000, 0x000000070ae00000|  0%| F|  |TAMS 0x000000070ac00000, 0x000000070ac00000| Untracked 
|  78|0x000000070ae00000, 0x000000070ae00000, 0x000000070b000000|  0%| F|  |TAMS 0x000000070ae00000, 0x000000070ae00000| Untracked 
|  79|0x000000070b000000, 0x000000070b000000, 0x000000070b200000|  0%| F|  |TAMS 0x000000070b000000, 0x000000070b000000| Untracked 
|  80|0x000000070b200000, 0x000000070b200000, 0x000000070b400000|  0%| F|  |TAMS 0x000000070b200000, 0x000000070b200000| Untracked 
|  81|0x000000070b400000, 0x000000070b400000, 0x000000070b600000|  0%| F|  |TAMS 0x000000070b400000, 0x000000070b400000| Untracked 
|  82|0x000000070b600000, 0x000000070b600000, 0x000000070b800000|  0%| F|  |TAMS 0x000000070b600000, 0x000000070b600000| Untracked 
|  83|0x000000070b800000, 0x000000070b800000, 0x000000070ba00000|  0%| F|  |TAMS 0x000000070b800000, 0x000000070b800000| Untracked 
|  84|0x000000070ba00000, 0x000000070ba00000, 0x000000070bc00000|  0%| F|  |TAMS 0x000000070ba00000, 0x000000070ba00000| Untracked 
|  85|0x000000070bc00000, 0x000000070bc00000, 0x000000070be00000|  0%| F|  |TAMS 0x000000070bc00000, 0x000000070bc00000| Untracked 
|  86|0x000000070be00000, 0x000000070be00000, 0x000000070c000000|  0%| F|  |TAMS 0x000000070be00000, 0x000000070be00000| Untracked 
|  87|0x000000070c000000, 0x000000070c000000, 0x000000070c200000|  0%| F|  |TAMS 0x000000070c000000, 0x000000070c000000| Untracked 
|  88|0x000000070c200000, 0x000000070c200000, 0x000000070c400000|  0%| F|  |TAMS 0x000000070c200000, 0x000000070c200000| Untracked 
|  89|0x000000070c400000, 0x000000070c400000, 0x000000070c600000|  0%| F|  |TAMS 0x000000070c400000, 0x000000070c400000| Untracked 
|  90|0x000000070c600000, 0x000000070c600000, 0x000000070c800000|  0%| F|  |TAMS 0x000000070c600000, 0x000000070c600000| Untracked 
|  91|0x000000070c800000, 0x000000070c800000, 0x000000070ca00000|  0%| F|  |TAMS 0x000000070c800000, 0x000000070c800000| Untracked 
|  92|0x000000070ca00000, 0x000000070ca00000, 0x000000070cc00000|  0%| F|  |TAMS 0x000000070ca00000, 0x000000070ca00000| Untracked 
|  93|0x000000070cc00000, 0x000000070cc00000, 0x000000070ce00000|  0%| F|  |TAMS 0x000000070cc00000, 0x000000070cc00000| Untracked 
|  94|0x000000070ce00000, 0x000000070ce00000, 0x000000070d000000|  0%| F|  |TAMS 0x000000070ce00000, 0x000000070ce00000| Untracked 
|  95|0x000000070d000000, 0x000000070d000000, 0x000000070d200000|  0%| F|  |TAMS 0x000000070d000000, 0x000000070d000000| Untracked 
|  96|0x000000070d200000, 0x000000070d200000, 0x000000070d400000|  0%| F|  |TAMS 0x000000070d200000, 0x000000070d200000| Untracked 
|  97|0x000000070d400000, 0x000000070d400000, 0x000000070d600000|  0%| F|  |TAMS 0x000000070d400000, 0x000000070d400000| Untracked 
|  98|0x000000070d600000, 0x000000070d600000, 0x000000070d800000|  0%| F|  |TAMS 0x000000070d600000, 0x000000070d600000| Untracked 
|  99|0x000000070d800000, 0x000000070d800000, 0x000000070da00000|  0%| F|  |TAMS 0x000000070d800000, 0x000000070d800000| Untracked 
| 100|0x000000070da00000, 0x000000070da00000, 0x000000070dc00000|  0%| F|  |TAMS 0x000000070da00000, 0x000000070da00000| Untracked 
| 101|0x000000070dc00000, 0x000000070dc00000, 0x000000070de00000|  0%| F|  |TAMS 0x000000070dc00000, 0x000000070dc00000| Untracked 
| 102|0x000000070de00000, 0x000000070de00000, 0x000000070e000000|  0%| F|  |TAMS 0x000000070de00000, 0x000000070de00000| Untracked 
| 103|0x000000070e000000, 0x000000070e000000, 0x000000070e200000|  0%| F|  |TAMS 0x000000070e000000, 0x000000070e000000| Untracked 
| 104|0x000000070e200000, 0x000000070e200000, 0x000000070e400000|  0%| F|  |TAMS 0x000000070e200000, 0x000000070e200000| Untracked 
| 105|0x000000070e400000, 0x000000070e400000, 0x000000070e600000|  0%| F|  |TAMS 0x000000070e400000, 0x000000070e400000| Untracked 
| 106|0x000000070e600000, 0x000000070e600000, 0x000000070e800000|  0%| F|  |TAMS 0x000000070e600000, 0x000000070e600000| Untracked 
| 107|0x000000070e800000, 0x000000070e800000, 0x000000070ea00000|  0%| F|  |TAMS 0x000000070e800000, 0x000000070e800000| Untracked 
| 108|0x000000070ea00000, 0x000000070ea00000, 0x000000070ec00000|  0%| F|  |TAMS 0x000000070ea00000, 0x000000070ea00000| Untracked 
| 109|0x000000070ec00000, 0x000000070ec00000, 0x000000070ee00000|  0%| F|  |TAMS 0x000000070ec00000, 0x000000070ec00000| Untracked 
| 110|0x000000070ee00000, 0x000000070ee00000, 0x000000070f000000|  0%| F|  |TAMS 0x000000070ee00000, 0x000000070ee00000| Untracked 
| 111|0x000000070f000000, 0x000000070f000000, 0x000000070f200000|  0%| F|  |TAMS 0x000000070f000000, 0x000000070f000000| Untracked 
| 112|0x000000070f200000, 0x000000070f200000, 0x000000070f400000|  0%| F|  |TAMS 0x000000070f200000, 0x000000070f200000| Untracked 
| 113|0x000000070f400000, 0x000000070f400000, 0x000000070f600000|  0%| F|  |TAMS 0x000000070f400000, 0x000000070f400000| Untracked 
| 114|0x000000070f600000, 0x000000070f600000, 0x000000070f800000|  0%| F|  |TAMS 0x000000070f600000, 0x000000070f600000| Untracked 
| 115|0x000000070f800000, 0x000000070f800000, 0x000000070fa00000|  0%| F|  |TAMS 0x000000070f800000, 0x000000070f800000| Untracked 
| 116|0x000000070fa00000, 0x000000070fa00000, 0x000000070fc00000|  0%| F|  |TAMS 0x000000070fa00000, 0x000000070fa00000| Untracked 
| 117|0x000000070fc00000, 0x000000070fc00000, 0x000000070fe00000|  0%| F|  |TAMS 0x000000070fc00000, 0x000000070fc00000| Untracked 
| 118|0x000000070fe00000, 0x000000070fe00000, 0x0000000710000000|  0%| F|  |TAMS 0x000000070fe00000, 0x000000070fe00000| Untracked 
| 119|0x0000000710000000, 0x0000000710000000, 0x0000000710200000|  0%| F|  |TAMS 0x0000000710000000, 0x0000000710000000| Untracked 
| 120|0x0000000710200000, 0x0000000710200000, 0x0000000710400000|  0%| F|  |TAMS 0x0000000710200000, 0x0000000710200000| Untracked 
| 121|0x0000000710400000, 0x0000000710400000, 0x0000000710600000|  0%| F|  |TAMS 0x0000000710400000, 0x0000000710400000| Untracked 
| 122|0x0000000710600000, 0x0000000710600000, 0x0000000710800000|  0%| F|  |TAMS 0x0000000710600000, 0x0000000710600000| Untracked 
| 123|0x0000000710800000, 0x0000000710800000, 0x0000000710a00000|  0%| F|  |TAMS 0x0000000710800000, 0x0000000710800000| Untracked 
| 124|0x0000000710a00000, 0x0000000710a00000, 0x0000000710c00000|  0%| F|  |TAMS 0x0000000710a00000, 0x0000000710a00000| Untracked 
| 125|0x0000000710c00000, 0x0000000710c00000, 0x0000000710e00000|  0%| F|  |TAMS 0x0000000710c00000, 0x0000000710c00000| Untracked 
| 126|0x0000000710e00000, 0x0000000710e00000, 0x0000000711000000|  0%| F|  |TAMS 0x0000000710e00000, 0x0000000710e00000| Untracked 
| 127|0x0000000711000000, 0x0000000711000000, 0x0000000711200000|  0%| F|  |TAMS 0x0000000711000000, 0x0000000711000000| Untracked 
| 128|0x0000000711200000, 0x0000000711200000, 0x0000000711400000|  0%| F|  |TAMS 0x0000000711200000, 0x0000000711200000| Untracked 
| 129|0x0000000711400000, 0x0000000711400000, 0x0000000711600000|  0%| F|  |TAMS 0x0000000711400000, 0x0000000711400000| Untracked 
| 130|0x0000000711600000, 0x0000000711600000, 0x0000000711800000|  0%| F|  |TAMS 0x0000000711600000, 0x0000000711600000| Untracked 
| 131|0x0000000711800000, 0x0000000711800000, 0x0000000711a00000|  0%| F|  |TAMS 0x0000000711800000, 0x0000000711800000| Untracked 
| 132|0x0000000711a00000, 0x0000000711a00000, 0x0000000711c00000|  0%| F|  |TAMS 0x0000000711a00000, 0x0000000711a00000| Untracked 
| 133|0x0000000711c00000, 0x0000000711c00000, 0x0000000711e00000|  0%| F|  |TAMS 0x0000000711c00000, 0x0000000711c00000| Untracked 
| 134|0x0000000711e00000, 0x0000000711e00000, 0x0000000712000000|  0%| F|  |TAMS 0x0000000711e00000, 0x0000000711e00000| Untracked 
| 135|0x0000000712000000, 0x0000000712000000, 0x0000000712200000|  0%| F|  |TAMS 0x0000000712000000, 0x0000000712000000| Untracked 
| 136|0x0000000712200000, 0x0000000712200000, 0x0000000712400000|  0%| F|  |TAMS 0x0000000712200000, 0x0000000712200000| Untracked 
| 137|0x0000000712400000, 0x0000000712400000, 0x0000000712600000|  0%| F|  |TAMS 0x0000000712400000, 0x0000000712400000| Untracked 
| 138|0x0000000712600000, 0x0000000712600000, 0x0000000712800000|  0%| F|  |TAMS 0x0000000712600000, 0x0000000712600000| Untracked 
| 139|0x0000000712800000, 0x0000000712800000, 0x0000000712a00000|  0%| F|  |TAMS 0x0000000712800000, 0x0000000712800000| Untracked 
| 140|0x0000000712a00000, 0x0000000712a00000, 0x0000000712c00000|  0%| F|  |TAMS 0x0000000712a00000, 0x0000000712a00000| Untracked 
| 141|0x0000000712c00000, 0x0000000712c00000, 0x0000000712e00000|  0%| F|  |TAMS 0x0000000712c00000, 0x0000000712c00000| Untracked 
| 142|0x0000000712e00000, 0x0000000712e00000, 0x0000000713000000|  0%| F|  |TAMS 0x0000000712e00000, 0x0000000712e00000| Untracked 
| 143|0x0000000713000000, 0x0000000713000000, 0x0000000713200000|  0%| F|  |TAMS 0x0000000713000000, 0x0000000713000000| Untracked 
| 144|0x0000000713200000, 0x000000071339dca8, 0x0000000713400000| 80%| S|CS|TAMS 0x0000000713200000, 0x0000000713200000| Complete 
| 145|0x0000000713400000, 0x0000000713400000, 0x0000000713600000|  0%| F|  |TAMS 0x0000000713400000, 0x0000000713400000| Untracked 
| 146|0x0000000713600000, 0x0000000713600000, 0x0000000713800000|  0%| F|  |TAMS 0x0000000713600000, 0x0000000713600000| Untracked 
| 147|0x0000000713800000, 0x0000000713800000, 0x0000000713a00000|  0%| F|  |TAMS 0x0000000713800000, 0x0000000713800000| Untracked 
| 148|0x0000000713a00000, 0x0000000713a00000, 0x0000000713c00000|  0%| F|  |TAMS 0x0000000713a00000, 0x0000000713a00000| Untracked 
| 149|0x0000000713c00000, 0x0000000713c00000, 0x0000000713e00000|  0%| F|  |TAMS 0x0000000713c00000, 0x0000000713c00000| Untracked 
| 150|0x0000000713e00000, 0x0000000713e00000, 0x0000000714000000|  0%| F|  |TAMS 0x0000000713e00000, 0x0000000713e00000| Untracked 
| 151|0x0000000714000000, 0x0000000714000000, 0x0000000714200000|  0%| F|  |TAMS 0x0000000714000000, 0x0000000714000000| Untracked 
| 152|0x0000000714200000, 0x0000000714200000, 0x0000000714400000|  0%| F|  |TAMS 0x0000000714200000, 0x0000000714200000| Untracked 
| 153|0x0000000714400000, 0x0000000714400000, 0x0000000714600000|  0%| F|  |TAMS 0x0000000714400000, 0x0000000714400000| Untracked 
| 154|0x0000000714600000, 0x0000000714600000, 0x0000000714800000|  0%| F|  |TAMS 0x0000000714600000, 0x0000000714600000| Untracked 
| 155|0x0000000714800000, 0x0000000714800000, 0x0000000714a00000|  0%| F|  |TAMS 0x0000000714800000, 0x0000000714800000| Untracked 
| 156|0x0000000714a00000, 0x0000000714a00000, 0x0000000714c00000|  0%| F|  |TAMS 0x0000000714a00000, 0x0000000714a00000| Untracked 
| 157|0x0000000714c00000, 0x0000000714c00000, 0x0000000714e00000|  0%| F|  |TAMS 0x0000000714c00000, 0x0000000714c00000| Untracked 
| 158|0x0000000714e00000, 0x0000000714e00000, 0x0000000715000000|  0%| F|  |TAMS 0x0000000714e00000, 0x0000000714e00000| Untracked 
| 159|0x0000000715000000, 0x0000000715000000, 0x0000000715200000|  0%| F|  |TAMS 0x0000000715000000, 0x0000000715000000| Untracked 
| 160|0x0000000715200000, 0x0000000715200000, 0x0000000715400000|  0%| F|  |TAMS 0x0000000715200000, 0x0000000715200000| Untracked 
| 161|0x0000000715400000, 0x0000000715400000, 0x0000000715600000|  0%| F|  |TAMS 0x0000000715400000, 0x0000000715400000| Untracked 
| 162|0x0000000715600000, 0x0000000715600000, 0x0000000715800000|  0%| F|  |TAMS 0x0000000715600000, 0x0000000715600000| Untracked 
| 163|0x0000000715800000, 0x0000000715800000, 0x0000000715a00000|  0%| F|  |TAMS 0x0000000715800000, 0x0000000715800000| Untracked 
| 164|0x0000000715a00000, 0x0000000715a00000, 0x0000000715c00000|  0%| F|  |TAMS 0x0000000715a00000, 0x0000000715a00000| Untracked 
| 165|0x0000000715c00000, 0x0000000715c00000, 0x0000000715e00000|  0%| F|  |TAMS 0x0000000715c00000, 0x0000000715c00000| Untracked 
| 166|0x0000000715e00000, 0x0000000715e00000, 0x0000000716000000|  0%| F|  |TAMS 0x0000000715e00000, 0x0000000715e00000| Untracked 
| 167|0x0000000716000000, 0x0000000716000000, 0x0000000716200000|  0%| F|  |TAMS 0x0000000716000000, 0x0000000716000000| Untracked 
| 168|0x0000000716200000, 0x0000000716200000, 0x0000000716400000|  0%| F|  |TAMS 0x0000000716200000, 0x0000000716200000| Untracked 
| 169|0x0000000716400000, 0x0000000716400000, 0x0000000716600000|  0%| F|  |TAMS 0x0000000716400000, 0x0000000716400000| Untracked 
| 170|0x0000000716600000, 0x0000000716600000, 0x0000000716800000|  0%| F|  |TAMS 0x0000000716600000, 0x0000000716600000| Untracked 
| 171|0x0000000716800000, 0x0000000716800000, 0x0000000716a00000|  0%| F|  |TAMS 0x0000000716800000, 0x0000000716800000| Untracked 
| 172|0x0000000716a00000, 0x0000000716a00000, 0x0000000716c00000|  0%| F|  |TAMS 0x0000000716a00000, 0x0000000716a00000| Untracked 
| 173|0x0000000716c00000, 0x0000000716c00000, 0x0000000716e00000|  0%| F|  |TAMS 0x0000000716c00000, 0x0000000716c00000| Untracked 
| 174|0x0000000716e00000, 0x0000000716f00800, 0x0000000717000000| 50%| E|  |TAMS 0x0000000716e00000, 0x0000000716e00000| Complete 
| 175|0x0000000717000000, 0x0000000717200000, 0x0000000717200000|100%| E|CS|TAMS 0x0000000717000000, 0x0000000717000000| Complete 
| 176|0x0000000717200000, 0x0000000717400000, 0x0000000717400000|100%| E|CS|TAMS 0x0000000717200000, 0x0000000717200000| Complete 
| 177|0x0000000717400000, 0x0000000717600000, 0x0000000717600000|100%| E|CS|TAMS 0x0000000717400000, 0x0000000717400000| Complete 
| 178|0x0000000717600000, 0x0000000717800000, 0x0000000717800000|100%| E|CS|TAMS 0x0000000717600000, 0x0000000717600000| Complete 
| 179|0x0000000717800000, 0x0000000717a00000, 0x0000000717a00000|100%| E|CS|TAMS 0x0000000717800000, 0x0000000717800000| Complete 
| 180|0x0000000717a00000, 0x0000000717c00000, 0x0000000717c00000|100%| E|CS|TAMS 0x0000000717a00000, 0x0000000717a00000| Complete 
| 181|0x0000000717c00000, 0x0000000717e00000, 0x0000000717e00000|100%| E|CS|TAMS 0x0000000717c00000, 0x0000000717c00000| Complete 
| 182|0x0000000717e00000, 0x0000000718000000, 0x0000000718000000|100%| E|CS|TAMS 0x0000000717e00000, 0x0000000717e00000| Complete 
| 183|0x0000000718000000, 0x0000000718200000, 0x0000000718200000|100%| E|CS|TAMS 0x0000000718000000, 0x0000000718000000| Complete 
| 184|0x0000000718200000, 0x0000000718400000, 0x0000000718400000|100%| E|CS|TAMS 0x0000000718200000, 0x0000000718200000| Complete 

Card table byte_map: [0x00000172489e0000,0x00000172491e0000] _byte_map_base: 0x00000172451d7000

Marking Bits (Prev, Next): (CMBitMap*) 0x0000017233b6dad0, (CMBitMap*) 0x0000017233b6db10
 Prev Bits: [0x00000172499e0000, 0x000001724d998000)
 Next Bits: [0x000001724d9a0000, 0x0000017251958000)

Polling page: 0x0000017233bd0000

Metaspace:

Usage:
  Non-class:     11.80 MB used.
      Class:      1.31 MB used.
       Both:     13.12 MB used.

Virtual space:
  Non-class space:       16.00 MB reserved,      11.88 MB ( 74%) committed,  2 nodes.
      Class space:        1.00 GB reserved,       1.44 MB ( <1%) committed,  1 nodes.
             Both:        1.02 GB reserved,      13.31 MB (  1%) committed. 

Chunk freelists:
   Non-Class:  71.00 KB
       Class:  2.61 MB
        Both:  2.68 MB

MaxMetaspaceSize: unlimited
CompressedClassSpaceSize: 1.00 GB
Initial GC threshold: 21.00 MB
Current GC threshold: 21.00 MB
CDS: off
MetaspaceReclaimPolicy: balanced
 - commit_granule_bytes: 65536.
 - commit_granule_words: 8192.
 - virtual_space_node_default_size: 1048576.
 - enlarge_chunks_in_place: 1.
 - new_chunks_are_fully_committed: 0.
 - uncommit_free_chunks: 1.
 - use_allocation_guard: 0.
 - handle_deallocations: 1.


Internal statistics:

num_allocs_failed_limit: 0.
num_arena_births: 108.
num_arena_deaths: 0.
num_vsnodes_births: 3.
num_vsnodes_deaths: 0.
num_space_committed: 213.
num_space_uncommitted: 0.
num_chunks_returned_to_freelist: 0.
num_chunks_taken_from_freelist: 181.
num_chunk_merges: 0.
num_chunk_splits: 93.
num_chunks_enlarged: 33.
num_purges: 0.
num_inconsistent_stats: 0.

CodeHeap 'non-profiled nmethods': size=120000Kb used=597Kb max_used=597Kb free=119402Kb
 bounds [0x0000017240460000, 0x00000172406d0000, 0x0000017247990000]
CodeHeap 'profiled nmethods': size=120000Kb used=1490Kb max_used=1490Kb free=118509Kb
 bounds [0x0000017238f30000, 0x00000172391a0000, 0x0000017240460000]
CodeHeap 'non-nmethods': size=5760Kb used=1256Kb max_used=1332Kb free=4503Kb
 bounds [0x0000017238990000, 0x0000017238c00000, 0x0000017238f30000]
 total_blobs=1543 nmethods=965 adapters=491
 compilation: enabled
              stopped_count=0, restarted_count=0
 full_count=0

Compilation events (20 events):
Event: 565.927 Thread 0x0000017254c7ef00  956       4       java.util.ArrayList::toArray (57 bytes)
Event: 565.930 Thread 0x0000017254c7ef00 nmethod 956 0x00000172404f0f90 code [0x00000172404f1120, 0x00000172404f17b8]
Event: 577.021 Thread 0x0000017254c7ef00  957       4       sun.java2d.StateTrackableDelegate$1::isCurrent (17 bytes)
Event: 577.021 Thread 0x0000017254c7ef00 nmethod 957 0x00000172404f1990 code [0x00000172404f1b00, 0x00000172404f1bb8]
Event: 583.455 Thread 0x0000017254c7ef00  958       4       sun.java2d.d3d.D3DSurfaceData$D3DWindowSurfaceData::isDirty (18 bytes)
Event: 583.455 Thread 0x0000017254c7ef00 nmethod 958 0x00000172404f1c90 code [0x00000172404f1e20, 0x00000172404f1f18]
Event: 1262.228 Thread 0x0000017254c7f9a0  959   !   3       java.lang.ref.ReferenceQueue::remove (125 bytes)
Event: 1262.229 Thread 0x0000017254c7f9a0 nmethod 959 0x000001723909bb10 code [0x000001723909bd20, 0x000001723909c4b8]
Event: 3317.781 Thread 0x0000017254c7f9a0  960 % !   3       sun.java2d.d3d.D3DScreenUpdateManager::run @ 0 (267 bytes)
Event: 3317.792 Thread 0x0000017254c7f9a0 nmethod 960% 0x000001723909c810 code [0x000001723909cc60, 0x000001723909f488]
Event: 3374.107 Thread 0x0000017254c7f9a0  961   !   3       sun.java2d.d3d.D3DScreenUpdateManager::run (267 bytes)
Event: 3374.108 Thread 0x0000017254c7f9a0 nmethod 961 0x00000172390a0490 code [0x00000172390a08e0, 0x00000172390a3088]
Event: 4562.679 Thread 0x0000017254c7f9a0  962   !   3       jdk.internal.ref.PhantomCleanable::isListEmpty (34 bytes)
Event: 4562.679 Thread 0x0000017254c7f9a0 nmethod 962 0x00000172390a4010 code [0x00000172390a41a0, 0x00000172390a43f8]
Event: 4562.679 Thread 0x0000017254c7f9a0  963       3       jdk.internal.misc.InnocuousThread::eraseThreadLocals (23 bytes)
Event: 4562.680 Thread 0x0000017254c7f9a0 nmethod 963 0x00000172390a4510 code [0x00000172390a46a0, 0x00000172390a4898]
Event: 5573.548 Thread 0x0000017254c7ef00  964 % !   4       sun.java2d.d3d.D3DScreenUpdateManager::run @ 0 (267 bytes)
Event: 5573.560 Thread 0x0000017254c7ef00 nmethod 964% 0x00000172404f2010 code [0x00000172404f2200, 0x00000172404f3198]
Event: 6081.089 Thread 0x0000017254c7ef00  965 % !   4       sun.java2d.d3d.D3DScreenUpdateManager::run @ 105 (267 bytes)
Event: 6081.101 Thread 0x0000017254c7ef00 nmethod 965% 0x00000172404f3910 code [0x00000172404f3b00, 0x00000172404f4d18]

GC Heap History (20 events):
Event: 2.890 GC heap before
{Heap before GC invocations=4 (full 0):
 garbage-first heap   total 262144K, used 153242K [0x0000000701200000, 0x0000000800000000)
  region size 2048K, 24 young (49152K), 1 survivors (2048K)
 Metaspace       used 13313K, committed 13504K, reserved 1064960K
  class space    used 1340K, committed 1472K, reserved 1048576K
}
Event: 2.892 GC heap after
{Heap after GC invocations=5 (full 0):
 garbage-first heap   total 262144K, used 34472K [0x0000000701200000, 0x0000000800000000)
  region size 2048K, 1 young (2048K), 1 survivors (2048K)
 Metaspace       used 13313K, committed 13504K, reserved 1064960K
  class space    used 1340K, committed 1472K, reserved 1048576K
}
Event: 3.012 GC heap before
{Heap before GC invocations=5 (full 0):
 garbage-first heap   total 262144K, used 151208K [0x0000000701200000, 0x0000000800000000)
  region size 2048K, 23 young (47104K), 1 survivors (2048K)
 Metaspace       used 13316K, committed 13504K, reserved 1064960K
  class space    used 1340K, committed 1472K, reserved 1048576K
}
Event: 3.013 GC heap after
{Heap after GC invocations=6 (full 0):
 garbage-first heap   total 262144K, used 34555K [0x0000000701200000, 0x0000000800000000)
  region size 2048K, 1 young (2048K), 1 survivors (2048K)
 Metaspace       used 13316K, committed 13504K, reserved 1064960K
  class space    used 1340K, committed 1472K, reserved 1048576K
}
Event: 3.129 GC heap before
{Heap before GC invocations=6 (full 0):
 garbage-first heap   total 262144K, used 145147K [0x0000000701200000, 0x0000000800000000)
  region size 2048K, 20 young (40960K), 1 survivors (2048K)
 Metaspace       used 13323K, committed 13504K, reserved 1064960K
  class space    used 1340K, committed 1472K, reserved 1048576K
}
Event: 3.131 GC heap after
{Heap after GC invocations=7 (full 0):
 garbage-first heap   total 262144K, used 34507K [0x0000000701200000, 0x0000000800000000)
  region size 2048K, 1 young (2048K), 1 survivors (2048K)
 Metaspace       used 13323K, committed 13504K, reserved 1064960K
  class space    used 1340K, committed 1472K, reserved 1048576K
}
Event: 3.231 GC heap before
{Heap before GC invocations=7 (full 0):
 garbage-first heap   total 262144K, used 141003K [0x0000000701200000, 0x0000000800000000)
  region size 2048K, 18 young (36864K), 1 survivors (2048K)
 Metaspace       used 13339K, committed 13568K, reserved 1064960K
  class space    used 1340K, committed 1472K, reserved 1048576K
}
Event: 3.233 GC heap after
{Heap after GC invocations=8 (full 0):
 garbage-first heap   total 315392K, used 34517K [0x0000000701200000, 0x0000000800000000)
  region size 2048K, 1 young (2048K), 1 survivors (2048K)
 Metaspace       used 13339K, committed 13568K, reserved 1064960K
  class space    used 1340K, committed 1472K, reserved 1048576K
}
Event: 3.381 GC heap before
{Heap before GC invocations=8 (full 0):
 garbage-first heap   total 315392K, used 171733K [0x0000000701200000, 0x0000000800000000)
  region size 2048K, 21 young (43008K), 1 survivors (2048K)
 Metaspace       used 13356K, committed 13568K, reserved 1064960K
  class space    used 1340K, committed 1472K, reserved 1048576K
}
Event: 3.382 GC heap after
{Heap after GC invocations=9 (full 0):
 garbage-first heap   total 315392K, used 42712K [0x0000000701200000, 0x0000000800000000)
  region size 2048K, 1 young (2048K), 1 survivors (2048K)
 Metaspace       used 13356K, committed 13568K, reserved 1064960K
  class space    used 1340K, committed 1472K, reserved 1048576K
}
Event: 3.498 GC heap before
{Heap before GC invocations=9 (full 0):
 garbage-first heap   total 315392K, used 173784K [0x0000000701200000, 0x0000000800000000)
  region size 2048K, 18 young (36864K), 1 survivors (2048K)
 Metaspace       used 13371K, committed 13568K, reserved 1064960K
  class space    used 1340K, committed 1472K, reserved 1048576K
}
Event: 3.499 GC heap after
{Heap after GC invocations=10 (full 0):
 garbage-first heap   total 315392K, used 42745K [0x0000000701200000, 0x0000000800000000)
  region size 2048K, 1 young (2048K), 1 survivors (2048K)
 Metaspace       used 13371K, committed 13568K, reserved 1064960K
  class space    used 1340K, committed 1472K, reserved 1048576K
}
Event: 3.616 GC heap before
{Heap before GC invocations=10 (full 0):
 garbage-first heap   total 315392K, used 169721K [0x0000000701200000, 0x0000000800000000)
  region size 2048K, 16 young (32768K), 1 survivors (2048K)
 Metaspace       used 13373K, committed 13568K, reserved 1064960K
  class space    used 1340K, committed 1472K, reserved 1048576K
}
Event: 3.618 GC heap after
{Heap after GC invocations=11 (full 0):
 garbage-first heap   total 315392K, used 42748K [0x0000000701200000, 0x0000000800000000)
  region size 2048K, 1 young (2048K), 1 survivors (2048K)
 Metaspace       used 13373K, committed 13568K, reserved 1064960K
  class space    used 1340K, committed 1472K, reserved 1048576K
}
Event: 3.756 GC heap before
{Heap before GC invocations=11 (full 0):
 garbage-first heap   total 315392K, used 163580K [0x0000000701200000, 0x0000000800000000)
  region size 2048K, 13 young (26624K), 1 survivors (2048K)
 Metaspace       used 13387K, committed 13568K, reserved 1064960K
  class space    used 1341K, committed 1472K, reserved 1048576K
}
Event: 3.758 GC heap after
{Heap after GC invocations=12 (full 0):
 garbage-first heap   total 315392K, used 42657K [0x0000000701200000, 0x0000000800000000)
  region size 2048K, 1 young (2048K), 1 survivors (2048K)
 Metaspace       used 13387K, committed 13568K, reserved 1064960K
  class space    used 1341K, committed 1472K, reserved 1048576K
}
Event: 3.882 GC heap before
{Heap before GC invocations=12 (full 0):
 garbage-first heap   total 315392K, used 161441K [0x0000000701200000, 0x0000000800000000)
  region size 2048K, 12 young (24576K), 1 survivors (2048K)
 Metaspace       used 13398K, committed 13568K, reserved 1064960K
  class space    used 1341K, committed 1472K, reserved 1048576K
}
Event: 3.884 GC heap after
{Heap after GC invocations=13 (full 0):
 garbage-first heap   total 315392K, used 42599K [0x0000000701200000, 0x0000000800000000)
  region size 2048K, 1 young (2048K), 1 survivors (2048K)
 Metaspace       used 13398K, committed 13568K, reserved 1064960K
  class space    used 1341K, committed 1472K, reserved 1048576K
}
Event: 4.008 GC heap before
{Heap before GC invocations=13 (full 0):
 garbage-first heap   total 315392K, used 157287K [0x0000000701200000, 0x0000000800000000)
  region size 2048K, 10 young (20480K), 1 survivors (2048K)
 Metaspace       used 13402K, committed 13632K, reserved 1064960K
  class space    used 1341K, committed 1472K, reserved 1048576K
}
Event: 4.010 GC heap after
{Heap after GC invocations=14 (full 0):
 garbage-first heap   total 378880K, used 42615K [0x0000000701200000, 0x0000000800000000)
  region size 2048K, 1 young (2048K), 1 survivors (2048K)
 Metaspace       used 13402K, committed 13632K, reserved 1064960K
  class space    used 1341K, committed 1472K, reserved 1048576K
}

Dll operation events (7 events):
Event: 0.007 Loaded shared library C:\Users\Bogdan\.p2\pool\plugins\org.eclipse.justj.openjdk.hotspot.jre.full.win32.x86_64_17.0.5.v20221102-0933\jre\bin\java.dll
Event: 0.109 Loaded shared library C:\Users\Bogdan\.p2\pool\plugins\org.eclipse.justj.openjdk.hotspot.jre.full.win32.x86_64_17.0.5.v20221102-0933\jre\bin\net.dll
Event: 0.111 Loaded shared library C:\Users\Bogdan\.p2\pool\plugins\org.eclipse.justj.openjdk.hotspot.jre.full.win32.x86_64_17.0.5.v20221102-0933\jre\bin\nio.dll
Event: 0.159 Loaded shared library C:\Users\Bogdan\.p2\pool\plugins\org.eclipse.justj.openjdk.hotspot.jre.full.win32.x86_64_17.0.5.v20221102-0933\jre\bin\jimage.dll
Event: 0.174 Loaded shared library C:\Users\Bogdan\.p2\pool\plugins\org.eclipse.justj.openjdk.hotspot.jre.full.win32.x86_64_17.0.5.v20221102-0933\jre\bin\awt.dll
Event: 0.492 Loaded shared library C:\Users\Bogdan\.p2\pool\plugins\org.eclipse.justj.openjdk.hotspot.jre.full.win32.x86_64_17.0.5.v20221102-0933\jre\bin\freetype.dll
Event: 0.494 Loaded shared library C:\Users\Bogdan\.p2\pool\plugins\org.eclipse.justj.openjdk.hotspot.jre.full.win32.x86_64_17.0.5.v20221102-0933\jre\bin\fontmanager.dll

Deoptimization events (20 events):
Event: 0.618 Thread 0x00000172555a3d10 DEOPT PACKING pc=0x000001724048ded0 sp=0x00000016f8dfd7c0
Event: 0.618 Thread 0x00000172555a3d10 DEOPT UNPACKING pc=0x00000172389e23a3 sp=0x00000016f8dfd5e0 mode 2
Event: 1.013 Thread 0x00000172555a3d10 Uncommon trap: trap_request=0xffffff45 fr.pc=0x0000017240489ffc relative=0x000000000000041c
Event: 1.013 Thread 0x00000172555a3d10 Uncommon trap: reason=unstable_if action=reinterpret pc=0x0000017240489ffc method=newproject.main$1.paintComponent(Ljava/awt/Graphics;)V @ 258 c2
Event: 1.013 Thread 0x00000172555a3d10 DEOPT PACKING pc=0x0000017240489ffc sp=0x00000016f8dfd830
Event: 1.013 Thread 0x00000172555a3d10 DEOPT UNPACKING pc=0x00000172389e23a3 sp=0x00000016f8dfd5d8 mode 2
Event: 403.536 Thread 0x0000017254df54b0 Uncommon trap: trap_request=0xffffffcc fr.pc=0x00000172404efa88 relative=0x0000000000000368
Event: 403.536 Thread 0x0000017254df54b0 Uncommon trap: reason=intrinsic_or_type_checked_inlining action=make_not_entrant pc=0x00000172404efa88 method=java.util.Arrays.copyOf([Ljava/lang/Object;ILjava/lang/Class;)[Ljava/lang/Object; @ 35 c2
Event: 403.536 Thread 0x0000017254df54b0 DEOPT PACKING pc=0x00000172404efa88 sp=0x00000016f8eff100
Event: 403.536 Thread 0x0000017254df54b0 DEOPT UNPACKING pc=0x00000172389e23a3 sp=0x00000016f8eff090 mode 2
Event: 551.871 Thread 0x0000017254df54b0 Uncommon trap: trap_request=0xffffffdc fr.pc=0x00000172404f0a58 relative=0x00000000000001b8
Event: 551.871 Thread 0x0000017254df54b0 Uncommon trap: reason=class_check action=make_not_entrant pc=0x00000172404f0a58 method=java.util.ArrayList.toArray([Ljava/lang/Object;)[Ljava/lang/Object; @ 21 c2
Event: 551.871 Thread 0x0000017254df54b0 DEOPT PACKING pc=0x00000172404f0a58 sp=0x00000016f8eff160
Event: 551.871 Thread 0x0000017254df54b0 DEOPT UNPACKING pc=0x00000172389e23a3 sp=0x00000016f8eff120 mode 2
Event: 6024.620 Thread 0x0000017254df54b0 DEOPT PACKING pc=0x000001723909f1ff sp=0x00000016f8eff120
Event: 6024.621 Thread 0x0000017254df54b0 DEOPT UNPACKING pc=0x00000172389e2b43 sp=0x00000016f8efe6b0 mode 0
Event: 15490.792 Thread 0x0000017254df54b0 Uncommon trap: trap_request=0xffffff45 fr.pc=0x00000172404f4850 relative=0x0000000000000d50
Event: 15490.792 Thread 0x0000017254df54b0 Uncommon trap: reason=unstable_if action=reinterpret pc=0x00000172404f4850 method=sun.java2d.StateTrackableDelegate$1.isCurrent()Z @ 8 c2
Event: 15490.792 Thread 0x0000017254df54b0 DEOPT PACKING pc=0x00000172404f4850 sp=0x00000016f8eff210
Event: 15490.792 Thread 0x0000017254df54b0 DEOPT UNPACKING pc=0x00000172389e23a3 sp=0x00000016f8eff0f0 mode 2

Classes unloaded (0 events):
No events

Classes redefined (0 events):
No events

Internal exceptions (14 events):
Event: 0.121 Thread 0x0000017233a2e960 Exception <a 'java/lang/NoSuchMethodError'{0x0000000711112bc8}: 'void java.lang.invoke.DirectMethodHandle$Holder.invokeVirtual(java.lang.Object, java.lang.Object)'> (0x0000000711112bc8) 
thrown [s\src\hotspot\share\interpreter\linkResolver.cpp, line 759]
Event: 0.161 Thread 0x0000017233a2e960 Exception <a 'sun/nio/fs/WindowsException'{0x0000000710e2c060}> (0x0000000710e2c060) 
thrown [s\src\hotspot\share\prims\jni.cpp, line 516]
Event: 0.165 Thread 0x0000017233a2e960 Exception <a 'java/lang/ClassNotFoundException'{0x0000000710e321f0}: sun/awt/resources/spi/awtProvider> (0x0000000710e321f0) 
thrown [s\src\hotspot\share\classfile\systemDictionary.cpp, line 256]
Event: 0.184 Thread 0x0000017233a2e960 Exception <a 'java/io/FileNotFoundException'{0x0000000710e86620}> (0x0000000710e86620) 
thrown [s\src\hotspot\share\prims\jni.cpp, line 516]
Event: 0.189 Thread 0x0000017233a2e960 Exception <a 'java/io/FileNotFoundException'{0x0000000710eb3690}> (0x0000000710eb3690) 
thrown [s\src\hotspot\share\prims\jni.cpp, line 516]
Event: 0.224 Thread 0x0000017233a2e960 Exception <a 'java/lang/NoSuchMethodError'{0x0000000710ef01e0}: 'java.lang.Object java.lang.invoke.DirectMethodHandle$Holder.invokeStaticInit(java.lang.Object)'> (0x0000000710ef01e0) 
thrown [s\src\hotspot\share\interpreter\linkResolver.cpp, line 759]
Event: 0.414 Thread 0x0000017233a2e960 Exception <a 'java/lang/NoSuchMethodError'{0x0000000710fa0ce8}: 'void java.lang.invoke.DirectMethodHandle$Holder.invokeSpecial(java.lang.Object, java.lang.Object, java.lang.Object)'> (0x0000000710fa0ce8) 
thrown [s\src\hotspot\share\interpreter\linkResolver.cpp, line 759]
Event: 0.421 Thread 0x0000017233a2e960 Exception <a 'java/lang/NoSuchMethodError'{0x0000000710fcab60}: 'java.lang.Object java.lang.invoke.DirectMethodHandle$Holder.newInvokeSpecial(java.lang.Object, java.lang.Object, java.lang.Object, java.lang.Object, java.lang.Object)'> (0x0000000710fcab60) 
thrown [s\src\hotspot\share\interpreter\linkResolver.cpp, line 759]
Event: 0.422 Thread 0x0000017233a2e960 Exception <a 'java/lang/NoSuchMethodError'{0x0000000710fd6528}: 'java.lang.Object java.lang.invoke.DirectMethodHandle$Holder.invokeStatic(java.lang.Object, int, java.lang.Object, java.lang.Object, java.lang.Object, java.lang.Object)'> (0x0000000710fd6528) 
thrown [s\src\hotspot\share\interpreter\linkResolver.cpp, line 759]
Event: 0.425 Thread 0x0000017233a2e960 Exception <a 'java/lang/NoSuchMethodError'{0x0000000710ffbce8}: 'java.lang.Object java.lang.invoke.DirectMethodHandle$Holder.invokeStatic(java.lang.Object, int, java.lang.Object)'> (0x0000000710ffbce8) 
thrown [s\src\hotspot\share\interpreter\linkResolver.cpp, line 759]
Event: 0.446 Thread 0x0000017233a2e960 Exception <a 'java/lang/ClassNotFoundException'{0x0000000710cb4030}: com/sun/swing/internal/plaf/metal/resources/spi/metalProvider> (0x0000000710cb4030) 
thrown [s\src\hotspot\share\classfile\systemDictionary.cpp, line 256]
Event: 0.447 Thread 0x0000017233a2e960 Exception <a 'java/lang/ClassNotFoundException'{0x0000000710cb7c00}: com/sun/swing/internal/plaf/basic/resources/spi/basicProvider> (0x0000000710cb7c00) 
thrown [s\src\hotspot\share\classfile\systemDictionary.cpp, line 256]
Event: 0.488 Thread 0x0000017233a2e960 Exception <a 'java/lang/NoSuchMethodError'{0x0000000710d18528}: 'void java.lang.invoke.DirectMethodHandle$Holder.invokeStaticInit(java.lang.Object)'> (0x0000000710d18528) 
thrown [s\src\hotspot\share\interpreter\linkResolver.cpp, line 759]
Event: 0.519 Thread 0x0000017233a2e960 Exception <a 'sun/nio/fs/WindowsException'{0x0000000710ddc6b8}> (0x0000000710ddc6b8) 
thrown [s\src\hotspot\share\prims\jni.cpp, line 516]

VM Operations (20 events):
Event: 3.012 Executing VM operation: G1TryInitiateConcMark
Event: 3.013 Executing VM operation: G1TryInitiateConcMark done
Event: 3.129 Executing VM operation: G1TryInitiateConcMark
Event: 3.131 Executing VM operation: G1TryInitiateConcMark done
Event: 3.231 Executing VM operation: G1TryInitiateConcMark
Event: 3.233 Executing VM operation: G1TryInitiateConcMark done
Event: 3.381 Executing VM operation: G1TryInitiateConcMark
Event: 3.382 Executing VM operation: G1TryInitiateConcMark done
Event: 3.498 Executing VM operation: G1TryInitiateConcMark
Event: 3.499 Executing VM operation: G1TryInitiateConcMark done
Event: 3.616 Executing VM operation: G1TryInitiateConcMark
Event: 3.618 Executing VM operation: G1TryInitiateConcMark done
Event: 3.756 Executing VM operation: G1TryInitiateConcMark
Event: 3.758 Executing VM operation: G1TryInitiateConcMark done
Event: 3.882 Executing VM operation: G1TryInitiateConcMark
Event: 3.884 Executing VM operation: G1TryInitiateConcMark done
Event: 4.008 Executing VM operation: G1TryInitiateConcMark
Event: 4.010 Executing VM operation: G1TryInitiateConcMark done
Event: 577.284 Executing VM operation: Cleanup
Event: 577.285 Executing VM operation: Cleanup done

Events (20 events):
Event: 1.504 loading class javax/swing/KeyboardManager
Event: 1.505 loading class javax/swing/KeyboardManager done
Event: 1.505 loading class javax/swing/Popup$HeavyWeightWindow
Event: 1.505 loading class sun/awt/ModalExclude
Event: 1.505 loading class sun/awt/ModalExclude done
Event: 1.505 loading class javax/swing/JWindow
Event: 1.505 loading class javax/swing/JWindow done
Event: 1.505 loading class javax/swing/Popup$HeavyWeightWindow done
Event: 3.699 loading class java/awt/LightweightDispatcher$2
Event: 3.699 loading class java/awt/LightweightDispatcher$2 done
Event: 4.487 loading class java/awt/KeyboardFocusManager$2
Event: 4.487 loading class java/awt/KeyboardFocusManager$2 done
Event: 4.487 loading class sun/awt/SunToolkit$1
Event: 4.487 loading class sun/awt/SunToolkit$1 done
Event: 15492.366 loading class java/util/Collections$SynchronizedSet
Event: 15492.369 loading class java/util/Collections$SynchronizedSet done
Event: 15492.369 loading class java/util/WeakHashMap$KeyIterator
Event: 15492.370 loading class java/util/WeakHashMap$HashIterator
Event: 15492.371 loading class java/util/WeakHashMap$HashIterator done
Event: 15492.371 loading class java/util/WeakHashMap$KeyIterator done


Dynamic libraries:
0x00007ff67cf20000 - 0x00007ff67cf2e000 	C:\Users\Bogdan\.p2\pool\plugins\org.eclipse.justj.openjdk.hotspot.jre.full.win32.x86_64_17.0.5.v20221102-0933\jre\bin\javaw.exe
0x00007ff8a3690000 - 0x00007ff8a3888000 	C:\WINDOWS\SYSTEM32\ntdll.dll
0x00007ff8a2d70000 - 0x00007ff8a2e32000 	C:\WINDOWS\System32\KERNEL32.DLL
0x00007ff8a1190000 - 0x00007ff8a1486000 	C:\WINDOWS\System32\KERNELBASE.dll
0x00007ff8a0d20000 - 0x00007ff8a0e20000 	C:\WINDOWS\System32\ucrtbase.dll
0x00007ff89bd30000 - 0x00007ff89bd47000 	C:\Users\Bogdan\.p2\pool\plugins\org.eclipse.justj.openjdk.hotspot.jre.full.win32.x86_64_17.0.5.v20221102-0933\jre\bin\jli.dll
0x00007ff897dc0000 - 0x00007ff897dd9000 	C:\Users\Bogdan\.p2\pool\plugins\org.eclipse.justj.openjdk.hotspot.jre.full.win32.x86_64_17.0.5.v20221102-0933\jre\bin\VCRUNTIME140.dll
0x00007ff8a2350000 - 0x00007ff8a24ed000 	C:\WINDOWS\System32\USER32.dll
0x00007ff8a0e20000 - 0x00007ff8a0e42000 	C:\WINDOWS\System32\win32u.dll
0x00007ff892a40000 - 0x00007ff892cda000 	C:\WINDOWS\WinSxS\amd64_microsoft.windows.common-controls_6595b64144ccf1df_6.0.19041.4355_none_60b8b9eb71f62e16\COMCTL32.dll
0x00007ff8a2e40000 - 0x00007ff8a2e6b000 	C:\WINDOWS\System32\GDI32.dll
0x00007ff8a2030000 - 0x00007ff8a20ce000 	C:\WINDOWS\System32\msvcrt.dll
0x00007ff8a1560000 - 0x00007ff8a167a000 	C:\WINDOWS\System32\gdi32full.dll
0x00007ff8a10f0000 - 0x00007ff8a118d000 	C:\WINDOWS\System32\msvcp_win.dll
0x00007ff8a3430000 - 0x00007ff8a345f000 	C:\WINDOWS\System32\IMM32.DLL
0x00007ff89c280000 - 0x00007ff89c28c000 	C:\Users\Bogdan\.p2\pool\plugins\org.eclipse.justj.openjdk.hotspot.jre.full.win32.x86_64_17.0.5.v20221102-0933\jre\bin\vcruntime140_1.dll
0x00007ff877570000 - 0x00007ff877601000 	C:\Users\Bogdan\.p2\pool\plugins\org.eclipse.justj.openjdk.hotspot.jre.full.win32.x86_64_17.0.5.v20221102-0933\jre\bin\msvcp140.dll
0x00007ff81a910000 - 0x00007ff81b554000 	C:\Users\Bogdan\.p2\pool\plugins\org.eclipse.justj.openjdk.hotspot.jre.full.win32.x86_64_17.0.5.v20221102-0933\jre\bin\server\jvm.dll
0x00007ff8a2cc0000 - 0x00007ff8a2d6f000 	C:\WINDOWS\System32\ADVAPI32.dll
0x00007ff8a1af0000 - 0x00007ff8a1b8f000 	C:\WINDOWS\System32\sechost.dll
0x00007ff8a2fa0000 - 0x00007ff8a30c3000 	C:\WINDOWS\System32\RPCRT4.dll
0x00007ff8a1680000 - 0x00007ff8a16a7000 	C:\WINDOWS\System32\bcrypt.dll
0x00007ff89bdc0000 - 0x00007ff89bdc9000 	C:\WINDOWS\SYSTEM32\WSOCK32.dll
0x00007ff8a2e70000 - 0x00007ff8a2edb000 	C:\WINDOWS\System32\WS2_32.dll
0x00007ff894fe0000 - 0x00007ff895007000 	C:\WINDOWS\SYSTEM32\WINMM.dll
0x00007ff89a330000 - 0x00007ff89a33a000 	C:\WINDOWS\SYSTEM32\VERSION.dll
0x00007ff89eb80000 - 0x00007ff89eb92000 	C:\WINDOWS\SYSTEM32\kernel.appcore.dll
0x00007ff89bd20000 - 0x00007ff89bd2a000 	C:\Users\Bogdan\.p2\pool\plugins\org.eclipse.justj.openjdk.hotspot.jre.full.win32.x86_64_17.0.5.v20221102-0933\jre\bin\jimage.dll
0x00007ff88f6d0000 - 0x00007ff88f8b4000 	C:\WINDOWS\SYSTEM32\DBGHELP.DLL
0x00007ff881f30000 - 0x00007ff881f64000 	C:\WINDOWS\SYSTEM32\dbgcore.DLL
0x00007ff8a1060000 - 0x00007ff8a10e2000 	C:\WINDOWS\System32\bcryptPrimitives.dll
0x00007ff896f00000 - 0x00007ff896f25000 	C:\Users\Bogdan\.p2\pool\plugins\org.eclipse.justj.openjdk.hotspot.jre.full.win32.x86_64_17.0.5.v20221102-0933\jre\bin\java.dll
0x00007ff897280000 - 0x00007ff897298000 	C:\Users\Bogdan\.p2\pool\plugins\org.eclipse.justj.openjdk.hotspot.jre.full.win32.x86_64_17.0.5.v20221102-0933\jre\bin\zip.dll
0x00007ff8a24f0000 - 0x00007ff8a2c5f000 	C:\WINDOWS\System32\SHELL32.dll
0x00007ff89ed80000 - 0x00007ff89f523000 	C:\WINDOWS\SYSTEM32\windows.storage.dll
0x00007ff8a1730000 - 0x00007ff8a1a85000 	C:\WINDOWS\System32\combase.dll
0x00007ff8a0670000 - 0x00007ff8a069b000 	C:\WINDOWS\SYSTEM32\Wldp.dll
0x00007ff8a20d0000 - 0x00007ff8a219d000 	C:\WINDOWS\System32\OLEAUT32.dll
0x00007ff8a2ee0000 - 0x00007ff8a2f8d000 	C:\WINDOWS\System32\SHCORE.dll
0x00007ff8a2c60000 - 0x00007ff8a2cb5000 	C:\WINDOWS\System32\shlwapi.dll
0x00007ff8a0c50000 - 0x00007ff8a0c75000 	C:\WINDOWS\SYSTEM32\profapi.dll
0x00007ff896a00000 - 0x00007ff896a19000 	C:\Users\Bogdan\.p2\pool\plugins\org.eclipse.justj.openjdk.hotspot.jre.full.win32.x86_64_17.0.5.v20221102-0933\jre\bin\net.dll
0x00007ff89b110000 - 0x00007ff89b21a000 	C:\WINDOWS\SYSTEM32\WINHTTP.dll
0x00007ff8a0450000 - 0x00007ff8a04bc000 	C:\WINDOWS\system32\mswsock.dll
0x00007ff896340000 - 0x00007ff896355000 	C:\Users\Bogdan\.p2\pool\plugins\org.eclipse.justj.openjdk.hotspot.jre.full.win32.x86_64_17.0.5.v20221102-0933\jre\bin\nio.dll
0x00007ff86d160000 - 0x00007ff86d2ee000 	C:\Users\Bogdan\.p2\pool\plugins\org.eclipse.justj.openjdk.hotspot.jre.full.win32.x86_64_17.0.5.v20221102-0933\jre\bin\awt.dll
0x00007ff89e230000 - 0x00007ff89e2c4000 	C:\WINDOWS\SYSTEM32\apphelp.dll
0x00007ff89e7a0000 - 0x00007ff89e7cf000 	C:\WINDOWS\system32\DWMAPI.DLL
0x00007ff89e670000 - 0x00007ff89e70e000 	C:\WINDOWS\system32\uxtheme.dll
0x00007ff8508b0000 - 0x00007ff8509d8000 	C:\WINDOWS\system32\opengl32.dll
0x00007ff850880000 - 0x00007ff8508ac000 	C:\WINDOWS\SYSTEM32\GLU32.dll
0x00007ff8a2230000 - 0x00007ff8a2345000 	C:\WINDOWS\System32\MSCTF.dll
0x00007ff8a3460000 - 0x00007ff8a358b000 	C:\WINDOWS\System32\ole32.dll
0x00007ff8a08e0000 - 0x00007ff8a08f2000 	C:\WINDOWS\SYSTEM32\msasn1.dll
0x00007ff89a2f0000 - 0x00007ff89a321000 	C:\WINDOWS\SYSTEM32\cryptnet.dll
0x00007ff8a0e50000 - 0x00007ff8a0fad000 	C:\WINDOWS\System32\CRYPT32.dll
0x00007ff8a05e0000 - 0x00007ff8a05ec000 	C:\WINDOWS\SYSTEM32\cryptbase.dll
0x00007ff899c70000 - 0x00007ff899db7000 	C:\WINDOWS\SYSTEM32\drvstore.dll
0x00007ff8a0ab0000 - 0x00007ff8a0ae3000 	C:\WINDOWS\SYSTEM32\devobj.dll
0x00007ff8a1490000 - 0x00007ff8a14de000 	C:\WINDOWS\System32\cfgmgr32.dll
0x00007ff8a14e0000 - 0x00007ff8a1553000 	C:\WINDOWS\System32\wintrust.dll
0x00007ff8a1b90000 - 0x00007ff8a1bad000 	C:\WINDOWS\System32\imagehlp.dll
0x00007ff8a06b0000 - 0x00007ff8a06c8000 	C:\WINDOWS\SYSTEM32\CRYPTSP.dll
0x00007ff89fd20000 - 0x00007ff89fd58000 	C:\WINDOWS\system32\rsaenh.dll
0x00007ff89f540000 - 0x00007ff89f563000 	C:\WINDOWS\SYSTEM32\gpapi.dll
0x00007ff84f680000 - 0x00007ff84f7d5000 	C:\WINDOWS\System32\DriverStore\FileRepository\nv_dispig.inf_amd64_0afec3f2050014a0\nvppex.dll
0x00007ff8989d0000 - 0x00007ff898a0b000 	C:\WINDOWS\SYSTEM32\dxcore.dll
0x00007ff8774e0000 - 0x00007ff877566000 	C:\Users\Bogdan\.p2\pool\plugins\org.eclipse.justj.openjdk.hotspot.jre.full.win32.x86_64_17.0.5.v20221102-0933\jre\bin\freetype.dll
0x00007ff875610000 - 0x00007ff8756d5000 	C:\Users\Bogdan\.p2\pool\plugins\org.eclipse.justj.openjdk.hotspot.jre.full.win32.x86_64_17.0.5.v20221102-0933\jre\bin\fontmanager.dll
0x00007ff895150000 - 0x00007ff895249000 	C:\WINDOWS\SYSTEM32\textinputframework.dll
0x00007ff89d660000 - 0x00007ff89d9bb000 	C:\WINDOWS\System32\CoreUIComponents.dll
0x00007ff89dd00000 - 0x00007ff89ddf2000 	C:\WINDOWS\System32\CoreMessaging.dll
0x00007ff89ff70000 - 0x00007ff89ffa3000 	C:\WINDOWS\SYSTEM32\ntmarta.dll
0x00007ff89c2a0000 - 0x00007ff89c3f7000 	C:\WINDOWS\SYSTEM32\wintypes.dll
0x00007ff86ea70000 - 0x00007ff86ec41000 	C:\WINDOWS\system32\d3d9.dll
0x00007ff8986a0000 - 0x00007ff898761000 	C:\WINDOWS\System32\DriverStore\FileRepository\nv_dispig.inf_amd64_0afec3f2050014a0\nvldumdx.dll
0x00007ff892ce0000 - 0x00007ff894cce000 	C:\WINDOWS\System32\DriverStore\FileRepository\nv_dispig.inf_amd64_0afec3f2050014a0\nvgpucomp64.dll
0x00007ff845f30000 - 0x00007ff8479c4000 	C:\WINDOWS\System32\DriverStore\FileRepository\nv_dispig.inf_amd64_0afec3f2050014a0\nvd3dumx.dll
0x00007ff891630000 - 0x00007ff8916dc000 	C:\WINDOWS\SYSTEM32\TextShaping.dll

dbghelp: loaded successfully - version: 4.0.5 - missing functions: none
symbol engine: initialized successfully - sym options: 0x614 - pdb path: .;C:\Users\Bogdan\.p2\pool\plugins\org.eclipse.justj.openjdk.hotspot.jre.full.win32.x86_64_17.0.5.v20221102-0933\jre\bin;C:\WINDOWS\SYSTEM32;C:\WINDOWS\WinSxS\amd64_microsoft.windows.common-controls_6595b64144ccf1df_6.0.19041.4355_none_60b8b9eb71f62e16;C:\Users\Bogdan\.p2\pool\plugins\org.eclipse.justj.openjdk.hotspot.jre.full.win32.x86_64_17.0.5.v20221102-0933\jre\bin\server;C:\WINDOWS\System32\DriverStore\FileRepository\nv_dispig.inf_amd64_0afec3f2050014a0

VM Arguments:
jvm_args: -Dfile.encoding=UTF-8 --module-path=C:\Users\Bogdan\Desktop\personal\newproject\bin -XX:+ShowCodeDetailsInExceptionMessages -Djdk.module.main=newproject 
java_command: newproject/newproject.main
java_class_path (initial): <not set>
Launcher Type: SUN_STANDARD

[Global flags]
     intx CICompilerCount                          = 3                                         {product} {ergonomic}
     uint ConcGCThreads                            = 2                                         {product} {ergonomic}
     uint G1ConcRefinementThreads                  = 6                                         {product} {ergonomic}
   size_t G1HeapRegionSize                         = 2097152                                   {product} {ergonomic}
    uintx GCDrainStackTargetSize                   = 64                                        {product} {ergonomic}
   size_t InitialHeapSize                          = 268435456                                 {product} {ergonomic}
   size_t MarkStackSize                            = 4194304                                   {product} {ergonomic}
   size_t MaxHeapSize                              = 4276092928                                {product} {ergonomic}
   size_t MaxNewSize                               = 2564816896                                {product} {ergonomic}
   size_t MinHeapDeltaBytes                        = 2097152                                   {product} {ergonomic}
   size_t MinHeapSize                              = 8388608                                   {product} {ergonomic}
    uintx NonNMethodCodeHeapSize                   = 5832780                                {pd product} {ergonomic}
    uintx NonProfiledCodeHeapSize                  = 122912730                              {pd product} {ergonomic}
    uintx ProfiledCodeHeapSize                     = 122912730                              {pd product} {ergonomic}
    uintx ReservedCodeCacheSize                    = 251658240                              {pd product} {ergonomic}
     bool SegmentedCodeCache                       = true                                      {product} {ergonomic}
     bool ShowCodeDetailsInExceptionMessages       = true                                   {manageable} {command line}
   size_t SoftMaxHeapSize                          = 4276092928                             {manageable} {ergonomic}
     bool UseCompressedClassPointers               = true                           {product lp64_product} {ergonomic}
     bool UseCompressedOops                        = true                           {product lp64_product} {ergonomic}
     bool UseG1GC                                  = true                                      {product} {ergonomic}
     bool UseLargePagesIndividualAllocation        = false                                  {pd product} {ergonomic}

Logging:
Log output configuration:
 #0: stdout all=warning uptime,level,tags
 #1: stderr all=off uptime,level,tags

Environment Variables:
JAVA_HOME=C:\Users\Bogdan\AppData\Local\Coursier\cache\arc\https\github.com\adoptium\temurin11-binaries\releases\download\jdk-11.0.25%252B9\OpenJDK11U-jdk_x64_windows_hotspot_11.0.25_9.zip\jdk-11.0.25+9
PATH=C:/Users/Bogdan/.p2/pool/plugins/org.eclipse.justj.openjdk.hotspot.jre.full.win32.x86_64_17.0.5.v20221102-0933/jre/bin/server;C:/Users/Bogdan/.p2/pool/plugins/org.eclipse.justj.openjdk.hotspot.jre.full.win32.x86_64_17.0.5.v20221102-0933/jre/bin;C:\Program Files\Eclipse Adoptium\jdk-17.0.14.7-hotspot\bin;C:\Python313\Scripts\;C:\Python313\;C:\Program Files (x86)\Eclipse Adoptium\jdk-17.0.13.11-hotspot\bin;C:\Program Files\Common Files\Oracle\Java\javapath;C:\WINDOWS\system32;C:\WINDOWS;C:\WINDOWS\System32\Wbem;C:\WINDOWS\System32\WindowsPowerShell\v1.0\;C:\WINDOWS\System32\OpenSSH\;C:\Program Files\Java\jdk-23\bin;C:\Program Files (x86)\sbt\bin;C:\Program Files (x86)\Windows Kits\10\Windows Performance Toolkit\;C:\ProgramData\chocolatey\bin;C:\Program Files\scala-cli-x86_64-pc-win32\;C:\Program Files\nodejs\;C:\Program Files\dotnet\;C:\Program Files\LLVM\bin;C:\Program Files\Docker\Docker\resources\bin;C:\Program Files\Git\cmd;C:\Users\Bogdan\scoop\apps\llvm\current\bin;C:\Users\Bogdan\scoop\shims;C:\Users\Bogdan\AppData\Local\Microsoft\WindowsApps;C:\Users\Bogdan\AppData\Local\Coursier\cache\arc\https\github.com\adoptium\temurin11-binaries\releases\download\jdk-11.0.25%252B9\OpenJDK11U-jdk_x64_windows_hotspot_11.0.25_9.zip\jdk-11.0.25+9\bin;C:\Users\Bogdan\AppData\Local\Coursier\data\bin;C:\Users\Bogdan\AppData\Local\JetBrains\Toolbox\scripts;C:\Users\Bogdan\AppData\Roaming\npm;C:\Users\Bogdan\.dotnet\tools;C:\Users\Bogdan\Desktop;
USERNAME=Bogdan
OS=Windows_NT
PROCESSOR_IDENTIFIER=Intel64 Family 6 Model 158 Stepping 10, GenuineIntel
TMP=C:\Users\Bogdan\AppData\Local\Temp
TEMP=C:\Users\Bogdan\AppData\Local\Temp



---------------  S Y S T E M  ---------------

OS:
 Windows 10 , 64 bit Build 19041 (10.0.19041.5678)
OS uptime: 6 days 6:07 hours
Hyper-V role detected

CPU: total 6 (initial active 6) (6 cores per cpu, 1 threads per core) family 6 model 158 stepping 10 microcode 0xb4, cx8, cmov, fxsr, mmx, 3dnowpref, sse, sse2, sse3, ssse3, sse4.1, sse4.2, popcnt, lzcnt, tsc, tscinvbit, avx, avx2, aes, erms, clmul, bmi1, bmi2, adx, fma, vzeroupper, clflush, clflushopt, hv

Memory: 4k page, system-wide physical 16304M (4268M free)
TotalPageFile size 65456M (AvailPageFile size 1137M)
current process WorkingSet (physical memory assigned to process): 56M, peak: 349M
current process commit charge ("private bytes"): 519M, peak: 538M

vm_info: OpenJDK 64-Bit Server VM (17.0.5+8) for windows-amd64 JRE (17.0.5+8), built on Oct 19 2022 04:48:13 by "temurin" with MS VC++ 16.7 (VS2019)

END.
