#
# There is insufficient memory for the Java Runtime Environment to continue.
# Native memory allocation (mmap) failed to map 65536 bytes for Failed to commit metaspace.
# Possible reasons:
#   The system is out of physical RAM or swap space
#   The process is running with CompressedOops enabled, and the Java Heap may be blocking the growth of the native heap
# Possible solutions:
#   Reduce memory load on the system
#   Increase physical memory or swap space
#   Check if swap backing store is full
#   Decrease Java heap size (-Xmx/-Xms)
#   Decrease number of Java threads
#   Decrease Java thread stack sizes (-Xss)
#   Set larger code cache with -XX:ReservedCodeCacheSize=
#   JVM is running with Zero Based Compressed Oops mode in which the Java heap is
#     placed in the first 32GB address space. The Java Heap base address is the
#     maximum limit for the native heap growth. Please use -XX:HeapBaseMinAddress
#     to set the Java Heap base and to place the Java Heap above 32GB virtual address.
# This output file may be truncated or incomplete.
#
#  Out of Memory Error (virtualSpaceNode.cpp:110), pid=6836, tid=2160
#
# JRE version: OpenJDK Runtime Environment Temurin-17.0.5+8 (17.0.5+8) (build 17.0.5+8)
# Java VM: OpenJDK 64-Bit Server VM Temurin-17.0.5+8 (17.0.5+8, mixed mode, tiered, compressed oops, compressed class ptrs, g1 gc, windows-amd64)
# No core dump will be written. Minidumps are not enabled by default on client versions of Windows
#

---------------  S U M M A R Y ------------

Command Line: -Dfile.encoding=UTF-8 --module-path=C:\Users\Bogdan\Desktop\personal\newproject\bin -XX:+ShowCodeDetailsInExceptionMessages -Djdk.module.main=newproject newproject/newproject.main

Host: Intel(R) Core(TM) i5-8400 CPU @ 2.80GHz, 6 cores, 15G,  Windows 10 , 64 bit Build 19041 (10.0.19041.5678)
Time: Sat May  3 08:23:49 2025 E. Europe Daylight Time elapsed time: 0.433772 seconds (0d 0h 0m 0s)

---------------  T H R E A D  ---------------

Current thread (0x000001f569ee1ad0):  JavaThread "main" [_thread_in_vm, id=2160, stack(0x0000007021d00000,0x0000007021e00000)]

Stack: [0x0000007021d00000,0x0000007021e00000]
Native frames: (J=compiled Java code, j=interpreted, Vv=VM code, C=native code)
V  [jvm.dll+0x676b3a]
V  [jvm.dll+0x831444]
V  [jvm.dll+0x832bee]
V  [jvm.dll+0x833253]
V  [jvm.dll+0x244ce5]
V  [jvm.dll+0x82d4db]
V  [jvm.dll+0x61b2f6]
V  [jvm.dll+0x1bfd2e]
V  [jvm.dll+0x61dc41]
V  [jvm.dll+0x61bc96]
V  [jvm.dll+0x23a7d0]
V  [jvm.dll+0x1ea39d]
V  [jvm.dll+0x1dfdd1]
V  [jvm.dll+0x53be30]
V  [jvm.dll+0x1f05a7]
V  [jvm.dll+0x7ab9db]
V  [jvm.dll+0x7acd82]
V  [jvm.dll+0x7ad0b8]
V  [jvm.dll+0x23d0ee]
V  [jvm.dll+0x38034b]
C  0x000001f56ed8f2ad

Java frames: (J=compiled Java code, j=interpreted, Vv=VM code)
j  sun.java2d.loops.GraphicsPrimitiveMgr.<clinit>()V+8 java.desktop@17.0.5
v  ~StubRoutines::call_stub
j  sun.java2d.loops.Blit.<clinit>()V+36 java.desktop@17.0.5
v  ~StubRoutines::call_stub
j  sun.java2d.windows.GDIWindowSurfaceData.<clinit>()V+72 java.desktop@17.0.5
v  ~StubRoutines::call_stub
j  sun.awt.Win32GraphicsConfig.createSurfaceData(Lsun/awt/windows/WComponentPeer;I)Lsun/java2d/SurfaceData;+1 java.desktop@17.0.5
j  sun.java2d.ScreenUpdateManager.createScreenSurface(Lsun/awt/Win32GraphicsConfig;Lsun/awt/windows/WComponentPeer;IZ)Lsun/java2d/SurfaceData;+3 java.desktop@17.0.5
j  sun.java2d.d3d.D3DScreenUpdateManager.createScreenSurface(Lsun/awt/Win32GraphicsConfig;Lsun/awt/windows/WComponentPeer;IZ)Lsun/java2d/SurfaceData;+20 java.desktop@17.0.5
j  sun.awt.windows.WComponentPeer.createScreenSurface(Z)V+21 java.desktop@17.0.5
j  sun.awt.windows.WComponentPeer.<init>(Ljava/awt/Component;)V+79 java.desktop@17.0.5
j  sun.awt.windows.WCanvasPeer.<init>(Ljava/awt/Component;)V+2 java.desktop@17.0.5
j  sun.awt.windows.WPanelPeer.<init>(Ljava/awt/Component;)V+2 java.desktop@17.0.5
j  sun.awt.windows.WWindowPeer.<init>(Ljava/awt/Window;)V+2 java.desktop@17.0.5
j  sun.awt.windows.WFramePeer.<init>(Ljava/awt/Frame;)V+2 java.desktop@17.0.5
j  sun.awt.windows.WToolkit.createFrame(Ljava/awt/Frame;)Ljava/awt/peer/FramePeer;+5 java.desktop@17.0.5
j  java.awt.Frame.addNotify()V+20 java.desktop@17.0.5
j  java.awt.Window.show()V+8 java.desktop@17.0.5
j  java.awt.Component.show(Z)V+5 java.desktop@17.0.5
j  java.awt.Component.setVisible(Z)V+2 java.desktop@17.0.5
j  java.awt.Window.setVisible(Z)V+2 java.desktop@17.0.5
j  newproject.main.main([Ljava/lang/String;)V+204 newproject
v  ~StubRoutines::call_stub

---------------  P R O C E S S  ---------------

Threads class SMR info:
_java_thread_list=0x000001f50b6d2fe0, length=16, elements={
0x000001f569ee1ad0, 0x000001f50b053020, 0x000001f50b053f20, 0x000001f50b03d9a0,
0x000001f50b07a5a0, 0x000001f50b07af50, 0x000001f50b07b900, 0x000001f50b087af0,
0x000001f50b088590, 0x000001f50b08af90, 0x000001f50b195bb0, 0x000001f50b2e5d80,
0x000001f50b33bc10, 0x000001f50b38baf0, 0x000001f50b38bfc0, 0x000001f50b6f65d0
}

Java Threads: ( => current thread )
=>0x000001f569ee1ad0 JavaThread "main" [_thread_in_vm, id=2160, stack(0x0000007021d00000,0x0000007021e00000)]
  0x000001f50b053020 JavaThread "Reference Handler" daemon [_thread_blocked, id=34708, stack(0x0000007022400000,0x0000007022500000)]
  0x000001f50b053f20 JavaThread "Finalizer" daemon [_thread_blocked, id=480, stack(0x0000007022500000,0x0000007022600000)]
  0x000001f50b03d9a0 JavaThread "Signal Dispatcher" daemon [_thread_blocked, id=33060, stack(0x0000007022600000,0x0000007022700000)]
  0x000001f50b07a5a0 JavaThread "Attach Listener" daemon [_thread_blocked, id=1840, stack(0x0000007022700000,0x0000007022800000)]
  0x000001f50b07af50 JavaThread "Service Thread" daemon [_thread_blocked, id=32220, stack(0x0000007022800000,0x0000007022900000)]
  0x000001f50b07b900 JavaThread "Monitor Deflation Thread" daemon [_thread_blocked, id=20764, stack(0x0000007022900000,0x0000007022a00000)]
  0x000001f50b087af0 JavaThread "C2 CompilerThread0" daemon [_thread_blocked, id=14780, stack(0x0000007022a00000,0x0000007022b00000)]
  0x000001f50b088590 JavaThread "C1 CompilerThread0" daemon [_thread_blocked, id=29956, stack(0x0000007022b00000,0x0000007022c00000)]
  0x000001f50b08af90 JavaThread "Sweeper thread" daemon [_thread_blocked, id=19684, stack(0x0000007022c00000,0x0000007022d00000)]
  0x000001f50b195bb0 JavaThread "Common-Cleaner" daemon [_thread_blocked, id=12652, stack(0x0000007022d00000,0x0000007022e00000)]
  0x000001f50b2e5d80 JavaThread "Notification Thread" daemon [_thread_blocked, id=7376, stack(0x0000007022e00000,0x0000007022f00000)]
  0x000001f50b33bc10 JavaThread "Java2D Disposer" daemon [_thread_blocked, id=12856, stack(0x0000007023100000,0x0000007023200000)]
  0x000001f50b38baf0 JavaThread "AWT-Shutdown" [_thread_blocked, id=25408, stack(0x0000007023200000,0x0000007023300000)]
  0x000001f50b38bfc0 JavaThread "AWT-Windows" daemon [_thread_in_native, id=18308, stack(0x0000007023300000,0x0000007023400000)]
  0x000001f50b6f65d0 JavaThread "AWT-EventQueue-0" [_thread_blocked, id=20568, stack(0x0000007023500000,0x0000007023600000)]

Other Threads:
  0x000001f50a6b41b0 VMThread "VM Thread" [stack: 0x0000007022300000,0x0000007022400000] [id=4224]
  0x000001f50b2ea260 WatcherThread [stack: 0x0000007022f00000,0x0000007023000000] [id=16896]
  0x000001f569f4c9e0 GCTaskThread "GC Thread#0" [stack: 0x0000007021e00000,0x0000007021f00000] [id=34460]
  0x000001f569f5df90 ConcurrentGCThread "G1 Main Marker" [stack: 0x0000007021f00000,0x0000007022000000] [id=13060]
  0x000001f569f5e9a0 ConcurrentGCThread "G1 Conc#0" [stack: 0x0000007022000000,0x0000007022100000] [id=6188]
  0x000001f569fad2f0 ConcurrentGCThread "G1 Refine#0" [stack: 0x0000007022100000,0x0000007022200000] [id=26608]
  0x000001f569fadd10 ConcurrentGCThread "G1 Service" [stack: 0x0000007022200000,0x0000007022300000] [id=29968]

Threads with active compile tasks:

VM state: not at safepoint (normal execution)

VM Mutex/Monitor currently owned by a thread:  ([mutex/lock_event])
[0x000001f569edc060] Metaspace_lock - owner thread: 0x000001f569ee1ad0

Heap address: 0x0000000701200000, size: 4078 MB, Compressed Oops mode: Zero based, Oop shift amount: 3

CDS archive(s) not mapped
Compressed class space mapped at: 0x0000000800000000-0x0000000840000000, reserved size: 1073741824
Narrow klass base: 0x0000000800000000, Narrow klass shift: 0, Narrow klass range: 0x40000000

GC Precious Log:
 CPUs: 6 total, 6 available
 Memory: 16304M
 Large Page Support: Disabled
 NUMA Support: Disabled
 Compressed Oops: Enabled (Zero based)
 Heap Region Size: 2M
 Heap Min Capacity: 8M
 Heap Initial Capacity: 256M
 Heap Max Capacity: 4078M
 Pre-touch: Disabled
 Parallel Workers: 6
 Concurrent Workers: 2
 Concurrent Refinement Workers: 6
 Periodic GC: Disabled

Heap:
 garbage-first heap   total 262144K, used 4096K [0x0000000701200000, 0x0000000800000000)
  region size 2048K, 3 young (6144K), 0 survivors (0K)
 Metaspace       used 11127K, committed 11328K, reserved 1064960K
  class space    used 1092K, committed 1216K, reserved 1048576K

Heap Regions: E=young(eden), S=young(survivor), O=old, HS=humongous(starts), HC=humongous(continues), CS=collection set, F=free, OA=open archive, CA=closed archive, TAMS=top-at-mark-start (previous, next)
|   0|0x0000000701200000, 0x0000000701200000, 0x0000000701400000|  0%| F|  |TAMS 0x0000000701200000, 0x0000000701200000| Untracked 
|   1|0x0000000701400000, 0x0000000701400000, 0x0000000701600000|  0%| F|  |TAMS 0x0000000701400000, 0x0000000701400000| Untracked 
|   2|0x0000000701600000, 0x0000000701600000, 0x0000000701800000|  0%| F|  |TAMS 0x0000000701600000, 0x0000000701600000| Untracked 
|   3|0x0000000701800000, 0x0000000701800000, 0x0000000701a00000|  0%| F|  |TAMS 0x0000000701800000, 0x0000000701800000| Untracked 
|   4|0x0000000701a00000, 0x0000000701a00000, 0x0000000701c00000|  0%| F|  |TAMS 0x0000000701a00000, 0x0000000701a00000| Untracked 
|   5|0x0000000701c00000, 0x0000000701c00000, 0x0000000701e00000|  0%| F|  |TAMS 0x0000000701c00000, 0x0000000701c00000| Untracked 
|   6|0x0000000701e00000, 0x0000000701e00000, 0x0000000702000000|  0%| F|  |TAMS 0x0000000701e00000, 0x0000000701e00000| Untracked 
|   7|0x0000000702000000, 0x0000000702000000, 0x0000000702200000|  0%| F|  |TAMS 0x0000000702000000, 0x0000000702000000| Untracked 
|   8|0x0000000702200000, 0x0000000702200000, 0x0000000702400000|  0%| F|  |TAMS 0x0000000702200000, 0x0000000702200000| Untracked 
|   9|0x0000000702400000, 0x0000000702400000, 0x0000000702600000|  0%| F|  |TAMS 0x0000000702400000, 0x0000000702400000| Untracked 
|  10|0x0000000702600000, 0x0000000702600000, 0x0000000702800000|  0%| F|  |TAMS 0x0000000702600000, 0x0000000702600000| Untracked 
|  11|0x0000000702800000, 0x0000000702800000, 0x0000000702a00000|  0%| F|  |TAMS 0x0000000702800000, 0x0000000702800000| Untracked 
|  12|0x0000000702a00000, 0x0000000702a00000, 0x0000000702c00000|  0%| F|  |TAMS 0x0000000702a00000, 0x0000000702a00000| Untracked 
|  13|0x0000000702c00000, 0x0000000702c00000, 0x0000000702e00000|  0%| F|  |TAMS 0x0000000702c00000, 0x0000000702c00000| Untracked 
|  14|0x0000000702e00000, 0x0000000702e00000, 0x0000000703000000|  0%| F|  |TAMS 0x0000000702e00000, 0x0000000702e00000| Untracked 
|  15|0x0000000703000000, 0x0000000703000000, 0x0000000703200000|  0%| F|  |TAMS 0x0000000703000000, 0x0000000703000000| Untracked 
|  16|0x0000000703200000, 0x0000000703200000, 0x0000000703400000|  0%| F|  |TAMS 0x0000000703200000, 0x0000000703200000| Untracked 
|  17|0x0000000703400000, 0x0000000703400000, 0x0000000703600000|  0%| F|  |TAMS 0x0000000703400000, 0x0000000703400000| Untracked 
|  18|0x0000000703600000, 0x0000000703600000, 0x0000000703800000|  0%| F|  |TAMS 0x0000000703600000, 0x0000000703600000| Untracked 
|  19|0x0000000703800000, 0x0000000703800000, 0x0000000703a00000|  0%| F|  |TAMS 0x0000000703800000, 0x0000000703800000| Untracked 
|  20|0x0000000703a00000, 0x0000000703a00000, 0x0000000703c00000|  0%| F|  |TAMS 0x0000000703a00000, 0x0000000703a00000| Untracked 
|  21|0x0000000703c00000, 0x0000000703c00000, 0x0000000703e00000|  0%| F|  |TAMS 0x0000000703c00000, 0x0000000703c00000| Untracked 
|  22|0x0000000703e00000, 0x0000000703e00000, 0x0000000704000000|  0%| F|  |TAMS 0x0000000703e00000, 0x0000000703e00000| Untracked 
|  23|0x0000000704000000, 0x0000000704000000, 0x0000000704200000|  0%| F|  |TAMS 0x0000000704000000, 0x0000000704000000| Untracked 
|  24|0x0000000704200000, 0x0000000704200000, 0x0000000704400000|  0%| F|  |TAMS 0x0000000704200000, 0x0000000704200000| Untracked 
|  25|0x0000000704400000, 0x0000000704400000, 0x0000000704600000|  0%| F|  |TAMS 0x0000000704400000, 0x0000000704400000| Untracked 
|  26|0x0000000704600000, 0x0000000704600000, 0x0000000704800000|  0%| F|  |TAMS 0x0000000704600000, 0x0000000704600000| Untracked 
|  27|0x0000000704800000, 0x0000000704800000, 0x0000000704a00000|  0%| F|  |TAMS 0x0000000704800000, 0x0000000704800000| Untracked 
|  28|0x0000000704a00000, 0x0000000704a00000, 0x0000000704c00000|  0%| F|  |TAMS 0x0000000704a00000, 0x0000000704a00000| Untracked 
|  29|0x0000000704c00000, 0x0000000704c00000, 0x0000000704e00000|  0%| F|  |TAMS 0x0000000704c00000, 0x0000000704c00000| Untracked 
|  30|0x0000000704e00000, 0x0000000704e00000, 0x0000000705000000|  0%| F|  |TAMS 0x0000000704e00000, 0x0000000704e00000| Untracked 
|  31|0x0000000705000000, 0x0000000705000000, 0x0000000705200000|  0%| F|  |TAMS 0x0000000705000000, 0x0000000705000000| Untracked 
|  32|0x0000000705200000, 0x0000000705200000, 0x0000000705400000|  0%| F|  |TAMS 0x0000000705200000, 0x0000000705200000| Untracked 
|  33|0x0000000705400000, 0x0000000705400000, 0x0000000705600000|  0%| F|  |TAMS 0x0000000705400000, 0x0000000705400000| Untracked 
|  34|0x0000000705600000, 0x0000000705600000, 0x0000000705800000|  0%| F|  |TAMS 0x0000000705600000, 0x0000000705600000| Untracked 
|  35|0x0000000705800000, 0x0000000705800000, 0x0000000705a00000|  0%| F|  |TAMS 0x0000000705800000, 0x0000000705800000| Untracked 
|  36|0x0000000705a00000, 0x0000000705a00000, 0x0000000705c00000|  0%| F|  |TAMS 0x0000000705a00000, 0x0000000705a00000| Untracked 
|  37|0x0000000705c00000, 0x0000000705c00000, 0x0000000705e00000|  0%| F|  |TAMS 0x0000000705c00000, 0x0000000705c00000| Untracked 
|  38|0x0000000705e00000, 0x0000000705e00000, 0x0000000706000000|  0%| F|  |TAMS 0x0000000705e00000, 0x0000000705e00000| Untracked 
|  39|0x0000000706000000, 0x0000000706000000, 0x0000000706200000|  0%| F|  |TAMS 0x0000000706000000, 0x0000000706000000| Untracked 
|  40|0x0000000706200000, 0x0000000706200000, 0x0000000706400000|  0%| F|  |TAMS 0x0000000706200000, 0x0000000706200000| Untracked 
|  41|0x0000000706400000, 0x0000000706400000, 0x0000000706600000|  0%| F|  |TAMS 0x0000000706400000, 0x0000000706400000| Untracked 
|  42|0x0000000706600000, 0x0000000706600000, 0x0000000706800000|  0%| F|  |TAMS 0x0000000706600000, 0x0000000706600000| Untracked 
|  43|0x0000000706800000, 0x0000000706800000, 0x0000000706a00000|  0%| F|  |TAMS 0x0000000706800000, 0x0000000706800000| Untracked 
|  44|0x0000000706a00000, 0x0000000706a00000, 0x0000000706c00000|  0%| F|  |TAMS 0x0000000706a00000, 0x0000000706a00000| Untracked 
|  45|0x0000000706c00000, 0x0000000706c00000, 0x0000000706e00000|  0%| F|  |TAMS 0x0000000706c00000, 0x0000000706c00000| Untracked 
|  46|0x0000000706e00000, 0x0000000706e00000, 0x0000000707000000|  0%| F|  |TAMS 0x0000000706e00000, 0x0000000706e00000| Untracked 
|  47|0x0000000707000000, 0x0000000707000000, 0x0000000707200000|  0%| F|  |TAMS 0x0000000707000000, 0x0000000707000000| Untracked 
|  48|0x0000000707200000, 0x0000000707200000, 0x0000000707400000|  0%| F|  |TAMS 0x0000000707200000, 0x0000000707200000| Untracked 
|  49|0x0000000707400000, 0x0000000707400000, 0x0000000707600000|  0%| F|  |TAMS 0x0000000707400000, 0x0000000707400000| Untracked 
|  50|0x0000000707600000, 0x0000000707600000, 0x0000000707800000|  0%| F|  |TAMS 0x0000000707600000, 0x0000000707600000| Untracked 
|  51|0x0000000707800000, 0x0000000707800000, 0x0000000707a00000|  0%| F|  |TAMS 0x0000000707800000, 0x0000000707800000| Untracked 
|  52|0x0000000707a00000, 0x0000000707a00000, 0x0000000707c00000|  0%| F|  |TAMS 0x0000000707a00000, 0x0000000707a00000| Untracked 
|  53|0x0000000707c00000, 0x0000000707c00000, 0x0000000707e00000|  0%| F|  |TAMS 0x0000000707c00000, 0x0000000707c00000| Untracked 
|  54|0x0000000707e00000, 0x0000000707e00000, 0x0000000708000000|  0%| F|  |TAMS 0x0000000707e00000, 0x0000000707e00000| Untracked 
|  55|0x0000000708000000, 0x0000000708000000, 0x0000000708200000|  0%| F|  |TAMS 0x0000000708000000, 0x0000000708000000| Untracked 
|  56|0x0000000708200000, 0x0000000708200000, 0x0000000708400000|  0%| F|  |TAMS 0x0000000708200000, 0x0000000708200000| Untracked 
|  57|0x0000000708400000, 0x0000000708400000, 0x0000000708600000|  0%| F|  |TAMS 0x0000000708400000, 0x0000000708400000| Untracked 
|  58|0x0000000708600000, 0x0000000708600000, 0x0000000708800000|  0%| F|  |TAMS 0x0000000708600000, 0x0000000708600000| Untracked 
|  59|0x0000000708800000, 0x0000000708800000, 0x0000000708a00000|  0%| F|  |TAMS 0x0000000708800000, 0x0000000708800000| Untracked 
|  60|0x0000000708a00000, 0x0000000708a00000, 0x0000000708c00000|  0%| F|  |TAMS 0x0000000708a00000, 0x0000000708a00000| Untracked 
|  61|0x0000000708c00000, 0x0000000708c00000, 0x0000000708e00000|  0%| F|  |TAMS 0x0000000708c00000, 0x0000000708c00000| Untracked 
|  62|0x0000000708e00000, 0x0000000708e00000, 0x0000000709000000|  0%| F|  |TAMS 0x0000000708e00000, 0x0000000708e00000| Untracked 
|  63|0x0000000709000000, 0x0000000709000000, 0x0000000709200000|  0%| F|  |TAMS 0x0000000709000000, 0x0000000709000000| Untracked 
|  64|0x0000000709200000, 0x0000000709200000, 0x0000000709400000|  0%| F|  |TAMS 0x0000000709200000, 0x0000000709200000| Untracked 
|  65|0x0000000709400000, 0x0000000709400000, 0x0000000709600000|  0%| F|  |TAMS 0x0000000709400000, 0x0000000709400000| Untracked 
|  66|0x0000000709600000, 0x0000000709600000, 0x0000000709800000|  0%| F|  |TAMS 0x0000000709600000, 0x0000000709600000| Untracked 
|  67|0x0000000709800000, 0x0000000709800000, 0x0000000709a00000|  0%| F|  |TAMS 0x0000000709800000, 0x0000000709800000| Untracked 
|  68|0x0000000709a00000, 0x0000000709a00000, 0x0000000709c00000|  0%| F|  |TAMS 0x0000000709a00000, 0x0000000709a00000| Untracked 
|  69|0x0000000709c00000, 0x0000000709c00000, 0x0000000709e00000|  0%| F|  |TAMS 0x0000000709c00000, 0x0000000709c00000| Untracked 
|  70|0x0000000709e00000, 0x0000000709e00000, 0x000000070a000000|  0%| F|  |TAMS 0x0000000709e00000, 0x0000000709e00000| Untracked 
|  71|0x000000070a000000, 0x000000070a000000, 0x000000070a200000|  0%| F|  |TAMS 0x000000070a000000, 0x000000070a000000| Untracked 
|  72|0x000000070a200000, 0x000000070a200000, 0x000000070a400000|  0%| F|  |TAMS 0x000000070a200000, 0x000000070a200000| Untracked 
|  73|0x000000070a400000, 0x000000070a400000, 0x000000070a600000|  0%| F|  |TAMS 0x000000070a400000, 0x000000070a400000| Untracked 
|  74|0x000000070a600000, 0x000000070a600000, 0x000000070a800000|  0%| F|  |TAMS 0x000000070a600000, 0x000000070a600000| Untracked 
|  75|0x000000070a800000, 0x000000070a800000, 0x000000070aa00000|  0%| F|  |TAMS 0x000000070a800000, 0x000000070a800000| Untracked 
|  76|0x000000070aa00000, 0x000000070aa00000, 0x000000070ac00000|  0%| F|  |TAMS 0x000000070aa00000, 0x000000070aa00000| Untracked 
|  77|0x000000070ac00000, 0x000000070ac00000, 0x000000070ae00000|  0%| F|  |TAMS 0x000000070ac00000, 0x000000070ac00000| Untracked 
|  78|0x000000070ae00000, 0x000000070ae00000, 0x000000070b000000|  0%| F|  |TAMS 0x000000070ae00000, 0x000000070ae00000| Untracked 
|  79|0x000000070b000000, 0x000000070b000000, 0x000000070b200000|  0%| F|  |TAMS 0x000000070b000000, 0x000000070b000000| Untracked 
|  80|0x000000070b200000, 0x000000070b200000, 0x000000070b400000|  0%| F|  |TAMS 0x000000070b200000, 0x000000070b200000| Untracked 
|  81|0x000000070b400000, 0x000000070b400000, 0x000000070b600000|  0%| F|  |TAMS 0x000000070b400000, 0x000000070b400000| Untracked 
|  82|0x000000070b600000, 0x000000070b600000, 0x000000070b800000|  0%| F|  |TAMS 0x000000070b600000, 0x000000070b600000| Untracked 
|  83|0x000000070b800000, 0x000000070b800000, 0x000000070ba00000|  0%| F|  |TAMS 0x000000070b800000, 0x000000070b800000| Untracked 
|  84|0x000000070ba00000, 0x000000070ba00000, 0x000000070bc00000|  0%| F|  |TAMS 0x000000070ba00000, 0x000000070ba00000| Untracked 
|  85|0x000000070bc00000, 0x000000070bc00000, 0x000000070be00000|  0%| F|  |TAMS 0x000000070bc00000, 0x000000070bc00000| Untracked 
|  86|0x000000070be00000, 0x000000070be00000, 0x000000070c000000|  0%| F|  |TAMS 0x000000070be00000, 0x000000070be00000| Untracked 
|  87|0x000000070c000000, 0x000000070c000000, 0x000000070c200000|  0%| F|  |TAMS 0x000000070c000000, 0x000000070c000000| Untracked 
|  88|0x000000070c200000, 0x000000070c200000, 0x000000070c400000|  0%| F|  |TAMS 0x000000070c200000, 0x000000070c200000| Untracked 
|  89|0x000000070c400000, 0x000000070c400000, 0x000000070c600000|  0%| F|  |TAMS 0x000000070c400000, 0x000000070c400000| Untracked 
|  90|0x000000070c600000, 0x000000070c600000, 0x000000070c800000|  0%| F|  |TAMS 0x000000070c600000, 0x000000070c600000| Untracked 
|  91|0x000000070c800000, 0x000000070c800000, 0x000000070ca00000|  0%| F|  |TAMS 0x000000070c800000, 0x000000070c800000| Untracked 
|  92|0x000000070ca00000, 0x000000070ca00000, 0x000000070cc00000|  0%| F|  |TAMS 0x000000070ca00000, 0x000000070ca00000| Untracked 
|  93|0x000000070cc00000, 0x000000070cc00000, 0x000000070ce00000|  0%| F|  |TAMS 0x000000070cc00000, 0x000000070cc00000| Untracked 
|  94|0x000000070ce00000, 0x000000070ce00000, 0x000000070d000000|  0%| F|  |TAMS 0x000000070ce00000, 0x000000070ce00000| Untracked 
|  95|0x000000070d000000, 0x000000070d000000, 0x000000070d200000|  0%| F|  |TAMS 0x000000070d000000, 0x000000070d000000| Untracked 
|  96|0x000000070d200000, 0x000000070d200000, 0x000000070d400000|  0%| F|  |TAMS 0x000000070d200000, 0x000000070d200000| Untracked 
|  97|0x000000070d400000, 0x000000070d400000, 0x000000070d600000|  0%| F|  |TAMS 0x000000070d400000, 0x000000070d400000| Untracked 
|  98|0x000000070d600000, 0x000000070d600000, 0x000000070d800000|  0%| F|  |TAMS 0x000000070d600000, 0x000000070d600000| Untracked 
|  99|0x000000070d800000, 0x000000070d800000, 0x000000070da00000|  0%| F|  |TAMS 0x000000070d800000, 0x000000070d800000| Untracked 
| 100|0x000000070da00000, 0x000000070da00000, 0x000000070dc00000|  0%| F|  |TAMS 0x000000070da00000, 0x000000070da00000| Untracked 
| 101|0x000000070dc00000, 0x000000070dc00000, 0x000000070de00000|  0%| F|  |TAMS 0x000000070dc00000, 0x000000070dc00000| Untracked 
| 102|0x000000070de00000, 0x000000070de00000, 0x000000070e000000|  0%| F|  |TAMS 0x000000070de00000, 0x000000070de00000| Untracked 
| 103|0x000000070e000000, 0x000000070e000000, 0x000000070e200000|  0%| F|  |TAMS 0x000000070e000000, 0x000000070e000000| Untracked 
| 104|0x000000070e200000, 0x000000070e200000, 0x000000070e400000|  0%| F|  |TAMS 0x000000070e200000, 0x000000070e200000| Untracked 
| 105|0x000000070e400000, 0x000000070e400000, 0x000000070e600000|  0%| F|  |TAMS 0x000000070e400000, 0x000000070e400000| Untracked 
| 106|0x000000070e600000, 0x000000070e600000, 0x000000070e800000|  0%| F|  |TAMS 0x000000070e600000, 0x000000070e600000| Untracked 
| 107|0x000000070e800000, 0x000000070e800000, 0x000000070ea00000|  0%| F|  |TAMS 0x000000070e800000, 0x000000070e800000| Untracked 
| 108|0x000000070ea00000, 0x000000070ea00000, 0x000000070ec00000|  0%| F|  |TAMS 0x000000070ea00000, 0x000000070ea00000| Untracked 
| 109|0x000000070ec00000, 0x000000070ec00000, 0x000000070ee00000|  0%| F|  |TAMS 0x000000070ec00000, 0x000000070ec00000| Untracked 
| 110|0x000000070ee00000, 0x000000070ee00000, 0x000000070f000000|  0%| F|  |TAMS 0x000000070ee00000, 0x000000070ee00000| Untracked 
| 111|0x000000070f000000, 0x000000070f000000, 0x000000070f200000|  0%| F|  |TAMS 0x000000070f000000, 0x000000070f000000| Untracked 
| 112|0x000000070f200000, 0x000000070f200000, 0x000000070f400000|  0%| F|  |TAMS 0x000000070f200000, 0x000000070f200000| Untracked 
| 113|0x000000070f400000, 0x000000070f400000, 0x000000070f600000|  0%| F|  |TAMS 0x000000070f400000, 0x000000070f400000| Untracked 
| 114|0x000000070f600000, 0x000000070f600000, 0x000000070f800000|  0%| F|  |TAMS 0x000000070f600000, 0x000000070f600000| Untracked 
| 115|0x000000070f800000, 0x000000070f800000, 0x000000070fa00000|  0%| F|  |TAMS 0x000000070f800000, 0x000000070f800000| Untracked 
| 116|0x000000070fa00000, 0x000000070fa00000, 0x000000070fc00000|  0%| F|  |TAMS 0x000000070fa00000, 0x000000070fa00000| Untracked 
| 117|0x000000070fc00000, 0x000000070fc00000, 0x000000070fe00000|  0%| F|  |TAMS 0x000000070fc00000, 0x000000070fc00000| Untracked 
| 118|0x000000070fe00000, 0x000000070fe00000, 0x0000000710000000|  0%| F|  |TAMS 0x000000070fe00000, 0x000000070fe00000| Untracked 
| 119|0x0000000710000000, 0x0000000710000000, 0x0000000710200000|  0%| F|  |TAMS 0x0000000710000000, 0x0000000710000000| Untracked 
| 120|0x0000000710200000, 0x0000000710200000, 0x0000000710400000|  0%| F|  |TAMS 0x0000000710200000, 0x0000000710200000| Untracked 
| 121|0x0000000710400000, 0x0000000710400000, 0x0000000710600000|  0%| F|  |TAMS 0x0000000710400000, 0x0000000710400000| Untracked 
| 122|0x0000000710600000, 0x0000000710600000, 0x0000000710800000|  0%| F|  |TAMS 0x0000000710600000, 0x0000000710600000| Untracked 
| 123|0x0000000710800000, 0x0000000710800000, 0x0000000710a00000|  0%| F|  |TAMS 0x0000000710800000, 0x0000000710800000| Untracked 
| 124|0x0000000710a00000, 0x0000000710a00000, 0x0000000710c00000|  0%| F|  |TAMS 0x0000000710a00000, 0x0000000710a00000| Untracked 
| 125|0x0000000710c00000, 0x0000000710d9a608, 0x0000000710e00000| 80%| E|  |TAMS 0x0000000710c00000, 0x0000000710c00000| Complete 
| 126|0x0000000710e00000, 0x0000000711000000, 0x0000000711000000|100%| E|CS|TAMS 0x0000000710e00000, 0x0000000710e00000| Complete 
| 127|0x0000000711000000, 0x0000000711200000, 0x0000000711200000|100%| E|CS|TAMS 0x0000000711000000, 0x0000000711000000| Complete 

Card table byte_map: [0x000001f57edd0000,0x000001f57f5d0000] _byte_map_base: 0x000001f57b5c7000

Marking Bits (Prev, Next): (CMBitMap*) 0x000001f569f4cff0, (CMBitMap*) 0x000001f569f4d030
 Prev Bits: [0x000001f500000000, 0x000001f503fb8000)
 Next Bits: [0x000001f503fc0000, 0x000001f507f78000)

Polling page: 0x000001f569fb0000

Metaspace:

Usage:
  Non-class:      9.80 MB used.
      Class:      1.07 MB used.
       Both:     10.87 MB used.

Virtual space:
  Non-class space:       16.00 MB reserved,       9.88 MB ( 62%) committed,  2 nodes.
      Class space:        1.00 GB reserved,       1.19 MB ( <1%) committed,  1 nodes.
             Both:        1.02 GB reserved,      11.06 MB (  1%) committed. 

Chunk freelists:
   Non-Class:  2.05 MB
       Class:  2.75 MB
        Both:  4.80 MB

MaxMetaspaceSize: unlimited
CompressedClassSpaceSize: 1.00 GB
Initial GC threshold: 21.00 MB
Current GC threshold: 21.00 MB
CDS: off
MetaspaceReclaimPolicy: balanced
 - commit_granule_bytes: 65536.
 - commit_granule_words: 8192.
 - virtual_space_node_default_size: 1048576.
 - enlarge_chunks_in_place: 1.
 - new_chunks_are_fully_committed: 0.
 - uncommit_free_chunks: 1.
 - use_allocation_guard: 0.
 - handle_deallocations: 1.


Internal statistics:

num_allocs_failed_limit: 0.
num_arena_births: 92.
num_arena_deaths: 0.
num_vsnodes_births: 3.
num_vsnodes_deaths: 0.
num_space_committed: 177.
num_space_uncommitted: 0.
num_chunks_returned_to_freelist: 0.
num_chunks_taken_from_freelist: 153.
num_chunk_merges: 0.
num_chunk_splits: 77.
num_chunks_enlarged: 24.
num_purges: 0.
num_inconsistent_stats: 0.

CodeHeap 'non-profiled nmethods': size=120000Kb used=144Kb max_used=144Kb free=119855Kb
 bounds [0x000001f576850000, 0x000001f576ac0000, 0x000001f57dd80000]
CodeHeap 'profiled nmethods': size=120000Kb used=774Kb max_used=774Kb free=119225Kb
 bounds [0x000001f56f320000, 0x000001f56f590000, 0x000001f576850000]
CodeHeap 'non-nmethods': size=5760Kb used=1197Kb max_used=1208Kb free=4562Kb
 bounds [0x000001f56ed80000, 0x000001f56eff0000, 0x000001f56f320000]
 total_blobs=1004 nmethods=503 adapters=414
 compilation: enabled
              stopped_count=0, restarted_count=0
 full_count=0

Compilation events (20 events):
Event: 0.417 Thread 0x000001f50b088590  492       3       java.lang.AbstractStringBuilder::append (55 bytes)
Event: 0.418 Thread 0x000001f50b088590 nmethod 492 0x000001f56f3d8a10 code [0x000001f56f3d8be0, 0x000001f56f3d8f18]
Event: 0.418 Thread 0x000001f50b088590  493       3       java.lang.invoke.TypeConvertingMethodAdapter::convertType (299 bytes)
Event: 0.418 Thread 0x000001f50b087af0  498       4       jdk.internal.org.objectweb.asm.Symbol::<init> (38 bytes)
Event: 0.420 Thread 0x000001f50b088590 nmethod 493 0x000001f56f3d9090 code [0x000001f56f3d96c0, 0x000001f56f3dcce8]
Event: 0.420 Thread 0x000001f50b088590  494       3       java.lang.StringBuilder::<init> (6 bytes)
Event: 0.420 Thread 0x000001f50b088590 nmethod 494 0x000001f56f3dde90 code [0x000001f56f3de020, 0x000001f56f3de168]
Event: 0.420 Thread 0x000001f50b088590  495       3       java.lang.invoke.MethodHandles$Lookup::checkSecurityManager (97 bytes)
Event: 0.421 Thread 0x000001f50b087af0 nmethod 498 0x000001f576873590 code [0x000001f576873700, 0x000001f576873a78]
Event: 0.422 Thread 0x000001f50b088590 nmethod 495 0x000001f56f3de210 code [0x000001f56f3de620, 0x000001f56f3e0358]
Event: 0.422 Thread 0x000001f50b088590  499       3       java.util.concurrent.ConcurrentHashMap$BaseIterator::hasNext (13 bytes)
Event: 0.422 Thread 0x000001f50b088590 nmethod 499 0x000001f56f3e0c90 code [0x000001f56f3e0e20, 0x000001f56f3e0f98]
Event: 0.422 Thread 0x000001f50b088590  500       3       java.lang.Integer::hashCode (8 bytes)
Event: 0.422 Thread 0x000001f50b088590 nmethod 500 0x000001f56f3e1010 code [0x000001f56f3e11a0, 0x000001f56f3e12f8]
Event: 0.422 Thread 0x000001f50b088590  501       3       java.lang.Integer::hashCode (2 bytes)
Event: 0.422 Thread 0x000001f50b088590 nmethod 501 0x000001f56f3e1390 code [0x000001f56f3e1520, 0x000001f56f3e1618]
Event: 0.422 Thread 0x000001f50b088590  497       1       java.lang.module.ModuleDescriptor::isOpen (5 bytes)
Event: 0.422 Thread 0x000001f50b088590 nmethod 497 0x000001f576873b10 code [0x000001f576873ca0, 0x000001f576873d78]
Event: 0.422 Thread 0x000001f50b088590  502       3       java.util.HashMap::containsKey (14 bytes)
Event: 0.422 Thread 0x000001f50b088590 nmethod 502 0x000001f56f3e1690 code [0x000001f56f3e1840, 0x000001f56f3e19e8]

GC Heap History (0 events):
No events

Dll operation events (5 events):
Event: 0.009 Loaded shared library C:\Users\Bogdan\.p2\pool\plugins\org.eclipse.justj.openjdk.hotspot.jre.full.win32.x86_64_17.0.5.v20221102-0933\jre\bin\java.dll
Event: 0.111 Loaded shared library C:\Users\Bogdan\.p2\pool\plugins\org.eclipse.justj.openjdk.hotspot.jre.full.win32.x86_64_17.0.5.v20221102-0933\jre\bin\net.dll
Event: 0.112 Loaded shared library C:\Users\Bogdan\.p2\pool\plugins\org.eclipse.justj.openjdk.hotspot.jre.full.win32.x86_64_17.0.5.v20221102-0933\jre\bin\nio.dll
Event: 0.164 Loaded shared library C:\Users\Bogdan\.p2\pool\plugins\org.eclipse.justj.openjdk.hotspot.jre.full.win32.x86_64_17.0.5.v20221102-0933\jre\bin\jimage.dll
Event: 0.178 Loaded shared library C:\Users\Bogdan\.p2\pool\plugins\org.eclipse.justj.openjdk.hotspot.jre.full.win32.x86_64_17.0.5.v20221102-0933\jre\bin\awt.dll

Deoptimization events (8 events):
Event: 0.148 Thread 0x000001f569ee1ad0 Uncommon trap: trap_request=0xffffff45 fr.pc=0x000001f576856e5c relative=0x000000000000005c
Event: 0.148 Thread 0x000001f569ee1ad0 Uncommon trap: reason=unstable_if action=reinterpret pc=0x000001f576856e5c method=java.lang.String.isLatin1()Z @ 10 c2
Event: 0.148 Thread 0x000001f569ee1ad0 DEOPT PACKING pc=0x000001f576856e5c sp=0x0000007021dfe260
Event: 0.148 Thread 0x000001f569ee1ad0 DEOPT UNPACKING pc=0x000001f56edd23a3 sp=0x0000007021dfe1f0 mode 2
Event: 0.148 Thread 0x000001f569ee1ad0 Uncommon trap: trap_request=0xffffff45 fr.pc=0x000001f576858200 relative=0x0000000000000080
Event: 0.148 Thread 0x000001f569ee1ad0 Uncommon trap: reason=unstable_if action=reinterpret pc=0x000001f576858200 method=java.lang.String.isLatin1()Z @ 10 c2
Event: 0.148 Thread 0x000001f569ee1ad0 DEOPT PACKING pc=0x000001f576858200 sp=0x0000007021dfec60
Event: 0.148 Thread 0x000001f569ee1ad0 DEOPT UNPACKING pc=0x000001f56edd23a3 sp=0x0000007021dfeba0 mode 2

Classes unloaded (0 events):
No events

Classes redefined (0 events):
No events

Internal exceptions (12 events):
Event: 0.124 Thread 0x000001f569ee1ad0 Exception <a 'java/lang/NoSuchMethodError'{0x0000000711112bc8}: 'void java.lang.invoke.DirectMethodHandle$Holder.invokeVirtual(java.lang.Object, java.lang.Object)'> (0x0000000711112bc8) 
thrown [s\src\hotspot\share\interpreter\linkResolver.cpp, line 759]
Event: 0.166 Thread 0x000001f569ee1ad0 Exception <a 'sun/nio/fs/WindowsException'{0x0000000710e2c518}> (0x0000000710e2c518) 
thrown [s\src\hotspot\share\prims\jni.cpp, line 516]
Event: 0.171 Thread 0x000001f569ee1ad0 Exception <a 'java/lang/ClassNotFoundException'{0x0000000710e326a8}: sun/awt/resources/spi/awtProvider> (0x0000000710e326a8) 
thrown [s\src\hotspot\share\classfile\systemDictionary.cpp, line 256]
Event: 0.188 Thread 0x000001f569ee1ad0 Exception <a 'java/io/FileNotFoundException'{0x0000000710e86d78}> (0x0000000710e86d78) 
thrown [s\src\hotspot\share\prims\jni.cpp, line 516]
Event: 0.193 Thread 0x000001f569ee1ad0 Exception <a 'java/io/FileNotFoundException'{0x0000000710eb3de8}> (0x0000000710eb3de8) 
thrown [s\src\hotspot\share\prims\jni.cpp, line 516]
Event: 0.228 Thread 0x000001f569ee1ad0 Exception <a 'java/lang/NoSuchMethodError'{0x0000000710ef0628}: 'java.lang.Object java.lang.invoke.DirectMethodHandle$Holder.invokeStaticInit(java.lang.Object)'> (0x0000000710ef0628) 
thrown [s\src\hotspot\share\interpreter\linkResolver.cpp, line 759]
Event: 0.366 Thread 0x000001f569ee1ad0 Exception <a 'java/lang/NoSuchMethodError'{0x0000000710fa02e8}: 'void java.lang.invoke.DirectMethodHandle$Holder.invokeSpecial(java.lang.Object, java.lang.Object, java.lang.Object)'> (0x0000000710fa02e8) 
thrown [s\src\hotspot\share\interpreter\linkResolver.cpp, line 759]
Event: 0.374 Thread 0x000001f569ee1ad0 Exception <a 'java/lang/NoSuchMethodError'{0x0000000710fca160}: 'java.lang.Object java.lang.invoke.DirectMethodHandle$Holder.newInvokeSpecial(java.lang.Object, java.lang.Object, java.lang.Object, java.lang.Object, java.lang.Object)'> (0x0000000710fca160) 
thrown [s\src\hotspot\share\interpreter\linkResolver.cpp, line 759]
Event: 0.375 Thread 0x000001f569ee1ad0 Exception <a 'java/lang/NoSuchMethodError'{0x0000000710fd5b28}: 'java.lang.Object java.lang.invoke.DirectMethodHandle$Holder.invokeStatic(java.lang.Object, int, java.lang.Object, java.lang.Object, java.lang.Object, java.lang.Object)'> (0x0000000710fd5b28) 
thrown [s\src\hotspot\share\interpreter\linkResolver.cpp, line 759]
Event: 0.378 Thread 0x000001f569ee1ad0 Exception <a 'java/lang/NoSuchMethodError'{0x0000000710ffb2e8}: 'java.lang.Object java.lang.invoke.DirectMethodHandle$Holder.invokeStatic(java.lang.Object, int, java.lang.Object)'> (0x0000000710ffb2e8) 
thrown [s\src\hotspot\share\interpreter\linkResolver.cpp, line 759]
Event: 0.400 Thread 0x000001f569ee1ad0 Exception <a 'java/lang/ClassNotFoundException'{0x0000000710cb30e8}: com/sun/swing/internal/plaf/metal/resources/spi/metalProvider> (0x0000000710cb30e8) 
thrown [s\src\hotspot\share\classfile\systemDictionary.cpp, line 256]
Event: 0.401 Thread 0x000001f569ee1ad0 Exception <a 'java/lang/ClassNotFoundException'{0x0000000710cb6cb8}: com/sun/swing/internal/plaf/basic/resources/spi/basicProvider> (0x0000000710cb6cb8) 
thrown [s\src\hotspot\share\classfile\systemDictionary.cpp, line 256]

VM Operations (4 events):
Event: 0.139 Executing VM operation: HandshakeAllThreads
Event: 0.139 Executing VM operation: HandshakeAllThreads done
Event: 0.409 Executing VM operation: HandshakeAllThreads
Event: 0.409 Executing VM operation: HandshakeAllThreads done

Events (20 events):
Event: 0.431 loading class javax/swing/RepaintManager$2$1
Event: 0.431 loading class sun/java2d/pipe/hw/BufferedContextProvider done
Event: 0.431 loading class sun/java2d/pipe/hw/AccelGraphicsConfig done
Event: 0.431 loading class javax/swing/RepaintManager$2$1 done
Event: 0.431 loading class sun/java2d/d3d/D3DGraphicsConfig done
Event: 0.431 loading class sun/java2d/windows/GDIWindowSurfaceData
Event: 0.431 loading class sun/java2d/windows/GDIWindowSurfaceData done
Event: 0.431 loading class sun/java2d/loops/XORComposite
Event: 0.431 loading class java/awt/Composite
Event: 0.431 loading class java/awt/Composite done
Event: 0.431 loading class sun/java2d/loops/XORComposite done
Event: 0.431 loading class sun/java2d/windows/GDIBlitLoops
Event: 0.431 loading class sun/java2d/loops/Blit
Event: 0.431 loading class sun/java2d/loops/GraphicsPrimitive
Event: 0.432 loading class sun/java2d/loops/GraphicsPrimitive done
Event: 0.432 loading class sun/java2d/loops/Blit done
Event: 0.432 loading class sun/java2d/windows/GDIBlitLoops done
Event: 0.432 loading class sun/java2d/loops/GraphicsPrimitiveMgr
Event: 0.432 loading class sun/java2d/loops/GraphicsPrimitiveMgr done
Event: 0.432 loading class sun/java2d/loops/CompositeType


Dynamic libraries:
0x00007ff67cf20000 - 0x00007ff67cf2e000 	C:\Users\Bogdan\.p2\pool\plugins\org.eclipse.justj.openjdk.hotspot.jre.full.win32.x86_64_17.0.5.v20221102-0933\jre\bin\javaw.exe
0x00007ff8a3690000 - 0x00007ff8a3888000 	C:\WINDOWS\SYSTEM32\ntdll.dll
0x00007ff8a2d70000 - 0x00007ff8a2e32000 	C:\WINDOWS\System32\KERNEL32.DLL
0x00007ff8a1190000 - 0x00007ff8a1486000 	C:\WINDOWS\System32\KERNELBASE.dll
0x00007ff8a0d20000 - 0x00007ff8a0e20000 	C:\WINDOWS\System32\ucrtbase.dll
0x00007ff897dc0000 - 0x00007ff897dd9000 	C:\Users\Bogdan\.p2\pool\plugins\org.eclipse.justj.openjdk.hotspot.jre.full.win32.x86_64_17.0.5.v20221102-0933\jre\bin\VCRUNTIME140.dll
0x00007ff89bd30000 - 0x00007ff89bd47000 	C:\Users\Bogdan\.p2\pool\plugins\org.eclipse.justj.openjdk.hotspot.jre.full.win32.x86_64_17.0.5.v20221102-0933\jre\bin\jli.dll
0x00007ff8a2350000 - 0x00007ff8a24ed000 	C:\WINDOWS\System32\USER32.dll
0x00007ff8a0e20000 - 0x00007ff8a0e42000 	C:\WINDOWS\System32\win32u.dll
0x00007ff8a2e40000 - 0x00007ff8a2e6b000 	C:\WINDOWS\System32\GDI32.dll
0x00007ff8a1560000 - 0x00007ff8a167a000 	C:\WINDOWS\System32\gdi32full.dll
0x00007ff8a10f0000 - 0x00007ff8a118d000 	C:\WINDOWS\System32\msvcp_win.dll
0x00007ff892a40000 - 0x00007ff892cda000 	C:\WINDOWS\WinSxS\amd64_microsoft.windows.common-controls_6595b64144ccf1df_6.0.19041.4355_none_60b8b9eb71f62e16\COMCTL32.dll
0x00007ff8a2030000 - 0x00007ff8a20ce000 	C:\WINDOWS\System32\msvcrt.dll
0x00007ff8a3430000 - 0x00007ff8a345f000 	C:\WINDOWS\System32\IMM32.DLL
0x00007ff89c280000 - 0x00007ff89c28c000 	C:\Users\Bogdan\.p2\pool\plugins\org.eclipse.justj.openjdk.hotspot.jre.full.win32.x86_64_17.0.5.v20221102-0933\jre\bin\vcruntime140_1.dll
0x00007ff877570000 - 0x00007ff877601000 	C:\Users\Bogdan\.p2\pool\plugins\org.eclipse.justj.openjdk.hotspot.jre.full.win32.x86_64_17.0.5.v20221102-0933\jre\bin\msvcp140.dll
0x00007ff81a910000 - 0x00007ff81b554000 	C:\Users\Bogdan\.p2\pool\plugins\org.eclipse.justj.openjdk.hotspot.jre.full.win32.x86_64_17.0.5.v20221102-0933\jre\bin\server\jvm.dll
0x00007ff8a2cc0000 - 0x00007ff8a2d6f000 	C:\WINDOWS\System32\ADVAPI32.dll
0x00007ff8a1af0000 - 0x00007ff8a1b8f000 	C:\WINDOWS\System32\sechost.dll
0x00007ff8a2fa0000 - 0x00007ff8a30c3000 	C:\WINDOWS\System32\RPCRT4.dll
0x00007ff8a1680000 - 0x00007ff8a16a7000 	C:\WINDOWS\System32\bcrypt.dll
0x00007ff89bdc0000 - 0x00007ff89bdc9000 	C:\WINDOWS\SYSTEM32\WSOCK32.dll
0x00007ff8a2e70000 - 0x00007ff8a2edb000 	C:\WINDOWS\System32\WS2_32.dll
0x00007ff894fe0000 - 0x00007ff895007000 	C:\WINDOWS\SYSTEM32\WINMM.dll
0x00007ff89a330000 - 0x00007ff89a33a000 	C:\WINDOWS\SYSTEM32\VERSION.dll
0x00007ff89eb80000 - 0x00007ff89eb92000 	C:\WINDOWS\SYSTEM32\kernel.appcore.dll
0x00007ff89bd20000 - 0x00007ff89bd2a000 	C:\Users\Bogdan\.p2\pool\plugins\org.eclipse.justj.openjdk.hotspot.jre.full.win32.x86_64_17.0.5.v20221102-0933\jre\bin\jimage.dll
0x00007ff88f6d0000 - 0x00007ff88f8b4000 	C:\WINDOWS\SYSTEM32\DBGHELP.DLL
0x00007ff881f30000 - 0x00007ff881f64000 	C:\WINDOWS\SYSTEM32\dbgcore.DLL
0x00007ff8a1060000 - 0x00007ff8a10e2000 	C:\WINDOWS\System32\bcryptPrimitives.dll
0x00007ff896f00000 - 0x00007ff896f25000 	C:\Users\Bogdan\.p2\pool\plugins\org.eclipse.justj.openjdk.hotspot.jre.full.win32.x86_64_17.0.5.v20221102-0933\jre\bin\java.dll
0x00007ff897280000 - 0x00007ff897298000 	C:\Users\Bogdan\.p2\pool\plugins\org.eclipse.justj.openjdk.hotspot.jre.full.win32.x86_64_17.0.5.v20221102-0933\jre\bin\zip.dll
0x00007ff8a24f0000 - 0x00007ff8a2c5f000 	C:\WINDOWS\System32\SHELL32.dll
0x00007ff89ed80000 - 0x00007ff89f523000 	C:\WINDOWS\SYSTEM32\windows.storage.dll
0x00007ff8a1730000 - 0x00007ff8a1a85000 	C:\WINDOWS\System32\combase.dll
0x00007ff8a0670000 - 0x00007ff8a069b000 	C:\WINDOWS\SYSTEM32\Wldp.dll
0x00007ff8a20d0000 - 0x00007ff8a219d000 	C:\WINDOWS\System32\OLEAUT32.dll
0x00007ff8a2ee0000 - 0x00007ff8a2f8d000 	C:\WINDOWS\System32\SHCORE.dll
0x00007ff8a2c60000 - 0x00007ff8a2cb5000 	C:\WINDOWS\System32\shlwapi.dll
0x00007ff8a0c50000 - 0x00007ff8a0c75000 	C:\WINDOWS\SYSTEM32\profapi.dll
0x00007ff896a00000 - 0x00007ff896a19000 	C:\Users\Bogdan\.p2\pool\plugins\org.eclipse.justj.openjdk.hotspot.jre.full.win32.x86_64_17.0.5.v20221102-0933\jre\bin\net.dll
0x00007ff89b110000 - 0x00007ff89b21a000 	C:\WINDOWS\SYSTEM32\WINHTTP.dll
0x00007ff8a0450000 - 0x00007ff8a04bc000 	C:\WINDOWS\system32\mswsock.dll
0x00007ff896340000 - 0x00007ff896355000 	C:\Users\Bogdan\.p2\pool\plugins\org.eclipse.justj.openjdk.hotspot.jre.full.win32.x86_64_17.0.5.v20221102-0933\jre\bin\nio.dll
0x00007ff86d160000 - 0x00007ff86d2ee000 	C:\Users\Bogdan\.p2\pool\plugins\org.eclipse.justj.openjdk.hotspot.jre.full.win32.x86_64_17.0.5.v20221102-0933\jre\bin\awt.dll
0x00007ff89e230000 - 0x00007ff89e2c4000 	C:\WINDOWS\SYSTEM32\apphelp.dll
0x00007ff89e7a0000 - 0x00007ff89e7cf000 	C:\WINDOWS\system32\DWMAPI.DLL
0x00007ff89e670000 - 0x00007ff89e70e000 	C:\WINDOWS\system32\uxtheme.dll
0x00007ff8508b0000 - 0x00007ff8509d8000 	C:\WINDOWS\system32\opengl32.dll
0x00007ff850880000 - 0x00007ff8508ac000 	C:\WINDOWS\SYSTEM32\GLU32.dll
0x00007ff8a2230000 - 0x00007ff8a2345000 	C:\WINDOWS\System32\MSCTF.dll
0x00007ff8a3460000 - 0x00007ff8a358b000 	C:\WINDOWS\System32\ole32.dll
0x00007ff86ea70000 - 0x00007ff86ec41000 	C:\WINDOWS\system32\d3d9.dll
0x00007ff8986a0000 - 0x00007ff898761000 	C:\WINDOWS\System32\DriverStore\FileRepository\nv_dispig.inf_amd64_0afec3f2050014a0\nvldumdx.dll
0x00007ff8a08e0000 - 0x00007ff8a08f2000 	C:\WINDOWS\SYSTEM32\msasn1.dll
0x00007ff89a2f0000 - 0x00007ff89a321000 	C:\WINDOWS\SYSTEM32\cryptnet.dll
0x00007ff8a0e50000 - 0x00007ff8a0fad000 	C:\WINDOWS\System32\CRYPT32.dll
0x00007ff8a05e0000 - 0x00007ff8a05ec000 	C:\WINDOWS\SYSTEM32\cryptbase.dll
0x00007ff899c70000 - 0x00007ff899db7000 	C:\WINDOWS\SYSTEM32\drvstore.dll
0x00007ff8a0ab0000 - 0x00007ff8a0ae3000 	C:\WINDOWS\SYSTEM32\devobj.dll
0x00007ff8a1490000 - 0x00007ff8a14de000 	C:\WINDOWS\System32\cfgmgr32.dll
0x00007ff8a14e0000 - 0x00007ff8a1553000 	C:\WINDOWS\System32\wintrust.dll
0x00007ff8a1b90000 - 0x00007ff8a1bad000 	C:\WINDOWS\System32\imagehlp.dll
0x00007ff8a06b0000 - 0x00007ff8a06c8000 	C:\WINDOWS\SYSTEM32\CRYPTSP.dll
0x00007ff89fd20000 - 0x00007ff89fd58000 	C:\WINDOWS\system32\rsaenh.dll
0x00007ff892ce0000 - 0x00007ff894cce000 	C:\WINDOWS\System32\DriverStore\FileRepository\nv_dispig.inf_amd64_0afec3f2050014a0\nvgpucomp64.dll
0x00007ff845f30000 - 0x00007ff8479c4000 	C:\WINDOWS\System32\DriverStore\FileRepository\nv_dispig.inf_amd64_0afec3f2050014a0\nvd3dumx.dll

dbghelp: loaded successfully - version: 4.0.5 - missing functions: none
symbol engine: initialized successfully - sym options: 0x614 - pdb path: .;C:\Users\Bogdan\.p2\pool\plugins\org.eclipse.justj.openjdk.hotspot.jre.full.win32.x86_64_17.0.5.v20221102-0933\jre\bin;C:\WINDOWS\SYSTEM32;C:\WINDOWS\WinSxS\amd64_microsoft.windows.common-controls_6595b64144ccf1df_6.0.19041.4355_none_60b8b9eb71f62e16;C:\Users\Bogdan\.p2\pool\plugins\org.eclipse.justj.openjdk.hotspot.jre.full.win32.x86_64_17.0.5.v20221102-0933\jre\bin\server;C:\WINDOWS\System32\DriverStore\FileRepository\nv_dispig.inf_amd64_0afec3f2050014a0

VM Arguments:
jvm_args: -Dfile.encoding=UTF-8 --module-path=C:\Users\Bogdan\Desktop\personal\newproject\bin -XX:+ShowCodeDetailsInExceptionMessages -Djdk.module.main=newproject 
java_command: newproject/newproject.main
java_class_path (initial): <not set>
Launcher Type: SUN_STANDARD

[Global flags]
     intx CICompilerCount                          = 3                                         {product} {ergonomic}
     uint ConcGCThreads                            = 2                                         {product} {ergonomic}
     uint G1ConcRefinementThreads                  = 6                                         {product} {ergonomic}
   size_t G1HeapRegionSize                         = 2097152                                   {product} {ergonomic}
    uintx GCDrainStackTargetSize                   = 64                                        {product} {ergonomic}
   size_t InitialHeapSize                          = 268435456                                 {product} {ergonomic}
   size_t MarkStackSize                            = 4194304                                   {product} {ergonomic}
   size_t MaxHeapSize                              = 4276092928                                {product} {ergonomic}
   size_t MaxNewSize                               = 2564816896                                {product} {ergonomic}
   size_t MinHeapDeltaBytes                        = 2097152                                   {product} {ergonomic}
   size_t MinHeapSize                              = 8388608                                   {product} {ergonomic}
    uintx NonNMethodCodeHeapSize                   = 5832780                                {pd product} {ergonomic}
    uintx NonProfiledCodeHeapSize                  = 122912730                              {pd product} {ergonomic}
    uintx ProfiledCodeHeapSize                     = 122912730                              {pd product} {ergonomic}
    uintx ReservedCodeCacheSize                    = 251658240                              {pd product} {ergonomic}
     bool SegmentedCodeCache                       = true                                      {product} {ergonomic}
     bool ShowCodeDetailsInExceptionMessages       = true                                   {manageable} {command line}
   size_t SoftMaxHeapSize                          = 4276092928                             {manageable} {ergonomic}
     bool UseCompressedClassPointers               = true                           {product lp64_product} {ergonomic}
     bool UseCompressedOops                        = true                           {product lp64_product} {ergonomic}
     bool UseG1GC                                  = true                                      {product} {ergonomic}
     bool UseLargePagesIndividualAllocation        = false                                  {pd product} {ergonomic}

Logging:
Log output configuration:
 #0: stdout all=warning uptime,level,tags
 #1: stderr all=off uptime,level,tags

Environment Variables:
JAVA_HOME=C:\Users\Bogdan\AppData\Local\Coursier\cache\arc\https\github.com\adoptium\temurin11-binaries\releases\download\jdk-11.0.25%252B9\OpenJDK11U-jdk_x64_windows_hotspot_11.0.25_9.zip\jdk-11.0.25+9
PATH=C:/Users/Bogdan/.p2/pool/plugins/org.eclipse.justj.openjdk.hotspot.jre.full.win32.x86_64_17.0.5.v20221102-0933/jre/bin/server;C:/Users/Bogdan/.p2/pool/plugins/org.eclipse.justj.openjdk.hotspot.jre.full.win32.x86_64_17.0.5.v20221102-0933/jre/bin;C:\Program Files\Eclipse Adoptium\jdk-17.0.14.7-hotspot\bin;C:\Python313\Scripts\;C:\Python313\;C:\Program Files (x86)\Eclipse Adoptium\jdk-17.0.13.11-hotspot\bin;C:\Program Files\Common Files\Oracle\Java\javapath;C:\WINDOWS\system32;C:\WINDOWS;C:\WINDOWS\System32\Wbem;C:\WINDOWS\System32\WindowsPowerShell\v1.0\;C:\WINDOWS\System32\OpenSSH\;C:\Program Files\Java\jdk-23\bin;C:\Program Files (x86)\sbt\bin;C:\Program Files (x86)\Windows Kits\10\Windows Performance Toolkit\;C:\ProgramData\chocolatey\bin;C:\Program Files\scala-cli-x86_64-pc-win32\;C:\Program Files\nodejs\;C:\Program Files\dotnet\;C:\Program Files\LLVM\bin;C:\Program Files\Docker\Docker\resources\bin;C:\Program Files\Git\cmd;C:\Users\Bogdan\scoop\apps\llvm\current\bin;C:\Users\Bogdan\scoop\shims;C:\Users\Bogdan\AppData\Local\Microsoft\WindowsApps;C:\Users\Bogdan\AppData\Local\Coursier\cache\arc\https\github.com\adoptium\temurin11-binaries\releases\download\jdk-11.0.25%252B9\OpenJDK11U-jdk_x64_windows_hotspot_11.0.25_9.zip\jdk-11.0.25+9\bin;C:\Users\Bogdan\AppData\Local\Coursier\data\bin;C:\Users\Bogdan\AppData\Local\JetBrains\Toolbox\scripts;C:\Users\Bogdan\AppData\Roaming\npm;C:\Users\Bogdan\.dotnet\tools;C:\Users\Bogdan\Desktop;
USERNAME=Bogdan
OS=Windows_NT
PROCESSOR_IDENTIFIER=Intel64 Family 6 Model 158 Stepping 10, GenuineIntel
TMP=C:\Users\Bogdan\AppData\Local\Temp
TEMP=C:\Users\Bogdan\AppData\Local\Temp



---------------  S Y S T E M  ---------------

OS:
 Windows 10 , 64 bit Build 19041 (10.0.19041.5678)
OS uptime: 6 days 6:06 hours
Hyper-V role detected

CPU: total 6 (initial active 6) (6 cores per cpu, 1 threads per core) family 6 model 158 stepping 10 microcode 0xb4, cx8, cmov, fxsr, mmx, 3dnowpref, sse, sse2, sse3, ssse3, sse4.1, sse4.2, popcnt, lzcnt, tsc, tscinvbit, avx, avx2, aes, erms, clmul, bmi1, bmi2, adx, fma, vzeroupper, clflush, clflushopt, hv

Memory: 4k page, system-wide physical 16304M (4100M free)
TotalPageFile size 65456M (AvailPageFile size 2M)
current process WorkingSet (physical memory assigned to process): 59M, peak: 59M
current process commit charge ("private bytes"): 357M, peak: 357M

vm_info: OpenJDK 64-Bit Server VM (17.0.5+8) for windows-amd64 JRE (17.0.5+8), built on Oct 19 2022 04:48:13 by "temurin" with MS VC++ 16.7 (VS2019)

END.
