#
# There is insufficient memory for the Java Runtime Environment to continue.
# Native memory allocation (mmap) failed to map 54525952 bytes for G1 virtual space
# Possible reasons:
#   The system is out of physical RAM or swap space
#   The process is running with CompressedOops enabled, and the Java Heap may be blocking the growth of the native heap
# Possible solutions:
#   Reduce memory load on the system
#   Increase physical memory or swap space
#   Check if swap backing store is full
#   Decrease Java heap size (-Xmx/-Xms)
#   Decrease number of Java threads
#   Decrease Java thread stack sizes (-Xss)
#   Set larger code cache with -XX:ReservedCodeCacheSize=
#   JVM is running with Zero Based Compressed Oops mode in which the Java heap is
#     placed in the first 32GB address space. The Java Heap base address is the
#     maximum limit for the native heap growth. Please use -XX:HeapBaseMinAddress
#     to set the Java Heap base and to place the Java Heap above 32GB virtual address.
# This output file may be truncated or incomplete.
#
#  Out of Memory Error (os_windows.cpp:3548), pid=23524, tid=26356
#
# JRE version: OpenJDK Runtime Environment Temurin-17.0.5+8 (17.0.5+8) (build 17.0.5+8)
# Java VM: OpenJDK 64-Bit Server VM Temurin-17.0.5+8 (17.0.5+8, mixed mode, tiered, compressed oops, compressed class ptrs, g1 gc, windows-amd64)
# No core dump will be written. Minidumps are not enabled by default on client versions of Windows
#

---------------  S U M M A R Y ------------

Command Line: -Dfile.encoding=UTF-8 --module-path=C:\Users\Bogdan\Desktop\personal\newproject\bin -XX:+ShowCodeDetailsInExceptionMessages -Djdk.module.main=newproject newproject/newproject.main

Host: Intel(R) Core(TM) i5-8400 CPU @ 2.80GHz, 6 cores, 15G,  Windows 10 , 64 bit Build 19041 (10.0.19041.5678)
Time: Tue Apr 22 01:21:58 2025 E. Europe Daylight Time elapsed time: 2.077982 seconds (0d 0h 0m 2s)

---------------  T H R E A D  ---------------

Current thread (0x000001841e479ad0):  VMThread "VM Thread" [stack: 0x00000074f8a00000,0x00000074f8b00000] [id=26356]

Stack: [0x00000074f8a00000,0x00000074f8b00000]
Native frames: (J=compiled Java code, j=interpreted, Vv=VM code, C=native code)
V  [jvm.dll+0x676b3a]
V  [jvm.dll+0x831444]
V  [jvm.dll+0x832bee]
V  [jvm.dll+0x833253]
V  [jvm.dll+0x244ce5]
V  [jvm.dll+0x673a49]
V  [jvm.dll+0x66811a]
V  [jvm.dll+0x303ceb]
V  [jvm.dll+0x30b1e6]
V  [jvm.dll+0x35adbe]
V  [jvm.dll+0x35afef]
V  [jvm.dll+0x2dab88]
V  [jvm.dll+0x2d8e3c]
V  [jvm.dll+0x2d840c]
V  [jvm.dll+0x31c641]
V  [jvm.dll+0x8376fb]
V  [jvm.dll+0x838434]
V  [jvm.dll+0x83894c]
V  [jvm.dll+0x838d24]
V  [jvm.dll+0x838df0]
V  [jvm.dll+0x7e17ea]
V  [jvm.dll+0x6759e5]
C  [ucrtbase.dll+0x21bb2]
C  [KERNEL32.DLL+0x17374]
C  [ntdll.dll+0x4cc91]

VM_Operation (0x00000074f9cfd180): G1TryInitiateConcMark, mode: safepoint, requested by thread 0x000001841edb95b0


---------------  P R O C E S S  ---------------

Threads class SMR info:
_java_thread_list=0x000001841eee39c0, length=17, elements={
0x000001841e48d3d0, 0x000001841e48e790, 0x000001841e4a8a60, 0x000001841e4a9320,
0x000001841e4c3190, 0x000001841e4c3b40, 0x000001841e4c8540, 0x000001841e4c8fe0,
0x000001841e4cb9e0, 0x000001841e6144a0, 0x000001841e762340, 0x000001841e7fcf00,
0x000001841e96baf0, 0x000001841e96bfc0, 0x000001841edb95b0, 0x000001847f0e23c0,
0x000001841e6ab430
}

Java Threads: ( => current thread )
  0x000001841e48d3d0 JavaThread "Reference Handler" daemon [_thread_blocked, id=20340, stack(0x00000074f8b00000,0x00000074f8c00000)]
  0x000001841e48e790 JavaThread "Finalizer" daemon [_thread_blocked, id=10072, stack(0x00000074f8c00000,0x00000074f8d00000)]
  0x000001841e4a8a60 JavaThread "Signal Dispatcher" daemon [_thread_blocked, id=288, stack(0x00000074f8d00000,0x00000074f8e00000)]
  0x000001841e4a9320 JavaThread "Attach Listener" daemon [_thread_blocked, id=24256, stack(0x00000074f8e00000,0x00000074f8f00000)]
  0x000001841e4c3190 JavaThread "Service Thread" daemon [_thread_blocked, id=18120, stack(0x00000074f8f00000,0x00000074f9000000)]
  0x000001841e4c3b40 JavaThread "Monitor Deflation Thread" daemon [_thread_blocked, id=28732, stack(0x00000074f9000000,0x00000074f9100000)]
  0x000001841e4c8540 JavaThread "C2 CompilerThread0" daemon [_thread_in_native, id=2388, stack(0x00000074f9100000,0x00000074f9200000)]
  0x000001841e4c8fe0 JavaThread "C1 CompilerThread0" daemon [_thread_blocked, id=9984, stack(0x00000074f9200000,0x00000074f9300000)]
  0x000001841e4cb9e0 JavaThread "Sweeper thread" daemon [_thread_blocked, id=28456, stack(0x00000074f9300000,0x00000074f9400000)]
  0x000001841e6144a0 JavaThread "Common-Cleaner" daemon [_thread_blocked, id=12968, stack(0x00000074f9400000,0x00000074f9500000)]
  0x000001841e762340 JavaThread "Notification Thread" daemon [_thread_blocked, id=20860, stack(0x00000074f9500000,0x00000074f9600000)]
  0x000001841e7fcf00 JavaThread "Java2D Disposer" daemon [_thread_blocked, id=17580, stack(0x00000074f9700000,0x00000074f9800000)]
  0x000001841e96baf0 JavaThread "AWT-Shutdown" [_thread_blocked, id=29608, stack(0x00000074f9800000,0x00000074f9900000)]
  0x000001841e96bfc0 JavaThread "AWT-Windows" daemon [_thread_blocked, id=5860, stack(0x00000074f9900000,0x00000074f9a00000)]
  0x000001841edb95b0 JavaThread "AWT-EventQueue-0" [_thread_blocked, id=1812, stack(0x00000074f9c00000,0x00000074f9d00000)]
  0x000001847f0e23c0 JavaThread "DestroyJavaVM" [_thread_blocked, id=28824, stack(0x00000074f8400000,0x00000074f8500000)]
  0x000001841e6ab430 JavaThread "D3D Screen Updater" daemon [_thread_blocked, id=11664, stack(0x00000074f9d00000,0x00000074f9e00000)]

Other Threads:
=>0x000001841e479ad0 VMThread "VM Thread" [stack: 0x00000074f8a00000,0x00000074f8b00000] [id=26356]
  0x000001841e6c2730 WatcherThread [stack: 0x00000074f9600000,0x00000074f9700000] [id=29188]
  0x000001847f14d2d0 GCTaskThread "GC Thread#0" [stack: 0x00000074f8500000,0x00000074f8600000] [id=20044]
  0x000001841eee4330 GCTaskThread "GC Thread#1" [stack: 0x00000074f9f00000,0x00000074fa000000] [id=3692]
  0x000001841eee45e0 GCTaskThread "GC Thread#2" [stack: 0x00000074fa000000,0x00000074fa100000] [id=16920]
  0x000001841effe1c0 GCTaskThread "GC Thread#3" [stack: 0x00000074fa100000,0x00000074fa200000] [id=26024]
  0x000001841effe470 GCTaskThread "GC Thread#4" [stack: 0x00000074fa200000,0x00000074fa300000] [id=6616]
  0x000001841effe720 GCTaskThread "GC Thread#5" [stack: 0x00000074fa300000,0x00000074fa400000] [id=20768]
  0x000001847f19c010 ConcurrentGCThread "G1 Main Marker" [stack: 0x00000074f8600000,0x00000074f8700000] [id=15628]
  0x000001847f19ca20 ConcurrentGCThread "G1 Conc#0" [stack: 0x00000074f8700000,0x00000074f8800000] [id=28268]
  0x000001841d630da0 ConcurrentGCThread "G1 Refine#0" [stack: 0x00000074f8800000,0x00000074f8900000] [id=19252]
  0x000001841d6317c0 ConcurrentGCThread "G1 Service" [stack: 0x00000074f8900000,0x00000074f8a00000] [id=26928]

Threads with active compile tasks:
C2 CompilerThread0     2100  735       4       newproject.main$1::paintComponent (3176 bytes)

VM state: at safepoint (normal execution)

VM Mutex/Monitor currently owned by a thread:  ([mutex/lock_event])
[0x000001847f0ddef0] Threads_lock - owner thread: 0x000001841e479ad0
[0x000001847f0dd320] Heap_lock - owner thread: 0x000001841edb95b0

Heap address: 0x0000000701200000, size: 4078 MB, Compressed Oops mode: Zero based, Oop shift amount: 3

CDS archive(s) not mapped
Compressed class space mapped at: 0x0000000800000000-0x0000000840000000, reserved size: 1073741824
Narrow klass base: 0x0000000800000000, Narrow klass shift: 0, Narrow klass range: 0x40000000

GC Precious Log:
 CPUs: 6 total, 6 available
 Memory: 16304M
 Large Page Support: Disabled
 NUMA Support: Disabled
 Compressed Oops: Enabled (Zero based)
 Heap Region Size: 2M
 Heap Min Capacity: 8M
 Heap Initial Capacity: 256M
 Heap Max Capacity: 4078M
 Pre-touch: Disabled
 Parallel Workers: 6
 Concurrent Workers: 2
 Concurrent Refinement Workers: 6
 Periodic GC: Disabled

Heap:
 garbage-first heap   total 262144K, used 34528K [0x0000000701200000, 0x0000000800000000)
  region size 2048K, 1 young (2048K), 1 survivors (2048K)
 Metaspace       used 13297K, committed 13504K, reserved 1064960K
  class space    used 1343K, committed 1472K, reserved 1048576K

Heap Regions: E=young(eden), S=young(survivor), O=old, HS=humongous(starts), HC=humongous(continues), CS=collection set, F=free, OA=open archive, CA=closed archive, TAMS=top-at-mark-start (previous, next)
|   0|0x0000000701200000, 0x0000000701200000, 0x0000000701400000|  0%| F|  |TAMS 0x0000000701200000, 0x0000000701200000| Untracked 
|   1|0x0000000701400000, 0x0000000701400000, 0x0000000701600000|  0%| F|  |TAMS 0x0000000701400000, 0x0000000701400000| Untracked 
|   2|0x0000000701600000, 0x0000000701600000, 0x0000000701800000|  0%| F|  |TAMS 0x0000000701600000, 0x0000000701600000| Untracked 
|   3|0x0000000701800000, 0x0000000701800000, 0x0000000701a00000|  0%| F|  |TAMS 0x0000000701800000, 0x0000000701800000| Untracked 
|   4|0x0000000701a00000, 0x0000000701a00000, 0x0000000701c00000|  0%| F|  |TAMS 0x0000000701a00000, 0x0000000701a00000| Untracked 
|   5|0x0000000701c00000, 0x0000000701c00000, 0x0000000701e00000|  0%| F|  |TAMS 0x0000000701c00000, 0x0000000701c00000| Untracked 
|   6|0x0000000701e00000, 0x0000000701e00000, 0x0000000702000000|  0%| F|  |TAMS 0x0000000701e00000, 0x0000000701e00000| Untracked 
|   7|0x0000000702000000, 0x0000000702000000, 0x0000000702200000|  0%| F|  |TAMS 0x0000000702000000, 0x0000000702000000| Untracked 
|   8|0x0000000702200000, 0x0000000702200000, 0x0000000702400000|  0%| F|  |TAMS 0x0000000702200000, 0x0000000702200000| Untracked 
|   9|0x0000000702400000, 0x0000000702400000, 0x0000000702600000|  0%| F|  |TAMS 0x0000000702400000, 0x0000000702400000| Untracked 
|  10|0x0000000702600000, 0x0000000702600000, 0x0000000702800000|  0%| F|  |TAMS 0x0000000702600000, 0x0000000702600000| Untracked 
|  11|0x0000000702800000, 0x0000000702800000, 0x0000000702a00000|  0%| F|  |TAMS 0x0000000702800000, 0x0000000702800000| Untracked 
|  12|0x0000000702a00000, 0x0000000702c00000, 0x0000000702c00000|100%|HS|  |TAMS 0x0000000702a00000, 0x0000000702c00000| Complete 
|  13|0x0000000702c00000, 0x0000000702e00000, 0x0000000702e00000|100%|HC|  |TAMS 0x0000000702c00000, 0x0000000702e00000| Complete 
|  14|0x0000000702e00000, 0x0000000703000000, 0x0000000703000000|100%|HC|  |TAMS 0x0000000702e00000, 0x0000000703000000| Complete 
|  15|0x0000000703000000, 0x0000000703200000, 0x0000000703200000|100%|HC|  |TAMS 0x0000000703000000, 0x0000000703200000| Complete 
|  16|0x0000000703200000, 0x0000000703200000, 0x0000000703400000|  0%| F|  |TAMS 0x0000000703200000, 0x0000000703200000| Untracked 
|  17|0x0000000703400000, 0x0000000703400000, 0x0000000703600000|  0%| F|  |TAMS 0x0000000703400000, 0x0000000703400000| Untracked 
|  18|0x0000000703600000, 0x0000000703600000, 0x0000000703800000|  0%| F|  |TAMS 0x0000000703600000, 0x0000000703600000| Untracked 
|  19|0x0000000703800000, 0x0000000703800000, 0x0000000703a00000|  0%| F|  |TAMS 0x0000000703800000, 0x0000000703800000| Untracked 
|  20|0x0000000703a00000, 0x0000000703a00000, 0x0000000703c00000|  0%| F|  |TAMS 0x0000000703a00000, 0x0000000703a00000| Untracked 
|  21|0x0000000703c00000, 0x0000000703c00000, 0x0000000703e00000|  0%| F|  |TAMS 0x0000000703c00000, 0x0000000703c00000| Untracked 
|  22|0x0000000703e00000, 0x0000000703e00000, 0x0000000704000000|  0%| F|  |TAMS 0x0000000703e00000, 0x0000000703e00000| Untracked 
|  23|0x0000000704000000, 0x0000000704000000, 0x0000000704200000|  0%| F|  |TAMS 0x0000000704000000, 0x0000000704000000| Untracked 
|  24|0x0000000704200000, 0x0000000704400000, 0x0000000704400000|100%|HS|  |TAMS 0x0000000704200000, 0x0000000704400000| Complete 
|  25|0x0000000704400000, 0x0000000704600000, 0x0000000704600000|100%|HC|  |TAMS 0x0000000704400000, 0x0000000704600000| Complete 
|  26|0x0000000704600000, 0x0000000704800000, 0x0000000704800000|100%|HC|  |TAMS 0x0000000704600000, 0x0000000704800000| Complete 
|  27|0x0000000704800000, 0x0000000704a00000, 0x0000000704a00000|100%|HC|  |TAMS 0x0000000704800000, 0x0000000704a00000| Complete 
|  28|0x0000000704a00000, 0x0000000704a00000, 0x0000000704c00000|  0%| F|  |TAMS 0x0000000704a00000, 0x0000000704a00000| Untracked 
|  29|0x0000000704c00000, 0x0000000704c00000, 0x0000000704e00000|  0%| F|  |TAMS 0x0000000704c00000, 0x0000000704c00000| Untracked 
|  30|0x0000000704e00000, 0x0000000704e00000, 0x0000000705000000|  0%| F|  |TAMS 0x0000000704e00000, 0x0000000704e00000| Untracked 
|  31|0x0000000705000000, 0x0000000705000000, 0x0000000705200000|  0%| F|  |TAMS 0x0000000705000000, 0x0000000705000000| Untracked 
|  32|0x0000000705200000, 0x0000000705200000, 0x0000000705400000|  0%| F|  |TAMS 0x0000000705200000, 0x0000000705200000| Untracked 
|  33|0x0000000705400000, 0x0000000705400000, 0x0000000705600000|  0%| F|  |TAMS 0x0000000705400000, 0x0000000705400000| Untracked 
|  34|0x0000000705600000, 0x0000000705600000, 0x0000000705800000|  0%| F|  |TAMS 0x0000000705600000, 0x0000000705600000| Untracked 
|  35|0x0000000705800000, 0x0000000705800000, 0x0000000705a00000|  0%| F|  |TAMS 0x0000000705800000, 0x0000000705800000| Untracked 
|  36|0x0000000705a00000, 0x0000000705a00000, 0x0000000705c00000|  0%| F|  |TAMS 0x0000000705a00000, 0x0000000705a00000| Untracked 
|  37|0x0000000705c00000, 0x0000000705c00000, 0x0000000705e00000|  0%| F|  |TAMS 0x0000000705c00000, 0x0000000705c00000| Untracked 
|  38|0x0000000705e00000, 0x0000000705e00000, 0x0000000706000000|  0%| F|  |TAMS 0x0000000705e00000, 0x0000000705e00000| Untracked 
|  39|0x0000000706000000, 0x0000000706000000, 0x0000000706200000|  0%| F|  |TAMS 0x0000000706000000, 0x0000000706000000| Untracked 
|  40|0x0000000706200000, 0x0000000706400000, 0x0000000706400000|100%|HS|  |TAMS 0x0000000706200000, 0x0000000706400000| Complete 
|  41|0x0000000706400000, 0x0000000706600000, 0x0000000706600000|100%|HC|  |TAMS 0x0000000706400000, 0x0000000706600000| Complete 
|  42|0x0000000706600000, 0x0000000706800000, 0x0000000706800000|100%|HC|  |TAMS 0x0000000706600000, 0x0000000706800000| Complete 
|  43|0x0000000706800000, 0x0000000706a00000, 0x0000000706a00000|100%|HC|  |TAMS 0x0000000706800000, 0x0000000706a00000| Complete 
|  44|0x0000000706a00000, 0x0000000706a00000, 0x0000000706c00000|  0%| F|  |TAMS 0x0000000706a00000, 0x0000000706a00000| Untracked 
|  45|0x0000000706c00000, 0x0000000706c00000, 0x0000000706e00000|  0%| F|  |TAMS 0x0000000706c00000, 0x0000000706c00000| Untracked 
|  46|0x0000000706e00000, 0x0000000706e00000, 0x0000000707000000|  0%| F|  |TAMS 0x0000000706e00000, 0x0000000706e00000| Untracked 
|  47|0x0000000707000000, 0x0000000707000000, 0x0000000707200000|  0%| F|  |TAMS 0x0000000707000000, 0x0000000707000000| Untracked 
|  48|0x0000000707200000, 0x0000000707400000, 0x0000000707400000|100%|HS|  |TAMS 0x0000000707200000, 0x0000000707400000| Complete 
|  49|0x0000000707400000, 0x0000000707600000, 0x0000000707600000|100%|HC|  |TAMS 0x0000000707400000, 0x0000000707600000| Complete 
|  50|0x0000000707600000, 0x0000000707800000, 0x0000000707800000|100%|HC|  |TAMS 0x0000000707600000, 0x0000000707800000| Complete 
|  51|0x0000000707800000, 0x0000000707a00000, 0x0000000707a00000|100%|HC|  |TAMS 0x0000000707800000, 0x0000000707a00000| Complete 
|  52|0x0000000707a00000, 0x0000000707a00000, 0x0000000707c00000|  0%| F|  |TAMS 0x0000000707a00000, 0x0000000707a00000| Untracked 
|  53|0x0000000707c00000, 0x0000000707c00000, 0x0000000707e00000|  0%| F|  |TAMS 0x0000000707c00000, 0x0000000707c00000| Untracked 
|  54|0x0000000707e00000, 0x0000000707e00000, 0x0000000708000000|  0%| F|  |TAMS 0x0000000707e00000, 0x0000000707e00000| Untracked 
|  55|0x0000000708000000, 0x0000000708000000, 0x0000000708200000|  0%| F|  |TAMS 0x0000000708000000, 0x0000000708000000| Untracked 
|  56|0x0000000708200000, 0x0000000708200000, 0x0000000708400000|  0%| F|  |TAMS 0x0000000708200000, 0x0000000708200000| Untracked 
|  57|0x0000000708400000, 0x0000000708400000, 0x0000000708600000|  0%| F|  |TAMS 0x0000000708400000, 0x0000000708400000| Untracked 
|  58|0x0000000708600000, 0x0000000708600000, 0x0000000708800000|  0%| F|  |TAMS 0x0000000708600000, 0x0000000708600000| Untracked 
|  59|0x0000000708800000, 0x0000000708800000, 0x0000000708a00000|  0%| F|  |TAMS 0x0000000708800000, 0x0000000708800000| Untracked 
|  60|0x0000000708a00000, 0x0000000708a00000, 0x0000000708c00000|  0%| F|  |TAMS 0x0000000708a00000, 0x0000000708a00000| Untracked 
|  61|0x0000000708c00000, 0x0000000708c00000, 0x0000000708e00000|  0%| F|  |TAMS 0x0000000708c00000, 0x0000000708c00000| Untracked 
|  62|0x0000000708e00000, 0x0000000708e00000, 0x0000000709000000|  0%| F|  |TAMS 0x0000000708e00000, 0x0000000708e00000| Untracked 
|  63|0x0000000709000000, 0x0000000709000000, 0x0000000709200000|  0%| F|  |TAMS 0x0000000709000000, 0x0000000709000000| Untracked 
|  64|0x0000000709200000, 0x0000000709200000, 0x0000000709400000|  0%| F|  |TAMS 0x0000000709200000, 0x0000000709200000| Untracked 
|  65|0x0000000709400000, 0x0000000709400000, 0x0000000709600000|  0%| F|  |TAMS 0x0000000709400000, 0x0000000709400000| Untracked 
|  66|0x0000000709600000, 0x0000000709600000, 0x0000000709800000|  0%| F|  |TAMS 0x0000000709600000, 0x0000000709600000| Untracked 
|  67|0x0000000709800000, 0x0000000709800000, 0x0000000709a00000|  0%| F|  |TAMS 0x0000000709800000, 0x0000000709800000| Untracked 
|  68|0x0000000709a00000, 0x0000000709a00000, 0x0000000709c00000|  0%| F|  |TAMS 0x0000000709a00000, 0x0000000709a00000| Untracked 
|  69|0x0000000709c00000, 0x0000000709c00000, 0x0000000709e00000|  0%| F|  |TAMS 0x0000000709c00000, 0x0000000709c00000| Untracked 
|  70|0x0000000709e00000, 0x0000000709e00000, 0x000000070a000000|  0%| F|  |TAMS 0x0000000709e00000, 0x0000000709e00000| Untracked 
|  71|0x000000070a000000, 0x000000070a000000, 0x000000070a200000|  0%| F|  |TAMS 0x000000070a000000, 0x000000070a000000| Untracked 
|  72|0x000000070a200000, 0x000000070a200000, 0x000000070a400000|  0%| F|  |TAMS 0x000000070a200000, 0x000000070a200000| Untracked 
|  73|0x000000070a400000, 0x000000070a400000, 0x000000070a600000|  0%| F|  |TAMS 0x000000070a400000, 0x000000070a400000| Untracked 
|  74|0x000000070a600000, 0x000000070a600000, 0x000000070a800000|  0%| F|  |TAMS 0x000000070a600000, 0x000000070a600000| Untracked 
|  75|0x000000070a800000, 0x000000070a800000, 0x000000070aa00000|  0%| F|  |TAMS 0x000000070a800000, 0x000000070a800000| Untracked 
|  76|0x000000070aa00000, 0x000000070aa00000, 0x000000070ac00000|  0%| F|  |TAMS 0x000000070aa00000, 0x000000070aa00000| Untracked 
|  77|0x000000070ac00000, 0x000000070ac00000, 0x000000070ae00000|  0%| F|  |TAMS 0x000000070ac00000, 0x000000070ac00000| Untracked 
|  78|0x000000070ae00000, 0x000000070ae00000, 0x000000070b000000|  0%| F|  |TAMS 0x000000070ae00000, 0x000000070ae00000| Untracked 
|  79|0x000000070b000000, 0x000000070b000000, 0x000000070b200000|  0%| F|  |TAMS 0x000000070b000000, 0x000000070b000000| Untracked 
|  80|0x000000070b200000, 0x000000070b200000, 0x000000070b400000|  0%| F|  |TAMS 0x000000070b200000, 0x000000070b200000| Untracked 
|  81|0x000000070b400000, 0x000000070b400000, 0x000000070b600000|  0%| F|  |TAMS 0x000000070b400000, 0x000000070b400000| Untracked 
|  82|0x000000070b600000, 0x000000070b600000, 0x000000070b800000|  0%| F|  |TAMS 0x000000070b600000, 0x000000070b600000| Untracked 
|  83|0x000000070b800000, 0x000000070b800000, 0x000000070ba00000|  0%| F|  |TAMS 0x000000070b800000, 0x000000070b800000| Untracked 
|  84|0x000000070ba00000, 0x000000070ba00000, 0x000000070bc00000|  0%| F|  |TAMS 0x000000070ba00000, 0x000000070ba00000| Untracked 
|  85|0x000000070bc00000, 0x000000070bc00000, 0x000000070be00000|  0%| F|  |TAMS 0x000000070bc00000, 0x000000070bc00000| Untracked 
|  86|0x000000070be00000, 0x000000070be00000, 0x000000070c000000|  0%| F|  |TAMS 0x000000070be00000, 0x000000070be00000| Untracked 
|  87|0x000000070c000000, 0x000000070c000000, 0x000000070c200000|  0%| F|  |TAMS 0x000000070c000000, 0x000000070c000000| Untracked 
|  88|0x000000070c200000, 0x000000070c200000, 0x000000070c400000|  0%| F|  |TAMS 0x000000070c200000, 0x000000070c200000| Untracked 
|  89|0x000000070c400000, 0x000000070c400000, 0x000000070c600000|  0%| F|  |TAMS 0x000000070c400000, 0x000000070c400000| Untracked 
|  90|0x000000070c600000, 0x000000070c600000, 0x000000070c800000|  0%| F|  |TAMS 0x000000070c600000, 0x000000070c600000| Untracked 
|  91|0x000000070c800000, 0x000000070c800000, 0x000000070ca00000|  0%| F|  |TAMS 0x000000070c800000, 0x000000070c800000| Untracked 
|  92|0x000000070ca00000, 0x000000070ca00000, 0x000000070cc00000|  0%| F|  |TAMS 0x000000070ca00000, 0x000000070ca00000| Untracked 
|  93|0x000000070cc00000, 0x000000070cc00000, 0x000000070ce00000|  0%| F|  |TAMS 0x000000070cc00000, 0x000000070cc00000| Untracked 
|  94|0x000000070ce00000, 0x000000070ce00000, 0x000000070d000000|  0%| F|  |TAMS 0x000000070ce00000, 0x000000070ce00000| Untracked 
|  95|0x000000070d000000, 0x000000070d000000, 0x000000070d200000|  0%| F|  |TAMS 0x000000070d000000, 0x000000070d000000| Untracked 
|  96|0x000000070d200000, 0x000000070d200000, 0x000000070d400000|  0%| F|  |TAMS 0x000000070d200000, 0x000000070d200000| Untracked 
|  97|0x000000070d400000, 0x000000070d400000, 0x000000070d600000|  0%| F|  |TAMS 0x000000070d400000, 0x000000070d400000| Untracked 
|  98|0x000000070d600000, 0x000000070d600000, 0x000000070d800000|  0%| F|  |TAMS 0x000000070d600000, 0x000000070d600000| Untracked 
|  99|0x000000070d800000, 0x000000070d800000, 0x000000070da00000|  0%| F|  |TAMS 0x000000070d800000, 0x000000070d800000| Untracked 
| 100|0x000000070da00000, 0x000000070da00000, 0x000000070dc00000|  0%| F|  |TAMS 0x000000070da00000, 0x000000070da00000| Untracked 
| 101|0x000000070dc00000, 0x000000070dc00000, 0x000000070de00000|  0%| F|  |TAMS 0x000000070dc00000, 0x000000070dc00000| Untracked 
| 102|0x000000070de00000, 0x000000070dfb80c8, 0x000000070e000000| 85%| S|CS|TAMS 0x000000070de00000, 0x000000070de00000| Complete 
| 103|0x000000070e000000, 0x000000070e000000, 0x000000070e200000|  0%| F|  |TAMS 0x000000070e000000, 0x000000070e000000| Untracked 
| 104|0x000000070e200000, 0x000000070e200000, 0x000000070e400000|  0%| F|  |TAMS 0x000000070e200000, 0x000000070e200000| Untracked 
| 105|0x000000070e400000, 0x000000070e400000, 0x000000070e600000|  0%| F|  |TAMS 0x000000070e400000, 0x000000070e400000| Untracked 
| 106|0x000000070e600000, 0x000000070e600000, 0x000000070e800000|  0%| F|  |TAMS 0x000000070e600000, 0x000000070e600000| Untracked 
| 107|0x000000070e800000, 0x000000070e800000, 0x000000070ea00000|  0%| F|  |TAMS 0x000000070e800000, 0x000000070e800000| Untracked 
| 108|0x000000070ea00000, 0x000000070ea00000, 0x000000070ec00000|  0%| F|  |TAMS 0x000000070ea00000, 0x000000070ea00000| Untracked 
| 109|0x000000070ec00000, 0x000000070ec00000, 0x000000070ee00000|  0%| F|  |TAMS 0x000000070ec00000, 0x000000070ec00000| Untracked 
| 110|0x000000070ee00000, 0x000000070ee00000, 0x000000070f000000|  0%| F|  |TAMS 0x000000070ee00000, 0x000000070ee00000| Untracked 
| 111|0x000000070f000000, 0x000000070f000000, 0x000000070f200000|  0%| F|  |TAMS 0x000000070f000000, 0x000000070f000000| Untracked 
| 112|0x000000070f200000, 0x000000070f200000, 0x000000070f400000|  0%| F|  |TAMS 0x000000070f200000, 0x000000070f200000| Untracked 
| 113|0x000000070f400000, 0x000000070f400000, 0x000000070f600000|  0%| F|  |TAMS 0x000000070f400000, 0x000000070f400000| Untracked 
| 114|0x000000070f600000, 0x000000070f600000, 0x000000070f800000|  0%| F|  |TAMS 0x000000070f600000, 0x000000070f600000| Untracked 
| 115|0x000000070f800000, 0x000000070f800000, 0x000000070fa00000|  0%| F|  |TAMS 0x000000070f800000, 0x000000070f800000| Untracked 
| 116|0x000000070fa00000, 0x000000070fa00000, 0x000000070fc00000|  0%| F|  |TAMS 0x000000070fa00000, 0x000000070fa00000| Untracked 
| 117|0x000000070fc00000, 0x000000070fc00000, 0x000000070fe00000|  0%| F|  |TAMS 0x000000070fc00000, 0x000000070fc00000| Untracked 
| 118|0x000000070fe00000, 0x000000070fe00000, 0x0000000710000000|  0%| F|  |TAMS 0x000000070fe00000, 0x000000070fe00000| Untracked 
| 119|0x0000000710000000, 0x0000000710000000, 0x0000000710200000|  0%| F|  |TAMS 0x0000000710000000, 0x0000000710000000| Untracked 
| 120|0x0000000710200000, 0x0000000710200000, 0x0000000710400000|  0%| F|  |TAMS 0x0000000710200000, 0x0000000710200000| Untracked 
| 121|0x0000000710400000, 0x0000000710400000, 0x0000000710600000|  0%| F|  |TAMS 0x0000000710400000, 0x0000000710400000| Untracked 
| 122|0x0000000710600000, 0x0000000710600000, 0x0000000710800000|  0%| F|  |TAMS 0x0000000710600000, 0x0000000710600000| Untracked 
| 123|0x0000000710800000, 0x0000000710800000, 0x0000000710a00000|  0%| F|  |TAMS 0x0000000710800000, 0x0000000710800000| Untracked 
| 124|0x0000000710a00000, 0x0000000710a00000, 0x0000000710c00000|  0%| F|  |TAMS 0x0000000710a00000, 0x0000000710a00000| Untracked 
| 125|0x0000000710c00000, 0x0000000710c00000, 0x0000000710e00000|  0%| F|  |TAMS 0x0000000710c00000, 0x0000000710c00000| Untracked 
| 126|0x0000000710e00000, 0x0000000710e00000, 0x0000000711000000|  0%| F|  |TAMS 0x0000000710e00000, 0x0000000710e00000| Untracked 
| 127|0x0000000711000000, 0x0000000711000000, 0x0000000711200000|  0%| F|  |TAMS 0x0000000711000000, 0x0000000711000000| Untracked 

Card table byte_map: [0x00000184125f0000,0x0000018412df0000] _byte_map_base: 0x000001840ede7000

Marking Bits (Prev, Next): (CMBitMap*) 0x000001847f14d8e0, (CMBitMap*) 0x000001847f14d920
 Prev Bits: [0x00000184135f0000, 0x00000184175a8000)
 Next Bits: [0x00000184175b0000, 0x000001841b568000)

Polling page: 0x000001847e8b0000

Metaspace:

Usage:
  Non-class:     11.67 MB used.
      Class:      1.31 MB used.
       Both:     12.99 MB used.

Virtual space:
  Non-class space:       16.00 MB reserved,      11.75 MB ( 73%) committed,  2 nodes.
      Class space:        1.00 GB reserved,       1.44 MB ( <1%) committed,  1 nodes.
             Both:        1.02 GB reserved,      13.19 MB (  1%) committed. 

Chunk freelists:
   Non-Class:  199.00 KB
       Class:  2.62 MB
        Both:  2.81 MB

MaxMetaspaceSize: unlimited
CompressedClassSpaceSize: 1.00 GB
Initial GC threshold: 21.00 MB
Current GC threshold: 21.00 MB
CDS: off
MetaspaceReclaimPolicy: balanced
 - commit_granule_bytes: 65536.
 - commit_granule_words: 8192.
 - virtual_space_node_default_size: 1048576.
 - enlarge_chunks_in_place: 1.
 - new_chunks_are_fully_committed: 0.
 - uncommit_free_chunks: 1.
 - use_allocation_guard: 0.
 - handle_deallocations: 1.


Internal statistics:

num_allocs_failed_limit: 0.
num_arena_births: 108.
num_arena_deaths: 0.
num_vsnodes_births: 3.
num_vsnodes_deaths: 0.
num_space_committed: 211.
num_space_uncommitted: 0.
num_chunks_returned_to_freelist: 0.
num_chunks_taken_from_freelist: 177.
num_chunk_merges: 0.
num_chunk_splits: 92.
num_chunks_enlarged: 32.
num_purges: 0.
num_inconsistent_stats: 0.

CodeHeap 'non-profiled nmethods': size=120000Kb used=530Kb max_used=530Kb free=119469Kb
 bounds [0x000001840b0c0000, 0x000001840b330000, 0x00000184125f0000]
CodeHeap 'profiled nmethods': size=120000Kb used=1339Kb max_used=1339Kb free=118660Kb
 bounds [0x0000018403b90000, 0x0000018403e00000, 0x000001840b0c0000]
CodeHeap 'non-nmethods': size=5760Kb used=1256Kb max_used=1322Kb free=4503Kb
 bounds [0x00000184035f0000, 0x0000018403860000, 0x0000018403b90000]
 total_blobs=1326 nmethods=748 adapters=491
 compilation: enabled
              stopped_count=0, restarted_count=0
 full_count=0

Compilation events (20 events):
Event: 2.015 Thread 0x000001841e4c8fe0  742       3       java.security.AccessControlContext::calculateFields (89 bytes)
Event: 2.015 Thread 0x000001841e4c8fe0 nmethod 742 0x0000018403cda510 code [0x0000018403cda6e0, 0x0000018403cdab38]
Event: 2.036 Thread 0x000001841e4c8fe0  743       1       sun.java2d.SurfaceData::getSurfaceType (5 bytes)
Event: 2.036 Thread 0x000001841e4c8fe0 nmethod 743 0x000001840b144890 code [0x000001840b144a20, 0x000001840b144af8]
Event: 2.037 Thread 0x000001841e4c8fe0  744       3       java.awt.Component::inside (30 bytes)
Event: 2.037 Thread 0x000001841e4c8fe0 nmethod 744 0x0000018403cdac90 code [0x0000018403cdae20, 0x0000018403cdb038]
Event: 2.037 Thread 0x000001841e4c8fe0  745       3       javax.swing.JComponent::contains (27 bytes)
Event: 2.037 Thread 0x000001841e4c8fe0 nmethod 745 0x0000018403cdb110 code [0x0000018403cdb2e0, 0x0000018403cdb978]
Event: 2.040 Thread 0x000001841e4c8fe0  746       3       java.util.EventObject::<init> (24 bytes)
Event: 2.040 Thread 0x000001841e4c8fe0 nmethod 746 0x0000018403cdbb10 code [0x0000018403cdbcc0, 0x0000018403cdbf88]
Event: 2.040 Thread 0x000001841e4c8fe0  748       3       javax.swing.RepaintManager::currentManager (37 bytes)
Event: 2.040 Thread 0x000001841e4c8fe0 nmethod 748 0x0000018403cdc090 code [0x0000018403cdc260, 0x0000018403cdc5c8]
Event: 2.040 Thread 0x000001841e4c8fe0  749       3       java.awt.Component::isEnabled (5 bytes)
Event: 2.040 Thread 0x000001841e4c8fe0 nmethod 749 0x0000018403cdc710 code [0x0000018403cdc8a0, 0x0000018403cdc9d8]
Event: 2.040 Thread 0x000001841e4c8fe0  750       3       java.awt.Component::isShowing (38 bytes)
Event: 2.040 Thread 0x000001841e4c8fe0 nmethod 750 0x0000018403cdca90 code [0x0000018403cdcc40, 0x0000018403cdcf68]
Event: 2.055 Thread 0x000001841e4c8fe0  751  s    3       java.awt.Toolkit::getDefaultToolkit (53 bytes)
Event: 2.056 Thread 0x000001841e4c8fe0 nmethod 751 0x0000018403cdd010 code [0x0000018403cdd320, 0x0000018403cde5a8]
Event: 2.072 Thread 0x000001841e4c8fe0  752       3       java.util.HashSet::contains (9 bytes)
Event: 2.072 Thread 0x000001841e4c8fe0 nmethod 752 0x0000018403cdea10 code [0x0000018403cdebc0, 0x0000018403cdeda8]

GC Heap History (13 events):
Event: 0.627 GC heap before
{Heap before GC invocations=0 (full 0):
 garbage-first heap   total 262144K, used 45056K [0x0000000701200000, 0x0000000800000000)
  region size 2048K, 10 young (20480K), 0 survivors (0K)
 Metaspace       used 12568K, committed 12736K, reserved 1064960K
  class space    used 1257K, committed 1344K, reserved 1048576K
}
Event: 0.629 GC heap after
{Heap after GC invocations=1 (full 0):
 garbage-first heap   total 262144K, used 26248K [0x0000000701200000, 0x0000000800000000)
  region size 2048K, 1 young (2048K), 1 survivors (2048K)
 Metaspace       used 12568K, committed 12736K, reserved 1064960K
  class space    used 1257K, committed 1344K, reserved 1048576K
}
Event: 1.483 GC heap before
{Heap before GC invocations=1 (full 0):
 garbage-first heap   total 262144K, used 134792K [0x0000000701200000, 0x0000000800000000)
  region size 2048K, 18 young (36864K), 1 survivors (2048K)
 Metaspace       used 13256K, committed 13440K, reserved 1064960K
  class space    used 1343K, committed 1472K, reserved 1048576K
}
Event: 1.485 GC heap after
{Heap after GC invocations=2 (full 0):
 garbage-first heap   total 262144K, used 50915K [0x0000000701200000, 0x0000000800000000)
  region size 2048K, 1 young (2048K), 1 survivors (2048K)
 Metaspace       used 13256K, committed 13440K, reserved 1064960K
  class space    used 1343K, committed 1472K, reserved 1048576K
}
Event: 1.637 GC heap before
{Heap before GC invocations=2 (full 0):
 garbage-first heap   total 262144K, used 153315K [0x0000000701200000, 0x0000000800000000)
  region size 2048K, 24 young (49152K), 1 survivors (2048K)
 Metaspace       used 13268K, committed 13440K, reserved 1064960K
  class space    used 1343K, committed 1472K, reserved 1048576K
}
Event: 1.638 GC heap after
{Heap after GC invocations=3 (full 0):
 garbage-first heap   total 262144K, used 34487K [0x0000000701200000, 0x0000000800000000)
  region size 2048K, 1 young (2048K), 1 survivors (2048K)
 Metaspace       used 13268K, committed 13440K, reserved 1064960K
  class space    used 1343K, committed 1472K, reserved 1048576K
}
Event: 1.779 GC heap before
{Heap before GC invocations=3 (full 0):
 garbage-first heap   total 262144K, used 155319K [0x0000000701200000, 0x0000000800000000)
  region size 2048K, 25 young (51200K), 1 survivors (2048K)
 Metaspace       used 13282K, committed 13504K, reserved 1064960K
  class space    used 1343K, committed 1472K, reserved 1048576K
}
Event: 1.781 GC heap after
{Heap after GC invocations=4 (full 0):
 garbage-first heap   total 262144K, used 34549K [0x0000000701200000, 0x0000000800000000)
  region size 2048K, 1 young (2048K), 1 survivors (2048K)
 Metaspace       used 13282K, committed 13504K, reserved 1064960K
  class space    used 1343K, committed 1472K, reserved 1048576K
}
Event: 1.875 GC heap before
{Heap before GC invocations=4 (full 0):
 garbage-first heap   total 262144K, used 153333K [0x0000000701200000, 0x0000000800000000)
  region size 2048K, 24 young (49152K), 1 survivors (2048K)
 Metaspace       used 13284K, committed 13504K, reserved 1064960K
  class space    used 1343K, committed 1472K, reserved 1048576K
}
Event: 1.877 GC heap after
{Heap after GC invocations=5 (full 0):
 garbage-first heap   total 262144K, used 34598K [0x0000000701200000, 0x0000000800000000)
  region size 2048K, 1 young (2048K), 1 survivors (2048K)
 Metaspace       used 13284K, committed 13504K, reserved 1064960K
  class space    used 1343K, committed 1472K, reserved 1048576K
}
Event: 1.977 GC heap before
{Heap before GC invocations=5 (full 0):
 garbage-first heap   total 262144K, used 153382K [0x0000000701200000, 0x0000000800000000)
  region size 2048K, 24 young (49152K), 1 survivors (2048K)
 Metaspace       used 13286K, committed 13504K, reserved 1064960K
  class space    used 1343K, committed 1472K, reserved 1048576K
}
Event: 1.979 GC heap after
{Heap after GC invocations=6 (full 0):
 garbage-first heap   total 262144K, used 34434K [0x0000000701200000, 0x0000000800000000)
  region size 2048K, 1 young (2048K), 1 survivors (2048K)
 Metaspace       used 13286K, committed 13504K, reserved 1064960K
  class space    used 1343K, committed 1472K, reserved 1048576K
}
Event: 2.073 GC heap before
{Heap before GC invocations=6 (full 0):
 garbage-first heap   total 262144K, used 155266K [0x0000000701200000, 0x0000000800000000)
  region size 2048K, 25 young (51200K), 1 survivors (2048K)
 Metaspace       used 13297K, committed 13504K, reserved 1064960K
  class space    used 1343K, committed 1472K, reserved 1048576K
}

Dll operation events (7 events):
Event: 0.006 Loaded shared library C:\Users\Bogdan\.p2\pool\plugins\org.eclipse.justj.openjdk.hotspot.jre.full.win32.x86_64_17.0.5.v20221102-0933\jre\bin\java.dll
Event: 0.100 Loaded shared library C:\Users\Bogdan\.p2\pool\plugins\org.eclipse.justj.openjdk.hotspot.jre.full.win32.x86_64_17.0.5.v20221102-0933\jre\bin\net.dll
Event: 0.101 Loaded shared library C:\Users\Bogdan\.p2\pool\plugins\org.eclipse.justj.openjdk.hotspot.jre.full.win32.x86_64_17.0.5.v20221102-0933\jre\bin\nio.dll
Event: 0.146 Loaded shared library C:\Users\Bogdan\.p2\pool\plugins\org.eclipse.justj.openjdk.hotspot.jre.full.win32.x86_64_17.0.5.v20221102-0933\jre\bin\jimage.dll
Event: 0.159 Loaded shared library C:\Users\Bogdan\.p2\pool\plugins\org.eclipse.justj.openjdk.hotspot.jre.full.win32.x86_64_17.0.5.v20221102-0933\jre\bin\awt.dll
Event: 0.454 Loaded shared library C:\Users\Bogdan\.p2\pool\plugins\org.eclipse.justj.openjdk.hotspot.jre.full.win32.x86_64_17.0.5.v20221102-0933\jre\bin\freetype.dll
Event: 0.455 Loaded shared library C:\Users\Bogdan\.p2\pool\plugins\org.eclipse.justj.openjdk.hotspot.jre.full.win32.x86_64_17.0.5.v20221102-0933\jre\bin\fontmanager.dll

Deoptimization events (20 events):
Event: 1.797 Thread 0x000001841edb95b0 Uncommon trap: trap_request=0xffffff45 fr.pc=0x000001840b133804 relative=0x0000000000001ca4
Event: 1.797 Thread 0x000001841edb95b0 Uncommon trap: reason=unstable_if action=reinterpret pc=0x000001840b133804 method=newproject.main$1.paintComponent(Ljava/awt/Graphics;)V @ 2216 c2
Event: 1.797 Thread 0x000001841edb95b0 DEOPT PACKING pc=0x000001840b133804 sp=0x00000074f9cfde20
Event: 1.797 Thread 0x000001841edb95b0 DEOPT UNPACKING pc=0x00000184036423a3 sp=0x00000074f9cfdc40 mode 2
Event: 1.815 Thread 0x000001841edb95b0 DEOPT PACKING pc=0x0000018403ccba84 sp=0x00000074f9cfdac0
Event: 1.815 Thread 0x000001841edb95b0 DEOPT UNPACKING pc=0x0000018403642b43 sp=0x00000074f9cfd118 mode 0
Event: 1.848 Thread 0x000001841edb95b0 DEOPT PACKING pc=0x0000018403ccba84 sp=0x00000074f9cfdac0
Event: 1.848 Thread 0x000001841edb95b0 DEOPT UNPACKING pc=0x0000018403642b43 sp=0x00000074f9cfd118 mode 0
Event: 1.878 Thread 0x000001841edb95b0 DEOPT PACKING pc=0x0000018403ccb7fc sp=0x00000074f9cfdac0
Event: 1.878 Thread 0x000001841edb95b0 DEOPT UNPACKING pc=0x0000018403642b43 sp=0x00000074f9cfd118 mode 0
Event: 1.914 Thread 0x000001841edb95b0 DEOPT PACKING pc=0x0000018403ccb7fc sp=0x00000074f9cfdac0
Event: 1.914 Thread 0x000001841edb95b0 DEOPT UNPACKING pc=0x0000018403642b43 sp=0x00000074f9cfd118 mode 0
Event: 1.946 Thread 0x000001841edb95b0 DEOPT PACKING pc=0x0000018403ccb7fc sp=0x00000074f9cfdac0
Event: 1.946 Thread 0x000001841edb95b0 DEOPT UNPACKING pc=0x0000018403642b43 sp=0x00000074f9cfd118 mode 0
Event: 1.980 Thread 0x000001841edb95b0 DEOPT PACKING pc=0x0000018403ccb7fc sp=0x00000074f9cfdac0
Event: 1.980 Thread 0x000001841edb95b0 DEOPT UNPACKING pc=0x0000018403642b43 sp=0x00000074f9cfd118 mode 0
Event: 2.010 Thread 0x000001841edb95b0 DEOPT PACKING pc=0x0000018403ccb7fc sp=0x00000074f9cfdac0
Event: 2.010 Thread 0x000001841edb95b0 DEOPT UNPACKING pc=0x0000018403642b43 sp=0x00000074f9cfd118 mode 0
Event: 2.042 Thread 0x000001841edb95b0 DEOPT PACKING pc=0x0000018403ccb7fc sp=0x00000074f9cfdac0
Event: 2.042 Thread 0x000001841edb95b0 DEOPT UNPACKING pc=0x0000018403642b43 sp=0x00000074f9cfd118 mode 0

Classes unloaded (0 events):
No events

Classes redefined (0 events):
No events

Internal exceptions (14 events):
Event: 0.112 Thread 0x000001847f0e23c0 Exception <a 'java/lang/NoSuchMethodError'{0x0000000711112bc8}: 'void java.lang.invoke.DirectMethodHandle$Holder.invokeVirtual(java.lang.Object, java.lang.Object)'> (0x0000000711112bc8) 
thrown [s\src\hotspot\share\interpreter\linkResolver.cpp, line 759]
Event: 0.148 Thread 0x000001847f0e23c0 Exception <a 'sun/nio/fs/WindowsException'{0x0000000710e26b98}> (0x0000000710e26b98) 
thrown [s\src\hotspot\share\prims\jni.cpp, line 516]
Event: 0.152 Thread 0x000001847f0e23c0 Exception <a 'java/lang/ClassNotFoundException'{0x0000000710e2cd28}: sun/awt/resources/spi/awtProvider> (0x0000000710e2cd28) 
thrown [s\src\hotspot\share\classfile\systemDictionary.cpp, line 256]
Event: 0.169 Thread 0x000001847f0e23c0 Exception <a 'java/io/FileNotFoundException'{0x0000000710e81110}> (0x0000000710e81110) 
thrown [s\src\hotspot\share\prims\jni.cpp, line 516]
Event: 0.174 Thread 0x000001847f0e23c0 Exception <a 'java/io/FileNotFoundException'{0x0000000710eae090}> (0x0000000710eae090) 
thrown [s\src\hotspot\share\prims\jni.cpp, line 516]
Event: 0.207 Thread 0x000001847f0e23c0 Exception <a 'java/lang/NoSuchMethodError'{0x0000000710eea968}: 'java.lang.Object java.lang.invoke.DirectMethodHandle$Holder.invokeStaticInit(java.lang.Object)'> (0x0000000710eea968) 
thrown [s\src\hotspot\share\interpreter\linkResolver.cpp, line 759]
Event: 0.374 Thread 0x000001847f0e23c0 Exception <a 'java/lang/NoSuchMethodError'{0x0000000710f9b598}: 'void java.lang.invoke.DirectMethodHandle$Holder.invokeSpecial(java.lang.Object, java.lang.Object, java.lang.Object)'> (0x0000000710f9b598) 
thrown [s\src\hotspot\share\interpreter\linkResolver.cpp, line 759]
Event: 0.382 Thread 0x000001847f0e23c0 Exception <a 'java/lang/NoSuchMethodError'{0x0000000710fc5410}: 'java.lang.Object java.lang.invoke.DirectMethodHandle$Holder.newInvokeSpecial(java.lang.Object, java.lang.Object, java.lang.Object, java.lang.Object, java.lang.Object)'> (0x0000000710fc5410) 
thrown [s\src\hotspot\share\interpreter\linkResolver.cpp, line 759]
Event: 0.383 Thread 0x000001847f0e23c0 Exception <a 'java/lang/NoSuchMethodError'{0x0000000710fd0dd8}: 'java.lang.Object java.lang.invoke.DirectMethodHandle$Holder.invokeStatic(java.lang.Object, int, java.lang.Object, java.lang.Object, java.lang.Object, java.lang.Object)'> (0x0000000710fd0dd8) 
thrown [s\src\hotspot\share\interpreter\linkResolver.cpp, line 759]
Event: 0.387 Thread 0x000001847f0e23c0 Exception <a 'java/lang/NoSuchMethodError'{0x0000000710ff6598}: 'java.lang.Object java.lang.invoke.DirectMethodHandle$Holder.invokeStatic(java.lang.Object, int, java.lang.Object)'> (0x0000000710ff6598) 
thrown [s\src\hotspot\share\interpreter\linkResolver.cpp, line 759]
Event: 0.412 Thread 0x000001847f0e23c0 Exception <a 'java/lang/ClassNotFoundException'{0x0000000710cae590}: com/sun/swing/internal/plaf/metal/resources/spi/metalProvider> (0x0000000710cae590) 
thrown [s\src\hotspot\share\classfile\systemDictionary.cpp, line 256]
Event: 0.413 Thread 0x000001847f0e23c0 Exception <a 'java/lang/ClassNotFoundException'{0x0000000710cb2160}: com/sun/swing/internal/plaf/basic/resources/spi/basicProvider> (0x0000000710cb2160) 
thrown [s\src\hotspot\share\classfile\systemDictionary.cpp, line 256]
Event: 0.449 Thread 0x000001847f0e23c0 Exception <a 'java/lang/NoSuchMethodError'{0x0000000710d0e640}: 'void java.lang.invoke.DirectMethodHandle$Holder.invokeStaticInit(java.lang.Object)'> (0x0000000710d0e640) 
thrown [s\src\hotspot\share\interpreter\linkResolver.cpp, line 759]
Event: 0.478 Thread 0x000001847f0e23c0 Exception <a 'sun/nio/fs/WindowsException'{0x0000000710dd2840}> (0x0000000710dd2840) 
thrown [s\src\hotspot\share\prims\jni.cpp, line 516]

VM Operations (20 events):
Event: 0.422 Executing VM operation: HandshakeAllThreads done
Event: 0.469 Executing VM operation: HandshakeAllThreads
Event: 0.469 Executing VM operation: HandshakeAllThreads done
Event: 0.627 Executing VM operation: G1CollectForAllocation
Event: 0.629 Executing VM operation: G1CollectForAllocation done
Event: 0.691 Executing VM operation: HandshakeAllThreads
Event: 0.691 Executing VM operation: HandshakeAllThreads done
Event: 0.804 Executing VM operation: HandshakeAllThreads
Event: 0.804 Executing VM operation: HandshakeAllThreads done
Event: 1.482 Executing VM operation: G1CollectForAllocation
Event: 1.485 Executing VM operation: G1CollectForAllocation done
Event: 1.637 Executing VM operation: G1TryInitiateConcMark
Event: 1.638 Executing VM operation: G1TryInitiateConcMark done
Event: 1.779 Executing VM operation: G1TryInitiateConcMark
Event: 1.781 Executing VM operation: G1TryInitiateConcMark done
Event: 1.875 Executing VM operation: G1TryInitiateConcMark
Event: 1.877 Executing VM operation: G1TryInitiateConcMark done
Event: 1.977 Executing VM operation: G1TryInitiateConcMark
Event: 1.979 Executing VM operation: G1TryInitiateConcMark done
Event: 2.073 Executing VM operation: G1TryInitiateConcMark

Events (20 events):
Event: 0.812 loading class java/util/concurrent/ForkJoinPool$WorkQueue done
Event: 0.812 loading class java/util/concurrent/ForkJoinWorkerThread
Event: 0.812 loading class java/util/concurrent/ForkJoinWorkerThread done
Event: 0.938 loading class sun/awt/DebugSettings
Event: 0.938 loading class sun/awt/DebugSettings done
Event: 0.939 loading class javax/swing/JComponent$KeyboardState
Event: 0.940 loading class javax/swing/JComponent$KeyboardState done
Event: 0.940 loading class javax/swing/JComponent$IntVector
Event: 0.940 loading class javax/swing/JComponent$IntVector done
Event: 0.940 loading class javax/swing/JInternalFrame
Event: 0.943 loading class javax/swing/JInternalFrame done
Event: 0.943 loading class javax/swing/KeyboardManager
Event: 0.943 loading class javax/swing/KeyboardManager done
Event: 0.944 loading class javax/swing/Popup$HeavyWeightWindow
Event: 0.944 loading class sun/awt/ModalExclude
Event: 0.944 loading class sun/awt/ModalExclude done
Event: 0.944 loading class javax/swing/JWindow
Event: 0.944 loading class javax/swing/JWindow done
Event: 0.945 loading class javax/swing/Popup$HeavyWeightWindow done
Event: 0.946 Thread 0x000001841eedf3e0 Thread exited: 0x000001841eedf3e0


Dynamic libraries:
0x00007ff6ec9b0000 - 0x00007ff6ec9be000 	C:\Users\Bogdan\.p2\pool\plugins\org.eclipse.justj.openjdk.hotspot.jre.full.win32.x86_64_17.0.5.v20221102-0933\jre\bin\javaw.exe
0x00007ffecfb10000 - 0x00007ffecfd08000 	C:\WINDOWS\SYSTEM32\ntdll.dll
0x00007ffecfa00000 - 0x00007ffecfac2000 	C:\WINDOWS\System32\KERNEL32.DLL
0x00007ffecd3e0000 - 0x00007ffecd6d6000 	C:\WINDOWS\System32\KERNELBASE.dll
0x00007ffecd1f0000 - 0x00007ffecd2f0000 	C:\WINDOWS\System32\ucrtbase.dll
0x00007ffebe6e0000 - 0x00007ffebe6f7000 	C:\Users\Bogdan\.p2\pool\plugins\org.eclipse.justj.openjdk.hotspot.jre.full.win32.x86_64_17.0.5.v20221102-0933\jre\bin\jli.dll
0x00007ffebe6c0000 - 0x00007ffebe6d9000 	C:\Users\Bogdan\.p2\pool\plugins\org.eclipse.justj.openjdk.hotspot.jre.full.win32.x86_64_17.0.5.v20221102-0933\jre\bin\VCRUNTIME140.dll
0x00007ffecf680000 - 0x00007ffecf81d000 	C:\WINDOWS\System32\USER32.dll
0x00007ffecd320000 - 0x00007ffecd342000 	C:\WINDOWS\System32\win32u.dll
0x00007ffecf820000 - 0x00007ffecf84b000 	C:\WINDOWS\System32\GDI32.dll
0x00007ffeaafe0000 - 0x00007ffeab27a000 	C:\WINDOWS\WinSxS\amd64_microsoft.windows.common-controls_6595b64144ccf1df_6.0.19041.4355_none_60b8b9eb71f62e16\COMCTL32.dll
0x00007ffecd6e0000 - 0x00007ffecd7fa000 	C:\WINDOWS\System32\gdi32full.dll
0x00007ffece810000 - 0x00007ffece8ae000 	C:\WINDOWS\System32\msvcrt.dll
0x00007ffecd800000 - 0x00007ffecd89d000 	C:\WINDOWS\System32\msvcp_win.dll
0x00007ffecf9d0000 - 0x00007ffecf9ff000 	C:\WINDOWS\System32\IMM32.DLL
0x00007ffec6d30000 - 0x00007ffec6d3c000 	C:\Users\Bogdan\.p2\pool\plugins\org.eclipse.justj.openjdk.hotspot.jre.full.win32.x86_64_17.0.5.v20221102-0933\jre\bin\vcruntime140_1.dll
0x00007ffeabf30000 - 0x00007ffeabfc1000 	C:\Users\Bogdan\.p2\pool\plugins\org.eclipse.justj.openjdk.hotspot.jre.full.win32.x86_64_17.0.5.v20221102-0933\jre\bin\msvcp140.dll
0x00007ffe97ed0000 - 0x00007ffe98b14000 	C:\Users\Bogdan\.p2\pool\plugins\org.eclipse.justj.openjdk.hotspot.jre.full.win32.x86_64_17.0.5.v20221102-0933\jre\bin\server\jvm.dll
0x00007ffecf280000 - 0x00007ffecf32f000 	C:\WINDOWS\System32\ADVAPI32.dll
0x00007ffece8b0000 - 0x00007ffece94f000 	C:\WINDOWS\System32\sechost.dll
0x00007ffecdf30000 - 0x00007ffece053000 	C:\WINDOWS\System32\RPCRT4.dll
0x00007ffecd2f0000 - 0x00007ffecd317000 	C:\WINDOWS\System32\bcrypt.dll
0x00007ffec8770000 - 0x00007ffec8779000 	C:\WINDOWS\SYSTEM32\WSOCK32.dll
0x00007ffecf1b0000 - 0x00007ffecf21b000 	C:\WINDOWS\System32\WS2_32.dll
0x00007ffec6d20000 - 0x00007ffec6d2a000 	C:\WINDOWS\SYSTEM32\VERSION.dll
0x00007ffec3660000 - 0x00007ffec3687000 	C:\WINDOWS\SYSTEM32\WINMM.dll
0x00007ffecb000000 - 0x00007ffecb012000 	C:\WINDOWS\SYSTEM32\kernel.appcore.dll
0x00007ffec81c0000 - 0x00007ffec81ca000 	C:\Users\Bogdan\.p2\pool\plugins\org.eclipse.justj.openjdk.hotspot.jre.full.win32.x86_64_17.0.5.v20221102-0933\jre\bin\jimage.dll
0x00007ffec5fa0000 - 0x00007ffec6184000 	C:\WINDOWS\SYSTEM32\DBGHELP.DLL
0x00007ffec5dc0000 - 0x00007ffec5df4000 	C:\WINDOWS\SYSTEM32\dbgcore.DLL
0x00007ffecd350000 - 0x00007ffecd3d2000 	C:\WINDOWS\System32\bcryptPrimitives.dll
0x00007ffec0cd0000 - 0x00007ffec0cf5000 	C:\Users\Bogdan\.p2\pool\plugins\org.eclipse.justj.openjdk.hotspot.jre.full.win32.x86_64_17.0.5.v20221102-0933\jre\bin\java.dll
0x00007ffec7210000 - 0x00007ffec7228000 	C:\Users\Bogdan\.p2\pool\plugins\org.eclipse.justj.openjdk.hotspot.jre.full.win32.x86_64_17.0.5.v20221102-0933\jre\bin\zip.dll
0x00007ffecea40000 - 0x00007ffecf1af000 	C:\WINDOWS\System32\SHELL32.dll
0x00007ffecb200000 - 0x00007ffecb9a3000 	C:\WINDOWS\SYSTEM32\windows.storage.dll
0x00007ffecdbd0000 - 0x00007ffecdf25000 	C:\WINDOWS\System32\combase.dll
0x00007ffeccaf0000 - 0x00007ffeccb1b000 	C:\WINDOWS\SYSTEM32\Wldp.dll
0x00007ffecf900000 - 0x00007ffecf9cd000 	C:\WINDOWS\System32\OLEAUT32.dll
0x00007ffecf850000 - 0x00007ffecf8fd000 	C:\WINDOWS\System32\SHCORE.dll
0x00007ffece4e0000 - 0x00007ffece535000 	C:\WINDOWS\System32\shlwapi.dll
0x00007ffecd0d0000 - 0x00007ffecd0f5000 	C:\WINDOWS\SYSTEM32\profapi.dll
0x00007ffec50c0000 - 0x00007ffec50d9000 	C:\Users\Bogdan\.p2\pool\plugins\org.eclipse.justj.openjdk.hotspot.jre.full.win32.x86_64_17.0.5.v20221102-0933\jre\bin\net.dll
0x00007ffec7cf0000 - 0x00007ffec7dfa000 	C:\WINDOWS\SYSTEM32\WINHTTP.dll
0x00007ffecc8d0000 - 0x00007ffecc93c000 	C:\WINDOWS\system32\mswsock.dll
0x00007ffec0c60000 - 0x00007ffec0c75000 	C:\Users\Bogdan\.p2\pool\plugins\org.eclipse.justj.openjdk.hotspot.jre.full.win32.x86_64_17.0.5.v20221102-0933\jre\bin\nio.dll
0x00007ffe98ba0000 - 0x00007ffe98d2e000 	C:\Users\Bogdan\.p2\pool\plugins\org.eclipse.justj.openjdk.hotspot.jre.full.win32.x86_64_17.0.5.v20221102-0933\jre\bin\awt.dll
0x00007ffeca710000 - 0x00007ffeca7a4000 	C:\WINDOWS\SYSTEM32\apphelp.dll
0x00007ffecae20000 - 0x00007ffecae4f000 	C:\WINDOWS\system32\DWMAPI.DLL
0x00007ffecab10000 - 0x00007ffecabae000 	C:\WINDOWS\system32\uxtheme.dll
0x00007ffe89ef0000 - 0x00007ffe8a018000 	C:\WINDOWS\system32\opengl32.dll
0x00007ffe89ec0000 - 0x00007ffe89eec000 	C:\WINDOWS\SYSTEM32\GLU32.dll
0x00007ffecf3b0000 - 0x00007ffecf4c5000 	C:\WINDOWS\System32\MSCTF.dll
0x00007ffece540000 - 0x00007ffece66b000 	C:\WINDOWS\System32\ole32.dll
0x00007ffe97350000 - 0x00007ffe97521000 	C:\WINDOWS\system32\d3d9.dll
0x00007ffeb97b0000 - 0x00007ffeb9871000 	C:\WINDOWS\System32\DriverStore\FileRepository\nv_dispig.inf_amd64_0afec3f2050014a0\nvldumdx.dll
0x00007ffeccd60000 - 0x00007ffeccd72000 	C:\WINDOWS\SYSTEM32\msasn1.dll
0x00007ffec6b40000 - 0x00007ffec6b71000 	C:\WINDOWS\SYSTEM32\cryptnet.dll
0x00007ffecd920000 - 0x00007ffecda7d000 	C:\WINDOWS\System32\CRYPT32.dll
0x00007ffecca60000 - 0x00007ffecca6c000 	C:\WINDOWS\SYSTEM32\cryptbase.dll
0x00007ffec6bb0000 - 0x00007ffec6cf7000 	C:\WINDOWS\SYSTEM32\drvstore.dll
0x00007ffeccf30000 - 0x00007ffeccf63000 	C:\WINDOWS\SYSTEM32\devobj.dll
0x00007ffecd1a0000 - 0x00007ffecd1ee000 	C:\WINDOWS\System32\cfgmgr32.dll
0x00007ffecd8a0000 - 0x00007ffecd913000 	C:\WINDOWS\System32\wintrust.dll
0x00007ffecf390000 - 0x00007ffecf3ad000 	C:\WINDOWS\System32\imagehlp.dll
0x00007ffeccb30000 - 0x00007ffeccb48000 	C:\WINDOWS\SYSTEM32\CRYPTSP.dll
0x00007ffecc1a0000 - 0x00007ffecc1d8000 	C:\WINDOWS\system32\rsaenh.dll
0x00007ffeb7350000 - 0x00007ffeb933e000 	C:\WINDOWS\System32\DriverStore\FileRepository\nv_dispig.inf_amd64_0afec3f2050014a0\nvgpucomp64.dll
0x00007ffe6a7e0000 - 0x00007ffe6c274000 	C:\WINDOWS\System32\DriverStore\FileRepository\nv_dispig.inf_amd64_0afec3f2050014a0\nvd3dumx.dll
0x00007ffecb9c0000 - 0x00007ffecb9e3000 	C:\WINDOWS\SYSTEM32\gpapi.dll
0x00007ffe88990000 - 0x00007ffe88ae5000 	C:\WINDOWS\System32\DriverStore\FileRepository\nv_dispig.inf_amd64_0afec3f2050014a0\nvppex.dll
0x00007ffeb9770000 - 0x00007ffeb97ab000 	C:\WINDOWS\SYSTEM32\dxcore.dll
0x00007ffebe5f0000 - 0x00007ffebe676000 	C:\Users\Bogdan\.p2\pool\plugins\org.eclipse.justj.openjdk.hotspot.jre.full.win32.x86_64_17.0.5.v20221102-0933\jre\bin\freetype.dll
0x00007ffea6320000 - 0x00007ffea63e5000 	C:\Users\Bogdan\.p2\pool\plugins\org.eclipse.justj.openjdk.hotspot.jre.full.win32.x86_64_17.0.5.v20221102-0933\jre\bin\fontmanager.dll
0x00007ffebc050000 - 0x00007ffebc149000 	C:\WINDOWS\SYSTEM32\textinputframework.dll
0x00007ffec9d50000 - 0x00007ffeca0ab000 	C:\WINDOWS\System32\CoreUIComponents.dll
0x00007ffeca470000 - 0x00007ffeca562000 	C:\WINDOWS\System32\CoreMessaging.dll
0x00007ffecc3f0000 - 0x00007ffecc423000 	C:\WINDOWS\SYSTEM32\ntmarta.dll
0x00007ffec8d70000 - 0x00007ffec8ec7000 	C:\WINDOWS\SYSTEM32\wintypes.dll

dbghelp: loaded successfully - version: 4.0.5 - missing functions: none
symbol engine: initialized successfully - sym options: 0x614 - pdb path: .;C:\Users\Bogdan\.p2\pool\plugins\org.eclipse.justj.openjdk.hotspot.jre.full.win32.x86_64_17.0.5.v20221102-0933\jre\bin;C:\WINDOWS\SYSTEM32;C:\WINDOWS\WinSxS\amd64_microsoft.windows.common-controls_6595b64144ccf1df_6.0.19041.4355_none_60b8b9eb71f62e16;C:\Users\Bogdan\.p2\pool\plugins\org.eclipse.justj.openjdk.hotspot.jre.full.win32.x86_64_17.0.5.v20221102-0933\jre\bin\server;C:\WINDOWS\System32\DriverStore\FileRepository\nv_dispig.inf_amd64_0afec3f2050014a0

VM Arguments:
jvm_args: -Dfile.encoding=UTF-8 --module-path=C:\Users\Bogdan\Desktop\personal\newproject\bin -XX:+ShowCodeDetailsInExceptionMessages -Djdk.module.main=newproject 
java_command: newproject/newproject.main
java_class_path (initial): <not set>
Launcher Type: SUN_STANDARD

[Global flags]
     intx CICompilerCount                          = 3                                         {product} {ergonomic}
     uint ConcGCThreads                            = 2                                         {product} {ergonomic}
     uint G1ConcRefinementThreads                  = 6                                         {product} {ergonomic}
   size_t G1HeapRegionSize                         = 2097152                                   {product} {ergonomic}
    uintx GCDrainStackTargetSize                   = 64                                        {product} {ergonomic}
   size_t InitialHeapSize                          = 268435456                                 {product} {ergonomic}
   size_t MarkStackSize                            = 4194304                                   {product} {ergonomic}
   size_t MaxHeapSize                              = 4276092928                                {product} {ergonomic}
   size_t MaxNewSize                               = 2564816896                                {product} {ergonomic}
   size_t MinHeapDeltaBytes                        = 2097152                                   {product} {ergonomic}
   size_t MinHeapSize                              = 8388608                                   {product} {ergonomic}
    uintx NonNMethodCodeHeapSize                   = 5832780                                {pd product} {ergonomic}
    uintx NonProfiledCodeHeapSize                  = 122912730                              {pd product} {ergonomic}
    uintx ProfiledCodeHeapSize                     = 122912730                              {pd product} {ergonomic}
    uintx ReservedCodeCacheSize                    = 251658240                              {pd product} {ergonomic}
     bool SegmentedCodeCache                       = true                                      {product} {ergonomic}
     bool ShowCodeDetailsInExceptionMessages       = true                                   {manageable} {command line}
   size_t SoftMaxHeapSize                          = 4276092928                             {manageable} {ergonomic}
     bool UseCompressedClassPointers               = true                           {product lp64_product} {ergonomic}
     bool UseCompressedOops                        = true                           {product lp64_product} {ergonomic}
     bool UseG1GC                                  = true                                      {product} {ergonomic}
     bool UseLargePagesIndividualAllocation        = false                                  {pd product} {ergonomic}

Logging:
Log output configuration:
 #0: stdout all=warning uptime,level,tags
 #1: stderr all=off uptime,level,tags

Environment Variables:
JAVA_HOME=C:\Users\Bogdan\AppData\Local\Coursier\cache\arc\https\github.com\adoptium\temurin11-binaries\releases\download\jdk-11.0.25%252B9\OpenJDK11U-jdk_x64_windows_hotspot_11.0.25_9.zip\jdk-11.0.25+9
PATH=C:/Users/Bogdan/.p2/pool/plugins/org.eclipse.justj.openjdk.hotspot.jre.full.win32.x86_64_17.0.5.v20221102-0933/jre/bin/server;C:/Users/Bogdan/.p2/pool/plugins/org.eclipse.justj.openjdk.hotspot.jre.full.win32.x86_64_17.0.5.v20221102-0933/jre/bin;C:\Program Files\Eclipse Adoptium\jdk-17.0.14.7-hotspot\bin;C:\Python313\Scripts\;C:\Python313\;C:\Program Files (x86)\Eclipse Adoptium\jdk-17.0.13.11-hotspot\bin;C:\Program Files\Common Files\Oracle\Java\javapath;C:\WINDOWS\system32;C:\WINDOWS;C:\WINDOWS\System32\Wbem;C:\WINDOWS\System32\WindowsPowerShell\v1.0\;C:\WINDOWS\System32\OpenSSH\;C:\Program Files\Java\jdk-23\bin;C:\Program Files (x86)\sbt\bin;C:\Program Files (x86)\Windows Kits\10\Windows Performance Toolkit\;C:\ProgramData\chocolatey\bin;C:\Program Files\scala-cli-x86_64-pc-win32\;C:\Program Files\nodejs\;C:\Program Files\dotnet\;C:\Program Files\LLVM\bin;C:\Program Files\Docker\Docker\resources\bin;C:\Program Files\Git\cmd;C:\Users\Bogdan\scoop\apps\llvm\current\bin;C:\Users\Bogdan\scoop\shims;C:\Users\Bogdan\AppData\Local\Microsoft\WindowsApps;C:\Users\Bogdan\AppData\Local\Coursier\cache\arc\https\github.com\adoptium\temurin11-binaries\releases\download\jdk-11.0.25%252B9\OpenJDK11U-jdk_x64_windows_hotspot_11.0.25_9.zip\jdk-11.0.25+9\bin;C:\Users\Bogdan\AppData\Local\Coursier\data\bin;C:\Users\Bogdan\AppData\Local\JetBrains\Toolbox\scripts;C:\Users\Bogdan\AppData\Roaming\npm;C:\Users\Bogdan\.dotnet\tools;C:\Users\Bogdan\Desktop;
USERNAME=Bogdan
OS=Windows_NT
PROCESSOR_IDENTIFIER=Intel64 Family 6 Model 158 Stepping 10, GenuineIntel
TMP=C:\Users\Bogdan\AppData\Local\Temp
TEMP=C:\Users\Bogdan\AppData\Local\Temp



---------------  S Y S T E M  ---------------

OS:
 Windows 10 , 64 bit Build 19041 (10.0.19041.5678)
OS uptime: 7 days 20:11 hours
Hyper-V role detected

CPU: total 6 (initial active 6) (6 cores per cpu, 1 threads per core) family 6 model 158 stepping 10 microcode 0xb4, cx8, cmov, fxsr, mmx, 3dnowpref, sse, sse2, sse3, ssse3, sse4.1, sse4.2, popcnt, lzcnt, tsc, tscinvbit, avx, avx2, aes, erms, clmul, bmi1, bmi2, adx, fma, vzeroupper, clflush, clflushopt, hv

Memory: 4k page, system-wide physical 16304M (2250M free)
TotalPageFile size 45447M (AvailPageFile size 12M)
current process WorkingSet (physical memory assigned to process): 256M, peak: 259M
current process commit charge ("private bytes"): 421M, peak: 475M

vm_info: OpenJDK 64-Bit Server VM (17.0.5+8) for windows-amd64 JRE (17.0.5+8), built on Oct 19 2022 04:48:13 by "temurin" with MS VC++ 16.7 (VS2019)

END.
