#
# A fatal error has been detected by the Java Runtime Environment:
#
#  EXCEPTION_ACCESS_VIOLATION (0xc0000005) at pc=0x00007ff86d23ab56, pid=34444, tid=26936
#
# JRE version: OpenJDK Runtime Environment Temurin-17.0.5+8 (17.0.5+8) (build 17.0.5+8)
# Java VM: OpenJDK 64-Bit Server VM Temurin-17.0.5+8 (17.0.5+8, mixed mode, tiered, compressed oops, compressed class ptrs, g1 gc, windows-amd64)
# Problematic frame:
# C  [awt.dll+0xdab56]
#
# No core dump will be written. Minidumps are not enabled by default on client versions of Windows
#
# If you would like to submit a bug report, please visit:
#   https://github.com/adoptium/adoptium-support/issues
# The crash happened outside the Java Virtual Machine in native code.
# See problematic frame for where to report the bug.
#

---------------  S U M M A R Y ------------

Command Line: -Dfile.encoding=UTF-8 --module-path=C:\Users\Bogdan\Desktop\personal\newproject\bin -XX:+ShowCodeDetailsInExceptionMessages -Djdk.module.main=newproject newproject/newproject.main

Host: Intel(R) Core(TM) i5-8400 CPU @ 2.80GHz, 6 cores, 15G,  Windows 10 , 64 bit Build 19041 (10.0.19041.5678)
Time: Sat May  3 08:24:35 2025 E. Europe Daylight Time elapsed time: 15464.649253 seconds (0d 4h 17m 44s)

---------------  T H R E A D  ---------------

Current thread (0x000001a7e5191ea0):  JavaThread "AWT-EventQueue-0" [_thread_in_native, id=26936, stack(0x0000007616300000,0x0000007616400000)]

Stack: [0x0000007616300000,0x0000007616400000],  sp=0x00000076163febd0,  free space=1018k
Native frames: (J=compiled Java code, j=interpreted, Vv=VM code, C=native code)
C  [awt.dll+0xdab56]

Java frames: (J=compiled Java code, j=interpreted, Vv=VM code)
j  sun.awt.Win32GraphicsDevice.initNativeScale(I)V+0 java.desktop@17.0.5
j  sun.awt.Win32GraphicsDevice.initScaleFactors()V+60 java.desktop@17.0.5
j  sun.awt.Win32GraphicsDevice.displayChanged()V+16 java.desktop@17.0.5
j  sun.java2d.d3d.D3DGraphicsDevice.displayChanged()V+1 java.desktop@17.0.5
j  sun.awt.Win32GraphicsEnvironment.displayChanged()V+271 java.desktop@17.0.5
j  sun.awt.windows.WToolkit.lambda$displayChanged$4()V+15 java.desktop@17.0.5
j  sun.awt.windows.WToolkit$$Lambda$145+0x0000000800173860.run()V+0 java.desktop@17.0.5
j  java.awt.event.InvocationEvent.dispatch()V+47 java.desktop@17.0.5
J 1030 c1 java.awt.EventQueue.dispatchEventImpl(Ljava/awt/AWTEvent;Ljava/lang/Object;)V java.desktop@17.0.5 (136 bytes) @ 0x000001a7c9483bdc [0x000001a7c94820e0+0x0000000000001afc]
J 1029 c1 java.awt.EventQueue$4.run()Ljava/lang/Void; java.desktop@17.0.5 (60 bytes) @ 0x000001a7c94819a4 [0x000001a7c9481860+0x0000000000000144]
J 939 c1 java.awt.EventQueue.dispatchEvent(Ljava/awt/AWTEvent;)V java.desktop@17.0.5 (80 bytes) @ 0x000001a7c9454424 [0x000001a7c9453e60+0x00000000000005c4]
J 945 c1 java.awt.EventDispatchThread.pumpOneEventForFilters(I)V java.desktop@17.0.5 (113 bytes) @ 0x000001a7c9457e34 [0x000001a7c94577a0+0x0000000000000694]
j  java.awt.EventDispatchThread.pumpEventsForFilter(ILjava/awt/Conditional;Ljava/awt/EventFilter;)V+35 java.desktop@17.0.5
j  java.awt.EventDispatchThread.pumpEventsForHierarchy(ILjava/awt/Conditional;Ljava/awt/Component;)V+11 java.desktop@17.0.5
j  java.awt.EventDispatchThread.pumpEvents(ILjava/awt/Conditional;)V+4 java.desktop@17.0.5
j  java.awt.EventDispatchThread.pumpEvents(Ljava/awt/Conditional;)V+3 java.desktop@17.0.5
j  java.awt.EventDispatchThread.run()V+9 java.desktop@17.0.5
v  ~StubRoutines::call_stub

siginfo: EXCEPTION_ACCESS_VIOLATION (0xc0000005), reading address 0xffffffffffffffff


Register to memory mapping:

RIP=0x00007ff86d23ab56 awt.dll
RAX=0x0001010101010101 is an unknown value
RBX=0x000001a7e515d4a0 points into unknown readable memory: 0x000001a7edafa2f0 | f0 a2 af ed a7 01 00 00
RCX=0x0001010101010101 is an unknown value
RDX=0x0 is NULL
RSP=0x00000076163febd0 is pointing into the stack for thread: 0x000001a7e5191ea0
RBP=0x00000076163fecb0 is pointing into the stack for thread: 0x000001a7e5191ea0
RSI=0x0 is NULL
RDI=0x0 is NULL
R8 =0x0000000000000001 is an unknown value
R9 =0x00000000000000dd is an unknown value
R10=0x000001a7c8d3d5f2 is at code_begin+946 in an Interpreter codelet
method entry point (kind = native)  [0x000001a7c8d3d240, 0x000001a7c8d3dbc0]  2432 bytes
R11=0x0000000000000100 is an unknown value
R12=0x0 is NULL
R13={method} {0x000001a7e4713588} 'initNativeScale' '(I)V' in 'sun/awt/Win32GraphicsDevice'
R14=0x00000076163fecd8 is pointing into the stack for thread: 0x000001a7e5191ea0
R15=0x000001a7e5191ea0 is a thread


Registers:
RAX=0x0001010101010101, RBX=0x000001a7e515d4a0, RCX=0x0001010101010101, RDX=0x0000000000000000
RSP=0x00000076163febd0, RBP=0x00000076163fecb0, RSI=0x0000000000000000, RDI=0x0000000000000000
R8 =0x0000000000000001, R9 =0x00000000000000dd, R10=0x000001a7c8d3d5f2, R11=0x0000000000000100
R12=0x0000000000000000, R13=0x000001a7e4713580, R14=0x00000076163fecd8, R15=0x000001a7e5191ea0
RIP=0x00007ff86d23ab56, EFLAGS=0x0000000000010202

Top of Stack: (sp=0x00000076163febd0)
0x00000076163febd0:   0000000000000000 0000000000000007
0x00000076163febe0:   000001a7e515d4a0 0000000000000000
0x00000076163febf0:   000001a7e515d4a0 00007ff86d23c3a2
0x00000076163fec00:   00007ff86d29a838 000001a7e4713580
0x00000076163fec10:   00000076163fed20 00007ff81ac91f3d
0x00000076163fec20:   000001a7c8d39657 000001a7c8d3d621
0x00000076163fec30:   000001a7e4713580 000001a7c8d39657
0x00000076163fec40:   0000000000000000 00007ff81af3cab9
0x00000076163fec50:   000001a7e5191ea0 00007ff81af3ca07
0x00000076163fec60:   000001a7e5c04fb0 00000076163fec68
0x00000076163fec70:   0000000000000000 00000076163fecd8
0x00000076163fec80:   000001a7e4715f60 0000000000000000
0x00000076163fec90:   0000000709b1f330 000001a7e4713580
0x00000076163feca0:   0000000000000000 00000076163fecd0
0x00000076163fecb0:   00000076163fed28 000001a7c8d394fe
0x00000076163fecc0:   0000000000000000 000001a7c8d3af78 

Instructions: (pc=0x00007ff86d23ab56)
0x00007ff86d23aa56:   00 68 00 00 00 0f 11 44 24 34 0f 11 44 24 44 0f
0x00007ff86d23aa66:   11 44 24 54 0f 11 44 24 64 0f 11 44 24 74 0f 11
0x00007ff86d23aa76:   84 24 84 00 00 00 89 84 24 94 00 00 00 c7 44 24
0x00007ff86d23aa86:   30 68 00 00 00 48 8d 94 24 a0 00 00 00 48 8b cd
0x00007ff86d23aa96:   ff 15 b4 92 06 00 85 c0 74 40 48 8d 54 24 30 48
0x00007ff86d23aaa6:   8b ce ff 15 a2 92 06 00 85 c0 74 2e 48 8d 54 24
0x00007ff86d23aab6:   34 48 8d 8c 24 a4 00 00 00 ff 15 d3 8d 06 00 85
0x00007ff86d23aac6:   c0 74 17 48 8d 54 24 44 48 8d 8c 24 b4 00 00 00
0x00007ff86d23aad6:   ff 15 bc 8d 06 00 85 c0 75 11 ff c7 3b 7b 0c 0f
0x00007ff86d23aae6:   8c 15 ff ff ff 8b 3d 3f c8 06 00 48 8b cb e8 b7
0x00007ff86d23aaf6:   db f4 ff 90 8b c7 48 8b 8c 24 10 01 00 00 48 33
0x00007ff86d23ab06:   cc e8 a4 01 01 00 4c 8d 9c 24 20 01 00 00 49 8b
0x00007ff86d23ab16:   5b 18 49 8b 6b 20 49 8b 73 28 49 8b e3 5f c3 cc
0x00007ff86d23ab26:   cc cc cc cc cc cc cc cc cc cc 48 8b 41 08 48 8b
0x00007ff86d23ab36:   80 18 0c 00 00 c3 cc cc cc cc 48 8b 41 08 48 05
0x00007ff86d23ab46:   00 04 00 00 c3 cc cc cc cc cc 40 53 48 83 ec 20
0x00007ff86d23ab56:   83 79 50 00 48 8b d9 75 56 48 8b 49 28 4c 8d 44
0x00007ff86d23ab66:   24 38 48 8d 54 24 30 c7 44 24 30 00 00 80 bf c7
0x00007ff86d23ab76:   44 24 38 00 00 80 bf e8 fe e0 00 00 f3 0f 10 54
0x00007ff86d23ab86:   24 30 0f 57 c0 0f 2f d0 76 25 f3 0f 10 4c 24 38
0x00007ff86d23ab96:   0f 2f c8 76 1a f3 0f 5e 15 d1 a0 02 00 f3 0f 5e
0x00007ff86d23aba6:   0d c9 a0 02 00 f3 0f 11 53 48 f3 0f 11 4b 4c 48
0x00007ff86d23abb6:   83 c4 20 5b c3 cc cc cc cc cc 48 89 5c 24 10 48
0x00007ff86d23abc6:   89 74 24 18 57 41 56 41 57 48 83 ec 40 48 8b d9
0x00007ff86d23abd6:   48 8b 41 18 48 85 c0 75 18 b9 28 04 00 00 e8 b7
0x00007ff86d23abe6:   96 00 00 48 89 43 18 c7 00 28 00 00 00 48 8b 43
0x00007ff86d23abf6:   18 33 ff 66 89 78 0e 48 8b 4b 28 e8 6a 03 00 00
0x00007ff86d23ac06:   48 8b f0 41 bf 01 00 00 00 45 8b c7 41 8b d7 48
0x00007ff86d23ac16:   8b c8 ff 15 92 89 06 00 4c 8b f0 89 7c 24 30 48
0x00007ff86d23ac26:   8b 4b 18 48 89 4c 24 28 48 89 7c 24 20 45 8b cf
0x00007ff86d23ac36:   45 33 c0 48 8b d0 48 8b ce ff 15 53 8a 06 00 48
0x00007ff86d23ac46:   8b 0b 48 8b 53 30 83 79 04 08 0f 8e 01 02 00 00 


Stack slot to memory mapping:
stack at sp + 0 slots: 0x0 is NULL
stack at sp + 1 slots: 0x0000000000000007 is an unknown value
stack at sp + 2 slots: 0x000001a7e515d4a0 points into unknown readable memory: 0x000001a7edafa2f0 | f0 a2 af ed a7 01 00 00
stack at sp + 3 slots: 0x0 is NULL
stack at sp + 4 slots: 0x000001a7e515d4a0 points into unknown readable memory: 0x000001a7edafa2f0 | f0 a2 af ed a7 01 00 00
stack at sp + 5 slots: 0x00007ff86d23c3a2 awt.dll
stack at sp + 6 slots: 0x00007ff86d29a838 awt.dll
stack at sp + 7 slots: {method} {0x000001a7e4713588} 'initNativeScale' '(I)V' in 'sun/awt/Win32GraphicsDevice'


---------------  P R O C E S S  ---------------

Threads class SMR info:
_java_thread_list=0x000001a7e5213d90, length=17, elements={
0x000001a7e484f3d0, 0x000001a7e48504c0, 0x000001a7e4888000, 0x000001a7e488a8d0,
0x000001a7e488b280, 0x000001a7e488bc30, 0x000001a7e4897e20, 0x000001a7e48988c0,
0x000001a7e489b6d0, 0x000001a7e49f6050, 0x000001a7e4b7e430, 0x000001a7e4bfe490,
0x000001a7e4bfe960, 0x000001a7e4d263a0, 0x000001a7e5191ea0, 0x000001a7c56719c0,
0x000001a7e4a61a20
}

Java Threads: ( => current thread )
  0x000001a7e484f3d0 JavaThread "Reference Handler" daemon [_thread_blocked, id=13876, stack(0x0000007615100000,0x0000007615200000)]
  0x000001a7e48504c0 JavaThread "Finalizer" daemon [_thread_blocked, id=34500, stack(0x0000007615200000,0x0000007615300000)]
  0x000001a7e4888000 JavaThread "Signal Dispatcher" daemon [_thread_blocked, id=34692, stack(0x0000007615300000,0x0000007615400000)]
  0x000001a7e488a8d0 JavaThread "Attach Listener" daemon [_thread_blocked, id=25368, stack(0x0000007615400000,0x0000007615500000)]
  0x000001a7e488b280 JavaThread "Service Thread" daemon [_thread_blocked, id=20960, stack(0x0000007615500000,0x0000007615600000)]
  0x000001a7e488bc30 JavaThread "Monitor Deflation Thread" daemon [_thread_blocked, id=27020, stack(0x0000007615600000,0x0000007615700000)]
  0x000001a7e4897e20 JavaThread "C2 CompilerThread0" daemon [_thread_blocked, id=3064, stack(0x0000007615700000,0x0000007615800000)]
  0x000001a7e48988c0 JavaThread "C1 CompilerThread0" daemon [_thread_blocked, id=12176, stack(0x0000007615800000,0x0000007615900000)]
  0x000001a7e489b6d0 JavaThread "Sweeper thread" daemon [_thread_blocked, id=10268, stack(0x0000007615900000,0x0000007615a00000)]
  0x000001a7e49f6050 JavaThread "Common-Cleaner" daemon [_thread_blocked, id=12568, stack(0x0000007615a00000,0x0000007615b00000)]
  0x000001a7e4b7e430 JavaThread "Notification Thread" daemon [_thread_blocked, id=26816, stack(0x0000007615b00000,0x0000007615c00000)]
  0x000001a7e4bfe490 JavaThread "Java2D Disposer" daemon [_thread_blocked, id=26348, stack(0x0000007615d00000,0x0000007615e00000)]
  0x000001a7e4bfe960 JavaThread "AWT-Shutdown" [_thread_blocked, id=27552, stack(0x0000007615e00000,0x0000007615f00000)]
  0x000001a7e4d263a0 JavaThread "AWT-Windows" daemon [_thread_in_native, id=27548, stack(0x0000007615f00000,0x0000007616000000)]
=>0x000001a7e5191ea0 JavaThread "AWT-EventQueue-0" [_thread_in_native, id=26936, stack(0x0000007616300000,0x0000007616400000)]
  0x000001a7c56719c0 JavaThread "DestroyJavaVM" [_thread_blocked, id=28324, stack(0x0000007614a00000,0x0000007614b00000)]
  0x000001a7e4a61a20 JavaThread "D3D Screen Updater" daemon [_thread_blocked, id=15836, stack(0x0000007616400000,0x0000007616500000)]

Other Threads:
  0x000001a7e3e1e310 VMThread "VM Thread" [stack: 0x0000007615000000,0x0000007615100000] [id=18204]
  0x000001a7e4b9ef90 WatcherThread [stack: 0x0000007615c00000,0x0000007615d00000] [id=21440]
  0x000001a7c56dd8f0 GCTaskThread "GC Thread#0" [stack: 0x0000007614b00000,0x0000007614c00000] [id=8840]
  0x000001a7e4b83c80 GCTaskThread "GC Thread#1" [stack: 0x0000007616600000,0x0000007616700000] [id=16420]
  0x000001a7edbf6cc0 GCTaskThread "GC Thread#2" [stack: 0x0000007616700000,0x0000007616800000] [id=32428]
  0x000001a7edbf6f70 GCTaskThread "GC Thread#3" [stack: 0x0000007616800000,0x0000007616900000] [id=15328]
  0x000001a7ed559b30 GCTaskThread "GC Thread#4" [stack: 0x0000007616900000,0x0000007616a00000] [id=26296]
  0x000001a7edb17560 GCTaskThread "GC Thread#5" [stack: 0x0000007616a00000,0x0000007616b00000] [id=34484]
  0x000001a7c56eeea0 ConcurrentGCThread "G1 Main Marker" [stack: 0x0000007614c00000,0x0000007614d00000] [id=23904]
  0x000001a7c56ef8b0 ConcurrentGCThread "G1 Conc#0" [stack: 0x0000007614d00000,0x0000007614e00000] [id=34660]
  0x000001a7e3ca24d0 ConcurrentGCThread "G1 Refine#0" [stack: 0x0000007614e00000,0x0000007614f00000] [id=2604]
  0x000001a7e3ca2ef0 ConcurrentGCThread "G1 Service" [stack: 0x0000007614f00000,0x0000007615000000] [id=10868]

Threads with active compile tasks:

VM state: not at safepoint (normal execution)

VM Mutex/Monitor currently owned by a thread: None

Heap address: 0x0000000701200000, size: 4078 MB, Compressed Oops mode: Zero based, Oop shift amount: 3

CDS archive(s) not mapped
Compressed class space mapped at: 0x0000000800000000-0x0000000840000000, reserved size: 1073741824
Narrow klass base: 0x0000000800000000, Narrow klass shift: 0, Narrow klass range: 0x40000000

GC Precious Log:
 CPUs: 6 total, 6 available
 Memory: 16304M
 Large Page Support: Disabled
 NUMA Support: Disabled
 Compressed Oops: Enabled (Zero based)
 Heap Region Size: 2M
 Heap Min Capacity: 8M
 Heap Initial Capacity: 256M
 Heap Max Capacity: 4078M
 Pre-touch: Disabled
 Parallel Workers: 6
 Concurrent Workers: 2
 Concurrent Refinement Workers: 6
 Periodic GC: Disabled

Heap:
 garbage-first heap   total 315392K, used 69472K [0x0000000701200000, 0x0000000800000000)
  region size 2048K, 7 young (14336K), 1 survivors (2048K)
 Metaspace       used 13606K, committed 13824K, reserved 1064960K
  class space    used 1342K, committed 1472K, reserved 1048576K

Heap Regions: E=young(eden), S=young(survivor), O=old, HS=humongous(starts), HC=humongous(continues), CS=collection set, F=free, OA=open archive, CA=closed archive, TAMS=top-at-mark-start (previous, next)
|   0|0x0000000701200000, 0x0000000701400000, 0x0000000701400000|100%|HS|  |TAMS 0x0000000701200000, 0x0000000701200000| Complete 
|   1|0x0000000701400000, 0x0000000701600000, 0x0000000701600000|100%|HC|  |TAMS 0x0000000701400000, 0x0000000701400000| Complete 
|   2|0x0000000701600000, 0x0000000701800000, 0x0000000701800000|100%|HC|  |TAMS 0x0000000701600000, 0x0000000701600000| Complete 
|   3|0x0000000701800000, 0x0000000701a00000, 0x0000000701a00000|100%|HC|  |TAMS 0x0000000701800000, 0x0000000701800000| Complete 
|   4|0x0000000701a00000, 0x0000000701c00000, 0x0000000701c00000|100%|HC|  |TAMS 0x0000000701a00000, 0x0000000701a00000| Complete 
|   5|0x0000000701c00000, 0x0000000701e00000, 0x0000000701e00000|100%|HC|  |TAMS 0x0000000701c00000, 0x0000000701c00000| Complete 
|   6|0x0000000701e00000, 0x0000000702000000, 0x0000000702000000|100%|HC|  |TAMS 0x0000000701e00000, 0x0000000701e00000| Complete 
|   7|0x0000000702000000, 0x0000000702200000, 0x0000000702200000|100%|HC|  |TAMS 0x0000000702000000, 0x0000000702000000| Complete 
|   8|0x0000000702200000, 0x0000000702200000, 0x0000000702400000|  0%| F|  |TAMS 0x0000000702200000, 0x0000000702200000| Untracked 
|   9|0x0000000702400000, 0x0000000702400000, 0x0000000702600000|  0%| F|  |TAMS 0x0000000702400000, 0x0000000702400000| Untracked 
|  10|0x0000000702600000, 0x0000000702600000, 0x0000000702800000|  0%| F|  |TAMS 0x0000000702600000, 0x0000000702600000| Untracked 
|  11|0x0000000702800000, 0x0000000702800000, 0x0000000702a00000|  0%| F|  |TAMS 0x0000000702800000, 0x0000000702800000| Untracked 
|  12|0x0000000702a00000, 0x0000000702c00000, 0x0000000702c00000|100%|HS|  |TAMS 0x0000000702a00000, 0x0000000702c00000| Complete 
|  13|0x0000000702c00000, 0x0000000702e00000, 0x0000000702e00000|100%|HC|  |TAMS 0x0000000702c00000, 0x0000000702e00000| Complete 
|  14|0x0000000702e00000, 0x0000000703000000, 0x0000000703000000|100%|HC|  |TAMS 0x0000000702e00000, 0x0000000703000000| Complete 
|  15|0x0000000703000000, 0x0000000703200000, 0x0000000703200000|100%|HC|  |TAMS 0x0000000703000000, 0x0000000703200000| Complete 
|  16|0x0000000703200000, 0x0000000703200000, 0x0000000703400000|  0%| F|  |TAMS 0x0000000703200000, 0x0000000703200000| Untracked 
|  17|0x0000000703400000, 0x0000000703400000, 0x0000000703600000|  0%| F|  |TAMS 0x0000000703400000, 0x0000000703400000| Untracked 
|  18|0x0000000703600000, 0x0000000703600000, 0x0000000703800000|  0%| F|  |TAMS 0x0000000703600000, 0x0000000703600000| Untracked 
|  19|0x0000000703800000, 0x0000000703800000, 0x0000000703a00000|  0%| F|  |TAMS 0x0000000703800000, 0x0000000703800000| Untracked 
|  20|0x0000000703a00000, 0x0000000703a00000, 0x0000000703c00000|  0%| F|  |TAMS 0x0000000703a00000, 0x0000000703a00000| Untracked 
|  21|0x0000000703c00000, 0x0000000703c00000, 0x0000000703e00000|  0%| F|  |TAMS 0x0000000703c00000, 0x0000000703c00000| Untracked 
|  22|0x0000000703e00000, 0x0000000703e00000, 0x0000000704000000|  0%| F|  |TAMS 0x0000000703e00000, 0x0000000703e00000| Untracked 
|  23|0x0000000704000000, 0x0000000704000000, 0x0000000704200000|  0%| F|  |TAMS 0x0000000704000000, 0x0000000704000000| Untracked 
|  24|0x0000000704200000, 0x0000000704400000, 0x0000000704400000|100%|HS|  |TAMS 0x0000000704200000, 0x0000000704400000| Complete 
|  25|0x0000000704400000, 0x0000000704600000, 0x0000000704600000|100%|HC|  |TAMS 0x0000000704400000, 0x0000000704600000| Complete 
|  26|0x0000000704600000, 0x0000000704800000, 0x0000000704800000|100%|HC|  |TAMS 0x0000000704600000, 0x0000000704800000| Complete 
|  27|0x0000000704800000, 0x0000000704a00000, 0x0000000704a00000|100%|HC|  |TAMS 0x0000000704800000, 0x0000000704a00000| Complete 
|  28|0x0000000704a00000, 0x0000000704a00000, 0x0000000704c00000|  0%| F|  |TAMS 0x0000000704a00000, 0x0000000704a00000| Untracked 
|  29|0x0000000704c00000, 0x0000000704c00000, 0x0000000704e00000|  0%| F|  |TAMS 0x0000000704c00000, 0x0000000704c00000| Untracked 
|  30|0x0000000704e00000, 0x0000000704e00000, 0x0000000705000000|  0%| F|  |TAMS 0x0000000704e00000, 0x0000000704e00000| Untracked 
|  31|0x0000000705000000, 0x0000000705000000, 0x0000000705200000|  0%| F|  |TAMS 0x0000000705000000, 0x0000000705000000| Untracked 
|  32|0x0000000705200000, 0x0000000705200000, 0x0000000705400000|  0%| F|  |TAMS 0x0000000705200000, 0x0000000705200000| Untracked 
|  33|0x0000000705400000, 0x0000000705400000, 0x0000000705600000|  0%| F|  |TAMS 0x0000000705400000, 0x0000000705400000| Untracked 
|  34|0x0000000705600000, 0x0000000705600000, 0x0000000705800000|  0%| F|  |TAMS 0x0000000705600000, 0x0000000705600000| Untracked 
|  35|0x0000000705800000, 0x0000000705800000, 0x0000000705a00000|  0%| F|  |TAMS 0x0000000705800000, 0x0000000705800000| Untracked 
|  36|0x0000000705a00000, 0x0000000705a00000, 0x0000000705c00000|  0%| F|  |TAMS 0x0000000705a00000, 0x0000000705a00000| Untracked 
|  37|0x0000000705c00000, 0x0000000705c00000, 0x0000000705e00000|  0%| F|  |TAMS 0x0000000705c00000, 0x0000000705c00000| Untracked 
|  38|0x0000000705e00000, 0x0000000705e00000, 0x0000000706000000|  0%| F|  |TAMS 0x0000000705e00000, 0x0000000705e00000| Untracked 
|  39|0x0000000706000000, 0x0000000706000000, 0x0000000706200000|  0%| F|  |TAMS 0x0000000706000000, 0x0000000706000000| Untracked 
|  40|0x0000000706200000, 0x0000000706200000, 0x0000000706400000|  0%| F|  |TAMS 0x0000000706200000, 0x0000000706200000| Untracked 
|  41|0x0000000706400000, 0x0000000706400000, 0x0000000706600000|  0%| F|  |TAMS 0x0000000706400000, 0x0000000706400000| Untracked 
|  42|0x0000000706600000, 0x0000000706600000, 0x0000000706800000|  0%| F|  |TAMS 0x0000000706600000, 0x0000000706600000| Untracked 
|  43|0x0000000706800000, 0x0000000706800000, 0x0000000706a00000|  0%| F|  |TAMS 0x0000000706800000, 0x0000000706800000| Untracked 
|  44|0x0000000706a00000, 0x0000000706c00000, 0x0000000706c00000|100%|HS|  |TAMS 0x0000000706a00000, 0x0000000706c00000| Complete 
|  45|0x0000000706c00000, 0x0000000706e00000, 0x0000000706e00000|100%|HC|  |TAMS 0x0000000706c00000, 0x0000000706e00000| Complete 
|  46|0x0000000706e00000, 0x0000000707000000, 0x0000000707000000|100%|HC|  |TAMS 0x0000000706e00000, 0x0000000707000000| Complete 
|  47|0x0000000707000000, 0x0000000707200000, 0x0000000707200000|100%|HC|  |TAMS 0x0000000707000000, 0x0000000707200000| Complete 
|  48|0x0000000707200000, 0x0000000707200000, 0x0000000707400000|  0%| F|  |TAMS 0x0000000707200000, 0x0000000707200000| Untracked 
|  49|0x0000000707400000, 0x0000000707400000, 0x0000000707600000|  0%| F|  |TAMS 0x0000000707400000, 0x0000000707400000| Untracked 
|  50|0x0000000707600000, 0x0000000707600000, 0x0000000707800000|  0%| F|  |TAMS 0x0000000707600000, 0x0000000707600000| Untracked 
|  51|0x0000000707800000, 0x0000000707800000, 0x0000000707a00000|  0%| F|  |TAMS 0x0000000707800000, 0x0000000707800000| Untracked 
|  52|0x0000000707a00000, 0x0000000707a00000, 0x0000000707c00000|  0%| F|  |TAMS 0x0000000707a00000, 0x0000000707a00000| Untracked 
|  53|0x0000000707c00000, 0x0000000707c00000, 0x0000000707e00000|  0%| F|  |TAMS 0x0000000707c00000, 0x0000000707c00000| Untracked 
|  54|0x0000000707e00000, 0x0000000707e00000, 0x0000000708000000|  0%| F|  |TAMS 0x0000000707e00000, 0x0000000707e00000| Untracked 
|  55|0x0000000708000000, 0x0000000708000000, 0x0000000708200000|  0%| F|  |TAMS 0x0000000708000000, 0x0000000708000000| Untracked 
|  56|0x0000000708200000, 0x0000000708200000, 0x0000000708400000|  0%| F|  |TAMS 0x0000000708200000, 0x0000000708200000| Untracked 
|  57|0x0000000708400000, 0x0000000708400000, 0x0000000708600000|  0%| F|  |TAMS 0x0000000708400000, 0x0000000708400000| Untracked 
|  58|0x0000000708600000, 0x0000000708600000, 0x0000000708800000|  0%| F|  |TAMS 0x0000000708600000, 0x0000000708600000| Untracked 
|  59|0x0000000708800000, 0x0000000708800000, 0x0000000708a00000|  0%| F|  |TAMS 0x0000000708800000, 0x0000000708800000| Untracked 
|  60|0x0000000708a00000, 0x0000000708c00000, 0x0000000708c00000|100%|HS|  |TAMS 0x0000000708a00000, 0x0000000708c00000| Complete 
|  61|0x0000000708c00000, 0x0000000708e00000, 0x0000000708e00000|100%|HC|  |TAMS 0x0000000708c00000, 0x0000000708e00000| Complete 
|  62|0x0000000708e00000, 0x0000000709000000, 0x0000000709000000|100%|HC|  |TAMS 0x0000000708e00000, 0x0000000709000000| Complete 
|  63|0x0000000709000000, 0x0000000709200000, 0x0000000709200000|100%|HC|  |TAMS 0x0000000709000000, 0x0000000709200000| Complete 
|  64|0x0000000709200000, 0x0000000709400000, 0x0000000709400000|100%|HS|  |TAMS 0x0000000709200000, 0x0000000709400000| Complete 
|  65|0x0000000709400000, 0x0000000709600000, 0x0000000709600000|100%|HC|  |TAMS 0x0000000709400000, 0x0000000709600000| Complete 
|  66|0x0000000709600000, 0x0000000709800000, 0x0000000709800000|100%|HC|  |TAMS 0x0000000709600000, 0x0000000709800000| Complete 
|  67|0x0000000709800000, 0x0000000709a00000, 0x0000000709a00000|100%|HC|  |TAMS 0x0000000709800000, 0x0000000709a00000| Complete 
|  68|0x0000000709a00000, 0x0000000709bd5000, 0x0000000709c00000| 91%| O|  |TAMS 0x0000000709a00000, 0x0000000709bd4600| Untracked 
|  69|0x0000000709c00000, 0x0000000709c00000, 0x0000000709e00000|  0%| F|  |TAMS 0x0000000709c00000, 0x0000000709c00000| Untracked 
|  70|0x0000000709e00000, 0x0000000709e00000, 0x000000070a000000|  0%| F|  |TAMS 0x0000000709e00000, 0x0000000709e00000| Untracked 
|  71|0x000000070a000000, 0x000000070a000000, 0x000000070a200000|  0%| F|  |TAMS 0x000000070a000000, 0x000000070a000000| Untracked 
|  72|0x000000070a200000, 0x000000070a200000, 0x000000070a400000|  0%| F|  |TAMS 0x000000070a200000, 0x000000070a200000| Untracked 
|  73|0x000000070a400000, 0x000000070a400000, 0x000000070a600000|  0%| F|  |TAMS 0x000000070a400000, 0x000000070a400000| Untracked 
|  74|0x000000070a600000, 0x000000070a600000, 0x000000070a800000|  0%| F|  |TAMS 0x000000070a600000, 0x000000070a600000| Untracked 
|  75|0x000000070a800000, 0x000000070a800000, 0x000000070aa00000|  0%| F|  |TAMS 0x000000070a800000, 0x000000070a800000| Untracked 
|  76|0x000000070aa00000, 0x000000070aa00000, 0x000000070ac00000|  0%| F|  |TAMS 0x000000070aa00000, 0x000000070aa00000| Untracked 
|  77|0x000000070ac00000, 0x000000070ac00000, 0x000000070ae00000|  0%| F|  |TAMS 0x000000070ac00000, 0x000000070ac00000| Untracked 
|  78|0x000000070ae00000, 0x000000070ae00000, 0x000000070b000000|  0%| F|  |TAMS 0x000000070ae00000, 0x000000070ae00000| Untracked 
|  79|0x000000070b000000, 0x000000070b000000, 0x000000070b200000|  0%| F|  |TAMS 0x000000070b000000, 0x000000070b000000| Untracked 
|  80|0x000000070b200000, 0x000000070b200000, 0x000000070b400000|  0%| F|  |TAMS 0x000000070b200000, 0x000000070b200000| Untracked 
|  81|0x000000070b400000, 0x000000070b400000, 0x000000070b600000|  0%| F|  |TAMS 0x000000070b400000, 0x000000070b400000| Untracked 
|  82|0x000000070b600000, 0x000000070b600000, 0x000000070b800000|  0%| F|  |TAMS 0x000000070b600000, 0x000000070b600000| Untracked 
|  83|0x000000070b800000, 0x000000070b800000, 0x000000070ba00000|  0%| F|  |TAMS 0x000000070b800000, 0x000000070b800000| Untracked 
|  84|0x000000070ba00000, 0x000000070ba00000, 0x000000070bc00000|  0%| F|  |TAMS 0x000000070ba00000, 0x000000070ba00000| Untracked 
|  85|0x000000070bc00000, 0x000000070bc00000, 0x000000070be00000|  0%| F|  |TAMS 0x000000070bc00000, 0x000000070bc00000| Untracked 
|  86|0x000000070be00000, 0x000000070be00000, 0x000000070c000000|  0%| F|  |TAMS 0x000000070be00000, 0x000000070be00000| Untracked 
|  87|0x000000070c000000, 0x000000070c000000, 0x000000070c200000|  0%| F|  |TAMS 0x000000070c000000, 0x000000070c000000| Untracked 
|  88|0x000000070c200000, 0x000000070c200000, 0x000000070c400000|  0%| F|  |TAMS 0x000000070c200000, 0x000000070c200000| Untracked 
|  89|0x000000070c400000, 0x000000070c400000, 0x000000070c600000|  0%| F|  |TAMS 0x000000070c400000, 0x000000070c400000| Untracked 
|  90|0x000000070c600000, 0x000000070c600000, 0x000000070c800000|  0%| F|  |TAMS 0x000000070c600000, 0x000000070c600000| Untracked 
|  91|0x000000070c800000, 0x000000070c800000, 0x000000070ca00000|  0%| F|  |TAMS 0x000000070c800000, 0x000000070c800000| Untracked 
|  92|0x000000070ca00000, 0x000000070ca00000, 0x000000070cc00000|  0%| F|  |TAMS 0x000000070ca00000, 0x000000070ca00000| Untracked 
|  93|0x000000070cc00000, 0x000000070cc00000, 0x000000070ce00000|  0%| F|  |TAMS 0x000000070cc00000, 0x000000070cc00000| Untracked 
|  94|0x000000070ce00000, 0x000000070ce00000, 0x000000070d000000|  0%| F|  |TAMS 0x000000070ce00000, 0x000000070ce00000| Untracked 
|  95|0x000000070d000000, 0x000000070d000000, 0x000000070d200000|  0%| F|  |TAMS 0x000000070d000000, 0x000000070d000000| Untracked 
|  96|0x000000070d200000, 0x000000070d200000, 0x000000070d400000|  0%| F|  |TAMS 0x000000070d200000, 0x000000070d200000| Untracked 
|  97|0x000000070d400000, 0x000000070d400000, 0x000000070d600000|  0%| F|  |TAMS 0x000000070d400000, 0x000000070d400000| Untracked 
|  98|0x000000070d600000, 0x000000070d600000, 0x000000070d800000|  0%| F|  |TAMS 0x000000070d600000, 0x000000070d600000| Untracked 
|  99|0x000000070d800000, 0x000000070d800000, 0x000000070da00000|  0%| F|  |TAMS 0x000000070d800000, 0x000000070d800000| Untracked 
| 100|0x000000070da00000, 0x000000070da00000, 0x000000070dc00000|  0%| F|  |TAMS 0x000000070da00000, 0x000000070da00000| Untracked 
| 101|0x000000070dc00000, 0x000000070dc00000, 0x000000070de00000|  0%| F|  |TAMS 0x000000070dc00000, 0x000000070dc00000| Untracked 
| 102|0x000000070de00000, 0x000000070de00000, 0x000000070e000000|  0%| F|  |TAMS 0x000000070de00000, 0x000000070de00000| Untracked 
| 103|0x000000070e000000, 0x000000070e000000, 0x000000070e200000|  0%| F|  |TAMS 0x000000070e000000, 0x000000070e000000| Untracked 
| 104|0x000000070e200000, 0x000000070e200000, 0x000000070e400000|  0%| F|  |TAMS 0x000000070e200000, 0x000000070e200000| Untracked 
| 105|0x000000070e400000, 0x000000070e400000, 0x000000070e600000|  0%| F|  |TAMS 0x000000070e400000, 0x000000070e400000| Untracked 
| 106|0x000000070e600000, 0x000000070e600000, 0x000000070e800000|  0%| F|  |TAMS 0x000000070e600000, 0x000000070e600000| Untracked 
| 107|0x000000070e800000, 0x000000070e800000, 0x000000070ea00000|  0%| F|  |TAMS 0x000000070e800000, 0x000000070e800000| Untracked 
| 108|0x000000070ea00000, 0x000000070ea00000, 0x000000070ec00000|  0%| F|  |TAMS 0x000000070ea00000, 0x000000070ea00000| Untracked 
| 109|0x000000070ec00000, 0x000000070ec00000, 0x000000070ee00000|  0%| F|  |TAMS 0x000000070ec00000, 0x000000070ec00000| Untracked 
| 110|0x000000070ee00000, 0x000000070ee00000, 0x000000070f000000|  0%| F|  |TAMS 0x000000070ee00000, 0x000000070ee00000| Untracked 
| 111|0x000000070f000000, 0x000000070f000000, 0x000000070f200000|  0%| F|  |TAMS 0x000000070f000000, 0x000000070f000000| Untracked 
| 112|0x000000070f200000, 0x000000070f200000, 0x000000070f400000|  0%| F|  |TAMS 0x000000070f200000, 0x000000070f200000| Untracked 
| 113|0x000000070f400000, 0x000000070f400000, 0x000000070f600000|  0%| F|  |TAMS 0x000000070f400000, 0x000000070f400000| Untracked 
| 114|0x000000070f600000, 0x000000070f600000, 0x000000070f800000|  0%| F|  |TAMS 0x000000070f600000, 0x000000070f600000| Untracked 
| 115|0x000000070f800000, 0x000000070f800000, 0x000000070fa00000|  0%| F|  |TAMS 0x000000070f800000, 0x000000070f800000| Untracked 
| 116|0x000000070fa00000, 0x000000070fa00000, 0x000000070fc00000|  0%| F|  |TAMS 0x000000070fa00000, 0x000000070fa00000| Untracked 
| 117|0x000000070fc00000, 0x000000070fc00000, 0x000000070fe00000|  0%| F|  |TAMS 0x000000070fc00000, 0x000000070fc00000| Untracked 
| 118|0x000000070fe00000, 0x000000070fe00000, 0x0000000710000000|  0%| F|  |TAMS 0x000000070fe00000, 0x000000070fe00000| Untracked 
| 119|0x0000000710000000, 0x0000000710000000, 0x0000000710200000|  0%| F|  |TAMS 0x0000000710000000, 0x0000000710000000| Untracked 
| 120|0x0000000710200000, 0x0000000710200000, 0x0000000710400000|  0%| F|  |TAMS 0x0000000710200000, 0x0000000710200000| Untracked 
| 121|0x0000000710400000, 0x0000000710400000, 0x0000000710600000|  0%| F|  |TAMS 0x0000000710400000, 0x0000000710400000| Untracked 
| 122|0x0000000710600000, 0x0000000710600000, 0x0000000710800000|  0%| F|  |TAMS 0x0000000710600000, 0x0000000710600000| Untracked 
| 123|0x0000000710800000, 0x0000000710800000, 0x0000000710a00000|  0%| F|  |TAMS 0x0000000710800000, 0x0000000710800000| Untracked 
| 124|0x0000000710a00000, 0x0000000710a00000, 0x0000000710c00000|  0%| F|  |TAMS 0x0000000710a00000, 0x0000000710a00000| Untracked 
| 125|0x0000000710c00000, 0x0000000710c00000, 0x0000000710e00000|  0%| F|  |TAMS 0x0000000710c00000, 0x0000000710c00000| Untracked 
| 126|0x0000000710e00000, 0x0000000710e00000, 0x0000000711000000|  0%| F|  |TAMS 0x0000000710e00000, 0x0000000710e00000| Untracked 
| 127|0x0000000711000000, 0x0000000711000000, 0x0000000711200000|  0%| F|  |TAMS 0x0000000711000000, 0x0000000711000000| Untracked 
| 128|0x0000000711200000, 0x0000000711200000, 0x0000000711400000|  0%| F|  |TAMS 0x0000000711200000, 0x0000000711200000| Untracked 
| 129|0x0000000711400000, 0x0000000711400000, 0x0000000711600000|  0%| F|  |TAMS 0x0000000711400000, 0x0000000711400000| Untracked 
| 130|0x0000000711600000, 0x0000000711600000, 0x0000000711800000|  0%| F|  |TAMS 0x0000000711600000, 0x0000000711600000| Untracked 
| 131|0x0000000711800000, 0x0000000711800000, 0x0000000711a00000|  0%| F|  |TAMS 0x0000000711800000, 0x0000000711800000| Untracked 
| 132|0x0000000711a00000, 0x0000000711a00000, 0x0000000711c00000|  0%| F|  |TAMS 0x0000000711a00000, 0x0000000711a00000| Untracked 
| 133|0x0000000711c00000, 0x0000000711c00000, 0x0000000711e00000|  0%| F|  |TAMS 0x0000000711c00000, 0x0000000711c00000| Untracked 
| 134|0x0000000711e00000, 0x0000000711e00000, 0x0000000712000000|  0%| F|  |TAMS 0x0000000711e00000, 0x0000000711e00000| Untracked 
| 135|0x0000000712000000, 0x0000000712000000, 0x0000000712200000|  0%| F|  |TAMS 0x0000000712000000, 0x0000000712000000| Untracked 
| 136|0x0000000712200000, 0x0000000712200000, 0x0000000712400000|  0%| F|  |TAMS 0x0000000712200000, 0x0000000712200000| Untracked 
| 137|0x0000000712400000, 0x0000000712400000, 0x0000000712600000|  0%| F|  |TAMS 0x0000000712400000, 0x0000000712400000| Untracked 
| 138|0x0000000712600000, 0x0000000712600000, 0x0000000712800000|  0%| F|  |TAMS 0x0000000712600000, 0x0000000712600000| Untracked 
| 139|0x0000000712800000, 0x0000000712800000, 0x0000000712a00000|  0%| F|  |TAMS 0x0000000712800000, 0x0000000712800000| Untracked 
| 140|0x0000000712a00000, 0x0000000712a03130, 0x0000000712c00000|  0%| S|CS|TAMS 0x0000000712a00000, 0x0000000712a00000| Complete 
| 141|0x0000000712c00000, 0x0000000712c00000, 0x0000000712e00000|  0%| F|  |TAMS 0x0000000712c00000, 0x0000000712c00000| Untracked 
| 142|0x0000000712e00000, 0x0000000712e00000, 0x0000000713000000|  0%| F|  |TAMS 0x0000000712e00000, 0x0000000712e00000| Untracked 
| 143|0x0000000713000000, 0x0000000713000000, 0x0000000713200000|  0%| F|  |TAMS 0x0000000713000000, 0x0000000713000000| Untracked 
| 144|0x0000000713200000, 0x0000000713200000, 0x0000000713400000|  0%| F|  |TAMS 0x0000000713200000, 0x0000000713200000| Untracked 
| 145|0x0000000713400000, 0x0000000713400000, 0x0000000713600000|  0%| F|  |TAMS 0x0000000713400000, 0x0000000713400000| Untracked 
| 146|0x0000000713600000, 0x0000000713600000, 0x0000000713800000|  0%| F|  |TAMS 0x0000000713600000, 0x0000000713600000| Untracked 
| 147|0x0000000713800000, 0x0000000713800000, 0x0000000713a00000|  0%| F|  |TAMS 0x0000000713800000, 0x0000000713800000| Untracked 
| 148|0x0000000713a00000, 0x0000000713ac55b8, 0x0000000713c00000| 38%| E|  |TAMS 0x0000000713a00000, 0x0000000713a00000| Complete 
| 149|0x0000000713c00000, 0x0000000713e00000, 0x0000000713e00000|100%| E|CS|TAMS 0x0000000713c00000, 0x0000000713c00000| Complete 
| 150|0x0000000713e00000, 0x0000000714000000, 0x0000000714000000|100%| E|CS|TAMS 0x0000000713e00000, 0x0000000713e00000| Complete 
| 151|0x0000000714000000, 0x0000000714200000, 0x0000000714200000|100%| E|CS|TAMS 0x0000000714000000, 0x0000000714000000| Complete 
| 152|0x0000000714200000, 0x0000000714400000, 0x0000000714400000|100%| E|CS|TAMS 0x0000000714200000, 0x0000000714200000| Complete 
| 153|0x0000000714400000, 0x0000000714600000, 0x0000000714600000|100%| E|CS|TAMS 0x0000000714400000, 0x0000000714400000| Complete 

Card table byte_map: [0x000001a7d8640000,0x000001a7d8e40000] _byte_map_base: 0x000001a7d4e37000

Marking Bits (Prev, Next): (CMBitMap*) 0x000001a7c56ddf00, (CMBitMap*) 0x000001a7c56ddf40
 Prev Bits: [0x000001a7d9640000, 0x000001a7dd5f8000)
 Next Bits: [0x000001a7dd600000, 0x000001a7e15b8000)

Polling page: 0x000001a7c3630000

Metaspace:

Usage:
  Non-class:     11.98 MB used.
      Class:      1.31 MB used.
       Both:     13.29 MB used.

Virtual space:
  Non-class space:       16.00 MB reserved,      12.06 MB ( 75%) committed,  2 nodes.
      Class space:        1.00 GB reserved,       1.44 MB ( <1%) committed,  1 nodes.
             Both:        1.02 GB reserved,      13.50 MB (  1%) committed. 

Chunk freelists:
   Non-Class:  3.00 MB
       Class:  2.61 MB
        Both:  5.62 MB

MaxMetaspaceSize: unlimited
CompressedClassSpaceSize: 1.00 GB
Initial GC threshold: 21.00 MB
Current GC threshold: 21.00 MB
CDS: off
MetaspaceReclaimPolicy: balanced
 - commit_granule_bytes: 65536.
 - commit_granule_words: 8192.
 - virtual_space_node_default_size: 1048576.
 - enlarge_chunks_in_place: 1.
 - new_chunks_are_fully_committed: 0.
 - uncommit_free_chunks: 1.
 - use_allocation_guard: 0.
 - handle_deallocations: 1.


Internal statistics:

num_allocs_failed_limit: 0.
num_arena_births: 108.
num_arena_deaths: 0.
num_vsnodes_births: 3.
num_vsnodes_deaths: 0.
num_space_committed: 216.
num_space_uncommitted: 0.
num_chunks_returned_to_freelist: 0.
num_chunks_taken_from_freelist: 186.
num_chunk_merges: 0.
num_chunk_splits: 94.
num_chunks_enlarged: 33.
num_purges: 0.
num_inconsistent_stats: 0.

CodeHeap 'non-profiled nmethods': size=120000Kb used=547Kb max_used=547Kb free=119452Kb
 bounds [0x000001a7d0800000, 0x000001a7d0a70000, 0x000001a7d7d30000]
CodeHeap 'profiled nmethods': size=120000Kb used=1973Kb max_used=1973Kb free=118026Kb
 bounds [0x000001a7c92d0000, 0x000001a7c9540000, 0x000001a7d0800000]
CodeHeap 'non-nmethods': size=5760Kb used=1256Kb max_used=1332Kb free=4503Kb
 bounds [0x000001a7c8d30000, 0x000001a7c8fa0000, 0x000001a7c92d0000]
 total_blobs=1652 nmethods=1074 adapters=491
 compilation: enabled
              stopped_count=0, restarted_count=0
 full_count=0

Compilation events (20 events):
Event: 559.863 Thread 0x000001a7e4897e20 1066       4       java.util.ArrayList::toArray (57 bytes)
Event: 559.866 Thread 0x000001a7e4897e20 nmethod 1066 0x000001a7d0884990 code [0x000001a7d0884b20, 0x000001a7d08851b8]
Event: 566.857 Thread 0x000001a7e4897e20 1067       4       sun.java2d.StateTrackableDelegate$1::isCurrent (17 bytes)
Event: 566.857 Thread 0x000001a7e4897e20 nmethod 1067 0x000001a7d0885390 code [0x000001a7d0885500, 0x000001a7d0885598]
Event: 577.435 Thread 0x000001a7e4897e20 1068       4       sun.java2d.d3d.D3DSurfaceData$D3DWindowSurfaceData::isDirty (18 bytes)
Event: 577.435 Thread 0x000001a7e4897e20 nmethod 1068 0x000001a7d0885690 code [0x000001a7d0885820, 0x000001a7d0885918]
Event: 3311.748 Thread 0x000001a7e48988c0 1069 % !   3       sun.java2d.d3d.D3DScreenUpdateManager::run @ 0 (267 bytes)
Event: 3311.756 Thread 0x000001a7e48988c0 nmethod 1069% 0x000001a7c94b5090 code [0x000001a7c94b54e0, 0x000001a7c94b7d08]
Event: 3368.015 Thread 0x000001a7e48988c0 1070   !   3       sun.java2d.d3d.D3DScreenUpdateManager::run (267 bytes)
Event: 3368.016 Thread 0x000001a7e48988c0 nmethod 1070 0x000001a7c94b8d10 code [0x000001a7c94b9160, 0x000001a7c94bb908]
Event: 4562.798 Thread 0x000001a7e48988c0 1071   !   3       jdk.internal.ref.PhantomCleanable::isListEmpty (34 bytes)
Event: 4562.799 Thread 0x000001a7e48988c0 nmethod 1071 0x000001a7c94bc890 code [0x000001a7c94bca20, 0x000001a7c94bcc78]
Event: 4562.799 Thread 0x000001a7e48988c0 1072       3       jdk.internal.misc.InnocuousThread::eraseThreadLocals (23 bytes)
Event: 4562.799 Thread 0x000001a7e48988c0 nmethod 1072 0x000001a7c94bcd90 code [0x000001a7c94bcf20, 0x000001a7c94bd118]
Event: 5567.552 Thread 0x000001a7e4897e20 1073 % !   4       sun.java2d.d3d.D3DScreenUpdateManager::run @ 0 (267 bytes)
Event: 5567.562 Thread 0x000001a7e4897e20 nmethod 1073% 0x000001a7d0885a10 code [0x000001a7d0885c00, 0x000001a7d0886b98]
Event: 6075.144 Thread 0x000001a7e4897e20 1074 % !   4       sun.java2d.d3d.D3DScreenUpdateManager::run @ 105 (267 bytes)
Event: 6075.156 Thread 0x000001a7e4897e20 nmethod 1074% 0x000001a7d0887390 code [0x000001a7d0887580, 0x000001a7d08887b8]
Event: 15464.490 Thread 0x000001a7e48988c0 1075       3       java.util.concurrent.locks.AbstractQueuedSynchronizer$Node::getAndUnsetStatus (14 bytes)
Event: 15464.491 Thread 0x000001a7e48988c0 nmethod 1075 0x000001a7c94bd190 code [0x000001a7c94bd340, 0x000001a7c94bd608]

GC Heap History (20 events):
Event: 5.720 GC heap before
{Heap before GC invocations=15 (full 0):
 garbage-first heap   total 315392K, used 175839K [0x0000000701200000, 0x0000000800000000)
  region size 2048K, 19 young (38912K), 1 survivors (2048K)
 Metaspace       used 13424K, committed 13696K, reserved 1064960K
  class space    used 1340K, committed 1472K, reserved 1048576K
}
Event: 5.721 GC heap after
{Heap after GC invocations=16 (full 0):
 garbage-first heap   total 315392K, used 42849K [0x0000000701200000, 0x0000000800000000)
  region size 2048K, 1 young (2048K), 1 survivors (2048K)
 Metaspace       used 13424K, committed 13696K, reserved 1064960K
  class space    used 1340K, committed 1472K, reserved 1048576K
}
Event: 5.848 GC heap before
{Heap before GC invocations=16 (full 0):
 garbage-first heap   total 315392K, used 173921K [0x0000000701200000, 0x0000000800000000)
  region size 2048K, 18 young (36864K), 1 survivors (2048K)
 Metaspace       used 13430K, committed 13696K, reserved 1064960K
  class space    used 1340K, committed 1472K, reserved 1048576K
}
Event: 5.849 GC heap after
{Heap after GC invocations=17 (full 0):
 garbage-first heap   total 315392K, used 42837K [0x0000000701200000, 0x0000000800000000)
  region size 2048K, 1 young (2048K), 1 survivors (2048K)
 Metaspace       used 13430K, committed 13696K, reserved 1064960K
  class space    used 1340K, committed 1472K, reserved 1048576K
}
Event: 5.985 GC heap before
{Heap before GC invocations=17 (full 0):
 garbage-first heap   total 315392K, used 173909K [0x0000000701200000, 0x0000000800000000)
  region size 2048K, 18 young (36864K), 1 survivors (2048K)
 Metaspace       used 13443K, committed 13696K, reserved 1064960K
  class space    used 1340K, committed 1472K, reserved 1048576K
}
Event: 5.986 GC heap after
{Heap after GC invocations=18 (full 0):
 garbage-first heap   total 315392K, used 42820K [0x0000000701200000, 0x0000000800000000)
  region size 2048K, 1 young (2048K), 1 survivors (2048K)
 Metaspace       used 13443K, committed 13696K, reserved 1064960K
  class space    used 1340K, committed 1472K, reserved 1048576K
}
Event: 6.110 GC heap before
{Heap before GC invocations=18 (full 0):
 garbage-first heap   total 315392K, used 155460K [0x0000000701200000, 0x0000000800000000)
  region size 2048K, 9 young (18432K), 1 survivors (2048K)
 Metaspace       used 13445K, committed 13696K, reserved 1064960K
  class space    used 1340K, committed 1472K, reserved 1048576K
}
Event: 6.110 GC heap after
{Heap after GC invocations=19 (full 0):
 garbage-first heap   total 315392K, used 42817K [0x0000000701200000, 0x0000000800000000)
  region size 2048K, 1 young (2048K), 1 survivors (2048K)
 Metaspace       used 13445K, committed 13696K, reserved 1064960K
  class space    used 1340K, committed 1472K, reserved 1048576K
}
Event: 6.303 GC heap before
{Heap before GC invocations=19 (full 0):
 garbage-first heap   total 315392K, used 141121K [0x0000000701200000, 0x0000000800000000)
  region size 2048K, 2 young (4096K), 1 survivors (2048K)
 Metaspace       used 13461K, committed 13696K, reserved 1064960K
  class space    used 1340K, committed 1472K, reserved 1048576K
}
Event: 6.304 GC heap after
{Heap after GC invocations=20 (full 0):
 garbage-first heap   total 315392K, used 42825K [0x0000000701200000, 0x0000000800000000)
  region size 2048K, 1 young (2048K), 1 survivors (2048K)
 Metaspace       used 13461K, committed 13696K, reserved 1064960K
  class space    used 1340K, committed 1472K, reserved 1048576K
}
Event: 6.910 GC heap before
{Heap before GC invocations=20 (full 0):
 garbage-first heap   total 315392K, used 143177K [0x0000000701200000, 0x0000000800000000)
  region size 2048K, 3 young (6144K), 1 survivors (2048K)
 Metaspace       used 13481K, committed 13760K, reserved 1064960K
  class space    used 1340K, committed 1472K, reserved 1048576K
}
Event: 6.910 GC heap after
{Heap after GC invocations=21 (full 0):
 garbage-first heap   total 315392K, used 42832K [0x0000000701200000, 0x0000000800000000)
  region size 2048K, 1 young (2048K), 1 survivors (2048K)
 Metaspace       used 13481K, committed 13760K, reserved 1064960K
  class space    used 1340K, committed 1472K, reserved 1048576K
}
Event: 7.036 GC heap before
{Heap before GC invocations=21 (full 0):
 garbage-first heap   total 315392K, used 165712K [0x0000000701200000, 0x0000000800000000)
  region size 2048K, 14 young (28672K), 1 survivors (2048K)
 Metaspace       used 13486K, committed 13760K, reserved 1064960K
  class space    used 1340K, committed 1472K, reserved 1048576K
}
Event: 7.036 GC heap after
{Heap after GC invocations=22 (full 0):
 garbage-first heap   total 315392K, used 42834K [0x0000000701200000, 0x0000000800000000)
  region size 2048K, 1 young (2048K), 1 survivors (2048K)
 Metaspace       used 13486K, committed 13760K, reserved 1064960K
  class space    used 1340K, committed 1472K, reserved 1048576K
}
Event: 7.178 GC heap before
{Heap before GC invocations=22 (full 0):
 garbage-first heap   total 315392K, used 175954K [0x0000000701200000, 0x0000000800000000)
  region size 2048K, 19 young (38912K), 1 survivors (2048K)
 Metaspace       used 13493K, committed 13760K, reserved 1064960K
  class space    used 1340K, committed 1472K, reserved 1048576K
}
Event: 7.178 GC heap after
{Heap after GC invocations=23 (full 0):
 garbage-first heap   total 315392K, used 42845K [0x0000000701200000, 0x0000000800000000)
  region size 2048K, 1 young (2048K), 1 survivors (2048K)
 Metaspace       used 13493K, committed 13760K, reserved 1064960K
  class space    used 1340K, committed 1472K, reserved 1048576K
}
Event: 7.305 GC heap before
{Heap before GC invocations=23 (full 0):
 garbage-first heap   total 315392K, used 178013K [0x0000000701200000, 0x0000000800000000)
  region size 2048K, 20 young (40960K), 1 survivors (2048K)
 Metaspace       used 13502K, committed 13760K, reserved 1064960K
  class space    used 1340K, committed 1472K, reserved 1048576K
}
Event: 7.306 GC heap after
{Heap after GC invocations=24 (full 0):
 garbage-first heap   total 315392K, used 42849K [0x0000000701200000, 0x0000000800000000)
  region size 2048K, 1 young (2048K), 1 survivors (2048K)
 Metaspace       used 13502K, committed 13760K, reserved 1064960K
  class space    used 1340K, committed 1472K, reserved 1048576K
}
Event: 7.430 GC heap before
{Heap before GC invocations=24 (full 0):
 garbage-first heap   total 315392K, used 165729K [0x0000000701200000, 0x0000000800000000)
  region size 2048K, 14 young (28672K), 1 survivors (2048K)
 Metaspace       used 13508K, committed 13760K, reserved 1064960K
  class space    used 1340K, committed 1472K, reserved 1048576K
}
Event: 7.430 GC heap after
{Heap after GC invocations=25 (full 0):
 garbage-first heap   total 315392K, used 42848K [0x0000000701200000, 0x0000000800000000)
  region size 2048K, 1 young (2048K), 1 survivors (2048K)
 Metaspace       used 13508K, committed 13760K, reserved 1064960K
  class space    used 1340K, committed 1472K, reserved 1048576K
}

Dll operation events (7 events):
Event: 0.008 Loaded shared library C:\Users\Bogdan\.p2\pool\plugins\org.eclipse.justj.openjdk.hotspot.jre.full.win32.x86_64_17.0.5.v20221102-0933\jre\bin\java.dll
Event: 0.112 Loaded shared library C:\Users\Bogdan\.p2\pool\plugins\org.eclipse.justj.openjdk.hotspot.jre.full.win32.x86_64_17.0.5.v20221102-0933\jre\bin\net.dll
Event: 0.114 Loaded shared library C:\Users\Bogdan\.p2\pool\plugins\org.eclipse.justj.openjdk.hotspot.jre.full.win32.x86_64_17.0.5.v20221102-0933\jre\bin\nio.dll
Event: 0.165 Loaded shared library C:\Users\Bogdan\.p2\pool\plugins\org.eclipse.justj.openjdk.hotspot.jre.full.win32.x86_64_17.0.5.v20221102-0933\jre\bin\jimage.dll
Event: 0.180 Loaded shared library C:\Users\Bogdan\.p2\pool\plugins\org.eclipse.justj.openjdk.hotspot.jre.full.win32.x86_64_17.0.5.v20221102-0933\jre\bin\awt.dll
Event: 0.513 Loaded shared library C:\Users\Bogdan\.p2\pool\plugins\org.eclipse.justj.openjdk.hotspot.jre.full.win32.x86_64_17.0.5.v20221102-0933\jre\bin\freetype.dll
Event: 0.514 Loaded shared library C:\Users\Bogdan\.p2\pool\plugins\org.eclipse.justj.openjdk.hotspot.jre.full.win32.x86_64_17.0.5.v20221102-0933\jre\bin\fontmanager.dll

Deoptimization events (20 events):
Event: 1.553 Thread 0x000001a7e5191ea0 Uncommon trap: trap_request=0xffffff45 fr.pc=0x000001a7d082a5fc relative=0x000000000000041c
Event: 1.553 Thread 0x000001a7e5191ea0 Uncommon trap: reason=unstable_if action=reinterpret pc=0x000001a7d082a5fc method=newproject.main$1.paintComponent(Ljava/awt/Graphics;)V @ 258 c2
Event: 1.553 Thread 0x000001a7e5191ea0 DEOPT PACKING pc=0x000001a7d082a5fc sp=0x00000076163fe370
Event: 1.553 Thread 0x000001a7e5191ea0 DEOPT UNPACKING pc=0x000001a7c8d823a3 sp=0x00000076163fe118 mode 2
Event: 1.601 Thread 0x000001a7e5191ea0 DEOPT PACKING pc=0x000001a7c93ec3c7 sp=0x00000076163fe010
Event: 1.601 Thread 0x000001a7e5191ea0 DEOPT UNPACKING pc=0x000001a7c8d82b43 sp=0x00000076163fd608 mode 0
Event: 387.231 Thread 0x000001a7e4a61a20 Uncommon trap: trap_request=0xffffffcc fr.pc=0x000001a7d0883488 relative=0x0000000000000368
Event: 387.231 Thread 0x000001a7e4a61a20 Uncommon trap: reason=intrinsic_or_type_checked_inlining action=make_not_entrant pc=0x000001a7d0883488 method=java.util.Arrays.copyOf([Ljava/lang/Object;ILjava/lang/Class;)[Ljava/lang/Object; @ 35 c2
Event: 387.231 Thread 0x000001a7e4a61a20 DEOPT PACKING pc=0x000001a7d0883488 sp=0x00000076164ff190
Event: 387.231 Thread 0x000001a7e4a61a20 DEOPT UNPACKING pc=0x000001a7c8d823a3 sp=0x00000076164ff120 mode 2
Event: 545.837 Thread 0x000001a7e4a61a20 Uncommon trap: trap_request=0xffffffdc fr.pc=0x000001a7d0884458 relative=0x00000000000001b8
Event: 545.837 Thread 0x000001a7e4a61a20 Uncommon trap: reason=class_check action=make_not_entrant pc=0x000001a7d0884458 method=java.util.ArrayList.toArray([Ljava/lang/Object;)[Ljava/lang/Object; @ 21 c2
Event: 545.837 Thread 0x000001a7e4a61a20 DEOPT PACKING pc=0x000001a7d0884458 sp=0x00000076164ff1f0
Event: 545.837 Thread 0x000001a7e4a61a20 DEOPT UNPACKING pc=0x000001a7c8d823a3 sp=0x00000076164ff1b0 mode 2
Event: 6018.655 Thread 0x000001a7e4a61a20 DEOPT PACKING pc=0x000001a7c94b7a7f sp=0x00000076164ff1b0
Event: 6018.655 Thread 0x000001a7e4a61a20 DEOPT UNPACKING pc=0x000001a7c8d82b43 sp=0x00000076164fe740 mode 0
Event: 15463.481 Thread 0x000001a7e4a61a20 Uncommon trap: trap_request=0xffffff45 fr.pc=0x000001a7d08881c8 relative=0x0000000000000c48
Event: 15463.481 Thread 0x000001a7e4a61a20 Uncommon trap: reason=unstable_if action=reinterpret pc=0x000001a7d08881c8 method=sun.java2d.d3d.D3DSurfaceData$D3DWindowSurfaceData.isDirty()Z @ 9 c2
Event: 15463.481 Thread 0x000001a7e4a61a20 DEOPT PACKING pc=0x000001a7d08881c8 sp=0x00000076164ff2a0
Event: 15463.481 Thread 0x000001a7e4a61a20 DEOPT UNPACKING pc=0x000001a7c8d823a3 sp=0x00000076164ff1e8 mode 2

Classes unloaded (0 events):
No events

Classes redefined (0 events):
No events

Internal exceptions (14 events):
Event: 0.125 Thread 0x000001a7c56719c0 Exception <a 'java/lang/NoSuchMethodError'{0x0000000711112bc8}: 'void java.lang.invoke.DirectMethodHandle$Holder.invokeVirtual(java.lang.Object, java.lang.Object)'> (0x0000000711112bc8) 
thrown [s\src\hotspot\share\interpreter\linkResolver.cpp, line 759]
Event: 0.168 Thread 0x000001a7c56719c0 Exception <a 'sun/nio/fs/WindowsException'{0x0000000710e2c058}> (0x0000000710e2c058) 
thrown [s\src\hotspot\share\prims\jni.cpp, line 516]
Event: 0.172 Thread 0x000001a7c56719c0 Exception <a 'java/lang/ClassNotFoundException'{0x0000000710e321e8}: sun/awt/resources/spi/awtProvider> (0x0000000710e321e8) 
thrown [s\src\hotspot\share\classfile\systemDictionary.cpp, line 256]
Event: 0.190 Thread 0x000001a7c56719c0 Exception <a 'java/io/FileNotFoundException'{0x0000000710e86620}> (0x0000000710e86620) 
thrown [s\src\hotspot\share\prims\jni.cpp, line 516]
Event: 0.195 Thread 0x000001a7c56719c0 Exception <a 'java/io/FileNotFoundException'{0x0000000710eb3690}> (0x0000000710eb3690) 
thrown [s\src\hotspot\share\prims\jni.cpp, line 516]
Event: 0.232 Thread 0x000001a7c56719c0 Exception <a 'java/lang/NoSuchMethodError'{0x0000000710ef01e0}: 'java.lang.Object java.lang.invoke.DirectMethodHandle$Holder.invokeStaticInit(java.lang.Object)'> (0x0000000710ef01e0) 
thrown [s\src\hotspot\share\interpreter\linkResolver.cpp, line 759]
Event: 0.428 Thread 0x000001a7c56719c0 Exception <a 'java/lang/NoSuchMethodError'{0x0000000710fa0ce8}: 'void java.lang.invoke.DirectMethodHandle$Holder.invokeSpecial(java.lang.Object, java.lang.Object, java.lang.Object)'> (0x0000000710fa0ce8) 
thrown [s\src\hotspot\share\interpreter\linkResolver.cpp, line 759]
Event: 0.436 Thread 0x000001a7c56719c0 Exception <a 'java/lang/NoSuchMethodError'{0x0000000710fcab60}: 'java.lang.Object java.lang.invoke.DirectMethodHandle$Holder.newInvokeSpecial(java.lang.Object, java.lang.Object, java.lang.Object, java.lang.Object, java.lang.Object)'> (0x0000000710fcab60) 
thrown [s\src\hotspot\share\interpreter\linkResolver.cpp, line 759]
Event: 0.437 Thread 0x000001a7c56719c0 Exception <a 'java/lang/NoSuchMethodError'{0x0000000710fd6528}: 'java.lang.Object java.lang.invoke.DirectMethodHandle$Holder.invokeStatic(java.lang.Object, int, java.lang.Object, java.lang.Object, java.lang.Object, java.lang.Object)'> (0x0000000710fd6528) 
thrown [s\src\hotspot\share\interpreter\linkResolver.cpp, line 759]
Event: 0.441 Thread 0x000001a7c56719c0 Exception <a 'java/lang/NoSuchMethodError'{0x0000000710ffbce8}: 'java.lang.Object java.lang.invoke.DirectMethodHandle$Holder.invokeStatic(java.lang.Object, int, java.lang.Object)'> (0x0000000710ffbce8) 
thrown [s\src\hotspot\share\interpreter\linkResolver.cpp, line 759]
Event: 0.462 Thread 0x000001a7c56719c0 Exception <a 'java/lang/ClassNotFoundException'{0x0000000710cb4030}: com/sun/swing/internal/plaf/metal/resources/spi/metalProvider> (0x0000000710cb4030) 
thrown [s\src\hotspot\share\classfile\systemDictionary.cpp, line 256]
Event: 0.463 Thread 0x000001a7c56719c0 Exception <a 'java/lang/ClassNotFoundException'{0x0000000710cb7c00}: com/sun/swing/internal/plaf/basic/resources/spi/basicProvider> (0x0000000710cb7c00) 
thrown [s\src\hotspot\share\classfile\systemDictionary.cpp, line 256]
Event: 0.508 Thread 0x000001a7c56719c0 Exception <a 'java/lang/NoSuchMethodError'{0x0000000710d185a8}: 'void java.lang.invoke.DirectMethodHandle$Holder.invokeStaticInit(java.lang.Object)'> (0x0000000710d185a8) 
thrown [s\src\hotspot\share\interpreter\linkResolver.cpp, line 759]
Event: 0.540 Thread 0x000001a7c56719c0 Exception <a 'sun/nio/fs/WindowsException'{0x0000000710ddc6a0}> (0x0000000710ddc6a0) 
thrown [s\src\hotspot\share\prims\jni.cpp, line 516]

VM Operations (20 events):
Event: 6.110 Executing VM operation: G1TryInitiateConcMark
Event: 6.110 Executing VM operation: G1TryInitiateConcMark done
Event: 6.303 Executing VM operation: G1TryInitiateConcMark
Event: 6.304 Executing VM operation: G1TryInitiateConcMark done
Event: 6.910 Executing VM operation: G1TryInitiateConcMark
Event: 6.910 Executing VM operation: G1TryInitiateConcMark done
Event: 7.036 Executing VM operation: G1TryInitiateConcMark
Event: 7.036 Executing VM operation: G1TryInitiateConcMark done
Event: 7.178 Executing VM operation: G1TryInitiateConcMark
Event: 7.178 Executing VM operation: G1TryInitiateConcMark done
Event: 7.305 Executing VM operation: G1TryInitiateConcMark
Event: 7.306 Executing VM operation: G1TryInitiateConcMark done
Event: 7.429 Executing VM operation: G1TryInitiateConcMark
Event: 7.430 Executing VM operation: G1TryInitiateConcMark done
Event: 8.434 Executing VM operation: Cleanup
Event: 8.434 Executing VM operation: Cleanup done
Event: 9.440 Executing VM operation: Cleanup
Event: 9.440 Executing VM operation: Cleanup done
Event: 567.745 Executing VM operation: Cleanup
Event: 567.745 Executing VM operation: Cleanup done

Events (20 events):
Event: 1.543 loading class javax/swing/JComponent$KeyboardState
Event: 1.543 loading class javax/swing/JComponent$KeyboardState done
Event: 1.543 loading class javax/swing/JComponent$IntVector
Event: 1.543 loading class javax/swing/JComponent$IntVector done
Event: 1.543 loading class javax/swing/JInternalFrame
Event: 1.544 loading class javax/swing/JInternalFrame done
Event: 1.544 loading class javax/swing/KeyboardManager
Event: 1.544 loading class javax/swing/KeyboardManager done
Event: 1.544 loading class javax/swing/Popup$HeavyWeightWindow
Event: 1.544 loading class sun/awt/ModalExclude
Event: 1.544 loading class sun/awt/ModalExclude done
Event: 1.544 loading class javax/swing/JWindow
Event: 1.544 loading class javax/swing/JWindow done
Event: 1.544 loading class javax/swing/Popup$HeavyWeightWindow done
Event: 7.782 loading class java/awt/LightweightDispatcher$2
Event: 7.782 loading class java/awt/LightweightDispatcher$2 done
Event: 8.447 loading class java/awt/KeyboardFocusManager$2
Event: 8.447 loading class java/awt/KeyboardFocusManager$2 done
Event: 8.447 loading class sun/awt/SunToolkit$1
Event: 8.447 loading class sun/awt/SunToolkit$1 done


Dynamic libraries:
0x00007ff67cf20000 - 0x00007ff67cf2e000 	C:\Users\Bogdan\.p2\pool\plugins\org.eclipse.justj.openjdk.hotspot.jre.full.win32.x86_64_17.0.5.v20221102-0933\jre\bin\javaw.exe
0x00007ff8a3690000 - 0x00007ff8a3888000 	C:\WINDOWS\SYSTEM32\ntdll.dll
0x00007ff8a2d70000 - 0x00007ff8a2e32000 	C:\WINDOWS\System32\KERNEL32.DLL
0x00007ff8a1190000 - 0x00007ff8a1486000 	C:\WINDOWS\System32\KERNELBASE.dll
0x00007ff8a0d20000 - 0x00007ff8a0e20000 	C:\WINDOWS\System32\ucrtbase.dll
0x00007ff89bd30000 - 0x00007ff89bd47000 	C:\Users\Bogdan\.p2\pool\plugins\org.eclipse.justj.openjdk.hotspot.jre.full.win32.x86_64_17.0.5.v20221102-0933\jre\bin\jli.dll
0x00007ff897dc0000 - 0x00007ff897dd9000 	C:\Users\Bogdan\.p2\pool\plugins\org.eclipse.justj.openjdk.hotspot.jre.full.win32.x86_64_17.0.5.v20221102-0933\jre\bin\VCRUNTIME140.dll
0x00007ff8a2350000 - 0x00007ff8a24ed000 	C:\WINDOWS\System32\USER32.dll
0x00007ff8a0e20000 - 0x00007ff8a0e42000 	C:\WINDOWS\System32\win32u.dll
0x00007ff892a40000 - 0x00007ff892cda000 	C:\WINDOWS\WinSxS\amd64_microsoft.windows.common-controls_6595b64144ccf1df_6.0.19041.4355_none_60b8b9eb71f62e16\COMCTL32.dll
0x00007ff8a2e40000 - 0x00007ff8a2e6b000 	C:\WINDOWS\System32\GDI32.dll
0x00007ff8a2030000 - 0x00007ff8a20ce000 	C:\WINDOWS\System32\msvcrt.dll
0x00007ff8a1560000 - 0x00007ff8a167a000 	C:\WINDOWS\System32\gdi32full.dll
0x00007ff8a10f0000 - 0x00007ff8a118d000 	C:\WINDOWS\System32\msvcp_win.dll
0x00007ff8a3430000 - 0x00007ff8a345f000 	C:\WINDOWS\System32\IMM32.DLL
0x00007ff89c280000 - 0x00007ff89c28c000 	C:\Users\Bogdan\.p2\pool\plugins\org.eclipse.justj.openjdk.hotspot.jre.full.win32.x86_64_17.0.5.v20221102-0933\jre\bin\vcruntime140_1.dll
0x00007ff877570000 - 0x00007ff877601000 	C:\Users\Bogdan\.p2\pool\plugins\org.eclipse.justj.openjdk.hotspot.jre.full.win32.x86_64_17.0.5.v20221102-0933\jre\bin\msvcp140.dll
0x00007ff81a910000 - 0x00007ff81b554000 	C:\Users\Bogdan\.p2\pool\plugins\org.eclipse.justj.openjdk.hotspot.jre.full.win32.x86_64_17.0.5.v20221102-0933\jre\bin\server\jvm.dll
0x00007ff8a2cc0000 - 0x00007ff8a2d6f000 	C:\WINDOWS\System32\ADVAPI32.dll
0x00007ff8a1af0000 - 0x00007ff8a1b8f000 	C:\WINDOWS\System32\sechost.dll
0x00007ff8a2fa0000 - 0x00007ff8a30c3000 	C:\WINDOWS\System32\RPCRT4.dll
0x00007ff8a1680000 - 0x00007ff8a16a7000 	C:\WINDOWS\System32\bcrypt.dll
0x00007ff89bdc0000 - 0x00007ff89bdc9000 	C:\WINDOWS\SYSTEM32\WSOCK32.dll
0x00007ff894fe0000 - 0x00007ff895007000 	C:\WINDOWS\SYSTEM32\WINMM.dll
0x00007ff8a2e70000 - 0x00007ff8a2edb000 	C:\WINDOWS\System32\WS2_32.dll
0x00007ff89a330000 - 0x00007ff89a33a000 	C:\WINDOWS\SYSTEM32\VERSION.dll
0x00007ff89eb80000 - 0x00007ff89eb92000 	C:\WINDOWS\SYSTEM32\kernel.appcore.dll
0x00007ff89bd20000 - 0x00007ff89bd2a000 	C:\Users\Bogdan\.p2\pool\plugins\org.eclipse.justj.openjdk.hotspot.jre.full.win32.x86_64_17.0.5.v20221102-0933\jre\bin\jimage.dll
0x00007ff88f6d0000 - 0x00007ff88f8b4000 	C:\WINDOWS\SYSTEM32\DBGHELP.DLL
0x00007ff881f30000 - 0x00007ff881f64000 	C:\WINDOWS\SYSTEM32\dbgcore.DLL
0x00007ff8a1060000 - 0x00007ff8a10e2000 	C:\WINDOWS\System32\bcryptPrimitives.dll
0x00007ff896f00000 - 0x00007ff896f25000 	C:\Users\Bogdan\.p2\pool\plugins\org.eclipse.justj.openjdk.hotspot.jre.full.win32.x86_64_17.0.5.v20221102-0933\jre\bin\java.dll
0x00007ff897280000 - 0x00007ff897298000 	C:\Users\Bogdan\.p2\pool\plugins\org.eclipse.justj.openjdk.hotspot.jre.full.win32.x86_64_17.0.5.v20221102-0933\jre\bin\zip.dll
0x00007ff8a24f0000 - 0x00007ff8a2c5f000 	C:\WINDOWS\System32\SHELL32.dll
0x00007ff89ed80000 - 0x00007ff89f523000 	C:\WINDOWS\SYSTEM32\windows.storage.dll
0x00007ff8a1730000 - 0x00007ff8a1a85000 	C:\WINDOWS\System32\combase.dll
0x00007ff8a0670000 - 0x00007ff8a069b000 	C:\WINDOWS\SYSTEM32\Wldp.dll
0x00007ff8a20d0000 - 0x00007ff8a219d000 	C:\WINDOWS\System32\OLEAUT32.dll
0x00007ff8a2ee0000 - 0x00007ff8a2f8d000 	C:\WINDOWS\System32\SHCORE.dll
0x00007ff8a2c60000 - 0x00007ff8a2cb5000 	C:\WINDOWS\System32\shlwapi.dll
0x00007ff8a0c50000 - 0x00007ff8a0c75000 	C:\WINDOWS\SYSTEM32\profapi.dll
0x00007ff896a00000 - 0x00007ff896a19000 	C:\Users\Bogdan\.p2\pool\plugins\org.eclipse.justj.openjdk.hotspot.jre.full.win32.x86_64_17.0.5.v20221102-0933\jre\bin\net.dll
0x00007ff89b110000 - 0x00007ff89b21a000 	C:\WINDOWS\SYSTEM32\WINHTTP.dll
0x00007ff8a0450000 - 0x00007ff8a04bc000 	C:\WINDOWS\system32\mswsock.dll
0x00007ff896340000 - 0x00007ff896355000 	C:\Users\Bogdan\.p2\pool\plugins\org.eclipse.justj.openjdk.hotspot.jre.full.win32.x86_64_17.0.5.v20221102-0933\jre\bin\nio.dll
0x00007ff86d160000 - 0x00007ff86d2ee000 	C:\Users\Bogdan\.p2\pool\plugins\org.eclipse.justj.openjdk.hotspot.jre.full.win32.x86_64_17.0.5.v20221102-0933\jre\bin\awt.dll
0x00007ff89e230000 - 0x00007ff89e2c4000 	C:\WINDOWS\SYSTEM32\apphelp.dll
0x00007ff89e7a0000 - 0x00007ff89e7cf000 	C:\WINDOWS\system32\DWMAPI.DLL
0x00007ff89e670000 - 0x00007ff89e70e000 	C:\WINDOWS\system32\uxtheme.dll
0x00007ff8508b0000 - 0x00007ff8509d8000 	C:\WINDOWS\system32\opengl32.dll
0x00007ff850880000 - 0x00007ff8508ac000 	C:\WINDOWS\SYSTEM32\GLU32.dll
0x00007ff8a2230000 - 0x00007ff8a2345000 	C:\WINDOWS\System32\MSCTF.dll
0x00007ff8a3460000 - 0x00007ff8a358b000 	C:\WINDOWS\System32\ole32.dll
0x00007ff8a08e0000 - 0x00007ff8a08f2000 	C:\WINDOWS\SYSTEM32\msasn1.dll
0x00007ff89a2f0000 - 0x00007ff89a321000 	C:\WINDOWS\SYSTEM32\cryptnet.dll
0x00007ff8a0e50000 - 0x00007ff8a0fad000 	C:\WINDOWS\System32\CRYPT32.dll
0x00007ff8a05e0000 - 0x00007ff8a05ec000 	C:\WINDOWS\SYSTEM32\cryptbase.dll
0x00007ff899c70000 - 0x00007ff899db7000 	C:\WINDOWS\SYSTEM32\drvstore.dll
0x00007ff8a0ab0000 - 0x00007ff8a0ae3000 	C:\WINDOWS\SYSTEM32\devobj.dll
0x00007ff8a1490000 - 0x00007ff8a14de000 	C:\WINDOWS\System32\cfgmgr32.dll
0x00007ff8a14e0000 - 0x00007ff8a1553000 	C:\WINDOWS\System32\wintrust.dll
0x00007ff8a1b90000 - 0x00007ff8a1bad000 	C:\WINDOWS\System32\imagehlp.dll
0x00007ff8a06b0000 - 0x00007ff8a06c8000 	C:\WINDOWS\SYSTEM32\CRYPTSP.dll
0x00007ff89fd20000 - 0x00007ff89fd58000 	C:\WINDOWS\system32\rsaenh.dll
0x00007ff89f540000 - 0x00007ff89f563000 	C:\WINDOWS\SYSTEM32\gpapi.dll
0x00007ff84f680000 - 0x00007ff84f7d5000 	C:\WINDOWS\System32\DriverStore\FileRepository\nv_dispig.inf_amd64_0afec3f2050014a0\nvppex.dll
0x00007ff8989d0000 - 0x00007ff898a0b000 	C:\WINDOWS\SYSTEM32\dxcore.dll
0x00007ff8774e0000 - 0x00007ff877566000 	C:\Users\Bogdan\.p2\pool\plugins\org.eclipse.justj.openjdk.hotspot.jre.full.win32.x86_64_17.0.5.v20221102-0933\jre\bin\freetype.dll
0x00007ff875610000 - 0x00007ff8756d5000 	C:\Users\Bogdan\.p2\pool\plugins\org.eclipse.justj.openjdk.hotspot.jre.full.win32.x86_64_17.0.5.v20221102-0933\jre\bin\fontmanager.dll
0x00007ff895150000 - 0x00007ff895249000 	C:\WINDOWS\SYSTEM32\textinputframework.dll
0x00007ff89dd00000 - 0x00007ff89ddf2000 	C:\WINDOWS\System32\CoreMessaging.dll
0x00007ff89d660000 - 0x00007ff89d9bb000 	C:\WINDOWS\System32\CoreUIComponents.dll
0x00007ff89ff70000 - 0x00007ff89ffa3000 	C:\WINDOWS\SYSTEM32\ntmarta.dll
0x00007ff89c2a0000 - 0x00007ff89c3f7000 	C:\WINDOWS\SYSTEM32\wintypes.dll
0x00007ff86ea70000 - 0x00007ff86ec41000 	C:\WINDOWS\system32\d3d9.dll
0x00007ff8986a0000 - 0x00007ff898761000 	C:\WINDOWS\System32\DriverStore\FileRepository\nv_dispig.inf_amd64_0afec3f2050014a0\nvldumdx.dll
0x00007ff892ce0000 - 0x00007ff894cce000 	C:\WINDOWS\System32\DriverStore\FileRepository\nv_dispig.inf_amd64_0afec3f2050014a0\nvgpucomp64.dll
0x00007ff845f30000 - 0x00007ff8479c4000 	C:\WINDOWS\System32\DriverStore\FileRepository\nv_dispig.inf_amd64_0afec3f2050014a0\nvd3dumx.dll

dbghelp: loaded successfully - version: 4.0.5 - missing functions: none
symbol engine: initialized successfully - sym options: 0x614 - pdb path: .;C:\Users\Bogdan\.p2\pool\plugins\org.eclipse.justj.openjdk.hotspot.jre.full.win32.x86_64_17.0.5.v20221102-0933\jre\bin;C:\WINDOWS\SYSTEM32;C:\WINDOWS\WinSxS\amd64_microsoft.windows.common-controls_6595b64144ccf1df_6.0.19041.4355_none_60b8b9eb71f62e16;C:\Users\Bogdan\.p2\pool\plugins\org.eclipse.justj.openjdk.hotspot.jre.full.win32.x86_64_17.0.5.v20221102-0933\jre\bin\server;C:\WINDOWS\System32\DriverStore\FileRepository\nv_dispig.inf_amd64_0afec3f2050014a0

VM Arguments:
jvm_args: -Dfile.encoding=UTF-8 --module-path=C:\Users\Bogdan\Desktop\personal\newproject\bin -XX:+ShowCodeDetailsInExceptionMessages -Djdk.module.main=newproject 
java_command: newproject/newproject.main
java_class_path (initial): <not set>
Launcher Type: SUN_STANDARD

[Global flags]
     intx CICompilerCount                          = 3                                         {product} {ergonomic}
     uint ConcGCThreads                            = 2                                         {product} {ergonomic}
     uint G1ConcRefinementThreads                  = 6                                         {product} {ergonomic}
   size_t G1HeapRegionSize                         = 2097152                                   {product} {ergonomic}
    uintx GCDrainStackTargetSize                   = 64                                        {product} {ergonomic}
   size_t InitialHeapSize                          = 268435456                                 {product} {ergonomic}
   size_t MarkStackSize                            = 4194304                                   {product} {ergonomic}
   size_t MaxHeapSize                              = 4276092928                                {product} {ergonomic}
   size_t MaxNewSize                               = 2564816896                                {product} {ergonomic}
   size_t MinHeapDeltaBytes                        = 2097152                                   {product} {ergonomic}
   size_t MinHeapSize                              = 8388608                                   {product} {ergonomic}
    uintx NonNMethodCodeHeapSize                   = 5832780                                {pd product} {ergonomic}
    uintx NonProfiledCodeHeapSize                  = 122912730                              {pd product} {ergonomic}
    uintx ProfiledCodeHeapSize                     = 122912730                              {pd product} {ergonomic}
    uintx ReservedCodeCacheSize                    = 251658240                              {pd product} {ergonomic}
     bool SegmentedCodeCache                       = true                                      {product} {ergonomic}
     bool ShowCodeDetailsInExceptionMessages       = true                                   {manageable} {command line}
   size_t SoftMaxHeapSize                          = 4276092928                             {manageable} {ergonomic}
     bool UseCompressedClassPointers               = true                           {product lp64_product} {ergonomic}
     bool UseCompressedOops                        = true                           {product lp64_product} {ergonomic}
     bool UseG1GC                                  = true                                      {product} {ergonomic}
     bool UseLargePagesIndividualAllocation        = false                                  {pd product} {ergonomic}

Logging:
Log output configuration:
 #0: stdout all=warning uptime,level,tags
 #1: stderr all=off uptime,level,tags

Environment Variables:
JAVA_HOME=C:\Users\Bogdan\AppData\Local\Coursier\cache\arc\https\github.com\adoptium\temurin11-binaries\releases\download\jdk-11.0.25%252B9\OpenJDK11U-jdk_x64_windows_hotspot_11.0.25_9.zip\jdk-11.0.25+9
PATH=C:/Users/Bogdan/.p2/pool/plugins/org.eclipse.justj.openjdk.hotspot.jre.full.win32.x86_64_17.0.5.v20221102-0933/jre/bin/server;C:/Users/Bogdan/.p2/pool/plugins/org.eclipse.justj.openjdk.hotspot.jre.full.win32.x86_64_17.0.5.v20221102-0933/jre/bin;C:\Program Files\Eclipse Adoptium\jdk-17.0.14.7-hotspot\bin;C:\Python313\Scripts\;C:\Python313\;C:\Program Files (x86)\Eclipse Adoptium\jdk-17.0.13.11-hotspot\bin;C:\Program Files\Common Files\Oracle\Java\javapath;C:\WINDOWS\system32;C:\WINDOWS;C:\WINDOWS\System32\Wbem;C:\WINDOWS\System32\WindowsPowerShell\v1.0\;C:\WINDOWS\System32\OpenSSH\;C:\Program Files\Java\jdk-23\bin;C:\Program Files (x86)\sbt\bin;C:\Program Files (x86)\Windows Kits\10\Windows Performance Toolkit\;C:\ProgramData\chocolatey\bin;C:\Program Files\scala-cli-x86_64-pc-win32\;C:\Program Files\nodejs\;C:\Program Files\dotnet\;C:\Program Files\LLVM\bin;C:\Program Files\Docker\Docker\resources\bin;C:\Program Files\Git\cmd;C:\Users\Bogdan\scoop\apps\llvm\current\bin;C:\Users\Bogdan\scoop\shims;C:\Users\Bogdan\AppData\Local\Microsoft\WindowsApps;C:\Users\Bogdan\AppData\Local\Coursier\cache\arc\https\github.com\adoptium\temurin11-binaries\releases\download\jdk-11.0.25%252B9\OpenJDK11U-jdk_x64_windows_hotspot_11.0.25_9.zip\jdk-11.0.25+9\bin;C:\Users\Bogdan\AppData\Local\Coursier\data\bin;C:\Users\Bogdan\AppData\Local\JetBrains\Toolbox\scripts;C:\Users\Bogdan\AppData\Roaming\npm;C:\Users\Bogdan\.dotnet\tools;C:\Users\Bogdan\Desktop;
USERNAME=Bogdan
OS=Windows_NT
PROCESSOR_IDENTIFIER=Intel64 Family 6 Model 158 Stepping 10, GenuineIntel
TMP=C:\Users\Bogdan\AppData\Local\Temp
TEMP=C:\Users\Bogdan\AppData\Local\Temp



---------------  S Y S T E M  ---------------

OS:
 Windows 10 , 64 bit Build 19041 (10.0.19041.5678)
OS uptime: 6 days 6:07 hours
Hyper-V role detected

CPU: total 6 (initial active 6) (6 cores per cpu, 1 threads per core) family 6 model 158 stepping 10 microcode 0xb4, cx8, cmov, fxsr, mmx, 3dnowpref, sse, sse2, sse3, ssse3, sse4.1, sse4.2, popcnt, lzcnt, tsc, tscinvbit, avx, avx2, aes, erms, clmul, bmi1, bmi2, adx, fma, vzeroupper, clflush, clflushopt, hv

Memory: 4k page, system-wide physical 16304M (4321M free)
TotalPageFile size 65456M (AvailPageFile size 1131M)
current process WorkingSet (physical memory assigned to process): 53M, peak: 359M
current process commit charge ("private bytes"): 455M, peak: 475M

vm_info: OpenJDK 64-Bit Server VM (17.0.5+8) for windows-amd64 JRE (17.0.5+8), built on Oct 19 2022 04:48:13 by "temurin" with MS VC++ 16.7 (VS2019)

END.
