#
# There is insufficient memory for the Java Runtime Environment to continue.
# Native memory allocation (mmap) failed to map 96468992 bytes for G1 virtual space
# Possible reasons:
#   The system is out of physical RAM or swap space
#   The process is running with CompressedOops enabled, and the Java Heap may be blocking the growth of the native heap
# Possible solutions:
#   Reduce memory load on the system
#   Increase physical memory or swap space
#   Check if swap backing store is full
#   Decrease Java heap size (-Xmx/-Xms)
#   Decrease number of Java threads
#   Decrease Java thread stack sizes (-Xss)
#   Set larger code cache with -XX:ReservedCodeCacheSize=
#   JVM is running with Zero Based Compressed Oops mode in which the Java heap is
#     placed in the first 32GB address space. The Java Heap base address is the
#     maximum limit for the native heap growth. Please use -XX:HeapBaseMinAddress
#     to set the Java Heap base and to place the Java Heap above 32GB virtual address.
# This output file may be truncated or incomplete.
#
#  Out of Memory Error (os_windows.cpp:3548), pid=6040, tid=6884
#
# JRE version: OpenJDK Runtime Environment Temurin-17.0.5+8 (17.0.5+8) (build 17.0.5+8)
# Java VM: OpenJDK 64-Bit Server VM Temurin-17.0.5+8 (17.0.5+8, mixed mode, tiered, compressed oops, compressed class ptrs, g1 gc, windows-amd64)
# No core dump will be written. Minidumps are not enabled by default on client versions of Windows
#

---------------  S U M M A R Y ------------

Command Line: -Dfile.encoding=UTF-8 -XX:+ShowCodeDetailsInExceptionMessages newproject.main

Host: Intel(R) Core(TM) i5-8400 CPU @ 2.80GHz, 6 cores, 15G,  Windows 10 , 64 bit Build 19041 (10.0.19041.5438)
Time: Sat Apr 12 01:38:45 2025 E. Europe Daylight Time elapsed time: 3.456583 seconds (0d 0h 0m 3s)

---------------  T H R E A D  ---------------

Current thread (0x0000019fffe99a10):  VMThread "VM Thread" [stack: 0x0000005bf1700000,0x0000005bf1800000] [id=6884]

Stack: [0x0000005bf1700000,0x0000005bf1800000]
Native frames: (J=compiled Java code, j=interpreted, Vv=VM code, C=native code)
V  [jvm.dll+0x676b3a]
V  [jvm.dll+0x831444]
V  [jvm.dll+0x832bee]
V  [jvm.dll+0x833253]
V  [jvm.dll+0x244ce5]
V  [jvm.dll+0x673a49]
V  [jvm.dll+0x66811a]
V  [jvm.dll+0x303ceb]
V  [jvm.dll+0x30b1e6]
V  [jvm.dll+0x35adbe]
V  [jvm.dll+0x35afef]
V  [jvm.dll+0x2dab88]
V  [jvm.dll+0x2d8e3c]
V  [jvm.dll+0x2d840c]
V  [jvm.dll+0x31c641]
V  [jvm.dll+0x8376fb]
V  [jvm.dll+0x838434]
V  [jvm.dll+0x83894c]
V  [jvm.dll+0x838d24]
V  [jvm.dll+0x838df0]
V  [jvm.dll+0x7e17ea]
V  [jvm.dll+0x6759e5]
C  [ucrtbase.dll+0x21bb2]
C  [KERNEL32.DLL+0x17374]
C  [ntdll.dll+0x4cc91]

VM_Operation (0x0000005bf2a0e030): G1TryInitiateConcMark, mode: safepoint, requested by thread 0x0000019f893be790


---------------  P R O C E S S  ---------------

Threads class SMR info:
_java_thread_list=0x0000019f91ef2210, length=17, elements={
0x0000019f8883e050, 0x0000019f8883f310, 0x0000019fffe9e9b0, 0x0000019f88884520,
0x0000019f88885670, 0x0000019f888867c0, 0x0000019f8888b8e0, 0x0000019f8888c380,
0x0000019f888904a0, 0x0000019f889f5720, 0x0000019f88a002b0, 0x0000019f88efd460,
0x0000019f88ee9a60, 0x0000019f88eea690, 0x0000019f893be790, 0x0000019fe9663270,
0x0000019f893fd470
}

Java Threads: ( => current thread )
  0x0000019f8883e050 JavaThread "Reference Handler" daemon [_thread_blocked, id=2440, stack(0x0000005bf1800000,0x0000005bf1900000)]
  0x0000019f8883f310 JavaThread "Finalizer" daemon [_thread_blocked, id=5792, stack(0x0000005bf1900000,0x0000005bf1a00000)]
  0x0000019fffe9e9b0 JavaThread "Signal Dispatcher" daemon [_thread_blocked, id=21648, stack(0x0000005bf1a00000,0x0000005bf1b00000)]
  0x0000019f88884520 JavaThread "Attach Listener" daemon [_thread_blocked, id=19040, stack(0x0000005bf1b00000,0x0000005bf1c00000)]
  0x0000019f88885670 JavaThread "Service Thread" daemon [_thread_blocked, id=24232, stack(0x0000005bf1c00000,0x0000005bf1d00000)]
  0x0000019f888867c0 JavaThread "Monitor Deflation Thread" daemon [_thread_blocked, id=10224, stack(0x0000005bf1d00000,0x0000005bf1e00000)]
  0x0000019f8888b8e0 JavaThread "C2 CompilerThread0" daemon [_thread_blocked, id=22596, stack(0x0000005bf1e00000,0x0000005bf1f00000)]
  0x0000019f8888c380 JavaThread "C1 CompilerThread0" daemon [_thread_blocked, id=1488, stack(0x0000005bf1f00000,0x0000005bf2000000)]
  0x0000019f888904a0 JavaThread "Sweeper thread" daemon [_thread_blocked, id=23456, stack(0x0000005bf2000000,0x0000005bf2100000)]
  0x0000019f889f5720 JavaThread "Notification Thread" daemon [_thread_blocked, id=22832, stack(0x0000005bf2100000,0x0000005bf2200000)]
  0x0000019f88a002b0 JavaThread "Common-Cleaner" daemon [_thread_blocked, id=21632, stack(0x0000005bf2300000,0x0000005bf2400000)]
  0x0000019f88efd460 JavaThread "Java2D Disposer" daemon [_thread_blocked, id=24772, stack(0x0000005bf2400000,0x0000005bf2500000)]
  0x0000019f88ee9a60 JavaThread "AWT-Shutdown" [_thread_blocked, id=4428, stack(0x0000005bf2500000,0x0000005bf2600000)]
  0x0000019f88eea690 JavaThread "AWT-Windows" daemon [_thread_blocked, id=8248, stack(0x0000005bf2600000,0x0000005bf2700000)]
  0x0000019f893be790 JavaThread "AWT-EventQueue-0" [_thread_blocked, id=21772, stack(0x0000005bf2910000,0x0000005bf2a10000)]
  0x0000019fe9663270 JavaThread "DestroyJavaVM" [_thread_blocked, id=11944, stack(0x0000005bf1100000,0x0000005bf1200000)]
  0x0000019f893fd470 JavaThread "D3D Screen Updater" daemon [_thread_blocked, id=17284, stack(0x0000005bf2a10000,0x0000005bf2b10000)]

Other Threads:
=>0x0000019fffe99a10 VMThread "VM Thread" [stack: 0x0000005bf1700000,0x0000005bf1800000] [id=6884]
  0x0000019f889f7c00 WatcherThread [stack: 0x0000005bf2200000,0x0000005bf2300000] [id=18868]
  0x0000019fe96ce0f0 GCTaskThread "GC Thread#0" [stack: 0x0000005bf1200000,0x0000005bf1300000] [id=4956]
  0x0000019f919e8100 GCTaskThread "GC Thread#1" [stack: 0x0000005bf2c20000,0x0000005bf2d20000] [id=18148]
  0x0000019f919e87c0 GCTaskThread "GC Thread#2" [stack: 0x0000005bf2d20000,0x0000005bf2e20000] [id=1040]
  0x0000019f919c1240 GCTaskThread "GC Thread#3" [stack: 0x0000005bf2e20000,0x0000005bf2f20000] [id=8052]
  0x0000019f919c14f0 GCTaskThread "GC Thread#4" [stack: 0x0000005bf2f20000,0x0000005bf3020000] [id=17900]
  0x0000019f919c1bb0 GCTaskThread "GC Thread#5" [stack: 0x0000005bf3020000,0x0000005bf3120000] [id=23764]
  0x0000019fe96def00 ConcurrentGCThread "G1 Main Marker" [stack: 0x0000005bf1300000,0x0000005bf1400000] [id=1700]
  0x0000019fe96e00b0 ConcurrentGCThread "G1 Conc#0" [stack: 0x0000005bf1400000,0x0000005bf1500000] [id=7108]
  0x0000019fffd224d0 ConcurrentGCThread "G1 Refine#0" [stack: 0x0000005bf1500000,0x0000005bf1600000] [id=23264]
  0x0000019fffd22ef0 ConcurrentGCThread "G1 Service" [stack: 0x0000005bf1600000,0x0000005bf1700000] [id=11828]

Threads with active compile tasks:
C1 CompilerThread0     3479  813   !   3       sun.java2d.SunGraphics2D::validateCompClip (186 bytes)

VM state: at safepoint (normal execution)

VM Mutex/Monitor currently owned by a thread:  ([mutex/lock_event])
[0x0000019fe965e1a0] Threads_lock - owner thread: 0x0000019fffe99a10
[0x0000019fe965dae0] Heap_lock - owner thread: 0x0000019f893be790

Heap address: 0x0000000701200000, size: 4078 MB, Compressed Oops mode: Zero based, Oop shift amount: 3

CDS archive(s) not mapped
Compressed class space mapped at: 0x0000000800000000-0x0000000840000000, reserved size: 1073741824
Narrow klass base: 0x0000000800000000, Narrow klass shift: 0, Narrow klass range: 0x40000000

GC Precious Log:
 CPUs: 6 total, 6 available
 Memory: 16304M
 Large Page Support: Disabled
 NUMA Support: Disabled
 Compressed Oops: Enabled (Zero based)
 Heap Region Size: 2M
 Heap Min Capacity: 8M
 Heap Initial Capacity: 256M
 Heap Max Capacity: 4078M
 Pre-touch: Disabled
 Parallel Workers: 6
 Concurrent Workers: 2
 Concurrent Refinement Workers: 6
 Periodic GC: Disabled

Heap:
 garbage-first heap   total 262144K, used 34467K [0x0000000701200000, 0x0000000800000000)
  region size 2048K, 1 young (2048K), 1 survivors (2048K)
 Metaspace       used 12501K, committed 12672K, reserved 1064960K
  class space    used 1229K, committed 1344K, reserved 1048576K

Heap Regions: E=young(eden), S=young(survivor), O=old, HS=humongous(starts), HC=humongous(continues), CS=collection set, F=free, OA=open archive, CA=closed archive, TAMS=top-at-mark-start (previous, next)
|   0|0x0000000701200000, 0x0000000701200000, 0x0000000701400000|  0%| F|  |TAMS 0x0000000701200000, 0x0000000701200000| Untracked 
|   1|0x0000000701400000, 0x0000000701400000, 0x0000000701600000|  0%| F|  |TAMS 0x0000000701400000, 0x0000000701400000| Untracked 
|   2|0x0000000701600000, 0x0000000701600000, 0x0000000701800000|  0%| F|  |TAMS 0x0000000701600000, 0x0000000701600000| Untracked 
|   3|0x0000000701800000, 0x0000000701800000, 0x0000000701a00000|  0%| F|  |TAMS 0x0000000701800000, 0x0000000701800000| Untracked 
|   4|0x0000000701a00000, 0x0000000701a00000, 0x0000000701c00000|  0%| F|  |TAMS 0x0000000701a00000, 0x0000000701a00000| Untracked 
|   5|0x0000000701c00000, 0x0000000701c00000, 0x0000000701e00000|  0%| F|  |TAMS 0x0000000701c00000, 0x0000000701c00000| Untracked 
|   6|0x0000000701e00000, 0x0000000701e00000, 0x0000000702000000|  0%| F|  |TAMS 0x0000000701e00000, 0x0000000701e00000| Untracked 
|   7|0x0000000702000000, 0x0000000702000000, 0x0000000702200000|  0%| F|  |TAMS 0x0000000702000000, 0x0000000702000000| Untracked 
|   8|0x0000000702200000, 0x0000000702200000, 0x0000000702400000|  0%| F|  |TAMS 0x0000000702200000, 0x0000000702200000| Untracked 
|   9|0x0000000702400000, 0x0000000702400000, 0x0000000702600000|  0%| F|  |TAMS 0x0000000702400000, 0x0000000702400000| Untracked 
|  10|0x0000000702600000, 0x0000000702600000, 0x0000000702800000|  0%| F|  |TAMS 0x0000000702600000, 0x0000000702600000| Untracked 
|  11|0x0000000702800000, 0x0000000702800000, 0x0000000702a00000|  0%| F|  |TAMS 0x0000000702800000, 0x0000000702800000| Untracked 
|  12|0x0000000702a00000, 0x0000000702c00000, 0x0000000702c00000|100%|HS|  |TAMS 0x0000000702a00000, 0x0000000702c00000| Complete 
|  13|0x0000000702c00000, 0x0000000702e00000, 0x0000000702e00000|100%|HC|  |TAMS 0x0000000702c00000, 0x0000000702e00000| Complete 
|  14|0x0000000702e00000, 0x0000000703000000, 0x0000000703000000|100%|HC|  |TAMS 0x0000000702e00000, 0x0000000703000000| Complete 
|  15|0x0000000703000000, 0x0000000703200000, 0x0000000703200000|100%|HC|  |TAMS 0x0000000703000000, 0x0000000703200000| Complete 
|  16|0x0000000703200000, 0x0000000703200000, 0x0000000703400000|  0%| F|  |TAMS 0x0000000703200000, 0x0000000703200000| Untracked 
|  17|0x0000000703400000, 0x0000000703400000, 0x0000000703600000|  0%| F|  |TAMS 0x0000000703400000, 0x0000000703400000| Untracked 
|  18|0x0000000703600000, 0x0000000703600000, 0x0000000703800000|  0%| F|  |TAMS 0x0000000703600000, 0x0000000703600000| Untracked 
|  19|0x0000000703800000, 0x0000000703800000, 0x0000000703a00000|  0%| F|  |TAMS 0x0000000703800000, 0x0000000703800000| Untracked 
|  20|0x0000000703a00000, 0x0000000703a00000, 0x0000000703c00000|  0%| F|  |TAMS 0x0000000703a00000, 0x0000000703a00000| Untracked 
|  21|0x0000000703c00000, 0x0000000703c00000, 0x0000000703e00000|  0%| F|  |TAMS 0x0000000703c00000, 0x0000000703c00000| Untracked 
|  22|0x0000000703e00000, 0x0000000703e00000, 0x0000000704000000|  0%| F|  |TAMS 0x0000000703e00000, 0x0000000703e00000| Untracked 
|  23|0x0000000704000000, 0x0000000704000000, 0x0000000704200000|  0%| F|  |TAMS 0x0000000704000000, 0x0000000704000000| Untracked 
|  24|0x0000000704200000, 0x0000000704400000, 0x0000000704400000|100%|HS|  |TAMS 0x0000000704200000, 0x0000000704400000| Complete 
|  25|0x0000000704400000, 0x0000000704600000, 0x0000000704600000|100%|HC|  |TAMS 0x0000000704400000, 0x0000000704600000| Complete 
|  26|0x0000000704600000, 0x0000000704800000, 0x0000000704800000|100%|HC|  |TAMS 0x0000000704600000, 0x0000000704800000| Complete 
|  27|0x0000000704800000, 0x0000000704a00000, 0x0000000704a00000|100%|HC|  |TAMS 0x0000000704800000, 0x0000000704a00000| Complete 
|  28|0x0000000704a00000, 0x0000000704a00000, 0x0000000704c00000|  0%| F|  |TAMS 0x0000000704a00000, 0x0000000704a00000| Untracked 
|  29|0x0000000704c00000, 0x0000000704c00000, 0x0000000704e00000|  0%| F|  |TAMS 0x0000000704c00000, 0x0000000704c00000| Untracked 
|  30|0x0000000704e00000, 0x0000000704e00000, 0x0000000705000000|  0%| F|  |TAMS 0x0000000704e00000, 0x0000000704e00000| Untracked 
|  31|0x0000000705000000, 0x0000000705000000, 0x0000000705200000|  0%| F|  |TAMS 0x0000000705000000, 0x0000000705000000| Untracked 
|  32|0x0000000705200000, 0x0000000705200000, 0x0000000705400000|  0%| F|  |TAMS 0x0000000705200000, 0x0000000705200000| Untracked 
|  33|0x0000000705400000, 0x0000000705400000, 0x0000000705600000|  0%| F|  |TAMS 0x0000000705400000, 0x0000000705400000| Untracked 
|  34|0x0000000705600000, 0x0000000705600000, 0x0000000705800000|  0%| F|  |TAMS 0x0000000705600000, 0x0000000705600000| Untracked 
|  35|0x0000000705800000, 0x0000000705800000, 0x0000000705a00000|  0%| F|  |TAMS 0x0000000705800000, 0x0000000705800000| Untracked 
|  36|0x0000000705a00000, 0x0000000705a00000, 0x0000000705c00000|  0%| F|  |TAMS 0x0000000705a00000, 0x0000000705a00000| Untracked 
|  37|0x0000000705c00000, 0x0000000705c00000, 0x0000000705e00000|  0%| F|  |TAMS 0x0000000705c00000, 0x0000000705c00000| Untracked 
|  38|0x0000000705e00000, 0x0000000705e00000, 0x0000000706000000|  0%| F|  |TAMS 0x0000000705e00000, 0x0000000705e00000| Untracked 
|  39|0x0000000706000000, 0x0000000706000000, 0x0000000706200000|  0%| F|  |TAMS 0x0000000706000000, 0x0000000706000000| Untracked 
|  40|0x0000000706200000, 0x0000000706400000, 0x0000000706400000|100%|HS|  |TAMS 0x0000000706200000, 0x0000000706400000| Complete 
|  41|0x0000000706400000, 0x0000000706600000, 0x0000000706600000|100%|HC|  |TAMS 0x0000000706400000, 0x0000000706600000| Complete 
|  42|0x0000000706600000, 0x0000000706800000, 0x0000000706800000|100%|HC|  |TAMS 0x0000000706600000, 0x0000000706800000| Complete 
|  43|0x0000000706800000, 0x0000000706a00000, 0x0000000706a00000|100%|HC|  |TAMS 0x0000000706800000, 0x0000000706a00000| Complete 
|  44|0x0000000706a00000, 0x0000000706a00000, 0x0000000706c00000|  0%| F|  |TAMS 0x0000000706a00000, 0x0000000706a00000| Untracked 
|  45|0x0000000706c00000, 0x0000000706c00000, 0x0000000706e00000|  0%| F|  |TAMS 0x0000000706c00000, 0x0000000706c00000| Untracked 
|  46|0x0000000706e00000, 0x0000000706e00000, 0x0000000707000000|  0%| F|  |TAMS 0x0000000706e00000, 0x0000000706e00000| Untracked 
|  47|0x0000000707000000, 0x0000000707000000, 0x0000000707200000|  0%| F|  |TAMS 0x0000000707000000, 0x0000000707000000| Untracked 
|  48|0x0000000707200000, 0x0000000707400000, 0x0000000707400000|100%|HS|  |TAMS 0x0000000707200000, 0x0000000707400000| Complete 
|  49|0x0000000707400000, 0x0000000707600000, 0x0000000707600000|100%|HC|  |TAMS 0x0000000707400000, 0x0000000707600000| Complete 
|  50|0x0000000707600000, 0x0000000707800000, 0x0000000707800000|100%|HC|  |TAMS 0x0000000707600000, 0x0000000707800000| Complete 
|  51|0x0000000707800000, 0x0000000707a00000, 0x0000000707a00000|100%|HC|  |TAMS 0x0000000707800000, 0x0000000707a00000| Complete 
|  52|0x0000000707a00000, 0x0000000707a00000, 0x0000000707c00000|  0%| F|  |TAMS 0x0000000707a00000, 0x0000000707a00000| Untracked 
|  53|0x0000000707c00000, 0x0000000707c00000, 0x0000000707e00000|  0%| F|  |TAMS 0x0000000707c00000, 0x0000000707c00000| Untracked 
|  54|0x0000000707e00000, 0x0000000707e00000, 0x0000000708000000|  0%| F|  |TAMS 0x0000000707e00000, 0x0000000707e00000| Untracked 
|  55|0x0000000708000000, 0x0000000708000000, 0x0000000708200000|  0%| F|  |TAMS 0x0000000708000000, 0x0000000708000000| Untracked 
|  56|0x0000000708200000, 0x0000000708200000, 0x0000000708400000|  0%| F|  |TAMS 0x0000000708200000, 0x0000000708200000| Untracked 
|  57|0x0000000708400000, 0x0000000708400000, 0x0000000708600000|  0%| F|  |TAMS 0x0000000708400000, 0x0000000708400000| Untracked 
|  58|0x0000000708600000, 0x0000000708600000, 0x0000000708800000|  0%| F|  |TAMS 0x0000000708600000, 0x0000000708600000| Untracked 
|  59|0x0000000708800000, 0x0000000708800000, 0x0000000708a00000|  0%| F|  |TAMS 0x0000000708800000, 0x0000000708800000| Untracked 
|  60|0x0000000708a00000, 0x0000000708a00000, 0x0000000708c00000|  0%| F|  |TAMS 0x0000000708a00000, 0x0000000708a00000| Untracked 
|  61|0x0000000708c00000, 0x0000000708c00000, 0x0000000708e00000|  0%| F|  |TAMS 0x0000000708c00000, 0x0000000708c00000| Untracked 
|  62|0x0000000708e00000, 0x0000000708e00000, 0x0000000709000000|  0%| F|  |TAMS 0x0000000708e00000, 0x0000000708e00000| Untracked 
|  63|0x0000000709000000, 0x0000000709000000, 0x0000000709200000|  0%| F|  |TAMS 0x0000000709000000, 0x0000000709000000| Untracked 
|  64|0x0000000709200000, 0x0000000709200000, 0x0000000709400000|  0%| F|  |TAMS 0x0000000709200000, 0x0000000709200000| Untracked 
|  65|0x0000000709400000, 0x0000000709400000, 0x0000000709600000|  0%| F|  |TAMS 0x0000000709400000, 0x0000000709400000| Untracked 
|  66|0x0000000709600000, 0x0000000709600000, 0x0000000709800000|  0%| F|  |TAMS 0x0000000709600000, 0x0000000709600000| Untracked 
|  67|0x0000000709800000, 0x0000000709800000, 0x0000000709a00000|  0%| F|  |TAMS 0x0000000709800000, 0x0000000709800000| Untracked 
|  68|0x0000000709a00000, 0x0000000709a00000, 0x0000000709c00000|  0%| F|  |TAMS 0x0000000709a00000, 0x0000000709a00000| Untracked 
|  69|0x0000000709c00000, 0x0000000709c00000, 0x0000000709e00000|  0%| F|  |TAMS 0x0000000709c00000, 0x0000000709c00000| Untracked 
|  70|0x0000000709e00000, 0x0000000709e00000, 0x000000070a000000|  0%| F|  |TAMS 0x0000000709e00000, 0x0000000709e00000| Untracked 
|  71|0x000000070a000000, 0x000000070a000000, 0x000000070a200000|  0%| F|  |TAMS 0x000000070a000000, 0x000000070a000000| Untracked 
|  72|0x000000070a200000, 0x000000070a200000, 0x000000070a400000|  0%| F|  |TAMS 0x000000070a200000, 0x000000070a200000| Untracked 
|  73|0x000000070a400000, 0x000000070a400000, 0x000000070a600000|  0%| F|  |TAMS 0x000000070a400000, 0x000000070a400000| Untracked 
|  74|0x000000070a600000, 0x000000070a600000, 0x000000070a800000|  0%| F|  |TAMS 0x000000070a600000, 0x000000070a600000| Untracked 
|  75|0x000000070a800000, 0x000000070a800000, 0x000000070aa00000|  0%| F|  |TAMS 0x000000070a800000, 0x000000070a800000| Untracked 
|  76|0x000000070aa00000, 0x000000070aa00000, 0x000000070ac00000|  0%| F|  |TAMS 0x000000070aa00000, 0x000000070aa00000| Untracked 
|  77|0x000000070ac00000, 0x000000070ac00000, 0x000000070ae00000|  0%| F|  |TAMS 0x000000070ac00000, 0x000000070ac00000| Untracked 
|  78|0x000000070ae00000, 0x000000070ae00000, 0x000000070b000000|  0%| F|  |TAMS 0x000000070ae00000, 0x000000070ae00000| Untracked 
|  79|0x000000070b000000, 0x000000070b000000, 0x000000070b200000|  0%| F|  |TAMS 0x000000070b000000, 0x000000070b000000| Untracked 
|  80|0x000000070b200000, 0x000000070b200000, 0x000000070b400000|  0%| F|  |TAMS 0x000000070b200000, 0x000000070b200000| Untracked 
|  81|0x000000070b400000, 0x000000070b400000, 0x000000070b600000|  0%| F|  |TAMS 0x000000070b400000, 0x000000070b400000| Untracked 
|  82|0x000000070b600000, 0x000000070b600000, 0x000000070b800000|  0%| F|  |TAMS 0x000000070b600000, 0x000000070b600000| Untracked 
|  83|0x000000070b800000, 0x000000070b800000, 0x000000070ba00000|  0%| F|  |TAMS 0x000000070b800000, 0x000000070b800000| Untracked 
|  84|0x000000070ba00000, 0x000000070ba00000, 0x000000070bc00000|  0%| F|  |TAMS 0x000000070ba00000, 0x000000070ba00000| Untracked 
|  85|0x000000070bc00000, 0x000000070bc00000, 0x000000070be00000|  0%| F|  |TAMS 0x000000070bc00000, 0x000000070bc00000| Untracked 
|  86|0x000000070be00000, 0x000000070be00000, 0x000000070c000000|  0%| F|  |TAMS 0x000000070be00000, 0x000000070be00000| Untracked 
|  87|0x000000070c000000, 0x000000070c000000, 0x000000070c200000|  0%| F|  |TAMS 0x000000070c000000, 0x000000070c000000| Untracked 
|  88|0x000000070c200000, 0x000000070c200000, 0x000000070c400000|  0%| F|  |TAMS 0x000000070c200000, 0x000000070c200000| Untracked 
|  89|0x000000070c400000, 0x000000070c400000, 0x000000070c600000|  0%| F|  |TAMS 0x000000070c400000, 0x000000070c400000| Untracked 
|  90|0x000000070c600000, 0x000000070c600000, 0x000000070c800000|  0%| F|  |TAMS 0x000000070c600000, 0x000000070c600000| Untracked 
|  91|0x000000070c800000, 0x000000070c800000, 0x000000070ca00000|  0%| F|  |TAMS 0x000000070c800000, 0x000000070c800000| Untracked 
|  92|0x000000070ca00000, 0x000000070ca00000, 0x000000070cc00000|  0%| F|  |TAMS 0x000000070ca00000, 0x000000070ca00000| Untracked 
|  93|0x000000070cc00000, 0x000000070cc00000, 0x000000070ce00000|  0%| F|  |TAMS 0x000000070cc00000, 0x000000070cc00000| Untracked 
|  94|0x000000070ce00000, 0x000000070ce00000, 0x000000070d000000|  0%| F|  |TAMS 0x000000070ce00000, 0x000000070ce00000| Untracked 
|  95|0x000000070d000000, 0x000000070d000000, 0x000000070d200000|  0%| F|  |TAMS 0x000000070d000000, 0x000000070d000000| Untracked 
|  96|0x000000070d200000, 0x000000070d200000, 0x000000070d400000|  0%| F|  |TAMS 0x000000070d200000, 0x000000070d200000| Untracked 
|  97|0x000000070d400000, 0x000000070d400000, 0x000000070d600000|  0%| F|  |TAMS 0x000000070d400000, 0x000000070d400000| Untracked 
|  98|0x000000070d600000, 0x000000070d600000, 0x000000070d800000|  0%| F|  |TAMS 0x000000070d600000, 0x000000070d600000| Untracked 
|  99|0x000000070d800000, 0x000000070d800000, 0x000000070da00000|  0%| F|  |TAMS 0x000000070d800000, 0x000000070d800000| Untracked 
| 100|0x000000070da00000, 0x000000070da00000, 0x000000070dc00000|  0%| F|  |TAMS 0x000000070da00000, 0x000000070da00000| Untracked 
| 101|0x000000070dc00000, 0x000000070dc00000, 0x000000070de00000|  0%| F|  |TAMS 0x000000070dc00000, 0x000000070dc00000| Untracked 
| 102|0x000000070de00000, 0x000000070de00000, 0x000000070e000000|  0%| F|  |TAMS 0x000000070de00000, 0x000000070de00000| Untracked 
| 103|0x000000070e000000, 0x000000070e000000, 0x000000070e200000|  0%| F|  |TAMS 0x000000070e000000, 0x000000070e000000| Untracked 
| 104|0x000000070e200000, 0x000000070e200000, 0x000000070e400000|  0%| F|  |TAMS 0x000000070e200000, 0x000000070e200000| Untracked 
| 105|0x000000070e400000, 0x000000070e400000, 0x000000070e600000|  0%| F|  |TAMS 0x000000070e400000, 0x000000070e400000| Untracked 
| 106|0x000000070e600000, 0x000000070e600000, 0x000000070e800000|  0%| F|  |TAMS 0x000000070e600000, 0x000000070e600000| Untracked 
| 107|0x000000070e800000, 0x000000070e800000, 0x000000070ea00000|  0%| F|  |TAMS 0x000000070e800000, 0x000000070e800000| Untracked 
| 108|0x000000070ea00000, 0x000000070ea00000, 0x000000070ec00000|  0%| F|  |TAMS 0x000000070ea00000, 0x000000070ea00000| Untracked 
| 109|0x000000070ec00000, 0x000000070ec00000, 0x000000070ee00000|  0%| F|  |TAMS 0x000000070ec00000, 0x000000070ec00000| Untracked 
| 110|0x000000070ee00000, 0x000000070ee00000, 0x000000070f000000|  0%| F|  |TAMS 0x000000070ee00000, 0x000000070ee00000| Untracked 
| 111|0x000000070f000000, 0x000000070f000000, 0x000000070f200000|  0%| F|  |TAMS 0x000000070f000000, 0x000000070f000000| Untracked 
| 112|0x000000070f200000, 0x000000070f200000, 0x000000070f400000|  0%| F|  |TAMS 0x000000070f200000, 0x000000070f200000| Untracked 
| 113|0x000000070f400000, 0x000000070f400000, 0x000000070f600000|  0%| F|  |TAMS 0x000000070f400000, 0x000000070f400000| Untracked 
| 114|0x000000070f600000, 0x000000070f600000, 0x000000070f800000|  0%| F|  |TAMS 0x000000070f600000, 0x000000070f600000| Untracked 
| 115|0x000000070f800000, 0x000000070f800000, 0x000000070fa00000|  0%| F|  |TAMS 0x000000070f800000, 0x000000070f800000| Untracked 
| 116|0x000000070fa00000, 0x000000070fa00000, 0x000000070fc00000|  0%| F|  |TAMS 0x000000070fa00000, 0x000000070fa00000| Untracked 
| 117|0x000000070fc00000, 0x000000070fc00000, 0x000000070fe00000|  0%| F|  |TAMS 0x000000070fc00000, 0x000000070fc00000| Untracked 
| 118|0x000000070fe00000, 0x000000070ffa8d48, 0x0000000710000000| 82%| S|CS|TAMS 0x000000070fe00000, 0x000000070fe00000| Complete 
| 119|0x0000000710000000, 0x0000000710000000, 0x0000000710200000|  0%| F|  |TAMS 0x0000000710000000, 0x0000000710000000| Untracked 
| 120|0x0000000710200000, 0x0000000710200000, 0x0000000710400000|  0%| F|  |TAMS 0x0000000710200000, 0x0000000710200000| Untracked 
| 121|0x0000000710400000, 0x0000000710400000, 0x0000000710600000|  0%| F|  |TAMS 0x0000000710400000, 0x0000000710400000| Untracked 
| 122|0x0000000710600000, 0x0000000710600000, 0x0000000710800000|  0%| F|  |TAMS 0x0000000710600000, 0x0000000710600000| Untracked 
| 123|0x0000000710800000, 0x0000000710800000, 0x0000000710a00000|  0%| F|  |TAMS 0x0000000710800000, 0x0000000710800000| Untracked 
| 124|0x0000000710a00000, 0x0000000710a00000, 0x0000000710c00000|  0%| F|  |TAMS 0x0000000710a00000, 0x0000000710a00000| Untracked 
| 125|0x0000000710c00000, 0x0000000710c00000, 0x0000000710e00000|  0%| F|  |TAMS 0x0000000710c00000, 0x0000000710c00000| Untracked 
| 126|0x0000000710e00000, 0x0000000710e00000, 0x0000000711000000|  0%| F|  |TAMS 0x0000000710e00000, 0x0000000710e00000| Untracked 
| 127|0x0000000711000000, 0x0000000711000000, 0x0000000711200000|  0%| F|  |TAMS 0x0000000711000000, 0x0000000711000000| Untracked 

Card table byte_map: [0x0000019ffc630000,0x0000019ffce30000] _byte_map_base: 0x0000019ff8e27000

Marking Bits (Prev, Next): (CMBitMap*) 0x0000019fe96ce700, (CMBitMap*) 0x0000019fe96ce740
 Prev Bits: [0x0000019f80000000, 0x0000019f83fb8000)
 Next Bits: [0x0000019f83fc0000, 0x0000019f87f78000)

Polling page: 0x0000019fe7590000

Metaspace:

Usage:
  Non-class:     11.01 MB used.
      Class:      1.20 MB used.
       Both:     12.21 MB used.

Virtual space:
  Non-class space:       16.00 MB reserved,      11.06 MB ( 69%) committed,  2 nodes.
      Class space:        1.00 GB reserved,       1.31 MB ( <1%) committed,  1 nodes.
             Both:        1.02 GB reserved,      12.38 MB (  1%) committed. 

Chunk freelists:
   Non-Class:  977.00 KB
       Class:  2.75 MB
        Both:  3.70 MB

MaxMetaspaceSize: unlimited
CompressedClassSpaceSize: 1.00 GB
Initial GC threshold: 21.00 MB
Current GC threshold: 21.00 MB
CDS: off
MetaspaceReclaimPolicy: balanced
 - commit_granule_bytes: 65536.
 - commit_granule_words: 8192.
 - virtual_space_node_default_size: 1048576.
 - enlarge_chunks_in_place: 1.
 - new_chunks_are_fully_committed: 0.
 - uncommit_free_chunks: 1.
 - use_allocation_guard: 0.
 - handle_deallocations: 1.


Internal statistics:

num_allocs_failed_limit: 0.
num_arena_births: 108.
num_arena_deaths: 0.
num_vsnodes_births: 3.
num_vsnodes_deaths: 0.
num_space_committed: 198.
num_space_uncommitted: 0.
num_chunks_returned_to_freelist: 0.
num_chunks_taken_from_freelist: 152.
num_chunk_merges: 0.
num_chunk_splits: 88.
num_chunks_enlarged: 51.
num_purges: 0.
num_inconsistent_stats: 0.

CodeHeap 'non-profiled nmethods': size=120000Kb used=269Kb max_used=269Kb free=119730Kb
 bounds [0x0000019ff47f0000, 0x0000019ff4a60000, 0x0000019ffbd20000]
CodeHeap 'profiled nmethods': size=120000Kb used=1197Kb max_used=1197Kb free=118802Kb
 bounds [0x0000019fed2c0000, 0x0000019fed530000, 0x0000019ff47f0000]
CodeHeap 'non-nmethods': size=5760Kb used=1238Kb max_used=1277Kb free=4521Kb
 bounds [0x0000019fecd20000, 0x0000019fecf90000, 0x0000019fed2c0000]
 total_blobs=1367 nmethods=812 adapters=468
 compilation: enabled
              stopped_count=0, restarted_count=0
 full_count=0

Compilation events (20 events):
Event: 3.437 Thread 0x0000019f8888c380 nmethod 803 0x0000019fed3e7810 code [0x0000019fed3e7a20, 0x0000019fed3e8748]
Event: 3.437 Thread 0x0000019f8888c380  804       3       sun.java2d.pipe.RenderQueue::ensureCapacityAndAlignment (13 bytes)
Event: 3.437 Thread 0x0000019f8888c380 nmethod 804 0x0000019fed3e8890 code [0x0000019fed3e8a80, 0x0000019fed3e8ed8]
Event: 3.437 Thread 0x0000019f8888c380  805       3       sun.java2d.pipe.RenderQueue::ensureAlignment (28 bytes)
Event: 3.437 Thread 0x0000019f8888c380 nmethod 805 0x0000019fed3e9110 code [0x0000019fed3e92c0, 0x0000019fed3e94c8]
Event: 3.437 Thread 0x0000019f8888c380  806       3       java.lang.StrictMath::floorOrCeil (128 bytes)
Event: 3.438 Thread 0x0000019f8888c380 nmethod 806 0x0000019fed3e9610 code [0x0000019fed3e97e0, 0x0000019fed3e9c98]
Event: 3.438 Thread 0x0000019f8888c380  807       1       java.awt.geom.AffineTransform::getScaleY (5 bytes)
Event: 3.438 Thread 0x0000019f8888c380 nmethod 807 0x0000019ff4832d90 code [0x0000019ff4832f20, 0x0000019ff4832ff8]
Event: 3.450 Thread 0x0000019f8888c380  808       1       sun.awt.image.VolatileSurfaceManager::getPrimarySurfaceData (5 bytes)
Event: 3.450 Thread 0x0000019f8888c380 nmethod 808 0x0000019ff4833090 code [0x0000019ff4833220, 0x0000019ff48332f8]
Event: 3.450 Thread 0x0000019f8888c380  809  s    3       sun.java2d.d3d.D3DRenderQueue::getInstance (33 bytes)
Event: 3.450 Thread 0x0000019f8888c380 nmethod 809 0x0000019fed3e9d90 code [0x0000019fed3e9fe0, 0x0000019fed3eab58]
Event: 3.450 Thread 0x0000019f8888c380  810       1       java.awt.geom.AffineTransform::getTranslateY (5 bytes)
Event: 3.451 Thread 0x0000019f8888c380 nmethod 810 0x0000019ff4833390 code [0x0000019ff4833520, 0x0000019ff48335f8]
Event: 3.451 Thread 0x0000019f8888c380  811       3       java.awt.Component::getContainer (5 bytes)
Event: 3.452 Thread 0x0000019f8888c380 nmethod 811 0x0000019fed3eaf10 code [0x0000019fed3eb0a0, 0x0000019fed3eb1b8]
Event: 3.452 Thread 0x0000019f8888c380  812       3       java.awt.Rectangle::isEmpty (20 bytes)
Event: 3.452 Thread 0x0000019f8888c380 nmethod 812 0x0000019fed3eb290 code [0x0000019fed3eb420, 0x0000019fed3eb5d8]
Event: 3.452 Thread 0x0000019f8888c380  813   !   3       sun.java2d.SunGraphics2D::validateCompClip (186 bytes)

GC Heap History (11 events):
Event: 3.235 GC heap before
{Heap before GC invocations=0 (full 0):
 garbage-first heap   total 262144K, used 118784K [0x0000000701200000, 0x0000000800000000)
  region size 2048K, 10 young (20480K), 0 survivors (0K)
 Metaspace       used 12469K, committed 12672K, reserved 1064960K
  class space    used 1229K, committed 1344K, reserved 1048576K
}
Event: 3.238 GC heap after
{Heap after GC invocations=1 (full 0):
 garbage-first heap   total 262144K, used 50820K [0x0000000701200000, 0x0000000800000000)
  region size 2048K, 1 young (2048K), 1 survivors (2048K)
 Metaspace       used 12469K, committed 12672K, reserved 1064960K
  class space    used 1229K, committed 1344K, reserved 1048576K
}
Event: 3.280 GC heap before
{Heap before GC invocations=1 (full 0):
 garbage-first heap   total 262144K, used 116356K [0x0000000701200000, 0x0000000800000000)
  region size 2048K, 6 young (12288K), 1 survivors (2048K)
 Metaspace       used 12471K, committed 12672K, reserved 1064960K
  class space    used 1229K, committed 1344K, reserved 1048576K
}
Event: 3.282 GC heap after
{Heap after GC invocations=2 (full 0):
 garbage-first heap   total 262144K, used 34467K [0x0000000701200000, 0x0000000800000000)
  region size 2048K, 1 young (2048K), 1 survivors (2048K)
 Metaspace       used 12471K, committed 12672K, reserved 1064960K
  class space    used 1229K, committed 1344K, reserved 1048576K
}
Event: 3.323 GC heap before
{Heap before GC invocations=2 (full 0):
 garbage-first heap   total 262144K, used 120483K [0x0000000701200000, 0x0000000800000000)
  region size 2048K, 8 young (16384K), 1 survivors (2048K)
 Metaspace       used 12475K, committed 12672K, reserved 1064960K
  class space    used 1229K, committed 1344K, reserved 1048576K
}
Event: 3.325 GC heap after
{Heap after GC invocations=3 (full 0):
 garbage-first heap   total 262144K, used 34498K [0x0000000701200000, 0x0000000800000000)
  region size 2048K, 1 young (2048K), 1 survivors (2048K)
 Metaspace       used 12475K, committed 12672K, reserved 1064960K
  class space    used 1229K, committed 1344K, reserved 1048576K
}
Event: 3.367 GC heap before
{Heap before GC invocations=3 (full 0):
 garbage-first heap   total 262144K, used 120514K [0x0000000701200000, 0x0000000800000000)
  region size 2048K, 8 young (16384K), 1 survivors (2048K)
 Metaspace       used 12480K, committed 12672K, reserved 1064960K
  class space    used 1229K, committed 1344K, reserved 1048576K
}
Event: 3.368 GC heap after
{Heap after GC invocations=4 (full 0):
 garbage-first heap   total 262144K, used 34442K [0x0000000701200000, 0x0000000800000000)
  region size 2048K, 1 young (2048K), 1 survivors (2048K)
 Metaspace       used 12480K, committed 12672K, reserved 1064960K
  class space    used 1229K, committed 1344K, reserved 1048576K
}
Event: 3.409 GC heap before
{Heap before GC invocations=4 (full 0):
 garbage-first heap   total 262144K, used 120458K [0x0000000701200000, 0x0000000800000000)
  region size 2048K, 8 young (16384K), 1 survivors (2048K)
 Metaspace       used 12487K, committed 12672K, reserved 1064960K
  class space    used 1229K, committed 1344K, reserved 1048576K
}
Event: 3.411 GC heap after
{Heap after GC invocations=5 (full 0):
 garbage-first heap   total 262144K, used 34470K [0x0000000701200000, 0x0000000800000000)
  region size 2048K, 1 young (2048K), 1 survivors (2048K)
 Metaspace       used 12487K, committed 12672K, reserved 1064960K
  class space    used 1229K, committed 1344K, reserved 1048576K
}
Event: 3.452 GC heap before
{Heap before GC invocations=5 (full 0):
 garbage-first heap   total 262144K, used 122534K [0x0000000701200000, 0x0000000800000000)
  region size 2048K, 9 young (18432K), 1 survivors (2048K)
 Metaspace       used 12501K, committed 12672K, reserved 1064960K
  class space    used 1229K, committed 1344K, reserved 1048576K
}

Dll operation events (5 events):
Event: 0.006 Loaded shared library C:\Users\Bogdan\.p2\pool\plugins\org.eclipse.justj.openjdk.hotspot.jre.full.win32.x86_64_17.0.5.v20221102-0933\jre\bin\java.dll
Event: 0.098 Loaded shared library C:\Users\Bogdan\.p2\pool\plugins\org.eclipse.justj.openjdk.hotspot.jre.full.win32.x86_64_17.0.5.v20221102-0933\jre\bin\jimage.dll
Event: 0.127 Loaded shared library C:\Users\Bogdan\.p2\pool\plugins\org.eclipse.justj.openjdk.hotspot.jre.full.win32.x86_64_17.0.5.v20221102-0933\jre\bin\awt.dll
Event: 0.429 Loaded shared library C:\Users\Bogdan\.p2\pool\plugins\org.eclipse.justj.openjdk.hotspot.jre.full.win32.x86_64_17.0.5.v20221102-0933\jre\bin\freetype.dll
Event: 0.430 Loaded shared library C:\Users\Bogdan\.p2\pool\plugins\org.eclipse.justj.openjdk.hotspot.jre.full.win32.x86_64_17.0.5.v20221102-0933\jre\bin\fontmanager.dll

Deoptimization events (10 events):
Event: 0.444 Thread 0x0000019fe9663270 DEOPT PACKING pc=0x0000019fed2d5e67 sp=0x0000005bf11fcc90
Event: 0.444 Thread 0x0000019fe9663270 DEOPT UNPACKING pc=0x0000019fecd72b43 sp=0x0000005bf11fc0b0 mode 0
Event: 0.483 Thread 0x0000019f893be790 Uncommon trap: trap_request=0xffffff45 fr.pc=0x0000019ff48142d8 relative=0x0000000000000518
Event: 0.483 Thread 0x0000019f893be790 Uncommon trap: reason=unstable_if action=reinterpret pc=0x0000019ff48142d8 method=java.lang.StringLatin1.replace([BCC)Ljava/lang/String; @ 19 c2
Event: 0.483 Thread 0x0000019f893be790 DEOPT PACKING pc=0x0000019ff48142d8 sp=0x0000005bf2a0cdc0
Event: 0.483 Thread 0x0000019f893be790 DEOPT UNPACKING pc=0x0000019fecd723a3 sp=0x0000005bf2a0cd40 mode 2
Event: 0.580 Thread 0x0000019f893be790 Uncommon trap: trap_request=0xffffff45 fr.pc=0x0000019ff4815c60 relative=0x00000000000002a0
Event: 0.580 Thread 0x0000019f893be790 Uncommon trap: reason=unstable_if action=reinterpret pc=0x0000019ff4815c60 method=newproject.main$1.paintComponent(Ljava/awt/Graphics;)V @ 785 c2
Event: 0.580 Thread 0x0000019f893be790 DEOPT PACKING pc=0x0000019ff4815c60 sp=0x0000005bf2a0ddd0
Event: 0.580 Thread 0x0000019f893be790 DEOPT UNPACKING pc=0x0000019fecd723a3 sp=0x0000005bf2a0dc20 mode 2

Classes unloaded (0 events):
No events

Classes redefined (0 events):
No events

Internal exceptions (13 events):
Event: 0.118 Thread 0x0000019fe9663270 Exception <a 'java/lang/ClassNotFoundException'{0x0000000711186910}: sun/awt/resources/spi/awtProvider> (0x0000000711186910) 
thrown [s\src\hotspot\share\classfile\systemDictionary.cpp, line 256]
Event: 0.142 Thread 0x0000019fe9663270 Exception <a 'java/io/FileNotFoundException'{0x00000007111e12d8}> (0x00000007111e12d8) 
thrown [s\src\hotspot\share\prims\jni.cpp, line 516]
Event: 0.147 Thread 0x0000019fe9663270 Exception <a 'java/io/FileNotFoundException'{0x0000000710e0e6f0}> (0x0000000710e0e6f0) 
thrown [s\src\hotspot\share\prims\jni.cpp, line 516]
Event: 0.184 Thread 0x0000019fe9663270 Exception <a 'java/lang/NoSuchMethodError'{0x0000000710e4ef00}: 'java.lang.Object java.lang.invoke.DirectMethodHandle$Holder.invokeStaticInit(java.lang.Object)'> (0x0000000710e4ef00) 
thrown [s\src\hotspot\share\interpreter\linkResolver.cpp, line 759]
Event: 0.356 Thread 0x0000019fe9663270 Exception <a 'java/lang/NoSuchMethodError'{0x0000000710f001b0}: 'void java.lang.invoke.DirectMethodHandle$Holder.invokeSpecial(java.lang.Object, java.lang.Object, java.lang.Object)'> (0x0000000710f001b0) 
thrown [s\src\hotspot\share\interpreter\linkResolver.cpp, line 759]
Event: 0.363 Thread 0x0000019fe9663270 Exception <a 'java/lang/NoSuchMethodError'{0x0000000710f2a190}: 'java.lang.Object java.lang.invoke.DirectMethodHandle$Holder.newInvokeSpecial(java.lang.Object, java.lang.Object, java.lang.Object, java.lang.Object, java.lang.Object)'> (0x0000000710f2a190) 
thrown [s\src\hotspot\share\interpreter\linkResolver.cpp, line 759]
Event: 0.364 Thread 0x0000019fe9663270 Exception <a 'java/lang/NoSuchMethodError'{0x0000000710f35db8}: 'java.lang.Object java.lang.invoke.DirectMethodHandle$Holder.invokeStatic(java.lang.Object, int, java.lang.Object, java.lang.Object, java.lang.Object, java.lang.Object)'> (0x0000000710f35db8) 
thrown [s\src\hotspot\share\interpreter\linkResolver.cpp, line 759]
Event: 0.367 Thread 0x0000019fe9663270 Exception <a 'java/lang/NoSuchMethodError'{0x0000000710f5b578}: 'java.lang.Object java.lang.invoke.DirectMethodHandle$Holder.invokeStatic(java.lang.Object, int, java.lang.Object)'> (0x0000000710f5b578) 
thrown [s\src\hotspot\share\interpreter\linkResolver.cpp, line 759]
Event: 0.388 Thread 0x0000019fe9663270 Exception <a 'java/lang/ClassNotFoundException'{0x0000000710c134c8}: com/sun/swing/internal/plaf/metal/resources/spi/metalProvider> (0x0000000710c134c8) 
thrown [s\src\hotspot\share\classfile\systemDictionary.cpp, line 256]
Event: 0.389 Thread 0x0000019fe9663270 Exception <a 'java/lang/ClassNotFoundException'{0x0000000710c170c8}: com/sun/swing/internal/plaf/basic/resources/spi/basicProvider> (0x0000000710c170c8) 
thrown [s\src\hotspot\share\classfile\systemDictionary.cpp, line 256]
Event: 0.405 Thread 0x0000019fe9663270 Exception <a 'java/lang/NoSuchMethodError'{0x0000000710c46fe0}: 'void java.lang.invoke.DirectMethodHandle$Holder.invokeStatic(java.lang.Object, java.lang.Object, java.lang.Object)'> (0x0000000710c46fe0) 
thrown [s\src\hotspot\share\interpreter\linkResolver.cpp, line 759]
Event: 0.424 Thread 0x0000019fe9663270 Exception <a 'java/lang/NoSuchMethodError'{0x0000000710cdc910}: 'void java.lang.invoke.DirectMethodHandle$Holder.invokeStaticInit(java.lang.Object)'> (0x0000000710cdc910) 
thrown [s\src\hotspot\share\interpreter\linkResolver.cpp, line 759]
Event: 0.468 Thread 0x0000019f88eea690 Exception <a 'java/lang/NoSuchMethodError'{0x0000000710e771e0}: 'void java.lang.invoke.DirectMethodHandle$Holder.invokeVirtual(java.lang.Object, java.lang.Object)'> (0x0000000710e771e0) 
thrown [s\src\hotspot\share\interpreter\linkResolver.cpp, line 759]

VM Operations (20 events):
Event: 0.397 Executing VM operation: HandshakeAllThreads done
Event: 0.444 Executing VM operation: HandshakeAllThreads
Event: 0.444 Executing VM operation: HandshakeAllThreads done
Event: 0.568 Executing VM operation: HandshakeAllThreads
Event: 0.568 Executing VM operation: HandshakeAllThreads done
Event: 1.573 Executing VM operation: Cleanup
Event: 1.573 Executing VM operation: Cleanup done
Event: 2.587 Executing VM operation: Cleanup
Event: 2.587 Executing VM operation: Cleanup done
Event: 3.235 Executing VM operation: G1CollectForAllocation
Event: 3.238 Executing VM operation: G1CollectForAllocation done
Event: 3.280 Executing VM operation: G1TryInitiateConcMark
Event: 3.282 Executing VM operation: G1TryInitiateConcMark done
Event: 3.323 Executing VM operation: G1TryInitiateConcMark
Event: 3.325 Executing VM operation: G1TryInitiateConcMark done
Event: 3.367 Executing VM operation: G1TryInitiateConcMark
Event: 3.369 Executing VM operation: G1TryInitiateConcMark done
Event: 3.409 Executing VM operation: G1TryInitiateConcMark
Event: 3.411 Executing VM operation: G1TryInitiateConcMark done
Event: 3.452 Executing VM operation: G1TryInitiateConcMark

Events (20 events):
Event: 0.640 loading class java/lang/invoke/VarHandleLongs$FieldInstanceReadWrite done
Event: 0.640 loading class java/lang/invoke/VarHandleInts$FieldStaticReadWrite
Event: 0.640 loading class java/lang/invoke/VarHandleInts$FieldStaticReadOnly
Event: 0.640 loading class java/lang/invoke/VarHandleInts$FieldStaticReadOnly done
Event: 0.640 loading class java/lang/invoke/VarHandleInts$FieldStaticReadWrite done
Event: 0.640 loading class java/util/concurrent/ForkJoinPool$DefaultForkJoinWorkerThreadFactory
Event: 0.640 loading class java/util/concurrent/ForkJoinPool$ForkJoinWorkerThreadFactory
Event: 0.640 loading class java/util/concurrent/ForkJoinPool$ForkJoinWorkerThreadFactory done
Event: 0.640 loading class java/util/concurrent/ForkJoinPool$DefaultForkJoinWorkerThreadFactory done
Event: 0.640 loading class java/util/concurrent/ForkJoinPool$1
Event: 0.640 loading class java/util/concurrent/ForkJoinPool$1 done
Event: 0.640 loading class java/util/concurrent/ForkJoinPool$DefaultCommonPoolForkJoinWorkerThreadFactory
Event: 0.640 loading class java/util/concurrent/ForkJoinPool$DefaultCommonPoolForkJoinWorkerThreadFactory done
Event: 0.640 loading class java/util/concurrent/ForkJoinPool$WorkQueue
Event: 0.640 loading class java/util/concurrent/ForkJoinPool$WorkQueue done
Event: 0.640 loading class java/util/concurrent/ForkJoinWorkerThread
Event: 0.641 loading class java/util/concurrent/ForkJoinWorkerThread done
Event: 0.850 Thread 0x0000019f89495590 Thread exited: 0x0000019f89495590
Event: 1.523 loading class java/awt/LightweightDispatcher$2
Event: 1.523 loading class java/awt/LightweightDispatcher$2 done


Dynamic libraries:
0x00007ff6826f0000 - 0x00007ff6826fe000 	C:\Users\Bogdan\.p2\pool\plugins\org.eclipse.justj.openjdk.hotspot.jre.full.win32.x86_64_17.0.5.v20221102-0933\jre\bin\javaw.exe
0x00007ffce0610000 - 0x00007ffce0808000 	C:\WINDOWS\SYSTEM32\ntdll.dll
0x00007ffcdf020000 - 0x00007ffcdf0e2000 	C:\WINDOWS\System32\KERNEL32.DLL
0x00007ffcddf90000 - 0x00007ffcde28f000 	C:\WINDOWS\System32\KERNELBASE.dll
0x00007ffcde3e0000 - 0x00007ffcde4e0000 	C:\WINDOWS\System32\ucrtbase.dll
0x00007ffcda860000 - 0x00007ffcda879000 	C:\Users\Bogdan\.p2\pool\plugins\org.eclipse.justj.openjdk.hotspot.jre.full.win32.x86_64_17.0.5.v20221102-0933\jre\bin\VCRUNTIME140.dll
0x00007ffcda840000 - 0x00007ffcda857000 	C:\Users\Bogdan\.p2\pool\plugins\org.eclipse.justj.openjdk.hotspot.jre.full.win32.x86_64_17.0.5.v20221102-0933\jre\bin\jli.dll
0x00007ffcdfde0000 - 0x00007ffcdff7d000 	C:\WINDOWS\System32\USER32.dll
0x00007ffcde3b0000 - 0x00007ffcde3d2000 	C:\WINDOWS\System32\win32u.dll
0x00007ffcdfc50000 - 0x00007ffcdfc7b000 	C:\WINDOWS\System32\GDI32.dll
0x00007ffcc8620000 - 0x00007ffcc88ba000 	C:\WINDOWS\WinSxS\amd64_microsoft.windows.common-controls_6595b64144ccf1df_6.0.19041.4355_none_60b8b9eb71f62e16\COMCTL32.dll
0x00007ffcdf0f0000 - 0x00007ffcdf18e000 	C:\WINDOWS\System32\msvcrt.dll
0x00007ffcde290000 - 0x00007ffcde3aa000 	C:\WINDOWS\System32\gdi32full.dll
0x00007ffcddd40000 - 0x00007ffcddddd000 	C:\WINDOWS\System32\msvcp_win.dll
0x00007ffcdfc80000 - 0x00007ffcdfcaf000 	C:\WINDOWS\System32\IMM32.DLL
0x00007ffcdb2f0000 - 0x00007ffcdb2fc000 	C:\Users\Bogdan\.p2\pool\plugins\org.eclipse.justj.openjdk.hotspot.jre.full.win32.x86_64_17.0.5.v20221102-0933\jre\bin\vcruntime140_1.dll
0x00007ffcb73a0000 - 0x00007ffcb7431000 	C:\Users\Bogdan\.p2\pool\plugins\org.eclipse.justj.openjdk.hotspot.jre.full.win32.x86_64_17.0.5.v20221102-0933\jre\bin\msvcp140.dll
0x00007ffc86fe0000 - 0x00007ffc87c24000 	C:\Users\Bogdan\.p2\pool\plugins\org.eclipse.justj.openjdk.hotspot.jre.full.win32.x86_64_17.0.5.v20221102-0933\jre\bin\server\jvm.dll
0x00007ffcdf2c0000 - 0x00007ffcdf36f000 	C:\WINDOWS\System32\ADVAPI32.dll
0x00007ffcdfd40000 - 0x00007ffcdfddf000 	C:\WINDOWS\System32\sechost.dll
0x00007ffcdf190000 - 0x00007ffcdf2b3000 	C:\WINDOWS\System32\RPCRT4.dll
0x00007ffcde4e0000 - 0x00007ffcde507000 	C:\WINDOWS\System32\bcrypt.dll
0x00007ffcdb2e0000 - 0x00007ffcdb2e9000 	C:\WINDOWS\SYSTEM32\WSOCK32.dll
0x00007ffccc470000 - 0x00007ffccc497000 	C:\WINDOWS\SYSTEM32\WINMM.dll
0x00007ffcdee80000 - 0x00007ffcdeeeb000 	C:\WINDOWS\System32\WS2_32.dll
0x00007ffcd6ed0000 - 0x00007ffcd6eda000 	C:\WINDOWS\SYSTEM32\VERSION.dll
0x00007ffcdbb10000 - 0x00007ffcdbb22000 	C:\WINDOWS\SYSTEM32\kernel.appcore.dll
0x00007ffcd5210000 - 0x00007ffcd521a000 	C:\Users\Bogdan\.p2\pool\plugins\org.eclipse.justj.openjdk.hotspot.jre.full.win32.x86_64_17.0.5.v20221102-0933\jre\bin\jimage.dll
0x00007ffccaee0000 - 0x00007ffccb0c4000 	C:\WINDOWS\SYSTEM32\DBGHELP.DLL
0x00007ffcc0030000 - 0x00007ffcc0064000 	C:\WINDOWS\SYSTEM32\dbgcore.DLL
0x00007ffcddcb0000 - 0x00007ffcddd32000 	C:\WINDOWS\System32\bcryptPrimitives.dll
0x00007ffcc5a50000 - 0x00007ffcc5a75000 	C:\Users\Bogdan\.p2\pool\plugins\org.eclipse.justj.openjdk.hotspot.jre.full.win32.x86_64_17.0.5.v20221102-0933\jre\bin\java.dll
0x00007ffcd09c0000 - 0x00007ffcd09d8000 	C:\Users\Bogdan\.p2\pool\plugins\org.eclipse.justj.openjdk.hotspot.jre.full.win32.x86_64_17.0.5.v20221102-0933\jre\bin\zip.dll
0x00007ffcde710000 - 0x00007ffcdee7d000 	C:\WINDOWS\System32\SHELL32.dll
0x00007ffcdbd10000 - 0x00007ffcdc4b4000 	C:\WINDOWS\SYSTEM32\windows.storage.dll
0x00007ffcdf4b0000 - 0x00007ffcdf805000 	C:\WINDOWS\System32\combase.dll
0x00007ffcdd600000 - 0x00007ffcdd62b000 	C:\WINDOWS\SYSTEM32\Wldp.dll
0x00007ffcdfb60000 - 0x00007ffcdfc2d000 	C:\WINDOWS\System32\OLEAUT32.dll
0x00007ffcdff80000 - 0x00007ffce002d000 	C:\WINDOWS\System32\SHCORE.dll
0x00007ffcdf370000 - 0x00007ffcdf3c5000 	C:\WINDOWS\System32\shlwapi.dll
0x00007ffcddbe0000 - 0x00007ffcddc05000 	C:\WINDOWS\SYSTEM32\profapi.dll
0x00007ffcb2d00000 - 0x00007ffcb2e8e000 	C:\Users\Bogdan\.p2\pool\plugins\org.eclipse.justj.openjdk.hotspot.jre.full.win32.x86_64_17.0.5.v20221102-0933\jre\bin\awt.dll
0x00007ffcdaf00000 - 0x00007ffcdaf94000 	C:\WINDOWS\SYSTEM32\apphelp.dll
0x00007ffcdb730000 - 0x00007ffcdb75f000 	C:\WINDOWS\system32\DWMAPI.DLL
0x00007ffcdb600000 - 0x00007ffcdb69e000 	C:\WINDOWS\system32\uxtheme.dll
0x00007ffcb1440000 - 0x00007ffcb1568000 	C:\WINDOWS\system32\opengl32.dll
0x00007ffcc5000000 - 0x00007ffcc502c000 	C:\WINDOWS\SYSTEM32\GLU32.dll
0x00007ffcdfa40000 - 0x00007ffcdfb55000 	C:\WINDOWS\System32\MSCTF.dll
0x00007ffcdeef0000 - 0x00007ffcdf01b000 	C:\WINDOWS\System32\ole32.dll
0x00007ffcb1090000 - 0x00007ffcb1261000 	C:\WINDOWS\system32\d3d9.dll
0x00007ffcd4a60000 - 0x00007ffcd4b21000 	C:\WINDOWS\System32\DriverStore\FileRepository\nv_dispig.inf_amd64_0afec3f2050014a0\nvldumdx.dll
0x00007ffcdd870000 - 0x00007ffcdd882000 	C:\WINDOWS\SYSTEM32\msasn1.dll
0x00007ffcd71f0000 - 0x00007ffcd7221000 	C:\WINDOWS\SYSTEM32\cryptnet.dll
0x00007ffcdde30000 - 0x00007ffcddf8c000 	C:\WINDOWS\System32\CRYPT32.dll
0x00007ffcdd570000 - 0x00007ffcdd57c000 	C:\WINDOWS\SYSTEM32\cryptbase.dll
0x00007ffcd7050000 - 0x00007ffcd7197000 	C:\WINDOWS\SYSTEM32\drvstore.dll
0x00007ffcdda40000 - 0x00007ffcdda73000 	C:\WINDOWS\SYSTEM32\devobj.dll
0x00007ffcddde0000 - 0x00007ffcdde2e000 	C:\WINDOWS\System32\cfgmgr32.dll
0x00007ffcde5c0000 - 0x00007ffcde628000 	C:\WINDOWS\System32\wintrust.dll
0x00007ffcdfc30000 - 0x00007ffcdfc4d000 	C:\WINDOWS\System32\imagehlp.dll
0x00007ffcdd640000 - 0x00007ffcdd658000 	C:\WINDOWS\SYSTEM32\CRYPTSP.dll
0x00007ffcdccb0000 - 0x00007ffcdcce8000 	C:\WINDOWS\system32\rsaenh.dll
0x00007ffcd14e0000 - 0x00007ffcd34ce000 	C:\WINDOWS\System32\DriverStore\FileRepository\nv_dispig.inf_amd64_0afec3f2050014a0\nvgpucomp64.dll
0x00007ffc6d8f0000 - 0x00007ffc6f384000 	C:\WINDOWS\System32\DriverStore\FileRepository\nv_dispig.inf_amd64_0afec3f2050014a0\nvd3dumx.dll
0x00007ffcdc4d0000 - 0x00007ffcdc4f3000 	C:\WINDOWS\SYSTEM32\gpapi.dll
0x00007ffcb0f30000 - 0x00007ffcb1085000 	C:\WINDOWS\System32\DriverStore\FileRepository\nv_dispig.inf_amd64_0afec3f2050014a0\nvppex.dll
0x00007ffcd50c0000 - 0x00007ffcd50fb000 	C:\WINDOWS\SYSTEM32\dxcore.dll
0x00007ffcb6f80000 - 0x00007ffcb7006000 	C:\Users\Bogdan\.p2\pool\plugins\org.eclipse.justj.openjdk.hotspot.jre.full.win32.x86_64_17.0.5.v20221102-0933\jre\bin\freetype.dll
0x00007ffcb1370000 - 0x00007ffcb1435000 	C:\Users\Bogdan\.p2\pool\plugins\org.eclipse.justj.openjdk.hotspot.jre.full.win32.x86_64_17.0.5.v20221102-0933\jre\bin\fontmanager.dll
0x00007ffcd4b30000 - 0x00007ffcd4c29000 	C:\WINDOWS\SYSTEM32\textinputframework.dll
0x00007ffcda890000 - 0x00007ffcdabeb000 	C:\WINDOWS\System32\CoreUIComponents.dll
0x00007ffcdabf0000 - 0x00007ffcdace2000 	C:\WINDOWS\System32\CoreMessaging.dll
0x00007ffcdcf00000 - 0x00007ffcdcf33000 	C:\WINDOWS\SYSTEM32\ntmarta.dll
0x00007ffcd9ef0000 - 0x00007ffcda047000 	C:\WINDOWS\SYSTEM32\wintypes.dll

dbghelp: loaded successfully - version: 4.0.5 - missing functions: none
symbol engine: initialized successfully - sym options: 0x614 - pdb path: .;C:\Users\Bogdan\.p2\pool\plugins\org.eclipse.justj.openjdk.hotspot.jre.full.win32.x86_64_17.0.5.v20221102-0933\jre\bin;C:\WINDOWS\SYSTEM32;C:\WINDOWS\WinSxS\amd64_microsoft.windows.common-controls_6595b64144ccf1df_6.0.19041.4355_none_60b8b9eb71f62e16;C:\Users\Bogdan\.p2\pool\plugins\org.eclipse.justj.openjdk.hotspot.jre.full.win32.x86_64_17.0.5.v20221102-0933\jre\bin\server;C:\WINDOWS\System32\DriverStore\FileRepository\nv_dispig.inf_amd64_0afec3f2050014a0

VM Arguments:
jvm_args: -Dfile.encoding=UTF-8 -XX:+ShowCodeDetailsInExceptionMessages 
java_command: newproject.main
java_class_path (initial): C:\Users\Bogdan\Desktop\personal\newproject\bin
Launcher Type: SUN_STANDARD

[Global flags]
     intx CICompilerCount                          = 3                                         {product} {ergonomic}
     uint ConcGCThreads                            = 2                                         {product} {ergonomic}
     uint G1ConcRefinementThreads                  = 6                                         {product} {ergonomic}
   size_t G1HeapRegionSize                         = 2097152                                   {product} {ergonomic}
    uintx GCDrainStackTargetSize                   = 64                                        {product} {ergonomic}
   size_t InitialHeapSize                          = 268435456                                 {product} {ergonomic}
   size_t MarkStackSize                            = 4194304                                   {product} {ergonomic}
   size_t MaxHeapSize                              = 4276092928                                {product} {ergonomic}
   size_t MaxNewSize                               = 2564816896                                {product} {ergonomic}
   size_t MinHeapDeltaBytes                        = 2097152                                   {product} {ergonomic}
   size_t MinHeapSize                              = 8388608                                   {product} {ergonomic}
    uintx NonNMethodCodeHeapSize                   = 5832780                                {pd product} {ergonomic}
    uintx NonProfiledCodeHeapSize                  = 122912730                              {pd product} {ergonomic}
    uintx ProfiledCodeHeapSize                     = 122912730                              {pd product} {ergonomic}
    uintx ReservedCodeCacheSize                    = 251658240                              {pd product} {ergonomic}
     bool SegmentedCodeCache                       = true                                      {product} {ergonomic}
     bool ShowCodeDetailsInExceptionMessages       = true                                   {manageable} {command line}
   size_t SoftMaxHeapSize                          = 4276092928                             {manageable} {ergonomic}
     bool UseCompressedClassPointers               = true                           {product lp64_product} {ergonomic}
     bool UseCompressedOops                        = true                           {product lp64_product} {ergonomic}
     bool UseG1GC                                  = true                                      {product} {ergonomic}
     bool UseLargePagesIndividualAllocation        = false                                  {pd product} {ergonomic}

Logging:
Log output configuration:
 #0: stdout all=warning uptime,level,tags
 #1: stderr all=off uptime,level,tags

Environment Variables:
JAVA_HOME=C:\Users\Bogdan\AppData\Local\Coursier\cache\arc\https\github.com\adoptium\temurin11-binaries\releases\download\jdk-11.0.25%252B9\OpenJDK11U-jdk_x64_windows_hotspot_11.0.25_9.zip\jdk-11.0.25+9
PATH=C:/Users/Bogdan/.p2/pool/plugins/org.eclipse.justj.openjdk.hotspot.jre.full.win32.x86_64_17.0.5.v20221102-0933/jre/bin/server;C:/Users/Bogdan/.p2/pool/plugins/org.eclipse.justj.openjdk.hotspot.jre.full.win32.x86_64_17.0.5.v20221102-0933/jre/bin;C:\Program Files\Eclipse Adoptium\jdk-17.0.14.7-hotspot\bin;C:\Python313\Scripts\;C:\Python313\;C:\Program Files (x86)\Eclipse Adoptium\jdk-17.0.13.11-hotspot\bin;C:\Program Files\Common Files\Oracle\Java\javapath;C:\WINDOWS\system32;C:\WINDOWS;C:\WINDOWS\System32\Wbem;C:\WINDOWS\System32\WindowsPowerShell\v1.0\;C:\WINDOWS\System32\OpenSSH\;C:\Program Files\Java\jdk-23\bin;C:\Program Files (x86)\sbt\bin;C:\Program Files (x86)\Windows Kits\10\Windows Performance Toolkit\;C:\ProgramData\chocolatey\bin;C:\Program Files\scala-cli-x86_64-pc-win32\;C:\Program Files\nodejs\;C:\Program Files\dotnet\;C:\Program Files\LLVM\bin;C:\Program Files\Docker\Docker\resources\bin;C:\Program Files\Git\cmd;C:\Users\Bogdan\scoop\apps\llvm\current\bin;C:\Users\Bogdan\scoop\shims;C:\Users\Bogdan\AppData\Local\Microsoft\WindowsApps;C:\Users\Bogdan\AppData\Local\Coursier\cache\arc\https\github.com\adoptium\temurin11-binaries\releases\download\jdk-11.0.25%252B9\OpenJDK11U-jdk_x64_windows_hotspot_11.0.25_9.zip\jdk-11.0.25+9\bin;C:\Users\Bogdan\AppData\Local\Coursier\data\bin;C:\Users\Bogdan\AppData\Local\JetBrains\Toolbox\scripts;C:\Users\Bogdan\AppData\Roaming\npm;C:\Users\Bogdan\.dotnet\tools;C:\Users\Bogdan\Desktop;
USERNAME=Bogdan
OS=Windows_NT
PROCESSOR_IDENTIFIER=Intel64 Family 6 Model 158 Stepping 10, GenuineIntel
TMP=C:\Users\Bogdan\AppData\Local\Temp
TEMP=C:\Users\Bogdan\AppData\Local\Temp



---------------  S Y S T E M  ---------------

OS:
 Windows 10 , 64 bit Build 19041 (10.0.19041.5438)
OS uptime: 2 days 13:38 hours
Hyper-V role detected

CPU: total 6 (initial active 6) (6 cores per cpu, 1 threads per core) family 6 model 158 stepping 10 microcode 0xb4, cx8, cmov, fxsr, mmx, 3dnowpref, sse, sse2, sse3, ssse3, sse4.1, sse4.2, popcnt, lzcnt, tsc, tscinvbit, avx, avx2, aes, erms, clmul, bmi1, bmi2, adx, fma, vzeroupper, clflush, clflushopt, hv

Memory: 4k page, system-wide physical 16304M (5533M free)
TotalPageFile size 44741M (AvailPageFile size 59M)
current process WorkingSet (physical memory assigned to process): 211M, peak: 211M
current process commit charge ("private bytes"): 414M, peak: 506M

vm_info: OpenJDK 64-Bit Server VM (17.0.5+8) for windows-amd64 JRE (17.0.5+8), built on Oct 19 2022 04:48:13 by "temurin" with MS VC++ 16.7 (VS2019)

END.
