#
# There is insufficient memory for the Java Runtime Environment to continue.
# Native memory allocation (malloc) failed to allocate 1691056 bytes for Chunk::new
# Possible reasons:
#   The system is out of physical RAM or swap space
#   The process is running with CompressedOops enabled, and the Java Heap may be blocking the growth of the native heap
# Possible solutions:
#   Reduce memory load on the system
#   Increase physical memory or swap space
#   Check if swap backing store is full
#   Decrease Java heap size (-Xmx/-Xms)
#   Decrease number of Java threads
#   Decrease Java thread stack sizes (-Xss)
#   Set larger code cache with -XX:ReservedCodeCacheSize=
#   JVM is running with Zero Based Compressed Oops mode in which the Java heap is
#     placed in the first 32GB address space. The Java Heap base address is the
#     maximum limit for the native heap growth. Please use -XX:HeapBaseMinAddress
#     to set the Java Heap base and to place the Java Heap above 32GB virtual address.
# This output file may be truncated or incomplete.
#
#  Out of Memory Error (arena.cpp:189), pid=4804, tid=16588
#
# JRE version: OpenJDK Runtime Environment Temurin-17.0.5+8 (17.0.5+8) (build 17.0.5+8)
# Java VM: OpenJDK 64-Bit Server VM Temurin-17.0.5+8 (17.0.5+8, mixed mode, tiered, compressed oops, compressed class ptrs, g1 gc, windows-amd64)
# No core dump will be written. Minidumps are not enabled by default on client versions of Windows
#

---------------  S U M M A R Y ------------

Command Line: -Dfile.encoding=UTF-8 --module-path=C:\Users\Bogdan\Desktop\personal\newproject\bin -XX:+ShowCodeDetailsInExceptionMessages -Djdk.module.main=newproject newproject/newproject.main

Host: Intel(R) Core(TM) i5-8400 CPU @ 2.80GHz, 6 cores, 15G,  Windows 10 , 64 bit Build 19041 (10.0.19041.5678)
Time: Thu Apr 17 03:26:03 2025 E. Europe Daylight Time elapsed time: 1.117212 seconds (0d 0h 0m 1s)

---------------  T H R E A D  ---------------

Current thread (0x000001a10f7fb820):  JavaThread "C2 CompilerThread1" daemon [_thread_in_native, id=16588, stack(0x0000009fddf00000,0x0000009fde000000)]


Current CompileTask:
C2:   1117  792 %     4       newproject.main$1::paintComponent @ 1615 (2064 bytes)

Stack: [0x0000009fddf00000,0x0000009fde000000]
Native frames: (J=compiled Java code, j=interpreted, Vv=VM code, C=native code)
V  [jvm.dll+0x676b3a]
V  [jvm.dll+0x831444]
V  [jvm.dll+0x832bee]
V  [jvm.dll+0x833253]
V  [jvm.dll+0x244ce5]
V  [jvm.dll+0xabbac]
V  [jvm.dll+0xac17c]
V  [jvm.dll+0x362d02]
V  [jvm.dll+0x32d591]
V  [jvm.dll+0x32ca3a]
V  [jvm.dll+0x217b51]
V  [jvm.dll+0x216f71]
V  [jvm.dll+0x1a343d]
V  [jvm.dll+0x22698a]
V  [jvm.dll+0x224ac5]
V  [jvm.dll+0x7e727b]
V  [jvm.dll+0x7e17ea]
V  [jvm.dll+0x6759e5]
C  [ucrtbase.dll+0x21bb2]
C  [KERNEL32.DLL+0x17374]
C  [ntdll.dll+0x4cc91]


---------------  P R O C E S S  ---------------

Threads class SMR info:
_java_thread_list=0x000001a10f4d7fd0, length=18, elements={
0x000001a17f888010, 0x000001a17f888e80, 0x000001a17f8a06b0, 0x000001a17f8a3170,
0x000001a17f8b2cd0, 0x000001a17f8b6a90, 0x000001a17f8b7770, 0x000001a17f8c2180,
0x000001a17f8c3e80, 0x000001a17fa4a030, 0x000001a17fb54cf0, 0x000001a17fbcf0c0,
0x000001a17fbcf590, 0x000001a17fbcfa60, 0x000001a10f62c2d0, 0x000001a16d5d1c20,
0x000001a17faa4040, 0x000001a10f7fb820
}

Java Threads: ( => current thread )
  0x000001a17f888010 JavaThread "Reference Handler" daemon [_thread_blocked, id=16996, stack(0x0000009fdcc00000,0x0000009fdcd00000)]
  0x000001a17f888e80 JavaThread "Finalizer" daemon [_thread_blocked, id=16856, stack(0x0000009fdcd00000,0x0000009fdce00000)]
  0x000001a17f8a06b0 JavaThread "Signal Dispatcher" daemon [_thread_blocked, id=6692, stack(0x0000009fdce00000,0x0000009fdcf00000)]
  0x000001a17f8a3170 JavaThread "Attach Listener" daemon [_thread_blocked, id=22008, stack(0x0000009fdcf00000,0x0000009fdd000000)]
  0x000001a17f8b2cd0 JavaThread "Service Thread" daemon [_thread_blocked, id=3856, stack(0x0000009fdd000000,0x0000009fdd100000)]
  0x000001a17f8b6a90 JavaThread "Monitor Deflation Thread" daemon [_thread_blocked, id=7796, stack(0x0000009fdd100000,0x0000009fdd200000)]
  0x000001a17f8b7770 JavaThread "C2 CompilerThread0" daemon [_thread_blocked, id=16752, stack(0x0000009fdd200000,0x0000009fdd300000)]
  0x000001a17f8c2180 JavaThread "C1 CompilerThread0" daemon [_thread_blocked, id=5840, stack(0x0000009fdd300000,0x0000009fdd400000)]
  0x000001a17f8c3e80 JavaThread "Sweeper thread" daemon [_thread_blocked, id=16004, stack(0x0000009fdd400000,0x0000009fdd500000)]
  0x000001a17fa4a030 JavaThread "Common-Cleaner" daemon [_thread_blocked, id=22852, stack(0x0000009fdd500000,0x0000009fdd600000)]
  0x000001a17fb54cf0 JavaThread "Notification Thread" daemon [_thread_blocked, id=3084, stack(0x0000009fdd600000,0x0000009fdd700000)]
  0x000001a17fbcf0c0 JavaThread "Java2D Disposer" daemon [_thread_blocked, id=22944, stack(0x0000009fdd800000,0x0000009fdd900000)]
  0x000001a17fbcf590 JavaThread "AWT-Shutdown" [_thread_blocked, id=18548, stack(0x0000009fdd900000,0x0000009fdda00000)]
  0x000001a17fbcfa60 JavaThread "AWT-Windows" daemon [_thread_in_native, id=16936, stack(0x0000009fdda00000,0x0000009fddb00000)]
  0x000001a10f62c2d0 JavaThread "AWT-EventQueue-0" [_thread_in_vm, id=19420, stack(0x0000009fddd00000,0x0000009fdde00000)]
  0x000001a16d5d1c20 JavaThread "DestroyJavaVM" [_thread_blocked, id=22948, stack(0x0000009fdc500000,0x0000009fdc600000)]
  0x000001a17faa4040 JavaThread "D3D Screen Updater" daemon [_thread_blocked, id=16864, stack(0x0000009fdde00000,0x0000009fddf00000)]
=>0x000001a10f7fb820 JavaThread "C2 CompilerThread1" daemon [_thread_in_native, id=16588, stack(0x0000009fddf00000,0x0000009fde000000)]

Other Threads:
  0x000001a17f874880 VMThread "VM Thread" [stack: 0x0000009fdcb00000,0x0000009fdcc00000] [id=20264]
  0x000001a16d65a940 WatcherThread [stack: 0x0000009fdd700000,0x0000009fdd800000] [id=11600]
  0x000001a16d63db30 GCTaskThread "GC Thread#0" [stack: 0x0000009fdc600000,0x0000009fdc700000] [id=10868]
  0x000001a118b7ca60 GCTaskThread "GC Thread#1" [stack: 0x0000009fde000000,0x0000009fde100000] [id=6812]
  0x000001a118b7cd10 GCTaskThread "GC Thread#2" [stack: 0x0000009fde100000,0x0000009fde200000] [id=23176]
  0x000001a117cff9b0 GCTaskThread "GC Thread#3" [stack: 0x0000009fde200000,0x0000009fde300000] [id=9016]
  0x000001a117e2c070 GCTaskThread "GC Thread#4" [stack: 0x0000009fde300000,0x0000009fde400000] [id=14440]
  0x000001a117cffc60 GCTaskThread "GC Thread#5" [stack: 0x0000009fde400000,0x0000009fde500000] [id=15876]
  0x000001a16d64f6f0 ConcurrentGCThread "G1 Main Marker" [stack: 0x0000009fdc700000,0x0000009fdc800000] [id=22200]
  0x000001a16d650100 ConcurrentGCThread "G1 Conc#0" [stack: 0x0000009fdc800000,0x0000009fdc900000] [id=14348]
  0x000001a17e8d6100 ConcurrentGCThread "G1 Refine#0" [stack: 0x0000009fdc900000,0x0000009fdca00000] [id=21896]
  0x000001a17e8d6b20 ConcurrentGCThread "G1 Service" [stack: 0x0000009fdca00000,0x0000009fdcb00000] [id=18216]

Threads with active compile tasks:
C2 CompilerThread1     1140  792 %     4       newproject.main$1::paintComponent @ 1615 (2064 bytes)

VM state: not at safepoint (normal execution)

VM Mutex/Monitor currently owned by a thread: None

Heap address: 0x0000000701200000, size: 4078 MB, Compressed Oops mode: Zero based, Oop shift amount: 3

CDS archive(s) not mapped
Compressed class space mapped at: 0x0000000800000000-0x0000000840000000, reserved size: 1073741824
Narrow klass base: 0x0000000800000000, Narrow klass shift: 0, Narrow klass range: 0x40000000

GC Precious Log:
 CPUs: 6 total, 6 available
 Memory: 16304M
 Large Page Support: Disabled
 NUMA Support: Disabled
 Compressed Oops: Enabled (Zero based)
 Heap Region Size: 2M
 Heap Min Capacity: 8M
 Heap Initial Capacity: 256M
 Heap Max Capacity: 4078M
 Pre-touch: Disabled
 Parallel Workers: 6
 Concurrent Workers: 2
 Concurrent Refinement Workers: 6
 Periodic GC: Disabled

Heap:
 garbage-first heap   total 262144K, used 52948K [0x0000000701200000, 0x0000000800000000)
  region size 2048K, 3 young (6144K), 1 survivors (2048K)
 Metaspace       used 13118K, committed 13248K, reserved 1064960K
  class space    used 1315K, committed 1408K, reserved 1048576K

Heap Regions: E=young(eden), S=young(survivor), O=old, HS=humongous(starts), HC=humongous(continues), CS=collection set, F=free, OA=open archive, CA=closed archive, TAMS=top-at-mark-start (previous, next)
|   0|0x0000000701200000, 0x0000000701400000, 0x0000000701400000|100%|HS|  |TAMS 0x0000000701200000, 0x0000000701200000| Complete 
|   1|0x0000000701400000, 0x0000000701600000, 0x0000000701600000|100%|HC|  |TAMS 0x0000000701400000, 0x0000000701400000| Complete 
|   2|0x0000000701600000, 0x0000000701800000, 0x0000000701800000|100%|HC|  |TAMS 0x0000000701600000, 0x0000000701600000| Complete 
|   3|0x0000000701800000, 0x0000000701a00000, 0x0000000701a00000|100%|HC|  |TAMS 0x0000000701800000, 0x0000000701800000| Complete 
|   4|0x0000000701a00000, 0x0000000701c00000, 0x0000000701c00000|100%|HS|  |TAMS 0x0000000701a00000, 0x0000000701a00000| Complete 
|   5|0x0000000701c00000, 0x0000000701e00000, 0x0000000701e00000|100%|HC|  |TAMS 0x0000000701c00000, 0x0000000701c00000| Complete 
|   6|0x0000000701e00000, 0x0000000702000000, 0x0000000702000000|100%|HC|  |TAMS 0x0000000701e00000, 0x0000000701e00000| Complete 
|   7|0x0000000702000000, 0x0000000702200000, 0x0000000702200000|100%|HC|  |TAMS 0x0000000702000000, 0x0000000702000000| Complete 
|   8|0x0000000702200000, 0x0000000702400000, 0x0000000702400000|100%|HC|  |TAMS 0x0000000702200000, 0x0000000702200000| Complete 
|   9|0x0000000702400000, 0x0000000702600000, 0x0000000702600000|100%|HC|  |TAMS 0x0000000702400000, 0x0000000702400000| Complete 
|  10|0x0000000702600000, 0x0000000702800000, 0x0000000702800000|100%|HC|  |TAMS 0x0000000702600000, 0x0000000702600000| Complete 
|  11|0x0000000702800000, 0x0000000702a00000, 0x0000000702a00000|100%|HC|  |TAMS 0x0000000702800000, 0x0000000702800000| Complete 
|  12|0x0000000702a00000, 0x0000000702c00000, 0x0000000702c00000|100%|HS|  |TAMS 0x0000000702a00000, 0x0000000702a00000| Complete 
|  13|0x0000000702c00000, 0x0000000702e00000, 0x0000000702e00000|100%|HC|  |TAMS 0x0000000702c00000, 0x0000000702c00000| Complete 
|  14|0x0000000702e00000, 0x0000000703000000, 0x0000000703000000|100%|HC|  |TAMS 0x0000000702e00000, 0x0000000702e00000| Complete 
|  15|0x0000000703000000, 0x0000000703200000, 0x0000000703200000|100%|HC|  |TAMS 0x0000000703000000, 0x0000000703000000| Complete 
|  16|0x0000000703200000, 0x0000000703400000, 0x0000000703400000|100%|HS|  |TAMS 0x0000000703200000, 0x0000000703200000| Complete 
|  17|0x0000000703400000, 0x0000000703600000, 0x0000000703600000|100%|HC|  |TAMS 0x0000000703400000, 0x0000000703400000| Complete 
|  18|0x0000000703600000, 0x0000000703800000, 0x0000000703800000|100%|HC|  |TAMS 0x0000000703600000, 0x0000000703600000| Complete 
|  19|0x0000000703800000, 0x0000000703a00000, 0x0000000703a00000|100%|HC|  |TAMS 0x0000000703800000, 0x0000000703800000| Complete 
|  20|0x0000000703a00000, 0x0000000703c00000, 0x0000000703c00000|100%|HC|  |TAMS 0x0000000703a00000, 0x0000000703a00000| Complete 
|  21|0x0000000703c00000, 0x0000000703e00000, 0x0000000703e00000|100%|HC|  |TAMS 0x0000000703c00000, 0x0000000703c00000| Complete 
|  22|0x0000000703e00000, 0x0000000704000000, 0x0000000704000000|100%|HC|  |TAMS 0x0000000703e00000, 0x0000000703e00000| Complete 
|  23|0x0000000704000000, 0x0000000704200000, 0x0000000704200000|100%|HC|  |TAMS 0x0000000704000000, 0x0000000704000000| Complete 
|  24|0x0000000704200000, 0x0000000704200000, 0x0000000704400000|  0%| F|  |TAMS 0x0000000704200000, 0x0000000704200000| Untracked 
|  25|0x0000000704400000, 0x0000000704400000, 0x0000000704600000|  0%| F|  |TAMS 0x0000000704400000, 0x0000000704400000| Untracked 
|  26|0x0000000704600000, 0x0000000704600000, 0x0000000704800000|  0%| F|  |TAMS 0x0000000704600000, 0x0000000704600000| Untracked 
|  27|0x0000000704800000, 0x0000000704800000, 0x0000000704a00000|  0%| F|  |TAMS 0x0000000704800000, 0x0000000704800000| Untracked 
|  28|0x0000000704a00000, 0x0000000704a00000, 0x0000000704c00000|  0%| F|  |TAMS 0x0000000704a00000, 0x0000000704a00000| Untracked 
|  29|0x0000000704c00000, 0x0000000704c00000, 0x0000000704e00000|  0%| F|  |TAMS 0x0000000704c00000, 0x0000000704c00000| Untracked 
|  30|0x0000000704e00000, 0x0000000704e00000, 0x0000000705000000|  0%| F|  |TAMS 0x0000000704e00000, 0x0000000704e00000| Untracked 
|  31|0x0000000705000000, 0x0000000705000000, 0x0000000705200000|  0%| F|  |TAMS 0x0000000705000000, 0x0000000705000000| Untracked 
|  32|0x0000000705200000, 0x0000000705200000, 0x0000000705400000|  0%| F|  |TAMS 0x0000000705200000, 0x0000000705200000| Untracked 
|  33|0x0000000705400000, 0x0000000705400000, 0x0000000705600000|  0%| F|  |TAMS 0x0000000705400000, 0x0000000705400000| Untracked 
|  34|0x0000000705600000, 0x0000000705600000, 0x0000000705800000|  0%| F|  |TAMS 0x0000000705600000, 0x0000000705600000| Untracked 
|  35|0x0000000705800000, 0x0000000705800000, 0x0000000705a00000|  0%| F|  |TAMS 0x0000000705800000, 0x0000000705800000| Untracked 
|  36|0x0000000705a00000, 0x0000000705a00000, 0x0000000705c00000|  0%| F|  |TAMS 0x0000000705a00000, 0x0000000705a00000| Untracked 
|  37|0x0000000705c00000, 0x0000000705c00000, 0x0000000705e00000|  0%| F|  |TAMS 0x0000000705c00000, 0x0000000705c00000| Untracked 
|  38|0x0000000705e00000, 0x0000000705e00000, 0x0000000706000000|  0%| F|  |TAMS 0x0000000705e00000, 0x0000000705e00000| Untracked 
|  39|0x0000000706000000, 0x0000000706000000, 0x0000000706200000|  0%| F|  |TAMS 0x0000000706000000, 0x0000000706000000| Untracked 
|  40|0x0000000706200000, 0x0000000706200000, 0x0000000706400000|  0%| F|  |TAMS 0x0000000706200000, 0x0000000706200000| Untracked 
|  41|0x0000000706400000, 0x0000000706400000, 0x0000000706600000|  0%| F|  |TAMS 0x0000000706400000, 0x0000000706400000| Untracked 
|  42|0x0000000706600000, 0x0000000706600000, 0x0000000706800000|  0%| F|  |TAMS 0x0000000706600000, 0x0000000706600000| Untracked 
|  43|0x0000000706800000, 0x0000000706800000, 0x0000000706a00000|  0%| F|  |TAMS 0x0000000706800000, 0x0000000706800000| Untracked 
|  44|0x0000000706a00000, 0x0000000706a00000, 0x0000000706c00000|  0%| F|  |TAMS 0x0000000706a00000, 0x0000000706a00000| Untracked 
|  45|0x0000000706c00000, 0x0000000706c00000, 0x0000000706e00000|  0%| F|  |TAMS 0x0000000706c00000, 0x0000000706c00000| Untracked 
|  46|0x0000000706e00000, 0x0000000706e00000, 0x0000000707000000|  0%| F|  |TAMS 0x0000000706e00000, 0x0000000706e00000| Untracked 
|  47|0x0000000707000000, 0x0000000707000000, 0x0000000707200000|  0%| F|  |TAMS 0x0000000707000000, 0x0000000707000000| Untracked 
|  48|0x0000000707200000, 0x0000000707200000, 0x0000000707400000|  0%| F|  |TAMS 0x0000000707200000, 0x0000000707200000| Untracked 
|  49|0x0000000707400000, 0x0000000707400000, 0x0000000707600000|  0%| F|  |TAMS 0x0000000707400000, 0x0000000707400000| Untracked 
|  50|0x0000000707600000, 0x0000000707600000, 0x0000000707800000|  0%| F|  |TAMS 0x0000000707600000, 0x0000000707600000| Untracked 
|  51|0x0000000707800000, 0x0000000707800000, 0x0000000707a00000|  0%| F|  |TAMS 0x0000000707800000, 0x0000000707800000| Untracked 
|  52|0x0000000707a00000, 0x0000000707a00000, 0x0000000707c00000|  0%| F|  |TAMS 0x0000000707a00000, 0x0000000707a00000| Untracked 
|  53|0x0000000707c00000, 0x0000000707c00000, 0x0000000707e00000|  0%| F|  |TAMS 0x0000000707c00000, 0x0000000707c00000| Untracked 
|  54|0x0000000707e00000, 0x0000000707e00000, 0x0000000708000000|  0%| F|  |TAMS 0x0000000707e00000, 0x0000000707e00000| Untracked 
|  55|0x0000000708000000, 0x0000000708000000, 0x0000000708200000|  0%| F|  |TAMS 0x0000000708000000, 0x0000000708000000| Untracked 
|  56|0x0000000708200000, 0x0000000708200000, 0x0000000708400000|  0%| F|  |TAMS 0x0000000708200000, 0x0000000708200000| Untracked 
|  57|0x0000000708400000, 0x0000000708400000, 0x0000000708600000|  0%| F|  |TAMS 0x0000000708400000, 0x0000000708400000| Untracked 
|  58|0x0000000708600000, 0x0000000708600000, 0x0000000708800000|  0%| F|  |TAMS 0x0000000708600000, 0x0000000708600000| Untracked 
|  59|0x0000000708800000, 0x0000000708800000, 0x0000000708a00000|  0%| F|  |TAMS 0x0000000708800000, 0x0000000708800000| Untracked 
|  60|0x0000000708a00000, 0x0000000708a00000, 0x0000000708c00000|  0%| F|  |TAMS 0x0000000708a00000, 0x0000000708a00000| Untracked 
|  61|0x0000000708c00000, 0x0000000708c00000, 0x0000000708e00000|  0%| F|  |TAMS 0x0000000708c00000, 0x0000000708c00000| Untracked 
|  62|0x0000000708e00000, 0x0000000708e00000, 0x0000000709000000|  0%| F|  |TAMS 0x0000000708e00000, 0x0000000708e00000| Untracked 
|  63|0x0000000709000000, 0x0000000709000000, 0x0000000709200000|  0%| F|  |TAMS 0x0000000709000000, 0x0000000709000000| Untracked 
|  64|0x0000000709200000, 0x0000000709200000, 0x0000000709400000|  0%| F|  |TAMS 0x0000000709200000, 0x0000000709200000| Untracked 
|  65|0x0000000709400000, 0x0000000709400000, 0x0000000709600000|  0%| F|  |TAMS 0x0000000709400000, 0x0000000709400000| Untracked 
|  66|0x0000000709600000, 0x0000000709600000, 0x0000000709800000|  0%| F|  |TAMS 0x0000000709600000, 0x0000000709600000| Untracked 
|  67|0x0000000709800000, 0x0000000709800000, 0x0000000709a00000|  0%| F|  |TAMS 0x0000000709800000, 0x0000000709800000| Untracked 
|  68|0x0000000709a00000, 0x0000000709a00000, 0x0000000709c00000|  0%| F|  |TAMS 0x0000000709a00000, 0x0000000709a00000| Untracked 
|  69|0x0000000709c00000, 0x0000000709c00000, 0x0000000709e00000|  0%| F|  |TAMS 0x0000000709c00000, 0x0000000709c00000| Untracked 
|  70|0x0000000709e00000, 0x0000000709e00000, 0x000000070a000000|  0%| F|  |TAMS 0x0000000709e00000, 0x0000000709e00000| Untracked 
|  71|0x000000070a000000, 0x000000070a000000, 0x000000070a200000|  0%| F|  |TAMS 0x000000070a000000, 0x000000070a000000| Untracked 
|  72|0x000000070a200000, 0x000000070a200000, 0x000000070a400000|  0%| F|  |TAMS 0x000000070a200000, 0x000000070a200000| Untracked 
|  73|0x000000070a400000, 0x000000070a400000, 0x000000070a600000|  0%| F|  |TAMS 0x000000070a400000, 0x000000070a400000| Untracked 
|  74|0x000000070a600000, 0x000000070a600000, 0x000000070a800000|  0%| F|  |TAMS 0x000000070a600000, 0x000000070a600000| Untracked 
|  75|0x000000070a800000, 0x000000070a800000, 0x000000070aa00000|  0%| F|  |TAMS 0x000000070a800000, 0x000000070a800000| Untracked 
|  76|0x000000070aa00000, 0x000000070aa00000, 0x000000070ac00000|  0%| F|  |TAMS 0x000000070aa00000, 0x000000070aa00000| Untracked 
|  77|0x000000070ac00000, 0x000000070ac00000, 0x000000070ae00000|  0%| F|  |TAMS 0x000000070ac00000, 0x000000070ac00000| Untracked 
|  78|0x000000070ae00000, 0x000000070ae00000, 0x000000070b000000|  0%| F|  |TAMS 0x000000070ae00000, 0x000000070ae00000| Untracked 
|  79|0x000000070b000000, 0x000000070b000000, 0x000000070b200000|  0%| F|  |TAMS 0x000000070b000000, 0x000000070b000000| Untracked 
|  80|0x000000070b200000, 0x000000070b200000, 0x000000070b400000|  0%| F|  |TAMS 0x000000070b200000, 0x000000070b200000| Untracked 
|  81|0x000000070b400000, 0x000000070b400000, 0x000000070b600000|  0%| F|  |TAMS 0x000000070b400000, 0x000000070b400000| Untracked 
|  82|0x000000070b600000, 0x000000070b600000, 0x000000070b800000|  0%| F|  |TAMS 0x000000070b600000, 0x000000070b600000| Untracked 
|  83|0x000000070b800000, 0x000000070b800000, 0x000000070ba00000|  0%| F|  |TAMS 0x000000070b800000, 0x000000070b800000| Untracked 
|  84|0x000000070ba00000, 0x000000070ba00000, 0x000000070bc00000|  0%| F|  |TAMS 0x000000070ba00000, 0x000000070ba00000| Untracked 
|  85|0x000000070bc00000, 0x000000070bc00000, 0x000000070be00000|  0%| F|  |TAMS 0x000000070bc00000, 0x000000070bc00000| Untracked 
|  86|0x000000070be00000, 0x000000070be00000, 0x000000070c000000|  0%| F|  |TAMS 0x000000070be00000, 0x000000070be00000| Untracked 
|  87|0x000000070c000000, 0x000000070c000000, 0x000000070c200000|  0%| F|  |TAMS 0x000000070c000000, 0x000000070c000000| Untracked 
|  88|0x000000070c200000, 0x000000070c200000, 0x000000070c400000|  0%| F|  |TAMS 0x000000070c200000, 0x000000070c200000| Untracked 
|  89|0x000000070c400000, 0x000000070c400000, 0x000000070c600000|  0%| F|  |TAMS 0x000000070c400000, 0x000000070c400000| Untracked 
|  90|0x000000070c600000, 0x000000070c600000, 0x000000070c800000|  0%| F|  |TAMS 0x000000070c600000, 0x000000070c600000| Untracked 
|  91|0x000000070c800000, 0x000000070c800000, 0x000000070ca00000|  0%| F|  |TAMS 0x000000070c800000, 0x000000070c800000| Untracked 
|  92|0x000000070ca00000, 0x000000070ca00000, 0x000000070cc00000|  0%| F|  |TAMS 0x000000070ca00000, 0x000000070ca00000| Untracked 
|  93|0x000000070cc00000, 0x000000070cc00000, 0x000000070ce00000|  0%| F|  |TAMS 0x000000070cc00000, 0x000000070cc00000| Untracked 
|  94|0x000000070ce00000, 0x000000070ce00000, 0x000000070d000000|  0%| F|  |TAMS 0x000000070ce00000, 0x000000070ce00000| Untracked 
|  95|0x000000070d000000, 0x000000070d000000, 0x000000070d200000|  0%| F|  |TAMS 0x000000070d000000, 0x000000070d000000| Untracked 
|  96|0x000000070d200000, 0x000000070d200000, 0x000000070d400000|  0%| F|  |TAMS 0x000000070d200000, 0x000000070d200000| Untracked 
|  97|0x000000070d400000, 0x000000070d400000, 0x000000070d600000|  0%| F|  |TAMS 0x000000070d400000, 0x000000070d400000| Untracked 
|  98|0x000000070d600000, 0x000000070d600000, 0x000000070d800000|  0%| F|  |TAMS 0x000000070d600000, 0x000000070d600000| Untracked 
|  99|0x000000070d800000, 0x000000070d800000, 0x000000070da00000|  0%| F|  |TAMS 0x000000070d800000, 0x000000070d800000| Untracked 
| 100|0x000000070da00000, 0x000000070da00000, 0x000000070dc00000|  0%| F|  |TAMS 0x000000070da00000, 0x000000070da00000| Untracked 
| 101|0x000000070dc00000, 0x000000070dc00000, 0x000000070de00000|  0%| F|  |TAMS 0x000000070dc00000, 0x000000070dc00000| Untracked 
| 102|0x000000070de00000, 0x000000070de00000, 0x000000070e000000|  0%| F|  |TAMS 0x000000070de00000, 0x000000070de00000| Untracked 
| 103|0x000000070e000000, 0x000000070e000000, 0x000000070e200000|  0%| F|  |TAMS 0x000000070e000000, 0x000000070e000000| Untracked 
| 104|0x000000070e200000, 0x000000070e200000, 0x000000070e400000|  0%| F|  |TAMS 0x000000070e200000, 0x000000070e200000| Untracked 
| 105|0x000000070e400000, 0x000000070e400000, 0x000000070e600000|  0%| F|  |TAMS 0x000000070e400000, 0x000000070e400000| Untracked 
| 106|0x000000070e600000, 0x000000070e600000, 0x000000070e800000|  0%| F|  |TAMS 0x000000070e600000, 0x000000070e600000| Untracked 
| 107|0x000000070e800000, 0x000000070e800000, 0x000000070ea00000|  0%| F|  |TAMS 0x000000070e800000, 0x000000070e800000| Untracked 
| 108|0x000000070ea00000, 0x000000070ea00000, 0x000000070ec00000|  0%| F|  |TAMS 0x000000070ea00000, 0x000000070ea00000| Untracked 
| 109|0x000000070ec00000, 0x000000070ec00000, 0x000000070ee00000|  0%| F|  |TAMS 0x000000070ec00000, 0x000000070ec00000| Untracked 
| 110|0x000000070ee00000, 0x000000070ee00000, 0x000000070f000000|  0%| F|  |TAMS 0x000000070ee00000, 0x000000070ee00000| Untracked 
| 111|0x000000070f000000, 0x000000070f000000, 0x000000070f200000|  0%| F|  |TAMS 0x000000070f000000, 0x000000070f000000| Untracked 
| 112|0x000000070f200000, 0x000000070f200000, 0x000000070f400000|  0%| F|  |TAMS 0x000000070f200000, 0x000000070f200000| Untracked 
| 113|0x000000070f400000, 0x000000070f400000, 0x000000070f600000|  0%| F|  |TAMS 0x000000070f400000, 0x000000070f400000| Untracked 
| 114|0x000000070f600000, 0x000000070f600000, 0x000000070f800000|  0%| F|  |TAMS 0x000000070f600000, 0x000000070f600000| Untracked 
| 115|0x000000070f800000, 0x000000070f800000, 0x000000070fa00000|  0%| F|  |TAMS 0x000000070f800000, 0x000000070f800000| Untracked 
| 116|0x000000070fa00000, 0x000000070fa00000, 0x000000070fc00000|  0%| F|  |TAMS 0x000000070fa00000, 0x000000070fa00000| Untracked 
| 117|0x000000070fc00000, 0x000000070fdb5358, 0x000000070fe00000| 85%| S|CS|TAMS 0x000000070fc00000, 0x000000070fc00000| Complete 
| 118|0x000000070fe00000, 0x000000070fe00000, 0x0000000710000000|  0%| F|  |TAMS 0x000000070fe00000, 0x000000070fe00000| Untracked 
| 119|0x0000000710000000, 0x0000000710000000, 0x0000000710200000|  0%| F|  |TAMS 0x0000000710000000, 0x0000000710000000| Untracked 
| 120|0x0000000710200000, 0x0000000710200000, 0x0000000710400000|  0%| F|  |TAMS 0x0000000710200000, 0x0000000710200000| Untracked 
| 121|0x0000000710400000, 0x0000000710400000, 0x0000000710600000|  0%| F|  |TAMS 0x0000000710400000, 0x0000000710400000| Untracked 
| 122|0x0000000710600000, 0x0000000710600000, 0x0000000710800000|  0%| F|  |TAMS 0x0000000710600000, 0x0000000710600000| Untracked 
| 123|0x0000000710800000, 0x0000000710800000, 0x0000000710a00000|  0%| F|  |TAMS 0x0000000710800000, 0x0000000710800000| Untracked 
| 124|0x0000000710a00000, 0x0000000710a00000, 0x0000000710c00000|  0%| F|  |TAMS 0x0000000710a00000, 0x0000000710a00000| Untracked 
| 125|0x0000000710c00000, 0x0000000710c00000, 0x0000000710e00000|  0%| F|  |TAMS 0x0000000710c00000, 0x0000000710c00000| Untracked 
| 126|0x0000000710e00000, 0x0000000710e526f8, 0x0000000711000000| 16%| E|  |TAMS 0x0000000710e00000, 0x0000000710e00000| Complete 
| 127|0x0000000711000000, 0x0000000711200000, 0x0000000711200000|100%| E|CS|TAMS 0x0000000711000000, 0x0000000711000000| Complete 

Card table byte_map: [0x000001a1734d0000,0x000001a173cd0000] _byte_map_base: 0x000001a16fcc7000

Marking Bits (Prev, Next): (CMBitMap*) 0x000001a16d63e140, (CMBitMap*) 0x000001a16d63e180
 Prev Bits: [0x000001a1744d0000, 0x000001a178488000)
 Next Bits: [0x000001a178490000, 0x000001a17c448000)

Polling page: 0x000001a16d6a0000

Metaspace:

Usage:
  Non-class:     11.53 MB used.
      Class:      1.28 MB used.
       Both:     12.81 MB used.

Virtual space:
  Non-class space:       16.00 MB reserved,      11.56 MB ( 72%) committed,  2 nodes.
      Class space:        1.00 GB reserved,       1.38 MB ( <1%) committed,  1 nodes.
             Both:        1.02 GB reserved,      12.94 MB (  1%) committed. 

Chunk freelists:
   Non-Class:  448.00 KB
       Class:  2.62 MB
        Both:  3.05 MB

MaxMetaspaceSize: unlimited
CompressedClassSpaceSize: 1.00 GB
Initial GC threshold: 21.00 MB
Current GC threshold: 21.00 MB
CDS: off
MetaspaceReclaimPolicy: balanced
 - commit_granule_bytes: 65536.
 - commit_granule_words: 8192.
 - virtual_space_node_default_size: 1048576.
 - enlarge_chunks_in_place: 1.
 - new_chunks_are_fully_committed: 0.
 - uncommit_free_chunks: 1.
 - use_allocation_guard: 0.
 - handle_deallocations: 1.


Internal statistics:

num_allocs_failed_limit: 0.
num_arena_births: 110.
num_arena_deaths: 0.
num_vsnodes_births: 3.
num_vsnodes_deaths: 0.
num_space_committed: 207.
num_space_uncommitted: 0.
num_chunks_returned_to_freelist: 0.
num_chunks_taken_from_freelist: 168.
num_chunk_merges: 0.
num_chunk_splits: 92.
num_chunks_enlarged: 49.
num_purges: 0.
num_inconsistent_stats: 0.

CodeHeap 'non-profiled nmethods': size=120000Kb used=516Kb max_used=516Kb free=119483Kb
 bounds [0x000001a107ad0000, 0x000001a107d40000, 0x000001a10f000000]
CodeHeap 'profiled nmethods': size=120000Kb used=1292Kb max_used=1292Kb free=118707Kb
 bounds [0x000001a1005a0000, 0x000001a100810000, 0x000001a107ad0000]
CodeHeap 'non-nmethods': size=5760Kb used=1254Kb max_used=1324Kb free=4505Kb
 bounds [0x000001a100000000, 0x000001a100270000, 0x000001a1005a0000]
 total_blobs=1404 nmethods=828 adapters=489
 compilation: enabled
              stopped_count=0, restarted_count=0
 full_count=0

Compilation events (20 events):
Event: 1.088 Thread 0x000001a17f8c2180  798       3       sun.java2d.loops.GraphicsPrimitiveMgr$1::compare (13 bytes)
Event: 1.088 Thread 0x000001a17f8c2180 nmethod 798 0x000001a1006db410 code [0x000001a1006db5e0, 0x000001a1006dba78]
Event: 1.088 Thread 0x000001a17f8c2180  799       3       sun.java2d.loops.GraphicsPrimitiveMgr$1::compare (33 bytes)
Event: 1.088 Thread 0x000001a17f8c2180 nmethod 799 0x000001a1006dbc10 code [0x000001a1006dbdc0, 0x000001a1006dbff8]
Event: 1.088 Thread 0x000001a17f8b7770  800       4       sun.java2d.loops.GraphicsPrimitiveMgr$1::compare (13 bytes)
Event: 1.088 Thread 0x000001a17f8c2180  801       3       sun.java2d.loops.GraphicsPrimitiveMgr$2::compare (39 bytes)
Event: 1.088 Thread 0x000001a17f8c2180 nmethod 801 0x000001a1006dc110 code [0x000001a1006dc2e0, 0x000001a1006dc6f8]
Event: 1.088 Thread 0x000001a17f8c2180  802       1       sun.java2d.loops.CompositeType::getSuperType (5 bytes)
Event: 1.088 Thread 0x000001a17f8c2180 nmethod 802 0x000001a107b4e410 code [0x000001a107b4e5a0, 0x000001a107b4e678]
Event: 1.088 Thread 0x000001a17f8c2180  803       3       sun.java2d.loops.GraphicsPrimitiveMgr::locate (104 bytes)
Event: 1.089 Thread 0x000001a17f8c2180 nmethod 803 0x000001a1006dc810 code [0x000001a1006dca40, 0x000001a1006dd4d8]
Event: 1.089 Thread 0x000001a17f8c2180  805       3       java.util.Arrays::binarySearch0 (95 bytes)
Event: 1.089 Thread 0x000001a17f8c2180 nmethod 805 0x000001a1006dd790 code [0x000001a1006dd960, 0x000001a1006ddd98]
Event: 1.089 Thread 0x000001a17f8c2180  804       3       java.util.Arrays::binarySearch (10 bytes)
Event: 1.089 Thread 0x000001a17f8b7770 nmethod 800 0x000001a107b4e710 code [0x000001a107b4e8a0, 0x000001a107b4e9d8]
Event: 1.089 Thread 0x000001a17f8c2180 nmethod 804 0x000001a1006ddf10 code [0x000001a1006de0a0, 0x000001a1006de1c8]
Event: 1.089 Thread 0x000001a17f8c2180  806       1       sun.java2d.loops.SurfaceType::getSuperType (5 bytes)
Event: 1.089 Thread 0x000001a17f8c2180 nmethod 806 0x000001a107b4eb10 code [0x000001a107b4eca0, 0x000001a107b4ed78]
Event: 1.109 Thread 0x000001a17f8b7770  807       4       sun.java2d.loops.GraphicsPrimitiveMgr$2::compare (39 bytes)
Event: 1.110 Thread 0x000001a17f8b7770 nmethod 807 0x000001a107b4ee10 code [0x000001a107b4efa0, 0x000001a107b4f0b8]

GC Heap History (2 events):
Event: 1.046 GC heap before
{Heap before GC invocations=0 (full 0):
 garbage-first heap   total 262144K, used 45056K [0x0000000701200000, 0x0000000800000000)
  region size 2048K, 10 young (20480K), 0 survivors (0K)
 Metaspace       used 12707K, committed 12928K, reserved 1064960K
  class space    used 1265K, committed 1408K, reserved 1048576K
}
Event: 1.048 GC heap after
{Heap after GC invocations=1 (full 0):
 garbage-first heap   total 262144K, used 26324K [0x0000000701200000, 0x0000000800000000)
  region size 2048K, 1 young (2048K), 1 survivors (2048K)
 Metaspace       used 12707K, committed 12928K, reserved 1064960K
  class space    used 1265K, committed 1408K, reserved 1048576K
}

Dll operation events (7 events):
Event: 0.006 Loaded shared library C:\Users\Bogdan\.p2\pool\plugins\org.eclipse.justj.openjdk.hotspot.jre.full.win32.x86_64_17.0.5.v20221102-0933\jre\bin\java.dll
Event: 0.108 Loaded shared library C:\Users\Bogdan\.p2\pool\plugins\org.eclipse.justj.openjdk.hotspot.jre.full.win32.x86_64_17.0.5.v20221102-0933\jre\bin\net.dll
Event: 0.109 Loaded shared library C:\Users\Bogdan\.p2\pool\plugins\org.eclipse.justj.openjdk.hotspot.jre.full.win32.x86_64_17.0.5.v20221102-0933\jre\bin\nio.dll
Event: 0.156 Loaded shared library C:\Users\Bogdan\.p2\pool\plugins\org.eclipse.justj.openjdk.hotspot.jre.full.win32.x86_64_17.0.5.v20221102-0933\jre\bin\jimage.dll
Event: 0.171 Loaded shared library C:\Users\Bogdan\.p2\pool\plugins\org.eclipse.justj.openjdk.hotspot.jre.full.win32.x86_64_17.0.5.v20221102-0933\jre\bin\awt.dll
Event: 0.468 Loaded shared library C:\Users\Bogdan\.p2\pool\plugins\org.eclipse.justj.openjdk.hotspot.jre.full.win32.x86_64_17.0.5.v20221102-0933\jre\bin\freetype.dll
Event: 0.469 Loaded shared library C:\Users\Bogdan\.p2\pool\plugins\org.eclipse.justj.openjdk.hotspot.jre.full.win32.x86_64_17.0.5.v20221102-0933\jre\bin\fontmanager.dll

Deoptimization events (20 events):
Event: 0.590 Thread 0x000001a10f62c2d0 DEOPT PACKING pc=0x000001a107afd03c sp=0x0000009fdddfd560
Event: 0.590 Thread 0x000001a10f62c2d0 DEOPT UNPACKING pc=0x000001a1000523a3 sp=0x0000009fdddfd360 mode 2
Event: 0.619 Thread 0x000001a10f62c2d0 Uncommon trap: trap_request=0xffffff45 fr.pc=0x000001a107b01a54 relative=0x0000000000000a54
Event: 0.619 Thread 0x000001a10f62c2d0 Uncommon trap: reason=unstable_if action=reinterpret pc=0x000001a107b01a54 method=jdk.internal.math.FloatingDecimal$BinaryToASCIIBuffer.dtoa(IJIZ)V @ 97 c2
Event: 0.619 Thread 0x000001a10f62c2d0 DEOPT PACKING pc=0x000001a107b01a54 sp=0x0000009fdddfd570
Event: 0.619 Thread 0x000001a10f62c2d0 DEOPT UNPACKING pc=0x000001a1000523a3 sp=0x0000009fdddfd430 mode 2
Event: 0.653 Thread 0x000001a10f62c2d0 DEOPT PACKING pc=0x000001a100688cdc sp=0x0000009fdddfd740
Event: 0.653 Thread 0x000001a10f62c2d0 DEOPT UNPACKING pc=0x000001a100052b43 sp=0x0000009fdddfcc98 mode 0
Event: 0.655 Thread 0x000001a10f62c2d0 Uncommon trap: trap_request=0xffffff45 fr.pc=0x000001a107b0b500 relative=0x0000000000002b00
Event: 0.655 Thread 0x000001a10f62c2d0 Uncommon trap: reason=unstable_if action=reinterpret pc=0x000001a107b0b500 method=newproject.main$1.paintComponent(Ljava/awt/Graphics;)V @ 1801 c2
Event: 0.655 Thread 0x000001a10f62c2d0 DEOPT PACKING pc=0x000001a107b0b500 sp=0x0000009fdddfd980
Event: 0.655 Thread 0x000001a10f62c2d0 DEOPT UNPACKING pc=0x000001a1000523a3 sp=0x0000009fdddfd7b0 mode 2
Event: 0.763 Thread 0x000001a10f62c2d0 Uncommon trap: trap_request=0xffffff45 fr.pc=0x000001a107b1b564 relative=0x0000000000001ce4
Event: 0.763 Thread 0x000001a10f62c2d0 Uncommon trap: reason=unstable_if action=reinterpret pc=0x000001a107b1b564 method=jdk.internal.math.FloatingDecimal$BinaryToASCIIBuffer.estimateDecExp(JI)I @ 169 c2
Event: 0.763 Thread 0x000001a10f62c2d0 DEOPT PACKING pc=0x000001a107b1b564 sp=0x0000009fdddfd690
Event: 0.763 Thread 0x000001a10f62c2d0 DEOPT UNPACKING pc=0x000001a1000523a3 sp=0x0000009fdddfd4e0 mode 2
Event: 0.763 Thread 0x000001a10f62c2d0 Uncommon trap: trap_request=0xffffff45 fr.pc=0x000001a107b1e398 relative=0x0000000000000158
Event: 0.763 Thread 0x000001a10f62c2d0 Uncommon trap: reason=unstable_if action=reinterpret pc=0x000001a107b1e398 method=jdk.internal.math.FloatingDecimal$BinaryToASCIIBuffer.estimateDecExp(JI)I @ 169 c2
Event: 0.764 Thread 0x000001a10f62c2d0 DEOPT PACKING pc=0x000001a107b1e398 sp=0x0000009fdddfd570
Event: 0.764 Thread 0x000001a10f62c2d0 DEOPT UNPACKING pc=0x000001a1000523a3 sp=0x0000009fdddfd4c8 mode 2

Classes unloaded (0 events):
No events

Classes redefined (0 events):
No events

Internal exceptions (15 events):
Event: 0.121 Thread 0x000001a16d5d1c20 Exception <a 'java/lang/NoSuchMethodError'{0x0000000711112bc8}: 'void java.lang.invoke.DirectMethodHandle$Holder.invokeVirtual(java.lang.Object, java.lang.Object)'> (0x0000000711112bc8) 
thrown [s\src\hotspot\share\interpreter\linkResolver.cpp, line 759]
Event: 0.159 Thread 0x000001a16d5d1c20 Exception <a 'sun/nio/fs/WindowsException'{0x0000000710e24920}> (0x0000000710e24920) 
thrown [s\src\hotspot\share\prims\jni.cpp, line 516]
Event: 0.163 Thread 0x000001a16d5d1c20 Exception <a 'java/lang/ClassNotFoundException'{0x0000000710e2aab0}: sun/awt/resources/spi/awtProvider> (0x0000000710e2aab0) 
thrown [s\src\hotspot\share\classfile\systemDictionary.cpp, line 256]
Event: 0.180 Thread 0x000001a16d5d1c20 Exception <a 'java/io/FileNotFoundException'{0x0000000710e7eea8}> (0x0000000710e7eea8) 
thrown [s\src\hotspot\share\prims\jni.cpp, line 516]
Event: 0.186 Thread 0x000001a16d5d1c20 Exception <a 'java/io/FileNotFoundException'{0x0000000710eabf18}> (0x0000000710eabf18) 
thrown [s\src\hotspot\share\prims\jni.cpp, line 516]
Event: 0.221 Thread 0x000001a16d5d1c20 Exception <a 'java/lang/NoSuchMethodError'{0x0000000710ee8720}: 'java.lang.Object java.lang.invoke.DirectMethodHandle$Holder.invokeStaticInit(java.lang.Object)'> (0x0000000710ee8720) 
thrown [s\src\hotspot\share\interpreter\linkResolver.cpp, line 759]
Event: 0.393 Thread 0x000001a16d5d1c20 Exception <a 'java/lang/NoSuchMethodError'{0x0000000710f32970}: 'void java.lang.invoke.DirectMethodHandle$Holder.invokeSpecial(java.lang.Object, java.lang.Object, java.lang.Object)'> (0x0000000710f32970) 
thrown [s\src\hotspot\share\interpreter\linkResolver.cpp, line 759]
Event: 0.400 Thread 0x000001a16d5d1c20 Exception <a 'java/lang/NoSuchMethodError'{0x0000000710fc30b8}: 'java.lang.Object java.lang.invoke.DirectMethodHandle$Holder.newInvokeSpecial(java.lang.Object, java.lang.Object, java.lang.Object, java.lang.Object, java.lang.Object)'> (0x0000000710fc30b8) 
thrown [s\src\hotspot\share\interpreter\linkResolver.cpp, line 759]
Event: 0.401 Thread 0x000001a16d5d1c20 Exception <a 'java/lang/NoSuchMethodError'{0x0000000710fcea80}: 'java.lang.Object java.lang.invoke.DirectMethodHandle$Holder.invokeStatic(java.lang.Object, int, java.lang.Object, java.lang.Object, java.lang.Object, java.lang.Object)'> (0x0000000710fcea80) 
thrown [s\src\hotspot\share\interpreter\linkResolver.cpp, line 759]
Event: 0.405 Thread 0x000001a16d5d1c20 Exception <a 'java/lang/NoSuchMethodError'{0x0000000710ff4240}: 'java.lang.Object java.lang.invoke.DirectMethodHandle$Holder.invokeStatic(java.lang.Object, int, java.lang.Object)'> (0x0000000710ff4240) 
thrown [s\src\hotspot\share\interpreter\linkResolver.cpp, line 759]
Event: 0.429 Thread 0x000001a16d5d1c20 Exception <a 'java/lang/ClassNotFoundException'{0x0000000710cac1e0}: com/sun/swing/internal/plaf/metal/resources/spi/metalProvider> (0x0000000710cac1e0) 
thrown [s\src\hotspot\share\classfile\systemDictionary.cpp, line 256]
Event: 0.430 Thread 0x000001a16d5d1c20 Exception <a 'java/lang/ClassNotFoundException'{0x0000000710cafdb0}: com/sun/swing/internal/plaf/basic/resources/spi/basicProvider> (0x0000000710cafdb0) 
thrown [s\src\hotspot\share\classfile\systemDictionary.cpp, line 256]
Event: 0.444 Thread 0x000001a16d5d1c20 Exception <a 'java/lang/NoSuchMethodError'{0x0000000710cde030}: 'void java.lang.invoke.DirectMethodHandle$Holder.invokeStatic(java.lang.Object, java.lang.Object, java.lang.Object)'> (0x0000000710cde030) 
thrown [s\src\hotspot\share\interpreter\linkResolver.cpp, line 759]
Event: 0.464 Thread 0x000001a16d5d1c20 Exception <a 'java/lang/NoSuchMethodError'{0x0000000710d0c828}: 'void java.lang.invoke.DirectMethodHandle$Holder.invokeStaticInit(java.lang.Object)'> (0x0000000710d0c828) 
thrown [s\src\hotspot\share\interpreter\linkResolver.cpp, line 759]
Event: 0.493 Thread 0x000001a16d5d1c20 Exception <a 'sun/nio/fs/WindowsException'{0x0000000710dd0c70}> (0x0000000710dd0c70) 
thrown [s\src\hotspot\share\prims\jni.cpp, line 516]

VM Operations (8 events):
Event: 0.133 Executing VM operation: HandshakeAllThreads
Event: 0.133 Executing VM operation: HandshakeAllThreads done
Event: 0.439 Executing VM operation: HandshakeAllThreads
Event: 0.439 Executing VM operation: HandshakeAllThreads done
Event: 0.484 Executing VM operation: HandshakeAllThreads
Event: 0.484 Executing VM operation: HandshakeAllThreads done
Event: 1.046 Executing VM operation: G1CollectForAllocation
Event: 1.048 Executing VM operation: G1CollectForAllocation done

Events (20 events):
Event: 1.111 loading class java/awt/GradientPaint
Event: 1.112 loading class java/awt/GradientPaint done
Event: 1.112 loading class sun/java2d/d3d/D3DPaints
Event: 1.112 loading class sun/java2d/d3d/D3DPaints done
Event: 1.112 loading class sun/java2d/d3d/D3DPaints$Gradient
Event: 1.112 loading class sun/java2d/d3d/D3DPaints$Gradient done
Event: 1.112 loading class sun/java2d/d3d/D3DPaints$LinearGradient
Event: 1.112 loading class sun/java2d/d3d/D3DPaints$MultiGradient
Event: 1.112 loading class sun/java2d/d3d/D3DPaints$MultiGradient done
Event: 1.112 loading class sun/java2d/d3d/D3DPaints$LinearGradient done
Event: 1.112 loading class sun/java2d/d3d/D3DPaints$RadialGradient
Event: 1.112 loading class sun/java2d/d3d/D3DPaints$RadialGradient done
Event: 1.112 loading class sun/java2d/d3d/D3DPaints$Texture
Event: 1.112 loading class sun/java2d/d3d/D3DPaints$Texture done
Event: 1.112 loading class sun/awt/image/MultiResolutionToolkitImage
Event: 1.112 loading class sun/awt/image/MultiResolutionToolkitImage done
Event: 1.113 loading class sun/java2d/loops/MaskBlit$General
Event: 1.113 loading class sun/java2d/loops/GraphicsPrimitive$GeneralBinaryOp
Event: 1.113 loading class sun/java2d/loops/GraphicsPrimitive$GeneralBinaryOp done
Event: 1.113 loading class sun/java2d/loops/MaskBlit$General done


Dynamic libraries:
0x00007ff6b36d0000 - 0x00007ff6b36de000 	C:\Users\Bogdan\.p2\pool\plugins\org.eclipse.justj.openjdk.hotspot.jre.full.win32.x86_64_17.0.5.v20221102-0933\jre\bin\javaw.exe
0x00007ffecfb10000 - 0x00007ffecfd08000 	C:\WINDOWS\SYSTEM32\ntdll.dll
0x00007ffecfa00000 - 0x00007ffecfac2000 	C:\WINDOWS\System32\KERNEL32.DLL
0x00007ffecd3e0000 - 0x00007ffecd6d6000 	C:\WINDOWS\System32\KERNELBASE.dll
0x00007ffecd1f0000 - 0x00007ffecd2f0000 	C:\WINDOWS\System32\ucrtbase.dll
0x00007ffeb0e40000 - 0x00007ffeb0e57000 	C:\Users\Bogdan\.p2\pool\plugins\org.eclipse.justj.openjdk.hotspot.jre.full.win32.x86_64_17.0.5.v20221102-0933\jre\bin\jli.dll
0x00007ffecf680000 - 0x00007ffecf81d000 	C:\WINDOWS\System32\USER32.dll
0x00007ffecd320000 - 0x00007ffecd342000 	C:\WINDOWS\System32\win32u.dll
0x00007ffecf820000 - 0x00007ffecf84b000 	C:\WINDOWS\System32\GDI32.dll
0x00007ffecd6e0000 - 0x00007ffecd7fa000 	C:\WINDOWS\System32\gdi32full.dll
0x00007ffecd800000 - 0x00007ffecd89d000 	C:\WINDOWS\System32\msvcp_win.dll
0x00007ffeaef10000 - 0x00007ffeaef29000 	C:\Users\Bogdan\.p2\pool\plugins\org.eclipse.justj.openjdk.hotspot.jre.full.win32.x86_64_17.0.5.v20221102-0933\jre\bin\VCRUNTIME140.dll
0x00007ffeaafe0000 - 0x00007ffeab27a000 	C:\WINDOWS\WinSxS\amd64_microsoft.windows.common-controls_6595b64144ccf1df_6.0.19041.4355_none_60b8b9eb71f62e16\COMCTL32.dll
0x00007ffece810000 - 0x00007ffece8ae000 	C:\WINDOWS\System32\msvcrt.dll
0x00007ffecf9d0000 - 0x00007ffecf9ff000 	C:\WINDOWS\System32\IMM32.DLL
0x00007ffebc300000 - 0x00007ffebc30c000 	C:\Users\Bogdan\.p2\pool\plugins\org.eclipse.justj.openjdk.hotspot.jre.full.win32.x86_64_17.0.5.v20221102-0933\jre\bin\vcruntime140_1.dll
0x00007ffeac450000 - 0x00007ffeac4e1000 	C:\Users\Bogdan\.p2\pool\plugins\org.eclipse.justj.openjdk.hotspot.jre.full.win32.x86_64_17.0.5.v20221102-0933\jre\bin\msvcp140.dll
0x00007ffe91930000 - 0x00007ffe92574000 	C:\Users\Bogdan\.p2\pool\plugins\org.eclipse.justj.openjdk.hotspot.jre.full.win32.x86_64_17.0.5.v20221102-0933\jre\bin\server\jvm.dll
0x00007ffecf280000 - 0x00007ffecf32f000 	C:\WINDOWS\System32\ADVAPI32.dll
0x00007ffece8b0000 - 0x00007ffece94f000 	C:\WINDOWS\System32\sechost.dll
0x00007ffecdf30000 - 0x00007ffece053000 	C:\WINDOWS\System32\RPCRT4.dll
0x00007ffecd2f0000 - 0x00007ffecd317000 	C:\WINDOWS\System32\bcrypt.dll
0x00007ffec3660000 - 0x00007ffec3687000 	C:\WINDOWS\SYSTEM32\WINMM.dll
0x00007ffec87d0000 - 0x00007ffec87d9000 	C:\WINDOWS\SYSTEM32\WSOCK32.dll
0x00007ffecf1b0000 - 0x00007ffecf21b000 	C:\WINDOWS\System32\WS2_32.dll
0x00007ffec6d20000 - 0x00007ffec6d2a000 	C:\WINDOWS\SYSTEM32\VERSION.dll
0x00007ffecb000000 - 0x00007ffecb012000 	C:\WINDOWS\SYSTEM32\kernel.appcore.dll
0x00007ffebcef0000 - 0x00007ffebcefa000 	C:\Users\Bogdan\.p2\pool\plugins\org.eclipse.justj.openjdk.hotspot.jre.full.win32.x86_64_17.0.5.v20221102-0933\jre\bin\jimage.dll
0x00007ffec5fa0000 - 0x00007ffec6184000 	C:\WINDOWS\SYSTEM32\DBGHELP.DLL
0x00007ffec5dc0000 - 0x00007ffec5df4000 	C:\WINDOWS\SYSTEM32\dbgcore.DLL
0x00007ffecd350000 - 0x00007ffecd3d2000 	C:\WINDOWS\System32\bcryptPrimitives.dll
0x00007ffeaeec0000 - 0x00007ffeaeee5000 	C:\Users\Bogdan\.p2\pool\plugins\org.eclipse.justj.openjdk.hotspot.jre.full.win32.x86_64_17.0.5.v20221102-0933\jre\bin\java.dll
0x00007ffeaf2d0000 - 0x00007ffeaf2e8000 	C:\Users\Bogdan\.p2\pool\plugins\org.eclipse.justj.openjdk.hotspot.jre.full.win32.x86_64_17.0.5.v20221102-0933\jre\bin\zip.dll
0x00007ffecea40000 - 0x00007ffecf1af000 	C:\WINDOWS\System32\SHELL32.dll
0x00007ffecb200000 - 0x00007ffecb9a3000 	C:\WINDOWS\SYSTEM32\windows.storage.dll
0x00007ffecdbd0000 - 0x00007ffecdf25000 	C:\WINDOWS\System32\combase.dll
0x00007ffeccaf0000 - 0x00007ffeccb1b000 	C:\WINDOWS\SYSTEM32\Wldp.dll
0x00007ffecf900000 - 0x00007ffecf9cd000 	C:\WINDOWS\System32\OLEAUT32.dll
0x00007ffecf850000 - 0x00007ffecf8fd000 	C:\WINDOWS\System32\SHCORE.dll
0x00007ffece4e0000 - 0x00007ffece535000 	C:\WINDOWS\System32\shlwapi.dll
0x00007ffecd0d0000 - 0x00007ffecd0f5000 	C:\WINDOWS\SYSTEM32\profapi.dll
0x00007ffeb0ea0000 - 0x00007ffeb0eb9000 	C:\Users\Bogdan\.p2\pool\plugins\org.eclipse.justj.openjdk.hotspot.jre.full.win32.x86_64_17.0.5.v20221102-0933\jre\bin\net.dll
0x00007ffec7cf0000 - 0x00007ffec7dfa000 	C:\WINDOWS\SYSTEM32\WINHTTP.dll
0x00007ffecc8d0000 - 0x00007ffecc93c000 	C:\WINDOWS\system32\mswsock.dll
0x00007ffeb0e80000 - 0x00007ffeb0e95000 	C:\Users\Bogdan\.p2\pool\plugins\org.eclipse.justj.openjdk.hotspot.jre.full.win32.x86_64_17.0.5.v20221102-0933\jre\bin\nio.dll
0x00007ffea8db0000 - 0x00007ffea8f3e000 	C:\Users\Bogdan\.p2\pool\plugins\org.eclipse.justj.openjdk.hotspot.jre.full.win32.x86_64_17.0.5.v20221102-0933\jre\bin\awt.dll
0x00007ffeca710000 - 0x00007ffeca7a4000 	C:\WINDOWS\SYSTEM32\apphelp.dll
0x00007ffecae20000 - 0x00007ffecae4f000 	C:\WINDOWS\system32\DWMAPI.DLL
0x00007ffecab10000 - 0x00007ffecabae000 	C:\WINDOWS\system32\uxtheme.dll
0x00007ffead320000 - 0x00007ffead448000 	C:\WINDOWS\system32\opengl32.dll
0x00007ffeb05d0000 - 0x00007ffeb05fc000 	C:\WINDOWS\SYSTEM32\GLU32.dll
0x00007ffecf3b0000 - 0x00007ffecf4c5000 	C:\WINDOWS\System32\MSCTF.dll
0x00007ffece540000 - 0x00007ffece66b000 	C:\WINDOWS\System32\ole32.dll
0x00007ffe94100000 - 0x00007ffe942d1000 	C:\WINDOWS\system32\d3d9.dll
0x00007ffeb97b0000 - 0x00007ffeb9871000 	C:\WINDOWS\System32\DriverStore\FileRepository\nv_dispig.inf_amd64_0afec3f2050014a0\nvldumdx.dll
0x00007ffeccd60000 - 0x00007ffeccd72000 	C:\WINDOWS\SYSTEM32\msasn1.dll
0x00007ffec6b40000 - 0x00007ffec6b71000 	C:\WINDOWS\SYSTEM32\cryptnet.dll
0x00007ffecd920000 - 0x00007ffecda7d000 	C:\WINDOWS\System32\CRYPT32.dll
0x00007ffecca60000 - 0x00007ffecca6c000 	C:\WINDOWS\SYSTEM32\cryptbase.dll
0x00007ffec6bb0000 - 0x00007ffec6cf7000 	C:\WINDOWS\SYSTEM32\drvstore.dll
0x00007ffeccf30000 - 0x00007ffeccf63000 	C:\WINDOWS\SYSTEM32\devobj.dll
0x00007ffecd1a0000 - 0x00007ffecd1ee000 	C:\WINDOWS\System32\cfgmgr32.dll
0x00007ffecd8a0000 - 0x00007ffecd913000 	C:\WINDOWS\System32\wintrust.dll
0x00007ffecf390000 - 0x00007ffecf3ad000 	C:\WINDOWS\System32\imagehlp.dll
0x00007ffeccb30000 - 0x00007ffeccb48000 	C:\WINDOWS\SYSTEM32\CRYPTSP.dll
0x00007ffecc1a0000 - 0x00007ffecc1d8000 	C:\WINDOWS\system32\rsaenh.dll
0x00007ffeb7350000 - 0x00007ffeb933e000 	C:\WINDOWS\System32\DriverStore\FileRepository\nv_dispig.inf_amd64_0afec3f2050014a0\nvgpucomp64.dll
0x00007ffe8eef0000 - 0x00007ffe90984000 	C:\WINDOWS\System32\DriverStore\FileRepository\nv_dispig.inf_amd64_0afec3f2050014a0\nvd3dumx.dll
0x00007ffecb9c0000 - 0x00007ffecb9e3000 	C:\WINDOWS\SYSTEM32\gpapi.dll
0x00007ffe92bd0000 - 0x00007ffe92d25000 	C:\WINDOWS\System32\DriverStore\FileRepository\nv_dispig.inf_amd64_0afec3f2050014a0\nvppex.dll
0x00007ffeb9770000 - 0x00007ffeb97ab000 	C:\WINDOWS\SYSTEM32\dxcore.dll
0x00007ffeac3c0000 - 0x00007ffeac446000 	C:\Users\Bogdan\.p2\pool\plugins\org.eclipse.justj.openjdk.hotspot.jre.full.win32.x86_64_17.0.5.v20221102-0933\jre\bin\freetype.dll
0x00007ffeab290000 - 0x00007ffeab355000 	C:\Users\Bogdan\.p2\pool\plugins\org.eclipse.justj.openjdk.hotspot.jre.full.win32.x86_64_17.0.5.v20221102-0933\jre\bin\fontmanager.dll
0x00007ffebc050000 - 0x00007ffebc149000 	C:\WINDOWS\SYSTEM32\textinputframework.dll
0x00007ffec9d50000 - 0x00007ffeca0ab000 	C:\WINDOWS\System32\CoreUIComponents.dll
0x00007ffeca470000 - 0x00007ffeca562000 	C:\WINDOWS\System32\CoreMessaging.dll
0x00007ffecc3f0000 - 0x00007ffecc423000 	C:\WINDOWS\SYSTEM32\ntmarta.dll
0x00007ffec8d70000 - 0x00007ffec8ec7000 	C:\WINDOWS\SYSTEM32\wintypes.dll

dbghelp: loaded successfully - version: 4.0.5 - missing functions: none
symbol engine: initialized successfully - sym options: 0x614 - pdb path: .;C:\Users\Bogdan\.p2\pool\plugins\org.eclipse.justj.openjdk.hotspot.jre.full.win32.x86_64_17.0.5.v20221102-0933\jre\bin;C:\WINDOWS\SYSTEM32;C:\WINDOWS\WinSxS\amd64_microsoft.windows.common-controls_6595b64144ccf1df_6.0.19041.4355_none_60b8b9eb71f62e16;C:\Users\Bogdan\.p2\pool\plugins\org.eclipse.justj.openjdk.hotspot.jre.full.win32.x86_64_17.0.5.v20221102-0933\jre\bin\server;C:\WINDOWS\System32\DriverStore\FileRepository\nv_dispig.inf_amd64_0afec3f2050014a0

VM Arguments:
jvm_args: -Dfile.encoding=UTF-8 --module-path=C:\Users\Bogdan\Desktop\personal\newproject\bin -XX:+ShowCodeDetailsInExceptionMessages -Djdk.module.main=newproject 
java_command: newproject/newproject.main
java_class_path (initial): <not set>
Launcher Type: SUN_STANDARD

[Global flags]
     intx CICompilerCount                          = 3                                         {product} {ergonomic}
     uint ConcGCThreads                            = 2                                         {product} {ergonomic}
     uint G1ConcRefinementThreads                  = 6                                         {product} {ergonomic}
   size_t G1HeapRegionSize                         = 2097152                                   {product} {ergonomic}
    uintx GCDrainStackTargetSize                   = 64                                        {product} {ergonomic}
   size_t InitialHeapSize                          = 268435456                                 {product} {ergonomic}
   size_t MarkStackSize                            = 4194304                                   {product} {ergonomic}
   size_t MaxHeapSize                              = 4276092928                                {product} {ergonomic}
   size_t MaxNewSize                               = 2564816896                                {product} {ergonomic}
   size_t MinHeapDeltaBytes                        = 2097152                                   {product} {ergonomic}
   size_t MinHeapSize                              = 8388608                                   {product} {ergonomic}
    uintx NonNMethodCodeHeapSize                   = 5832780                                {pd product} {ergonomic}
    uintx NonProfiledCodeHeapSize                  = 122912730                              {pd product} {ergonomic}
    uintx ProfiledCodeHeapSize                     = 122912730                              {pd product} {ergonomic}
    uintx ReservedCodeCacheSize                    = 251658240                              {pd product} {ergonomic}
     bool SegmentedCodeCache                       = true                                      {product} {ergonomic}
     bool ShowCodeDetailsInExceptionMessages       = true                                   {manageable} {command line}
   size_t SoftMaxHeapSize                          = 4276092928                             {manageable} {ergonomic}
     bool UseCompressedClassPointers               = true                           {product lp64_product} {ergonomic}
     bool UseCompressedOops                        = true                           {product lp64_product} {ergonomic}
     bool UseG1GC                                  = true                                      {product} {ergonomic}
     bool UseLargePagesIndividualAllocation        = false                                  {pd product} {ergonomic}

Logging:
Log output configuration:
 #0: stdout all=warning uptime,level,tags
 #1: stderr all=off uptime,level,tags

Environment Variables:
JAVA_HOME=C:\Users\Bogdan\AppData\Local\Coursier\cache\arc\https\github.com\adoptium\temurin11-binaries\releases\download\jdk-11.0.25%252B9\OpenJDK11U-jdk_x64_windows_hotspot_11.0.25_9.zip\jdk-11.0.25+9
PATH=C:/Users/Bogdan/.p2/pool/plugins/org.eclipse.justj.openjdk.hotspot.jre.full.win32.x86_64_17.0.5.v20221102-0933/jre/bin/server;C:/Users/Bogdan/.p2/pool/plugins/org.eclipse.justj.openjdk.hotspot.jre.full.win32.x86_64_17.0.5.v20221102-0933/jre/bin;C:\Program Files\Eclipse Adoptium\jdk-17.0.14.7-hotspot\bin;C:\Python313\Scripts\;C:\Python313\;C:\Program Files (x86)\Eclipse Adoptium\jdk-17.0.13.11-hotspot\bin;C:\Program Files\Common Files\Oracle\Java\javapath;C:\WINDOWS\system32;C:\WINDOWS;C:\WINDOWS\System32\Wbem;C:\WINDOWS\System32\WindowsPowerShell\v1.0\;C:\WINDOWS\System32\OpenSSH\;C:\Program Files\Java\jdk-23\bin;C:\Program Files (x86)\sbt\bin;C:\Program Files (x86)\Windows Kits\10\Windows Performance Toolkit\;C:\ProgramData\chocolatey\bin;C:\Program Files\scala-cli-x86_64-pc-win32\;C:\Program Files\nodejs\;C:\Program Files\dotnet\;C:\Program Files\LLVM\bin;C:\Program Files\Docker\Docker\resources\bin;C:\Program Files\Git\cmd;C:\Users\Bogdan\scoop\apps\llvm\current\bin;C:\Users\Bogdan\scoop\shims;C:\Users\Bogdan\AppData\Local\Microsoft\WindowsApps;C:\Users\Bogdan\AppData\Local\Coursier\cache\arc\https\github.com\adoptium\temurin11-binaries\releases\download\jdk-11.0.25%252B9\OpenJDK11U-jdk_x64_windows_hotspot_11.0.25_9.zip\jdk-11.0.25+9\bin;C:\Users\Bogdan\AppData\Local\Coursier\data\bin;C:\Users\Bogdan\AppData\Local\JetBrains\Toolbox\scripts;C:\Users\Bogdan\AppData\Roaming\npm;C:\Users\Bogdan\.dotnet\tools;C:\Users\Bogdan\Desktop;
USERNAME=Bogdan
OS=Windows_NT
PROCESSOR_IDENTIFIER=Intel64 Family 6 Model 158 Stepping 10, GenuineIntel
TMP=C:\Users\Bogdan\AppData\Local\Temp
TEMP=C:\Users\Bogdan\AppData\Local\Temp



---------------  S Y S T E M  ---------------

OS:
 Windows 10 , 64 bit Build 19041 (10.0.19041.5678)
OS uptime: 2 days 22:15 hours
Hyper-V role detected

CPU: total 6 (initial active 6) (6 cores per cpu, 1 threads per core) family 6 model 158 stepping 10 microcode 0xb4, cx8, cmov, fxsr, mmx, 3dnowpref, sse, sse2, sse3, ssse3, sse4.1, sse4.2, popcnt, lzcnt, tsc, tscinvbit, avx, avx2, aes, erms, clmul, bmi1, bmi2, adx, fma, vzeroupper, clflush, clflushopt, hv

Memory: 4k page, system-wide physical 16304M (8077M free)
TotalPageFile size 45447M (AvailPageFile size 3M)
current process WorkingSet (physical memory assigned to process): 158M, peak: 158M
current process commit charge ("private bytes"): 417M, peak: 418M

vm_info: OpenJDK 64-Bit Server VM (17.0.5+8) for windows-amd64 JRE (17.0.5+8), built on Oct 19 2022 04:48:13 by "temurin" with MS VC++ 16.7 (VS2019)

END.
