#
# There is insufficient memory for the Java Runtime Environment to continue.
# Native memory allocation (malloc) failed to allocate 32744 bytes for ChunkPool::allocate
# Possible reasons:
#   The system is out of physical RAM or swap space
#   The process is running with CompressedOops enabled, and the Java Heap may be blocking the growth of the native heap
# Possible solutions:
#   Reduce memory load on the system
#   Increase physical memory or swap space
#   Check if swap backing store is full
#   Decrease Java heap size (-Xmx/-Xms)
#   Decrease number of Java threads
#   Decrease Java thread stack sizes (-Xss)
#   Set larger code cache with -XX:ReservedCodeCacheSize=
#   JVM is running with Zero Based Compressed Oops mode in which the Java heap is
#     placed in the first 32GB address space. The Java Heap base address is the
#     maximum limit for the native heap growth. Please use -XX:HeapBaseMinAddress
#     to set the Java Heap base and to place the Java Heap above 32GB virtual address.
# This output file may be truncated or incomplete.
#
#  Out of Memory Error (arena.cpp:78), pid=25332, tid=4768
#
# JRE version: OpenJDK Runtime Environment Temurin-17.0.5+8 (17.0.5+8) (build 17.0.5+8)
# Java VM: OpenJDK 64-Bit Server VM Temurin-17.0.5+8 (17.0.5+8, mixed mode, tiered, compressed oops, compressed class ptrs, g1 gc, windows-amd64)
# No core dump will be written. Minidumps are not enabled by default on client versions of Windows
#

---------------  S U M M A R Y ------------

Command Line: -Dfile.encoding=UTF-8 -XX:+ShowCodeDetailsInExceptionMessages newproject.main

Host: Intel(R) Core(TM) i5-8400 CPU @ 2.80GHz, 6 cores, 15G,  Windows 10 , 64 bit Build 19041 (10.0.19041.5438)
Time: Sat Apr 12 01:39:00 2025 E. Europe Daylight Time elapsed time: 0.597768 seconds (0d 0h 0m 0s)

---------------  T H R E A D  ---------------

Current thread (0x000001f78acf94e0):  JavaThread "C1 CompilerThread0" daemon [_thread_in_native, id=4768, stack(0x000000c312300000,0x000000c312400000)]


Current CompileTask:
C1:    597  574 %     3       newproject.main$1::paintComponent @ 769 (1457 bytes)

Stack: [0x000000c312300000,0x000000c312400000]
Native frames: (J=compiled Java code, j=interpreted, Vv=VM code, C=native code)
V  [jvm.dll+0x676b3a]
V  [jvm.dll+0x831444]
V  [jvm.dll+0x832bee]
V  [jvm.dll+0x833253]
V  [jvm.dll+0x244ce5]
V  [jvm.dll+0xabdcc]
V  [jvm.dll+0xac17c]
V  [jvm.dll+0xb90cd]
V  [jvm.dll+0x175bf5]
V  [jvm.dll+0x1755a2]
V  [jvm.dll+0x177ee3]
V  [jvm.dll+0x179d31]
V  [jvm.dll+0x1344f3]
V  [jvm.dll+0x133def]
V  [jvm.dll+0x134026]
V  [jvm.dll+0x1334ba]
V  [jvm.dll+0x135181]
V  [jvm.dll+0x22698a]
V  [jvm.dll+0x224ac5]
V  [jvm.dll+0x7e727b]
V  [jvm.dll+0x7e17ea]
V  [jvm.dll+0x6759e5]
C  [ucrtbase.dll+0x21bb2]
C  [KERNEL32.DLL+0x17374]
C  [ntdll.dll+0x4cc91]


---------------  P R O C E S S  ---------------

Threads class SMR info:
_java_thread_list=0x000001f78b6d5660, length=16, elements={
0x000001f78a28ea40, 0x000001f78ac41400, 0x000001f78ac88290, 0x000001f78ac8b470,
0x000001f78ac8be20, 0x000001f78ac8c7d0, 0x000001f78ac8dcc0, 0x000001f78acf94e0,
0x000001f78acfc290, 0x000001f78adf5f10, 0x000001f78ae05830, 0x000001f78b231e70,
0x000001f78b237260, 0x000001f78b232cf0, 0x000001f78b655e60, 0x000001f7eb9d0ef0
}

Java Threads: ( => current thread )
  0x000001f78a28ea40 JavaThread "Reference Handler" daemon [_thread_blocked, id=9820, stack(0x000000c311c00000,0x000000c311d00000)]
  0x000001f78ac41400 JavaThread "Finalizer" daemon [_thread_blocked, id=22368, stack(0x000000c311d00000,0x000000c311e00000)]
  0x000001f78ac88290 JavaThread "Signal Dispatcher" daemon [_thread_blocked, id=23268, stack(0x000000c311e00000,0x000000c311f00000)]
  0x000001f78ac8b470 JavaThread "Attach Listener" daemon [_thread_blocked, id=10392, stack(0x000000c311f00000,0x000000c312000000)]
  0x000001f78ac8be20 JavaThread "Service Thread" daemon [_thread_blocked, id=13308, stack(0x000000c312000000,0x000000c312100000)]
  0x000001f78ac8c7d0 JavaThread "Monitor Deflation Thread" daemon [_thread_blocked, id=24804, stack(0x000000c312100000,0x000000c312200000)]
  0x000001f78ac8dcc0 JavaThread "C2 CompilerThread0" daemon [_thread_blocked, id=10116, stack(0x000000c312200000,0x000000c312300000)]
=>0x000001f78acf94e0 JavaThread "C1 CompilerThread0" daemon [_thread_in_native, id=4768, stack(0x000000c312300000,0x000000c312400000)]
  0x000001f78acfc290 JavaThread "Sweeper thread" daemon [_thread_blocked, id=7396, stack(0x000000c312400000,0x000000c312500000)]
  0x000001f78adf5f10 JavaThread "Notification Thread" daemon [_thread_blocked, id=13696, stack(0x000000c312500000,0x000000c312600000)]
  0x000001f78ae05830 JavaThread "Common-Cleaner" daemon [_thread_blocked, id=11012, stack(0x000000c312700000,0x000000c312800000)]
  0x000001f78b231e70 JavaThread "Java2D Disposer" daemon [_thread_blocked, id=23352, stack(0x000000c312900000,0x000000c312a00000)]
  0x000001f78b237260 JavaThread "AWT-Shutdown" [_thread_blocked, id=25896, stack(0x000000c312a00000,0x000000c312b00000)]
  0x000001f78b232cf0 JavaThread "AWT-Windows" daemon [_thread_in_native, id=4620, stack(0x000000c312b00000,0x000000c312c00000)]
  0x000001f78b655e60 JavaThread "AWT-EventQueue-0" [_thread_in_Java, id=9648, stack(0x000000c312e00000,0x000000c312f00000)]
  0x000001f7eb9d0ef0 JavaThread "DestroyJavaVM" [_thread_blocked, id=2260, stack(0x000000c311500000,0x000000c311600000)]

Other Threads:
  0x000001f78a28db20 VMThread "VM Thread" [stack: 0x000000c311b00000,0x000000c311c00000] [id=3092]
  0x000001f7eba57e90 WatcherThread [stack: 0x000000c312600000,0x000000c312700000] [id=13684]
  0x000001f7eba3c860 GCTaskThread "GC Thread#0" [stack: 0x000000c311600000,0x000000c311700000] [id=2476]
  0x000001f7eba4d670 ConcurrentGCThread "G1 Main Marker" [stack: 0x000000c311700000,0x000000c311800000] [id=2596]
  0x000001f7eba4e080 ConcurrentGCThread "G1 Conc#0" [stack: 0x000000c311800000,0x000000c311900000] [id=2756]
  0x000001f78a1124d0 ConcurrentGCThread "G1 Refine#0" [stack: 0x000000c311900000,0x000000c311a00000] [id=3088]
  0x000001f78a112ef0 ConcurrentGCThread "G1 Service" [stack: 0x000000c311a00000,0x000000c311b00000] [id=3096]

Threads with active compile tasks:
C1 CompilerThread0      622  574 %     3       newproject.main$1::paintComponent @ 769 (1457 bytes)

VM state: not at safepoint (normal execution)

VM Mutex/Monitor currently owned by a thread: None

Heap address: 0x0000000701200000, size: 4078 MB, Compressed Oops mode: Zero based, Oop shift amount: 3

CDS archive(s) not mapped
Compressed class space mapped at: 0x0000000800000000-0x0000000840000000, reserved size: 1073741824
Narrow klass base: 0x0000000800000000, Narrow klass shift: 0, Narrow klass range: 0x40000000

GC Precious Log:
 CPUs: 6 total, 6 available
 Memory: 16304M
 Large Page Support: Disabled
 NUMA Support: Disabled
 Compressed Oops: Enabled (Zero based)
 Heap Region Size: 2M
 Heap Min Capacity: 8M
 Heap Initial Capacity: 256M
 Heap Max Capacity: 4078M
 Pre-touch: Disabled
 Parallel Workers: 6
 Concurrent Workers: 2
 Concurrent Refinement Workers: 6
 Periodic GC: Disabled

Heap:
 garbage-first heap   total 262144K, used 38912K [0x0000000701200000, 0x0000000800000000)
  region size 2048K, 4 young (8192K), 0 survivors (0K)
 Metaspace       used 11847K, committed 12032K, reserved 1064960K
  class space    used 1172K, committed 1280K, reserved 1048576K

Heap Regions: E=young(eden), S=young(survivor), O=old, HS=humongous(starts), HC=humongous(continues), CS=collection set, F=free, OA=open archive, CA=closed archive, TAMS=top-at-mark-start (previous, next)
|   0|0x0000000701200000, 0x0000000701400000, 0x0000000701400000|100%|HS|  |TAMS 0x0000000701200000, 0x0000000701200000| Complete 
|   1|0x0000000701400000, 0x0000000701600000, 0x0000000701600000|100%|HC|  |TAMS 0x0000000701400000, 0x0000000701400000| Complete 
|   2|0x0000000701600000, 0x0000000701800000, 0x0000000701800000|100%|HC|  |TAMS 0x0000000701600000, 0x0000000701600000| Complete 
|   3|0x0000000701800000, 0x0000000701a00000, 0x0000000701a00000|100%|HC|  |TAMS 0x0000000701800000, 0x0000000701800000| Complete 
|   4|0x0000000701a00000, 0x0000000701c00000, 0x0000000701c00000|100%|HS|  |TAMS 0x0000000701a00000, 0x0000000701a00000| Complete 
|   5|0x0000000701c00000, 0x0000000701e00000, 0x0000000701e00000|100%|HC|  |TAMS 0x0000000701c00000, 0x0000000701c00000| Complete 
|   6|0x0000000701e00000, 0x0000000702000000, 0x0000000702000000|100%|HC|  |TAMS 0x0000000701e00000, 0x0000000701e00000| Complete 
|   7|0x0000000702000000, 0x0000000702200000, 0x0000000702200000|100%|HC|  |TAMS 0x0000000702000000, 0x0000000702000000| Complete 
|   8|0x0000000702200000, 0x0000000702400000, 0x0000000702400000|100%|HS|  |TAMS 0x0000000702200000, 0x0000000702200000| Complete 
|   9|0x0000000702400000, 0x0000000702600000, 0x0000000702600000|100%|HC|  |TAMS 0x0000000702400000, 0x0000000702400000| Complete 
|  10|0x0000000702600000, 0x0000000702800000, 0x0000000702800000|100%|HC|  |TAMS 0x0000000702600000, 0x0000000702600000| Complete 
|  11|0x0000000702800000, 0x0000000702a00000, 0x0000000702a00000|100%|HC|  |TAMS 0x0000000702800000, 0x0000000702800000| Complete 
|  12|0x0000000702a00000, 0x0000000702c00000, 0x0000000702c00000|100%|HC|  |TAMS 0x0000000702a00000, 0x0000000702a00000| Complete 
|  13|0x0000000702c00000, 0x0000000702e00000, 0x0000000702e00000|100%|HC|  |TAMS 0x0000000702c00000, 0x0000000702c00000| Complete 
|  14|0x0000000702e00000, 0x0000000703000000, 0x0000000703000000|100%|HC|  |TAMS 0x0000000702e00000, 0x0000000702e00000| Complete 
|  15|0x0000000703000000, 0x0000000703200000, 0x0000000703200000|100%|HC|  |TAMS 0x0000000703000000, 0x0000000703000000| Complete 
|  16|0x0000000703200000, 0x0000000703200000, 0x0000000703400000|  0%| F|  |TAMS 0x0000000703200000, 0x0000000703200000| Untracked 
|  17|0x0000000703400000, 0x0000000703400000, 0x0000000703600000|  0%| F|  |TAMS 0x0000000703400000, 0x0000000703400000| Untracked 
|  18|0x0000000703600000, 0x0000000703600000, 0x0000000703800000|  0%| F|  |TAMS 0x0000000703600000, 0x0000000703600000| Untracked 
|  19|0x0000000703800000, 0x0000000703800000, 0x0000000703a00000|  0%| F|  |TAMS 0x0000000703800000, 0x0000000703800000| Untracked 
|  20|0x0000000703a00000, 0x0000000703a00000, 0x0000000703c00000|  0%| F|  |TAMS 0x0000000703a00000, 0x0000000703a00000| Untracked 
|  21|0x0000000703c00000, 0x0000000703c00000, 0x0000000703e00000|  0%| F|  |TAMS 0x0000000703c00000, 0x0000000703c00000| Untracked 
|  22|0x0000000703e00000, 0x0000000703e00000, 0x0000000704000000|  0%| F|  |TAMS 0x0000000703e00000, 0x0000000703e00000| Untracked 
|  23|0x0000000704000000, 0x0000000704000000, 0x0000000704200000|  0%| F|  |TAMS 0x0000000704000000, 0x0000000704000000| Untracked 
|  24|0x0000000704200000, 0x0000000704200000, 0x0000000704400000|  0%| F|  |TAMS 0x0000000704200000, 0x0000000704200000| Untracked 
|  25|0x0000000704400000, 0x0000000704400000, 0x0000000704600000|  0%| F|  |TAMS 0x0000000704400000, 0x0000000704400000| Untracked 
|  26|0x0000000704600000, 0x0000000704600000, 0x0000000704800000|  0%| F|  |TAMS 0x0000000704600000, 0x0000000704600000| Untracked 
|  27|0x0000000704800000, 0x0000000704800000, 0x0000000704a00000|  0%| F|  |TAMS 0x0000000704800000, 0x0000000704800000| Untracked 
|  28|0x0000000704a00000, 0x0000000704a00000, 0x0000000704c00000|  0%| F|  |TAMS 0x0000000704a00000, 0x0000000704a00000| Untracked 
|  29|0x0000000704c00000, 0x0000000704c00000, 0x0000000704e00000|  0%| F|  |TAMS 0x0000000704c00000, 0x0000000704c00000| Untracked 
|  30|0x0000000704e00000, 0x0000000704e00000, 0x0000000705000000|  0%| F|  |TAMS 0x0000000704e00000, 0x0000000704e00000| Untracked 
|  31|0x0000000705000000, 0x0000000705000000, 0x0000000705200000|  0%| F|  |TAMS 0x0000000705000000, 0x0000000705000000| Untracked 
|  32|0x0000000705200000, 0x0000000705200000, 0x0000000705400000|  0%| F|  |TAMS 0x0000000705200000, 0x0000000705200000| Untracked 
|  33|0x0000000705400000, 0x0000000705400000, 0x0000000705600000|  0%| F|  |TAMS 0x0000000705400000, 0x0000000705400000| Untracked 
|  34|0x0000000705600000, 0x0000000705600000, 0x0000000705800000|  0%| F|  |TAMS 0x0000000705600000, 0x0000000705600000| Untracked 
|  35|0x0000000705800000, 0x0000000705800000, 0x0000000705a00000|  0%| F|  |TAMS 0x0000000705800000, 0x0000000705800000| Untracked 
|  36|0x0000000705a00000, 0x0000000705a00000, 0x0000000705c00000|  0%| F|  |TAMS 0x0000000705a00000, 0x0000000705a00000| Untracked 
|  37|0x0000000705c00000, 0x0000000705c00000, 0x0000000705e00000|  0%| F|  |TAMS 0x0000000705c00000, 0x0000000705c00000| Untracked 
|  38|0x0000000705e00000, 0x0000000705e00000, 0x0000000706000000|  0%| F|  |TAMS 0x0000000705e00000, 0x0000000705e00000| Untracked 
|  39|0x0000000706000000, 0x0000000706000000, 0x0000000706200000|  0%| F|  |TAMS 0x0000000706000000, 0x0000000706000000| Untracked 
|  40|0x0000000706200000, 0x0000000706200000, 0x0000000706400000|  0%| F|  |TAMS 0x0000000706200000, 0x0000000706200000| Untracked 
|  41|0x0000000706400000, 0x0000000706400000, 0x0000000706600000|  0%| F|  |TAMS 0x0000000706400000, 0x0000000706400000| Untracked 
|  42|0x0000000706600000, 0x0000000706600000, 0x0000000706800000|  0%| F|  |TAMS 0x0000000706600000, 0x0000000706600000| Untracked 
|  43|0x0000000706800000, 0x0000000706800000, 0x0000000706a00000|  0%| F|  |TAMS 0x0000000706800000, 0x0000000706800000| Untracked 
|  44|0x0000000706a00000, 0x0000000706a00000, 0x0000000706c00000|  0%| F|  |TAMS 0x0000000706a00000, 0x0000000706a00000| Untracked 
|  45|0x0000000706c00000, 0x0000000706c00000, 0x0000000706e00000|  0%| F|  |TAMS 0x0000000706c00000, 0x0000000706c00000| Untracked 
|  46|0x0000000706e00000, 0x0000000706e00000, 0x0000000707000000|  0%| F|  |TAMS 0x0000000706e00000, 0x0000000706e00000| Untracked 
|  47|0x0000000707000000, 0x0000000707000000, 0x0000000707200000|  0%| F|  |TAMS 0x0000000707000000, 0x0000000707000000| Untracked 
|  48|0x0000000707200000, 0x0000000707200000, 0x0000000707400000|  0%| F|  |TAMS 0x0000000707200000, 0x0000000707200000| Untracked 
|  49|0x0000000707400000, 0x0000000707400000, 0x0000000707600000|  0%| F|  |TAMS 0x0000000707400000, 0x0000000707400000| Untracked 
|  50|0x0000000707600000, 0x0000000707600000, 0x0000000707800000|  0%| F|  |TAMS 0x0000000707600000, 0x0000000707600000| Untracked 
|  51|0x0000000707800000, 0x0000000707800000, 0x0000000707a00000|  0%| F|  |TAMS 0x0000000707800000, 0x0000000707800000| Untracked 
|  52|0x0000000707a00000, 0x0000000707a00000, 0x0000000707c00000|  0%| F|  |TAMS 0x0000000707a00000, 0x0000000707a00000| Untracked 
|  53|0x0000000707c00000, 0x0000000707c00000, 0x0000000707e00000|  0%| F|  |TAMS 0x0000000707c00000, 0x0000000707c00000| Untracked 
|  54|0x0000000707e00000, 0x0000000707e00000, 0x0000000708000000|  0%| F|  |TAMS 0x0000000707e00000, 0x0000000707e00000| Untracked 
|  55|0x0000000708000000, 0x0000000708000000, 0x0000000708200000|  0%| F|  |TAMS 0x0000000708000000, 0x0000000708000000| Untracked 
|  56|0x0000000708200000, 0x0000000708200000, 0x0000000708400000|  0%| F|  |TAMS 0x0000000708200000, 0x0000000708200000| Untracked 
|  57|0x0000000708400000, 0x0000000708400000, 0x0000000708600000|  0%| F|  |TAMS 0x0000000708400000, 0x0000000708400000| Untracked 
|  58|0x0000000708600000, 0x0000000708600000, 0x0000000708800000|  0%| F|  |TAMS 0x0000000708600000, 0x0000000708600000| Untracked 
|  59|0x0000000708800000, 0x0000000708800000, 0x0000000708a00000|  0%| F|  |TAMS 0x0000000708800000, 0x0000000708800000| Untracked 
|  60|0x0000000708a00000, 0x0000000708a00000, 0x0000000708c00000|  0%| F|  |TAMS 0x0000000708a00000, 0x0000000708a00000| Untracked 
|  61|0x0000000708c00000, 0x0000000708c00000, 0x0000000708e00000|  0%| F|  |TAMS 0x0000000708c00000, 0x0000000708c00000| Untracked 
|  62|0x0000000708e00000, 0x0000000708e00000, 0x0000000709000000|  0%| F|  |TAMS 0x0000000708e00000, 0x0000000708e00000| Untracked 
|  63|0x0000000709000000, 0x0000000709000000, 0x0000000709200000|  0%| F|  |TAMS 0x0000000709000000, 0x0000000709000000| Untracked 
|  64|0x0000000709200000, 0x0000000709200000, 0x0000000709400000|  0%| F|  |TAMS 0x0000000709200000, 0x0000000709200000| Untracked 
|  65|0x0000000709400000, 0x0000000709400000, 0x0000000709600000|  0%| F|  |TAMS 0x0000000709400000, 0x0000000709400000| Untracked 
|  66|0x0000000709600000, 0x0000000709600000, 0x0000000709800000|  0%| F|  |TAMS 0x0000000709600000, 0x0000000709600000| Untracked 
|  67|0x0000000709800000, 0x0000000709800000, 0x0000000709a00000|  0%| F|  |TAMS 0x0000000709800000, 0x0000000709800000| Untracked 
|  68|0x0000000709a00000, 0x0000000709a00000, 0x0000000709c00000|  0%| F|  |TAMS 0x0000000709a00000, 0x0000000709a00000| Untracked 
|  69|0x0000000709c00000, 0x0000000709c00000, 0x0000000709e00000|  0%| F|  |TAMS 0x0000000709c00000, 0x0000000709c00000| Untracked 
|  70|0x0000000709e00000, 0x0000000709e00000, 0x000000070a000000|  0%| F|  |TAMS 0x0000000709e00000, 0x0000000709e00000| Untracked 
|  71|0x000000070a000000, 0x000000070a000000, 0x000000070a200000|  0%| F|  |TAMS 0x000000070a000000, 0x000000070a000000| Untracked 
|  72|0x000000070a200000, 0x000000070a200000, 0x000000070a400000|  0%| F|  |TAMS 0x000000070a200000, 0x000000070a200000| Untracked 
|  73|0x000000070a400000, 0x000000070a400000, 0x000000070a600000|  0%| F|  |TAMS 0x000000070a400000, 0x000000070a400000| Untracked 
|  74|0x000000070a600000, 0x000000070a600000, 0x000000070a800000|  0%| F|  |TAMS 0x000000070a600000, 0x000000070a600000| Untracked 
|  75|0x000000070a800000, 0x000000070a800000, 0x000000070aa00000|  0%| F|  |TAMS 0x000000070a800000, 0x000000070a800000| Untracked 
|  76|0x000000070aa00000, 0x000000070aa00000, 0x000000070ac00000|  0%| F|  |TAMS 0x000000070aa00000, 0x000000070aa00000| Untracked 
|  77|0x000000070ac00000, 0x000000070ac00000, 0x000000070ae00000|  0%| F|  |TAMS 0x000000070ac00000, 0x000000070ac00000| Untracked 
|  78|0x000000070ae00000, 0x000000070ae00000, 0x000000070b000000|  0%| F|  |TAMS 0x000000070ae00000, 0x000000070ae00000| Untracked 
|  79|0x000000070b000000, 0x000000070b000000, 0x000000070b200000|  0%| F|  |TAMS 0x000000070b000000, 0x000000070b000000| Untracked 
|  80|0x000000070b200000, 0x000000070b200000, 0x000000070b400000|  0%| F|  |TAMS 0x000000070b200000, 0x000000070b200000| Untracked 
|  81|0x000000070b400000, 0x000000070b400000, 0x000000070b600000|  0%| F|  |TAMS 0x000000070b400000, 0x000000070b400000| Untracked 
|  82|0x000000070b600000, 0x000000070b600000, 0x000000070b800000|  0%| F|  |TAMS 0x000000070b600000, 0x000000070b600000| Untracked 
|  83|0x000000070b800000, 0x000000070b800000, 0x000000070ba00000|  0%| F|  |TAMS 0x000000070b800000, 0x000000070b800000| Untracked 
|  84|0x000000070ba00000, 0x000000070ba00000, 0x000000070bc00000|  0%| F|  |TAMS 0x000000070ba00000, 0x000000070ba00000| Untracked 
|  85|0x000000070bc00000, 0x000000070bc00000, 0x000000070be00000|  0%| F|  |TAMS 0x000000070bc00000, 0x000000070bc00000| Untracked 
|  86|0x000000070be00000, 0x000000070be00000, 0x000000070c000000|  0%| F|  |TAMS 0x000000070be00000, 0x000000070be00000| Untracked 
|  87|0x000000070c000000, 0x000000070c000000, 0x000000070c200000|  0%| F|  |TAMS 0x000000070c000000, 0x000000070c000000| Untracked 
|  88|0x000000070c200000, 0x000000070c200000, 0x000000070c400000|  0%| F|  |TAMS 0x000000070c200000, 0x000000070c200000| Untracked 
|  89|0x000000070c400000, 0x000000070c400000, 0x000000070c600000|  0%| F|  |TAMS 0x000000070c400000, 0x000000070c400000| Untracked 
|  90|0x000000070c600000, 0x000000070c600000, 0x000000070c800000|  0%| F|  |TAMS 0x000000070c600000, 0x000000070c600000| Untracked 
|  91|0x000000070c800000, 0x000000070c800000, 0x000000070ca00000|  0%| F|  |TAMS 0x000000070c800000, 0x000000070c800000| Untracked 
|  92|0x000000070ca00000, 0x000000070ca00000, 0x000000070cc00000|  0%| F|  |TAMS 0x000000070ca00000, 0x000000070ca00000| Untracked 
|  93|0x000000070cc00000, 0x000000070cc00000, 0x000000070ce00000|  0%| F|  |TAMS 0x000000070cc00000, 0x000000070cc00000| Untracked 
|  94|0x000000070ce00000, 0x000000070ce00000, 0x000000070d000000|  0%| F|  |TAMS 0x000000070ce00000, 0x000000070ce00000| Untracked 
|  95|0x000000070d000000, 0x000000070d000000, 0x000000070d200000|  0%| F|  |TAMS 0x000000070d000000, 0x000000070d000000| Untracked 
|  96|0x000000070d200000, 0x000000070d200000, 0x000000070d400000|  0%| F|  |TAMS 0x000000070d200000, 0x000000070d200000| Untracked 
|  97|0x000000070d400000, 0x000000070d400000, 0x000000070d600000|  0%| F|  |TAMS 0x000000070d400000, 0x000000070d400000| Untracked 
|  98|0x000000070d600000, 0x000000070d600000, 0x000000070d800000|  0%| F|  |TAMS 0x000000070d600000, 0x000000070d600000| Untracked 
|  99|0x000000070d800000, 0x000000070d800000, 0x000000070da00000|  0%| F|  |TAMS 0x000000070d800000, 0x000000070d800000| Untracked 
| 100|0x000000070da00000, 0x000000070da00000, 0x000000070dc00000|  0%| F|  |TAMS 0x000000070da00000, 0x000000070da00000| Untracked 
| 101|0x000000070dc00000, 0x000000070dc00000, 0x000000070de00000|  0%| F|  |TAMS 0x000000070dc00000, 0x000000070dc00000| Untracked 
| 102|0x000000070de00000, 0x000000070de00000, 0x000000070e000000|  0%| F|  |TAMS 0x000000070de00000, 0x000000070de00000| Untracked 
| 103|0x000000070e000000, 0x000000070e000000, 0x000000070e200000|  0%| F|  |TAMS 0x000000070e000000, 0x000000070e000000| Untracked 
| 104|0x000000070e200000, 0x000000070e200000, 0x000000070e400000|  0%| F|  |TAMS 0x000000070e200000, 0x000000070e200000| Untracked 
| 105|0x000000070e400000, 0x000000070e400000, 0x000000070e600000|  0%| F|  |TAMS 0x000000070e400000, 0x000000070e400000| Untracked 
| 106|0x000000070e600000, 0x000000070e600000, 0x000000070e800000|  0%| F|  |TAMS 0x000000070e600000, 0x000000070e600000| Untracked 
| 107|0x000000070e800000, 0x000000070e800000, 0x000000070ea00000|  0%| F|  |TAMS 0x000000070e800000, 0x000000070e800000| Untracked 
| 108|0x000000070ea00000, 0x000000070ea00000, 0x000000070ec00000|  0%| F|  |TAMS 0x000000070ea00000, 0x000000070ea00000| Untracked 
| 109|0x000000070ec00000, 0x000000070ec00000, 0x000000070ee00000|  0%| F|  |TAMS 0x000000070ec00000, 0x000000070ec00000| Untracked 
| 110|0x000000070ee00000, 0x000000070ee00000, 0x000000070f000000|  0%| F|  |TAMS 0x000000070ee00000, 0x000000070ee00000| Untracked 
| 111|0x000000070f000000, 0x000000070f000000, 0x000000070f200000|  0%| F|  |TAMS 0x000000070f000000, 0x000000070f000000| Untracked 
| 112|0x000000070f200000, 0x000000070f200000, 0x000000070f400000|  0%| F|  |TAMS 0x000000070f200000, 0x000000070f200000| Untracked 
| 113|0x000000070f400000, 0x000000070f400000, 0x000000070f600000|  0%| F|  |TAMS 0x000000070f400000, 0x000000070f400000| Untracked 
| 114|0x000000070f600000, 0x000000070f600000, 0x000000070f800000|  0%| F|  |TAMS 0x000000070f600000, 0x000000070f600000| Untracked 
| 115|0x000000070f800000, 0x000000070f800000, 0x000000070fa00000|  0%| F|  |TAMS 0x000000070f800000, 0x000000070f800000| Untracked 
| 116|0x000000070fa00000, 0x000000070fa00000, 0x000000070fc00000|  0%| F|  |TAMS 0x000000070fa00000, 0x000000070fa00000| Untracked 
| 117|0x000000070fc00000, 0x000000070fc00000, 0x000000070fe00000|  0%| F|  |TAMS 0x000000070fc00000, 0x000000070fc00000| Untracked 
| 118|0x000000070fe00000, 0x000000070fe00000, 0x0000000710000000|  0%| F|  |TAMS 0x000000070fe00000, 0x000000070fe00000| Untracked 
| 119|0x0000000710000000, 0x0000000710000000, 0x0000000710200000|  0%| F|  |TAMS 0x0000000710000000, 0x0000000710000000| Untracked 
| 120|0x0000000710200000, 0x0000000710200000, 0x0000000710400000|  0%| F|  |TAMS 0x0000000710200000, 0x0000000710200000| Untracked 
| 121|0x0000000710400000, 0x0000000710400000, 0x0000000710600000|  0%| F|  |TAMS 0x0000000710400000, 0x0000000710400000| Untracked 
| 122|0x0000000710600000, 0x0000000710600000, 0x0000000710800000|  0%| F|  |TAMS 0x0000000710600000, 0x0000000710600000| Untracked 
| 123|0x0000000710800000, 0x0000000710800000, 0x0000000710a00000|  0%| F|  |TAMS 0x0000000710800000, 0x0000000710800000| Untracked 
| 124|0x0000000710a00000, 0x0000000710a66e78, 0x0000000710c00000| 20%| E|  |TAMS 0x0000000710a00000, 0x0000000710a00000| Complete 
| 125|0x0000000710c00000, 0x0000000710e00000, 0x0000000710e00000|100%| E|CS|TAMS 0x0000000710c00000, 0x0000000710c00000| Complete 
| 126|0x0000000710e00000, 0x0000000711000000, 0x0000000711000000|100%| E|CS|TAMS 0x0000000710e00000, 0x0000000710e00000| Complete 
| 127|0x0000000711000000, 0x0000000711200000, 0x0000000711200000|100%| E|CS|TAMS 0x0000000711000000, 0x0000000711000000| Complete 

Card table byte_map: [0x000001f7fe9a0000,0x000001f7ff1a0000] _byte_map_base: 0x000001f7fb197000

Marking Bits (Prev, Next): (CMBitMap*) 0x000001f7eba3ce70, (CMBitMap*) 0x000001f7eba3ceb0
 Prev Bits: [0x000001f780000000, 0x000001f783fb8000)
 Next Bits: [0x000001f783fc0000, 0x000001f787f78000)

Polling page: 0x000001f7eb1a0000

Metaspace:

Usage:
  Non-class:     10.43 MB used.
      Class:      1.14 MB used.
       Both:     11.57 MB used.

Virtual space:
  Non-class space:       16.00 MB reserved,      10.50 MB ( 66%) committed,  2 nodes.
      Class space:        1.00 GB reserved,       1.25 MB ( <1%) committed,  1 nodes.
             Both:        1.02 GB reserved,      11.75 MB (  1%) committed. 

Chunk freelists:
   Non-Class:  960.00 KB
       Class:  2.75 MB
        Both:  3.68 MB

MaxMetaspaceSize: unlimited
CompressedClassSpaceSize: 1.00 GB
Initial GC threshold: 21.00 MB
Current GC threshold: 21.00 MB
CDS: off
MetaspaceReclaimPolicy: balanced
 - commit_granule_bytes: 65536.
 - commit_granule_words: 8192.
 - virtual_space_node_default_size: 1048576.
 - enlarge_chunks_in_place: 1.
 - new_chunks_are_fully_committed: 0.
 - uncommit_free_chunks: 1.
 - use_allocation_guard: 0.
 - handle_deallocations: 1.


Internal statistics:

num_allocs_failed_limit: 0.
num_arena_births: 108.
num_arena_deaths: 0.
num_vsnodes_births: 3.
num_vsnodes_deaths: 0.
num_space_committed: 188.
num_space_uncommitted: 0.
num_chunks_returned_to_freelist: 0.
num_chunks_taken_from_freelist: 153.
num_chunk_merges: 0.
num_chunk_splits: 88.
num_chunks_enlarged: 52.
num_purges: 0.
num_inconsistent_stats: 0.

CodeHeap 'non-profiled nmethods': size=120000Kb used=159Kb max_used=159Kb free=119840Kb
 bounds [0x000001f7f6b60000, 0x000001f7f6dd0000, 0x000001f7fe090000]
CodeHeap 'profiled nmethods': size=120000Kb used=813Kb max_used=813Kb free=119186Kb
 bounds [0x000001f7ef630000, 0x000001f7ef8a0000, 0x000001f7f6b60000]
CodeHeap 'non-nmethods': size=5760Kb used=1231Kb max_used=1233Kb free=4528Kb
 bounds [0x000001f7ef090000, 0x000001f7ef300000, 0x000001f7ef630000]
 total_blobs=1120 nmethods=573 adapters=460
 compilation: enabled
              stopped_count=0, restarted_count=0
 full_count=0

Compilation events (20 events):
Event: 0.562 Thread 0x000001f78acf94e0 nmethod 562 0x000001f7ef6f8a90 code [0x000001f7ef6f8c40, 0x000001f7ef6f8e78]
Event: 0.562 Thread 0x000001f78ac8dcc0  563       4       sun.java2d.loops.GraphicsPrimitiveMgr$1::compare (13 bytes)
Event: 0.562 Thread 0x000001f78acf94e0  564       3       sun.java2d.loops.GraphicsPrimitiveMgr$2::compare (39 bytes)
Event: 0.563 Thread 0x000001f78acf94e0 nmethod 564 0x000001f7ef6f8f90 code [0x000001f7ef6f9160, 0x000001f7ef6f9578]
Event: 0.563 Thread 0x000001f78acf94e0  565       1       sun.java2d.loops.CompositeType::getSuperType (5 bytes)
Event: 0.563 Thread 0x000001f78acf94e0 nmethod 565 0x000001f7f6b86790 code [0x000001f7f6b86920, 0x000001f7f6b869f8]
Event: 0.563 Thread 0x000001f78acf94e0  568       3       java.util.Arrays::binarySearch0 (95 bytes)
Event: 0.563 Thread 0x000001f78acf94e0 nmethod 568 0x000001f7ef6f9690 code [0x000001f7ef6f9860, 0x000001f7ef6f9c98]
Event: 0.563 Thread 0x000001f78acf94e0  566       3       sun.java2d.loops.GraphicsPrimitiveMgr::locate (104 bytes)
Event: 0.563 Thread 0x000001f78acf94e0 nmethod 566 0x000001f7ef6f9e10 code [0x000001f7ef6fa040, 0x000001f7ef6faad8]
Event: 0.563 Thread 0x000001f78acf94e0  567       3       java.util.Arrays::binarySearch (10 bytes)
Event: 0.563 Thread 0x000001f78ac8dcc0 nmethod 563 0x000001f7f6b86a90 code [0x000001f7f6b86c20, 0x000001f7f6b86d58]
Event: 0.563 Thread 0x000001f78ac8dcc0  570       4       sun.java2d.loops.GraphicsPrimitiveMgr$2::compare (39 bytes)
Event: 0.563 Thread 0x000001f78acf94e0 nmethod 567 0x000001f7ef6fad90 code [0x000001f7ef6faf20, 0x000001f7ef6fb048]
Event: 0.563 Thread 0x000001f78acf94e0  569       1       sun.java2d.loops.SurfaceType::getSuperType (5 bytes)
Event: 0.563 Thread 0x000001f78acf94e0 nmethod 569 0x000001f7f6b86e90 code [0x000001f7f6b87020, 0x000001f7f6b870f8]
Event: 0.564 Thread 0x000001f78ac8dcc0 nmethod 570 0x000001f7f6b87190 code [0x000001f7f6b87320, 0x000001f7f6b87438]
Event: 0.573 Thread 0x000001f78acf94e0  572       3       jdk.internal.loader.NativeLibraries$NativeLibraryImpl::find (6 bytes)
Event: 0.573 Thread 0x000001f78acf94e0 nmethod 572 0x000001f7ef6fb110 code [0x000001f7ef6fb2a0, 0x000001f7ef6fb3c8]
Event: 0.594 Thread 0x000001f78acf94e0  574 %     3       newproject.main$1::paintComponent @ 769 (1457 bytes)

GC Heap History (0 events):
No events

Dll operation events (5 events):
Event: 0.007 Loaded shared library C:\Users\Bogdan\.p2\pool\plugins\org.eclipse.justj.openjdk.hotspot.jre.full.win32.x86_64_17.0.5.v20221102-0933\jre\bin\java.dll
Event: 0.167 Loaded shared library C:\Users\Bogdan\.p2\pool\plugins\org.eclipse.justj.openjdk.hotspot.jre.full.win32.x86_64_17.0.5.v20221102-0933\jre\bin\jimage.dll
Event: 0.198 Loaded shared library C:\Users\Bogdan\.p2\pool\plugins\org.eclipse.justj.openjdk.hotspot.jre.full.win32.x86_64_17.0.5.v20221102-0933\jre\bin\awt.dll
Event: 0.505 Loaded shared library C:\Users\Bogdan\.p2\pool\plugins\org.eclipse.justj.openjdk.hotspot.jre.full.win32.x86_64_17.0.5.v20221102-0933\jre\bin\freetype.dll
Event: 0.506 Loaded shared library C:\Users\Bogdan\.p2\pool\plugins\org.eclipse.justj.openjdk.hotspot.jre.full.win32.x86_64_17.0.5.v20221102-0933\jre\bin\fontmanager.dll

Deoptimization events (2 events):
Event: 0.522 Thread 0x000001f7eb9d0ef0 DEOPT PACKING pc=0x000001f7ef6458e7 sp=0x000000c3115fc7c0
Event: 0.522 Thread 0x000001f7eb9d0ef0 DEOPT UNPACKING pc=0x000001f7ef0e2b43 sp=0x000000c3115fbbe0 mode 0

Classes unloaded (0 events):
No events

Classes redefined (0 events):
No events

Internal exceptions (13 events):
Event: 0.189 Thread 0x000001f7eb9d0ef0 Exception <a 'java/lang/ClassNotFoundException'{0x0000000711186880}: sun/awt/resources/spi/awtProvider> (0x0000000711186880) 
thrown [s\src\hotspot\share\classfile\systemDictionary.cpp, line 256]
Event: 0.214 Thread 0x000001f7eb9d0ef0 Exception <a 'java/io/FileNotFoundException'{0x00000007111e1258}> (0x00000007111e1258) 
thrown [s\src\hotspot\share\prims\jni.cpp, line 516]
Event: 0.220 Thread 0x000001f7eb9d0ef0 Exception <a 'java/io/FileNotFoundException'{0x0000000710e0e660}> (0x0000000710e0e660) 
thrown [s\src\hotspot\share\prims\jni.cpp, line 516]
Event: 0.260 Thread 0x000001f7eb9d0ef0 Exception <a 'java/lang/NoSuchMethodError'{0x0000000710e4ee70}: 'java.lang.Object java.lang.invoke.DirectMethodHandle$Holder.invokeStaticInit(java.lang.Object)'> (0x0000000710e4ee70) 
thrown [s\src\hotspot\share\interpreter\linkResolver.cpp, line 759]
Event: 0.430 Thread 0x000001f7eb9d0ef0 Exception <a 'java/lang/NoSuchMethodError'{0x0000000710f00220}: 'void java.lang.invoke.DirectMethodHandle$Holder.invokeSpecial(java.lang.Object, java.lang.Object, java.lang.Object)'> (0x0000000710f00220) 
thrown [s\src\hotspot\share\interpreter\linkResolver.cpp, line 759]
Event: 0.437 Thread 0x000001f7eb9d0ef0 Exception <a 'java/lang/NoSuchMethodError'{0x0000000710f2a200}: 'java.lang.Object java.lang.invoke.DirectMethodHandle$Holder.newInvokeSpecial(java.lang.Object, java.lang.Object, java.lang.Object, java.lang.Object, java.lang.Object)'> (0x0000000710f2a200) 
thrown [s\src\hotspot\share\interpreter\linkResolver.cpp, line 759]
Event: 0.438 Thread 0x000001f7eb9d0ef0 Exception <a 'java/lang/NoSuchMethodError'{0x0000000710f35e30}: 'java.lang.Object java.lang.invoke.DirectMethodHandle$Holder.invokeStatic(java.lang.Object, int, java.lang.Object, java.lang.Object, java.lang.Object, java.lang.Object)'> (0x0000000710f35e30) 
thrown [s\src\hotspot\share\interpreter\linkResolver.cpp, line 759]
Event: 0.442 Thread 0x000001f7eb9d0ef0 Exception <a 'java/lang/NoSuchMethodError'{0x0000000710f5b5f0}: 'java.lang.Object java.lang.invoke.DirectMethodHandle$Holder.invokeStatic(java.lang.Object, int, java.lang.Object)'> (0x0000000710f5b5f0) 
thrown [s\src\hotspot\share\interpreter\linkResolver.cpp, line 759]
Event: 0.462 Thread 0x000001f7eb9d0ef0 Exception <a 'java/lang/ClassNotFoundException'{0x0000000710c13410}: com/sun/swing/internal/plaf/metal/resources/spi/metalProvider> (0x0000000710c13410) 
thrown [s\src\hotspot\share\classfile\systemDictionary.cpp, line 256]
Event: 0.463 Thread 0x000001f7eb9d0ef0 Exception <a 'java/lang/ClassNotFoundException'{0x0000000710c17010}: com/sun/swing/internal/plaf/basic/resources/spi/basicProvider> (0x0000000710c17010) 
thrown [s\src\hotspot\share\classfile\systemDictionary.cpp, line 256]
Event: 0.479 Thread 0x000001f7eb9d0ef0 Exception <a 'java/lang/NoSuchMethodError'{0x0000000710c47330}: 'void java.lang.invoke.DirectMethodHandle$Holder.invokeStatic(java.lang.Object, java.lang.Object, java.lang.Object)'> (0x0000000710c47330) 
thrown [s\src\hotspot\share\interpreter\linkResolver.cpp, line 759]
Event: 0.500 Thread 0x000001f7eb9d0ef0 Exception <a 'java/lang/NoSuchMethodError'{0x0000000710cdc928}: 'void java.lang.invoke.DirectMethodHandle$Holder.invokeStaticInit(java.lang.Object)'> (0x0000000710cdc928) 
thrown [s\src\hotspot\share\interpreter\linkResolver.cpp, line 759]
Event: 0.548 Thread 0x000001f78b232cf0 Exception <a 'java/lang/NoSuchMethodError'{0x0000000710e771e0}: 'void java.lang.invoke.DirectMethodHandle$Holder.invokeVirtual(java.lang.Object, java.lang.Object)'> (0x0000000710e771e0) 
thrown [s\src\hotspot\share\interpreter\linkResolver.cpp, line 759]

VM Operations (6 events):
Event: 0.462 Executing VM operation: HandshakeAllThreads
Event: 0.462 Executing VM operation: HandshakeAllThreads done
Event: 0.471 Executing VM operation: HandshakeAllThreads
Event: 0.471 Executing VM operation: HandshakeAllThreads done
Event: 0.521 Executing VM operation: HandshakeAllThreads
Event: 0.521 Executing VM operation: HandshakeAllThreads done

Events (20 events):
Event: 0.572 loading class java/awt/image/SinglePixelPackedSampleModel
Event: 0.572 loading class java/awt/image/SampleModel
Event: 0.573 loading class java/awt/image/SampleModel done
Event: 0.573 loading class java/awt/image/SinglePixelPackedSampleModel done
Event: 0.573 loading class sun/awt/image/IntegerInterleavedRaster
Event: 0.573 loading class sun/awt/image/IntegerComponentRaster
Event: 0.573 loading class sun/awt/image/IntegerComponentRaster done
Event: 0.573 loading class sun/awt/image/IntegerInterleavedRaster done
Event: 0.573 loading class sun/awt/image/NativeLibLoader
Event: 0.573 loading class sun/awt/image/NativeLibLoader done
Event: 0.573 loading class sun/awt/image/NativeLibLoader$1
Event: 0.573 loading class sun/awt/image/NativeLibLoader$1 done
Event: 0.574 loading class java/awt/image/BufferedImage$1
Event: 0.574 loading class java/awt/image/BufferedImage$1 done
Event: 0.574 loading class sun/awt/image/BufImgSurfaceData
Event: 0.575 loading class sun/awt/image/BufImgSurfaceData done
Event: 0.575 loading class sun/awt/image/BufImgSurfaceData$ICMColorData
Event: 0.575 loading class sun/awt/image/BufImgSurfaceData$ICMColorData done
Event: 0.575 loading class sun/awt/image/BufferedImageDevice
Event: 0.575 loading class sun/awt/image/BufferedImageDevice done


Dynamic libraries:
0x00007ff6826f0000 - 0x00007ff6826fe000 	C:\Users\Bogdan\.p2\pool\plugins\org.eclipse.justj.openjdk.hotspot.jre.full.win32.x86_64_17.0.5.v20221102-0933\jre\bin\javaw.exe
0x00007ffce0610000 - 0x00007ffce0808000 	C:\WINDOWS\SYSTEM32\ntdll.dll
0x00007ffcdf020000 - 0x00007ffcdf0e2000 	C:\WINDOWS\System32\KERNEL32.DLL
0x00007ffcddf90000 - 0x00007ffcde28f000 	C:\WINDOWS\System32\KERNELBASE.dll
0x00007ffcde3e0000 - 0x00007ffcde4e0000 	C:\WINDOWS\System32\ucrtbase.dll
0x00007ffcda840000 - 0x00007ffcda857000 	C:\Users\Bogdan\.p2\pool\plugins\org.eclipse.justj.openjdk.hotspot.jre.full.win32.x86_64_17.0.5.v20221102-0933\jre\bin\jli.dll
0x00007ffcdfde0000 - 0x00007ffcdff7d000 	C:\WINDOWS\System32\USER32.dll
0x00007ffcde3b0000 - 0x00007ffcde3d2000 	C:\WINDOWS\System32\win32u.dll
0x00007ffcdfc50000 - 0x00007ffcdfc7b000 	C:\WINDOWS\System32\GDI32.dll
0x00007ffcde290000 - 0x00007ffcde3aa000 	C:\WINDOWS\System32\gdi32full.dll
0x00007ffcddd40000 - 0x00007ffcddddd000 	C:\WINDOWS\System32\msvcp_win.dll
0x00007ffcda860000 - 0x00007ffcda879000 	C:\Users\Bogdan\.p2\pool\plugins\org.eclipse.justj.openjdk.hotspot.jre.full.win32.x86_64_17.0.5.v20221102-0933\jre\bin\VCRUNTIME140.dll
0x00007ffcc8620000 - 0x00007ffcc88ba000 	C:\WINDOWS\WinSxS\amd64_microsoft.windows.common-controls_6595b64144ccf1df_6.0.19041.4355_none_60b8b9eb71f62e16\COMCTL32.dll
0x00007ffcdf0f0000 - 0x00007ffcdf18e000 	C:\WINDOWS\System32\msvcrt.dll
0x00007ffcdfc80000 - 0x00007ffcdfcaf000 	C:\WINDOWS\System32\IMM32.DLL
0x00007ffcdb2f0000 - 0x00007ffcdb2fc000 	C:\Users\Bogdan\.p2\pool\plugins\org.eclipse.justj.openjdk.hotspot.jre.full.win32.x86_64_17.0.5.v20221102-0933\jre\bin\vcruntime140_1.dll
0x00007ffcb73a0000 - 0x00007ffcb7431000 	C:\Users\Bogdan\.p2\pool\plugins\org.eclipse.justj.openjdk.hotspot.jre.full.win32.x86_64_17.0.5.v20221102-0933\jre\bin\msvcp140.dll
0x00007ffc86fe0000 - 0x00007ffc87c24000 	C:\Users\Bogdan\.p2\pool\plugins\org.eclipse.justj.openjdk.hotspot.jre.full.win32.x86_64_17.0.5.v20221102-0933\jre\bin\server\jvm.dll
0x00007ffcdf2c0000 - 0x00007ffcdf36f000 	C:\WINDOWS\System32\ADVAPI32.dll
0x00007ffcdfd40000 - 0x00007ffcdfddf000 	C:\WINDOWS\System32\sechost.dll
0x00007ffcdf190000 - 0x00007ffcdf2b3000 	C:\WINDOWS\System32\RPCRT4.dll
0x00007ffcde4e0000 - 0x00007ffcde507000 	C:\WINDOWS\System32\bcrypt.dll
0x00007ffcdb2e0000 - 0x00007ffcdb2e9000 	C:\WINDOWS\SYSTEM32\WSOCK32.dll
0x00007ffcdee80000 - 0x00007ffcdeeeb000 	C:\WINDOWS\System32\WS2_32.dll
0x00007ffccc470000 - 0x00007ffccc497000 	C:\WINDOWS\SYSTEM32\WINMM.dll
0x00007ffcd6ed0000 - 0x00007ffcd6eda000 	C:\WINDOWS\SYSTEM32\VERSION.dll
0x00007ffcdbb10000 - 0x00007ffcdbb22000 	C:\WINDOWS\SYSTEM32\kernel.appcore.dll
0x00007ffcd5210000 - 0x00007ffcd521a000 	C:\Users\Bogdan\.p2\pool\plugins\org.eclipse.justj.openjdk.hotspot.jre.full.win32.x86_64_17.0.5.v20221102-0933\jre\bin\jimage.dll
0x00007ffccaee0000 - 0x00007ffccb0c4000 	C:\WINDOWS\SYSTEM32\DBGHELP.DLL
0x00007ffcc0030000 - 0x00007ffcc0064000 	C:\WINDOWS\SYSTEM32\dbgcore.DLL
0x00007ffcddcb0000 - 0x00007ffcddd32000 	C:\WINDOWS\System32\bcryptPrimitives.dll
0x00007ffcc5a50000 - 0x00007ffcc5a75000 	C:\Users\Bogdan\.p2\pool\plugins\org.eclipse.justj.openjdk.hotspot.jre.full.win32.x86_64_17.0.5.v20221102-0933\jre\bin\java.dll
0x00007ffcd09c0000 - 0x00007ffcd09d8000 	C:\Users\Bogdan\.p2\pool\plugins\org.eclipse.justj.openjdk.hotspot.jre.full.win32.x86_64_17.0.5.v20221102-0933\jre\bin\zip.dll
0x00007ffcde710000 - 0x00007ffcdee7d000 	C:\WINDOWS\System32\SHELL32.dll
0x00007ffcdbd10000 - 0x00007ffcdc4b4000 	C:\WINDOWS\SYSTEM32\windows.storage.dll
0x00007ffcdf4b0000 - 0x00007ffcdf805000 	C:\WINDOWS\System32\combase.dll
0x00007ffcdd600000 - 0x00007ffcdd62b000 	C:\WINDOWS\SYSTEM32\Wldp.dll
0x00007ffcdfb60000 - 0x00007ffcdfc2d000 	C:\WINDOWS\System32\OLEAUT32.dll
0x00007ffcdff80000 - 0x00007ffce002d000 	C:\WINDOWS\System32\SHCORE.dll
0x00007ffcdf370000 - 0x00007ffcdf3c5000 	C:\WINDOWS\System32\shlwapi.dll
0x00007ffcddbe0000 - 0x00007ffcddc05000 	C:\WINDOWS\SYSTEM32\profapi.dll
0x00007ffcb2d00000 - 0x00007ffcb2e8e000 	C:\Users\Bogdan\.p2\pool\plugins\org.eclipse.justj.openjdk.hotspot.jre.full.win32.x86_64_17.0.5.v20221102-0933\jre\bin\awt.dll
0x00007ffcdaf00000 - 0x00007ffcdaf94000 	C:\WINDOWS\SYSTEM32\apphelp.dll
0x00007ffcdb730000 - 0x00007ffcdb75f000 	C:\WINDOWS\system32\DWMAPI.DLL
0x00007ffcdb600000 - 0x00007ffcdb69e000 	C:\WINDOWS\system32\uxtheme.dll
0x00007ffcb1440000 - 0x00007ffcb1568000 	C:\WINDOWS\system32\opengl32.dll
0x00007ffcc5000000 - 0x00007ffcc502c000 	C:\WINDOWS\SYSTEM32\GLU32.dll
0x00007ffcdfa40000 - 0x00007ffcdfb55000 	C:\WINDOWS\System32\MSCTF.dll
0x00007ffcdeef0000 - 0x00007ffcdf01b000 	C:\WINDOWS\System32\ole32.dll
0x00007ffcb1090000 - 0x00007ffcb1261000 	C:\WINDOWS\system32\d3d9.dll
0x00007ffcd4a60000 - 0x00007ffcd4b21000 	C:\WINDOWS\System32\DriverStore\FileRepository\nv_dispig.inf_amd64_0afec3f2050014a0\nvldumdx.dll
0x00007ffcdd870000 - 0x00007ffcdd882000 	C:\WINDOWS\SYSTEM32\msasn1.dll
0x00007ffcd71f0000 - 0x00007ffcd7221000 	C:\WINDOWS\SYSTEM32\cryptnet.dll
0x00007ffcdde30000 - 0x00007ffcddf8c000 	C:\WINDOWS\System32\CRYPT32.dll
0x00007ffcdd570000 - 0x00007ffcdd57c000 	C:\WINDOWS\SYSTEM32\cryptbase.dll
0x00007ffcd7050000 - 0x00007ffcd7197000 	C:\WINDOWS\SYSTEM32\drvstore.dll
0x00007ffcdda40000 - 0x00007ffcdda73000 	C:\WINDOWS\SYSTEM32\devobj.dll
0x00007ffcddde0000 - 0x00007ffcdde2e000 	C:\WINDOWS\System32\cfgmgr32.dll
0x00007ffcde5c0000 - 0x00007ffcde628000 	C:\WINDOWS\System32\wintrust.dll
0x00007ffcdfc30000 - 0x00007ffcdfc4d000 	C:\WINDOWS\System32\imagehlp.dll
0x00007ffcdd640000 - 0x00007ffcdd658000 	C:\WINDOWS\SYSTEM32\CRYPTSP.dll
0x00007ffcdccb0000 - 0x00007ffcdcce8000 	C:\WINDOWS\system32\rsaenh.dll
0x00007ffcd14e0000 - 0x00007ffcd34ce000 	C:\WINDOWS\System32\DriverStore\FileRepository\nv_dispig.inf_amd64_0afec3f2050014a0\nvgpucomp64.dll
0x00007ffc6d8f0000 - 0x00007ffc6f384000 	C:\WINDOWS\System32\DriverStore\FileRepository\nv_dispig.inf_amd64_0afec3f2050014a0\nvd3dumx.dll
0x00007ffcdc4d0000 - 0x00007ffcdc4f3000 	C:\WINDOWS\SYSTEM32\gpapi.dll
0x00007ffcb0f30000 - 0x00007ffcb1085000 	C:\WINDOWS\System32\DriverStore\FileRepository\nv_dispig.inf_amd64_0afec3f2050014a0\nvppex.dll
0x00007ffcd50c0000 - 0x00007ffcd50fb000 	C:\WINDOWS\SYSTEM32\dxcore.dll
0x00007ffcb6f80000 - 0x00007ffcb7006000 	C:\Users\Bogdan\.p2\pool\plugins\org.eclipse.justj.openjdk.hotspot.jre.full.win32.x86_64_17.0.5.v20221102-0933\jre\bin\freetype.dll
0x00007ffcb1370000 - 0x00007ffcb1435000 	C:\Users\Bogdan\.p2\pool\plugins\org.eclipse.justj.openjdk.hotspot.jre.full.win32.x86_64_17.0.5.v20221102-0933\jre\bin\fontmanager.dll
0x00007ffcd4b30000 - 0x00007ffcd4c29000 	C:\WINDOWS\SYSTEM32\textinputframework.dll
0x00007ffcda890000 - 0x00007ffcdabeb000 	C:\WINDOWS\System32\CoreUIComponents.dll
0x00007ffcdabf0000 - 0x00007ffcdace2000 	C:\WINDOWS\System32\CoreMessaging.dll
0x00007ffcdcf00000 - 0x00007ffcdcf33000 	C:\WINDOWS\SYSTEM32\ntmarta.dll
0x00007ffcd9ef0000 - 0x00007ffcda047000 	C:\WINDOWS\SYSTEM32\wintypes.dll

dbghelp: loaded successfully - version: 4.0.5 - missing functions: none
symbol engine: initialized successfully - sym options: 0x614 - pdb path: .;C:\Users\Bogdan\.p2\pool\plugins\org.eclipse.justj.openjdk.hotspot.jre.full.win32.x86_64_17.0.5.v20221102-0933\jre\bin;C:\WINDOWS\SYSTEM32;C:\WINDOWS\WinSxS\amd64_microsoft.windows.common-controls_6595b64144ccf1df_6.0.19041.4355_none_60b8b9eb71f62e16;C:\Users\Bogdan\.p2\pool\plugins\org.eclipse.justj.openjdk.hotspot.jre.full.win32.x86_64_17.0.5.v20221102-0933\jre\bin\server;C:\WINDOWS\System32\DriverStore\FileRepository\nv_dispig.inf_amd64_0afec3f2050014a0

VM Arguments:
jvm_args: -Dfile.encoding=UTF-8 -XX:+ShowCodeDetailsInExceptionMessages 
java_command: newproject.main
java_class_path (initial): C:\Users\Bogdan\Desktop\personal\newproject\bin
Launcher Type: SUN_STANDARD

[Global flags]
     intx CICompilerCount                          = 3                                         {product} {ergonomic}
     uint ConcGCThreads                            = 2                                         {product} {ergonomic}
     uint G1ConcRefinementThreads                  = 6                                         {product} {ergonomic}
   size_t G1HeapRegionSize                         = 2097152                                   {product} {ergonomic}
    uintx GCDrainStackTargetSize                   = 64                                        {product} {ergonomic}
   size_t InitialHeapSize                          = 268435456                                 {product} {ergonomic}
   size_t MarkStackSize                            = 4194304                                   {product} {ergonomic}
   size_t MaxHeapSize                              = 4276092928                                {product} {ergonomic}
   size_t MaxNewSize                               = 2564816896                                {product} {ergonomic}
   size_t MinHeapDeltaBytes                        = 2097152                                   {product} {ergonomic}
   size_t MinHeapSize                              = 8388608                                   {product} {ergonomic}
    uintx NonNMethodCodeHeapSize                   = 5832780                                {pd product} {ergonomic}
    uintx NonProfiledCodeHeapSize                  = 122912730                              {pd product} {ergonomic}
    uintx ProfiledCodeHeapSize                     = 122912730                              {pd product} {ergonomic}
    uintx ReservedCodeCacheSize                    = 251658240                              {pd product} {ergonomic}
     bool SegmentedCodeCache                       = true                                      {product} {ergonomic}
     bool ShowCodeDetailsInExceptionMessages       = true                                   {manageable} {command line}
   size_t SoftMaxHeapSize                          = 4276092928                             {manageable} {ergonomic}
     bool UseCompressedClassPointers               = true                           {product lp64_product} {ergonomic}
     bool UseCompressedOops                        = true                           {product lp64_product} {ergonomic}
     bool UseG1GC                                  = true                                      {product} {ergonomic}
     bool UseLargePagesIndividualAllocation        = false                                  {pd product} {ergonomic}

Logging:
Log output configuration:
 #0: stdout all=warning uptime,level,tags
 #1: stderr all=off uptime,level,tags

Environment Variables:
JAVA_HOME=C:\Users\Bogdan\AppData\Local\Coursier\cache\arc\https\github.com\adoptium\temurin11-binaries\releases\download\jdk-11.0.25%252B9\OpenJDK11U-jdk_x64_windows_hotspot_11.0.25_9.zip\jdk-11.0.25+9
PATH=C:/Users/Bogdan/.p2/pool/plugins/org.eclipse.justj.openjdk.hotspot.jre.full.win32.x86_64_17.0.5.v20221102-0933/jre/bin/server;C:/Users/Bogdan/.p2/pool/plugins/org.eclipse.justj.openjdk.hotspot.jre.full.win32.x86_64_17.0.5.v20221102-0933/jre/bin;C:\Program Files\Eclipse Adoptium\jdk-17.0.14.7-hotspot\bin;C:\Python313\Scripts\;C:\Python313\;C:\Program Files (x86)\Eclipse Adoptium\jdk-17.0.13.11-hotspot\bin;C:\Program Files\Common Files\Oracle\Java\javapath;C:\WINDOWS\system32;C:\WINDOWS;C:\WINDOWS\System32\Wbem;C:\WINDOWS\System32\WindowsPowerShell\v1.0\;C:\WINDOWS\System32\OpenSSH\;C:\Program Files\Java\jdk-23\bin;C:\Program Files (x86)\sbt\bin;C:\Program Files (x86)\Windows Kits\10\Windows Performance Toolkit\;C:\ProgramData\chocolatey\bin;C:\Program Files\scala-cli-x86_64-pc-win32\;C:\Program Files\nodejs\;C:\Program Files\dotnet\;C:\Program Files\LLVM\bin;C:\Program Files\Docker\Docker\resources\bin;C:\Program Files\Git\cmd;C:\Users\Bogdan\scoop\apps\llvm\current\bin;C:\Users\Bogdan\scoop\shims;C:\Users\Bogdan\AppData\Local\Microsoft\WindowsApps;C:\Users\Bogdan\AppData\Local\Coursier\cache\arc\https\github.com\adoptium\temurin11-binaries\releases\download\jdk-11.0.25%252B9\OpenJDK11U-jdk_x64_windows_hotspot_11.0.25_9.zip\jdk-11.0.25+9\bin;C:\Users\Bogdan\AppData\Local\Coursier\data\bin;C:\Users\Bogdan\AppData\Local\JetBrains\Toolbox\scripts;C:\Users\Bogdan\AppData\Roaming\npm;C:\Users\Bogdan\.dotnet\tools;C:\Users\Bogdan\Desktop;
USERNAME=Bogdan
OS=Windows_NT
PROCESSOR_IDENTIFIER=Intel64 Family 6 Model 158 Stepping 10, GenuineIntel
TMP=C:\Users\Bogdan\AppData\Local\Temp
TEMP=C:\Users\Bogdan\AppData\Local\Temp



---------------  S Y S T E M  ---------------

OS:
 Windows 10 , 64 bit Build 19041 (10.0.19041.5438)
OS uptime: 2 days 13:39 hours
Hyper-V role detected

CPU: total 6 (initial active 6) (6 cores per cpu, 1 threads per core) family 6 model 158 stepping 10 microcode 0xb4, cx8, cmov, fxsr, mmx, 3dnowpref, sse, sse2, sse3, ssse3, sse4.1, sse4.2, popcnt, lzcnt, tsc, tscinvbit, avx, avx2, aes, erms, clmul, bmi1, bmi2, adx, fma, vzeroupper, clflush, clflushopt, hv

Memory: 4k page, system-wide physical 16304M (5510M free)
TotalPageFile size 44741M (AvailPageFile size 3M)
current process WorkingSet (physical memory assigned to process): 97M, peak: 97M
current process commit charge ("private bytes"): 363M, peak: 373M

vm_info: OpenJDK 64-Bit Server VM (17.0.5+8) for windows-amd64 JRE (17.0.5+8), built on Oct 19 2022 04:48:13 by "temurin" with MS VC++ 16.7 (VS2019)

END.
