#
# A fatal error has been detected by the Java Runtime Environment:
#
#  EXCEPTION_ACCESS_VIOLATION (0xc0000005) at pc=0x00007ff86d23a2ce, pid=30892, tid=21660
#
# JRE version: OpenJDK Runtime Environment Temurin-17.0.5+8 (17.0.5+8) (build 17.0.5+8)
# Java VM: OpenJDK 64-Bit Server VM Temurin-17.0.5+8 (17.0.5+8, mixed mode, tiered, compressed oops, compressed class ptrs, g1 gc, windows-amd64)
# Problematic frame:
# C  [awt.dll+0xda2ce]
#
# No core dump will be written. Minidumps are not enabled by default on client versions of Windows
#
# If you would like to submit a bug report, please visit:
#   https://github.com/adoptium/adoptium-support/issues
# The crash happened outside the Java Virtual Machine in native code.
# See problematic frame for where to report the bug.
#

---------------  S U M M A R Y ------------

Command Line: -Dfile.encoding=UTF-8 --module-path=C:\Users\Bogdan\Desktop\personal\newproject\bin -XX:+ShowCodeDetailsInExceptionMessages -Djdk.module.main=newproject newproject/newproject.main

Host: Intel(R) Core(TM) i5-8400 CPU @ 2.80GHz, 6 cores, 15G,  Windows 10 , 64 bit Build 19041 (10.0.19041.5678)
Time: Sat May  3 08:24:37 2025 E. Europe Daylight Time elapsed time: 15479.788539 seconds (0d 4h 17m 59s)

---------------  T H R E A D  ---------------

Current thread (0x00000273d7e2b2d0):  JavaThread "AWT-EventQueue-0" [_thread_in_native, id=21660, stack(0x000000c666d00000,0x000000c666e00000)]

Stack: [0x000000c666d00000,0x000000c666e00000],  sp=0x000000c666dfe460,  free space=1017k
Native frames: (J=compiled Java code, j=interpreted, Vv=VM code, C=native code)
C  [awt.dll+0xda2ce]

Java frames: (J=compiled Java code, j=interpreted, Vv=VM code)
j  sun.awt.Win32GraphicsDevice.makeColorModel(IZ)Ljava/awt/image/ColorModel;+0 java.desktop@17.0.5
j  sun.awt.Win32GraphicsDevice.getDynamicColorModel()Ljava/awt/image/ColorModel;+14 java.desktop@17.0.5
j  sun.awt.Win32GraphicsConfig.getDeviceColorModel()Ljava/awt/image/ColorModel;+4 java.desktop@17.0.5
j  sun.awt.windows.WComponentPeer.getDeviceColorModel()Ljava/awt/image/ColorModel;+13 java.desktop@17.0.5
j  sun.java2d.windows.GDIWindowSurfaceData.createData(Lsun/awt/windows/WComponentPeer;)Lsun/java2d/windows/GDIWindowSurfaceData;+1 java.desktop@17.0.5
j  sun.java2d.d3d.D3DScreenUpdateManager.createScreenSurface(Lsun/awt/Win32GraphicsConfig;Lsun/awt/windows/WComponentPeer;IZ)Lsun/java2d/SurfaceData;+56 java.desktop@17.0.5
j  sun.awt.windows.WComponentPeer.createScreenSurface(Z)V+21 java.desktop@17.0.5
j  sun.awt.windows.WComponentPeer.replaceSurfaceData(ILjava/awt/BufferCapabilities;)V+63 java.desktop@17.0.5
j  sun.awt.windows.WComponentPeer.replaceSurfaceData()V+9 java.desktop@17.0.5
j  sun.awt.windows.WComponentPeer$2.run()V+14 java.desktop@17.0.5
j  javax.swing.RepaintManager$2$1.run()Ljava/lang/Void;+7 java.desktop@17.0.5
j  javax.swing.RepaintManager$2$1.run()Ljava/lang/Object;+1 java.desktop@17.0.5
J 895 c1 java.security.ProtectionDomain$JavaSecurityAccessImpl.doIntersectionPrivilege(Ljava/security/PrivilegedAction;Ljava/security/AccessControlContext;Ljava/security/AccessControlContext;)Ljava/lang/Object; java.base@17.0.5 (22 bytes) @ 0x00000273bbf31b34 [0x00000273bbf318a0+0x0000000000000294]
j  javax.swing.RepaintManager$2.run()V+30 java.desktop@17.0.5
j  javax.swing.RepaintManager.prePaintDirtyRegions()V+64 java.desktop@17.0.5
j  javax.swing.RepaintManager$ProcessingRunnable.run()V+37 java.desktop@17.0.5
J 1032 c1 java.awt.event.InvocationEvent.dispatch()V java.desktop@17.0.5 (69 bytes) @ 0x00000273bbf8761c [0x00000273bbf87400+0x000000000000021c]
J 978 c1 java.awt.EventQueue.dispatchEventImpl(Ljava/awt/AWTEvent;Ljava/lang/Object;)V java.desktop@17.0.5 (136 bytes) @ 0x00000273bbf57cdc [0x00000273bbf561e0+0x0000000000001afc]
J 977 c1 java.awt.EventQueue$4.run()Ljava/lang/Void; java.desktop@17.0.5 (60 bytes) @ 0x00000273bbf55aa4 [0x00000273bbf55960+0x0000000000000144]
J 923 c1 java.awt.EventQueue.dispatchEvent(Ljava/awt/AWTEvent;)V java.desktop@17.0.5 (80 bytes) @ 0x00000273bbf3fda4 [0x00000273bbf3f7e0+0x00000000000005c4]
J 926 c1 java.awt.EventDispatchThread.pumpOneEventForFilters(I)V java.desktop@17.0.5 (113 bytes) @ 0x00000273bbf43cb4 [0x00000273bbf43620+0x0000000000000694]
j  java.awt.EventDispatchThread.pumpEventsForFilter(ILjava/awt/Conditional;Ljava/awt/EventFilter;)V+35 java.desktop@17.0.5
j  java.awt.EventDispatchThread.pumpEventsForHierarchy(ILjava/awt/Conditional;Ljava/awt/Component;)V+11 java.desktop@17.0.5
j  java.awt.EventDispatchThread.pumpEvents(ILjava/awt/Conditional;)V+4 java.desktop@17.0.5
j  java.awt.EventDispatchThread.pumpEvents(Ljava/awt/Conditional;)V+3 java.desktop@17.0.5
j  java.awt.EventDispatchThread.run()V+9 java.desktop@17.0.5
v  ~StubRoutines::call_stub

siginfo: EXCEPTION_ACCESS_VIOLATION (0xc0000005), reading address 0x00000273e0fecf54


Register to memory mapping:

RIP=0x00007ff86d23a2ce awt.dll
RAX=0x00000b8d08c1c61f is an unknown value
RBX=0x00000273e0a80330 points into unknown readable memory: 0x00000273d7c83640 | 40 36 c8 d7 73 02 00 00
RCX=0x00000273e0fecf50 is an unknown value
RDX=0x00000273d7e2b578 points into unknown readable memory: 0x00007ff81b40d7d0 | d0 d7 40 1b f8 7f 00 00
RSP=0x000000c666dfe460 is pointing into the stack for thread: 0x00000273d7e2b2d0
RBP=0x0000000000000001 is an unknown value
RSI=0x00000273d7e2b578 points into unknown readable memory: 0x00007ff81b40d7d0 | d0 d7 40 1b f8 7f 00 00
RDI=0x00000273d7e2b578 points into unknown readable memory: 0x00007ff81b40d7d0 | d0 d7 40 1b f8 7f 00 00
R8 =0x0000000000000001 is an unknown value
R9 =0x0000000000000001 is an unknown value
R10=0x00000273bb82d5f2 is at code_begin+946 in an Interpreter codelet
method entry point (kind = native)  [0x00000273bb82d240, 0x00000273bb82dbc0]  2432 bytes
R11=0x0000000000000102 is an unknown value
R12=0x0000000000000001 is an unknown value
R13={method} {0x00000273d7313260} 'makeColorModel' '(IZ)Ljava/awt/image/ColorModel;' in 'sun/awt/Win32GraphicsDevice'
R14=0x00000273e0bab910 points into unknown readable memory: 0x00000273e0fecf50 | 50 cf fe e0 73 02 00 00
R15=0x00000273d7e2b2d0 is a thread


Registers:
RAX=0x00000b8d08c1c61f, RBX=0x00000273e0a80330, RCX=0x00000273e0fecf50, RDX=0x00000273d7e2b578
RSP=0x000000c666dfe460, RBP=0x0000000000000001, RSI=0x00000273d7e2b578, RDI=0x00000273d7e2b578
R8 =0x0000000000000001, R9 =0x0000000000000001, R10=0x00000273bb82d5f2, R11=0x0000000000000102
R12=0x0000000000000001, R13=0x00000273d7313258, R14=0x00000273e0bab910, R15=0x00000273d7e2b2d0
RIP=0x00007ff86d23a2ce, EFLAGS=0x0000000000010202

Top of Stack: (sp=0x000000c666dfe460)
0x000000c666dfe460:   00000273d67c5300 000000000000000d
0x000000c666dfe470:   000000c666dfe6e0 00000273d7e2b2d0
0x000000c666dfe480:   000000007fffffff 00000000000000b6
0x000000c666dfe490:   000000c666dfe5a0 00007ff81ac91f3d
0x000000c666dfe4a0:   00000273d7313320 0000000000000000
0x000000c666dfe4b0:   00000273d7e2b2d0 0000000000000001
0x000000c666dfe4c0:   0000000000000000 00000273d7e2b578
0x000000c666dfe4d0:   000000000000000d 00000273d73132f0
0x000000c666dfe4e0:   000000c666dfe5a0 00007ff81af2bcb4
0x000000c666dfe4f0:   00007ff86d29a838 00000b8d08c1c61f
0x000000c666dfe500:   00000273d7e2b2d0 000000c666dfe618
0x000000c666dfe510:   00000273d7313258 0000000000000000
0x000000c666dfe520:   0000000000000000 00007ff86d23c4e5
0x000000c666dfe530:   00007ff86d29a838 00000273d7313258
0x000000c666dfe540:   00000273e0a80330 00000273d7e2b578
0x000000c666dfe550:   000000007fffffff 00000273bb82d621 

Instructions: (pc=0x00007ff86d23a2ce)
0x00007ff86d23a1ce:   20 57 48 83 ec 20 48 8b f2 8b e9 33 ff c7 02 48
0x00007ff86d23a1de:   03 00 00 4c 8b c2 33 d2 45 33 c9 33 c9 ff 15 67
0x00007ff86d23a1ee:   9b 06 00 85 c0 74 75 83 ff 14 73 70 f6 86 44 01
0x00007ff86d23a1fe:   00 00 01 74 4e e8 a8 e3 f4 ff 48 8b d8 48 89 44
0x00007ff86d23a20e:   24 38 41 b8 01 00 00 00 8b d5 48 8b c8 e8 10 e3
0x00007ff86d23a21e:   f4 ff 48 8b 40 30 4c 8d 46 04 48 83 c0 28 4c 2b
0x00007ff86d23a22e:   c0 90 0f b7 10 42 0f b7 0c 00 2b d1 75 08 48 83
0x00007ff86d23a23e:   c0 02 85 c9 75 ec 85 d2 74 12 48 8b cb e8 60 e4
0x00007ff86d23a24e:   f4 ff 90 ff c7 4c 8b c6 8b d7 eb 8c 48 8b cb e8
0x00007ff86d23a25e:   4e e4 f4 ff 90 b8 01 00 00 00 eb 02 33 c0 48 8b
0x00007ff86d23a26e:   5c 24 30 48 8b 6c 24 40 48 8b 74 24 48 48 83 c4
0x00007ff86d23a27e:   20 5f c3 cc cc cc cc cc cc cc cc cc cc cc cc cc
0x00007ff86d23a28e:   cc cc 48 89 5c 24 18 48 89 74 24 20 57 41 54 41
0x00007ff86d23a29e:   55 41 56 41 57 48 81 ec a0 00 00 00 48 8b 05 b7
0x00007ff86d23a2ae:   85 06 00 48 33 c4 48 89 84 24 98 00 00 00 45 0f
0x00007ff86d23a2be:   b6 e0 48 8b fa 4c 8b f1 48 89 54 24 68 48 8b 09
0x00007ff86d23a2ce:   8b 41 04 83 f8 18 75 1b 4c 8d 05 bb 67 02 00 48
0x00007ff86d23a2de:   8d 15 bc 55 03 00 48 8b cf e8 ff 08 01 00 e9 8a
0x00007ff86d23a2ee:   04 00 00 83 f8 08 7e 4d 49 8b 4e 18 33 db 8b 51
0x00007ff86d23a2fe:   30 44 8b 41 2c 44 8b 49 28 41 8b c1 41 0b c0 0b
0x00007ff86d23a30e:   c2 74 06 ff c3 d1 e8 75 fa 89 54 24 30 44 89 44
0x00007ff86d23a31e:   24 28 44 89 4c 24 20 44 8b cb 4c 8d 05 01 bd 02
0x00007ff86d23a32e:   00 48 8d 15 8a 55 03 00 48 8b cf e8 ad 08 01 00
0x00007ff86d23a33e:   e9 38 04 00 00 48 8b 02 83 39 02 48 8b cf 0f 85
0x00007ff86d23a34e:   1e 01 00 00 48 8d 15 87 55 03 00 ff 50 30 48 8b
0x00007ff86d23a35e:   d8 48 85 c0 0f 84 11 04 00 00 4c 8b 17 4c 8d 0d
0x00007ff86d23a36e:   8e 55 03 00 4c 8d 05 d7 d8 02 00 48 8b d0 48 8b
0x00007ff86d23a37e:   cf 41 ff 92 88 03 00 00 48 85 c0 0f 84 ea 03 00
0x00007ff86d23a38e:   00 41 b9 eb 03 00 00 4c 8b c0 48 8b d3 48 8b cf
0x00007ff86d23a39e:   e8 9d d1 f5 ff 4c 8b f8 48 85 c0 0f 84 ca 03 00
0x00007ff86d23a3ae:   00 c7 44 24 50 08 00 00 00 4c 8b 07 ba 01 00 00
0x00007ff86d23a3be:   00 48 8b cf 41 ff 90 98 05 00 00 48 8b f0 48 85 


Stack slot to memory mapping:
stack at sp + 0 slots: 0x00000273d67c5300 points into unknown readable memory: 0x0000000000000000 | 00 00 00 00 00 00 00 00
stack at sp + 1 slots: 0x000000000000000d is an unknown value
stack at sp + 2 slots: 0x000000c666dfe6e0 is pointing into the stack for thread: 0x00000273d7e2b2d0
stack at sp + 3 slots: 0x00000273d7e2b2d0 is a thread
stack at sp + 4 slots: 0x000000007fffffff is an unknown value
stack at sp + 5 slots: 0x00000000000000b6 is an unknown value
stack at sp + 6 slots: 0x000000c666dfe5a0 is pointing into the stack for thread: 0x00000273d7e2b2d0
stack at sp + 7 slots: 0x00007ff81ac91f3d jvm.dll


---------------  P R O C E S S  ---------------

Threads class SMR info:
_java_thread_list=0x00000273e02acb50, length=17, elements={
0x00000273d747f5f0, 0x00000273d7480420, 0x00000273d74968d0, 0x00000273d7499390,
0x00000273d7499d40, 0x00000273d749a6f0, 0x00000273d74bcc30, 0x00000273d74bf150,
0x00000273d74bf660, 0x00000273d75ceff0, 0x00000273d7713150, 0x00000273d792d870,
0x00000273d7978ad0, 0x00000273d7978fa0, 0x00000273d7e2b2d0, 0x00000273b8161ce0,
0x00000273d7625fe0
}

Java Threads: ( => current thread )
  0x00000273d747f5f0 JavaThread "Reference Handler" daemon [_thread_blocked, id=19628, stack(0x000000c665b00000,0x000000c665c00000)]
  0x00000273d7480420 JavaThread "Finalizer" daemon [_thread_blocked, id=33796, stack(0x000000c665c00000,0x000000c665d00000)]
  0x00000273d74968d0 JavaThread "Signal Dispatcher" daemon [_thread_blocked, id=18376, stack(0x000000c665d00000,0x000000c665e00000)]
  0x00000273d7499390 JavaThread "Attach Listener" daemon [_thread_blocked, id=13452, stack(0x000000c665e00000,0x000000c665f00000)]
  0x00000273d7499d40 JavaThread "Service Thread" daemon [_thread_blocked, id=5200, stack(0x000000c665f00000,0x000000c666000000)]
  0x00000273d749a6f0 JavaThread "Monitor Deflation Thread" daemon [_thread_blocked, id=27952, stack(0x000000c666000000,0x000000c666100000)]
  0x00000273d74bcc30 JavaThread "C2 CompilerThread0" daemon [_thread_blocked, id=33808, stack(0x000000c666100000,0x000000c666200000)]
  0x00000273d74bf150 JavaThread "C1 CompilerThread0" daemon [_thread_blocked, id=34672, stack(0x000000c666200000,0x000000c666300000)]
  0x00000273d74bf660 JavaThread "Sweeper thread" daemon [_thread_blocked, id=32564, stack(0x000000c666300000,0x000000c666400000)]
  0x00000273d75ceff0 JavaThread "Common-Cleaner" daemon [_thread_blocked, id=25916, stack(0x000000c666400000,0x000000c666500000)]
  0x00000273d7713150 JavaThread "Notification Thread" daemon [_thread_blocked, id=17092, stack(0x000000c666500000,0x000000c666600000)]
  0x00000273d792d870 JavaThread "Java2D Disposer" daemon [_thread_blocked, id=23516, stack(0x000000c666700000,0x000000c666800000)]
  0x00000273d7978ad0 JavaThread "AWT-Shutdown" [_thread_blocked, id=2652, stack(0x000000c666800000,0x000000c666900000)]
  0x00000273d7978fa0 JavaThread "AWT-Windows" daemon [_thread_in_native, id=20468, stack(0x000000c666900000,0x000000c666a00000)]
=>0x00000273d7e2b2d0 JavaThread "AWT-EventQueue-0" [_thread_in_native, id=21660, stack(0x000000c666d00000,0x000000c666e00000)]
  0x00000273b8161ce0 JavaThread "DestroyJavaVM" [_thread_blocked, id=33452, stack(0x000000c665400000,0x000000c665500000)]
  0x00000273d7625fe0 JavaThread "D3D Screen Updater" daemon [_thread_blocked, id=13724, stack(0x000000c666e00000,0x000000c666f00000)]

Other Threads:
  0x00000273d690e3f0 VMThread "VM Thread" [stack: 0x000000c665a00000,0x000000c665b00000] [id=34164]
  0x00000273d7719640 WatcherThread [stack: 0x000000c666600000,0x000000c666700000] [id=34736]
  0x00000273b81cdbf0 GCTaskThread "GC Thread#0" [stack: 0x000000c665500000,0x000000c665600000] [id=8452]
  0x00000273e094d610 GCTaskThread "GC Thread#1" [stack: 0x000000c667000000,0x000000c667100000] [id=30796]
  0x00000273e0159080 GCTaskThread "GC Thread#2" [stack: 0x000000c667100000,0x000000c667200000] [id=31516]
  0x00000273e07f6e80 GCTaskThread "GC Thread#3" [stack: 0x000000c667200000,0x000000c667300000] [id=28020]
  0x00000273e07f7130 GCTaskThread "GC Thread#4" [stack: 0x000000c667300000,0x000000c667400000] [id=34020]
  0x00000273e0717410 GCTaskThread "GC Thread#5" [stack: 0x000000c667400000,0x000000c667500000] [id=5260]
  0x00000273b81df1a0 ConcurrentGCThread "G1 Main Marker" [stack: 0x000000c665600000,0x000000c665700000] [id=22348]
  0x00000273b81dfbb0 ConcurrentGCThread "G1 Conc#0" [stack: 0x000000c665700000,0x000000c665800000] [id=9832]
  0x00000273b822ecd0 ConcurrentGCThread "G1 Refine#0" [stack: 0x000000c665800000,0x000000c665900000] [id=11396]
  0x00000273d67bc940 ConcurrentGCThread "G1 Service" [stack: 0x000000c665900000,0x000000c665a00000] [id=28168]

Threads with active compile tasks:

VM state: at safepoint (normal execution)

VM Mutex/Monitor currently owned by a thread:  ([mutex/lock_event])
[0x00000273b815c8e0] Threads_lock - owner thread: 0x00000273d690e3f0

Heap address: 0x0000000701200000, size: 4078 MB, Compressed Oops mode: Zero based, Oop shift amount: 3

CDS archive(s) not mapped
Compressed class space mapped at: 0x0000000800000000-0x0000000840000000, reserved size: 1073741824
Narrow klass base: 0x0000000800000000, Narrow klass shift: 0, Narrow klass range: 0x40000000

GC Precious Log:
 CPUs: 6 total, 6 available
 Memory: 16304M
 Large Page Support: Disabled
 NUMA Support: Disabled
 Compressed Oops: Enabled (Zero based)
 Heap Region Size: 2M
 Heap Min Capacity: 8M
 Heap Initial Capacity: 256M
 Heap Max Capacity: 4078M
 Pre-touch: Disabled
 Parallel Workers: 6
 Concurrent Workers: 2
 Concurrent Refinement Workers: 6
 Periodic GC: Disabled

Heap:
 garbage-first heap   total 315392K, used 130886K [0x0000000701200000, 0x0000000800000000)
  region size 2048K, 13 young (26624K), 1 survivors (2048K)
 Metaspace       used 13694K, committed 13888K, reserved 1064960K
  class space    used 1353K, committed 1472K, reserved 1048576K

Heap Regions: E=young(eden), S=young(survivor), O=old, HS=humongous(starts), HC=humongous(continues), CS=collection set, F=free, OA=open archive, CA=closed archive, TAMS=top-at-mark-start (previous, next)
|   0|0x0000000701200000, 0x0000000701400000, 0x0000000701400000|100%|HS|  |TAMS 0x0000000701200000, 0x0000000701200000| Complete 
|   1|0x0000000701400000, 0x0000000701600000, 0x0000000701600000|100%|HC|  |TAMS 0x0000000701400000, 0x0000000701400000| Complete 
|   2|0x0000000701600000, 0x0000000701800000, 0x0000000701800000|100%|HC|  |TAMS 0x0000000701600000, 0x0000000701600000| Complete 
|   3|0x0000000701800000, 0x0000000701a00000, 0x0000000701a00000|100%|HC|  |TAMS 0x0000000701800000, 0x0000000701800000| Complete 
|   4|0x0000000701a00000, 0x0000000701c00000, 0x0000000701c00000|100%|HC|  |TAMS 0x0000000701a00000, 0x0000000701a00000| Complete 
|   5|0x0000000701c00000, 0x0000000701e00000, 0x0000000701e00000|100%|HC|  |TAMS 0x0000000701c00000, 0x0000000701c00000| Complete 
|   6|0x0000000701e00000, 0x0000000702000000, 0x0000000702000000|100%|HC|  |TAMS 0x0000000701e00000, 0x0000000701e00000| Complete 
|   7|0x0000000702000000, 0x0000000702200000, 0x0000000702200000|100%|HC|  |TAMS 0x0000000702000000, 0x0000000702000000| Complete 
|   8|0x0000000702200000, 0x0000000702400000, 0x0000000702400000|100%|HS|  |TAMS 0x0000000702200000, 0x0000000702200000| Complete 
|   9|0x0000000702400000, 0x0000000702600000, 0x0000000702600000|100%|HC|  |TAMS 0x0000000702400000, 0x0000000702400000| Complete 
|  10|0x0000000702600000, 0x0000000702800000, 0x0000000702800000|100%|HC|  |TAMS 0x0000000702600000, 0x0000000702600000| Complete 
|  11|0x0000000702800000, 0x0000000702a00000, 0x0000000702a00000|100%|HC|  |TAMS 0x0000000702800000, 0x0000000702800000| Complete 
|  12|0x0000000702a00000, 0x0000000702c00000, 0x0000000702c00000|100%|HS|  |TAMS 0x0000000702a00000, 0x0000000702c00000| Complete 
|  13|0x0000000702c00000, 0x0000000702e00000, 0x0000000702e00000|100%|HC|  |TAMS 0x0000000702c00000, 0x0000000702e00000| Complete 
|  14|0x0000000702e00000, 0x0000000703000000, 0x0000000703000000|100%|HC|  |TAMS 0x0000000702e00000, 0x0000000703000000| Complete 
|  15|0x0000000703000000, 0x0000000703200000, 0x0000000703200000|100%|HC|  |TAMS 0x0000000703000000, 0x0000000703200000| Complete 
|  16|0x0000000703200000, 0x0000000703400000, 0x0000000703400000|100%|HS|  |TAMS 0x0000000703200000, 0x0000000703200000| Complete 
|  17|0x0000000703400000, 0x0000000703600000, 0x0000000703600000|100%|HC|  |TAMS 0x0000000703400000, 0x0000000703400000| Complete 
|  18|0x0000000703600000, 0x0000000703800000, 0x0000000703800000|100%|HC|  |TAMS 0x0000000703600000, 0x0000000703600000| Complete 
|  19|0x0000000703800000, 0x0000000703a00000, 0x0000000703a00000|100%|HC|  |TAMS 0x0000000703800000, 0x0000000703800000| Complete 
|  20|0x0000000703a00000, 0x0000000703c00000, 0x0000000703c00000|100%|HC|  |TAMS 0x0000000703a00000, 0x0000000703a00000| Complete 
|  21|0x0000000703c00000, 0x0000000703e00000, 0x0000000703e00000|100%|HC|  |TAMS 0x0000000703c00000, 0x0000000703c00000| Complete 
|  22|0x0000000703e00000, 0x0000000704000000, 0x0000000704000000|100%|HC|  |TAMS 0x0000000703e00000, 0x0000000703e00000| Complete 
|  23|0x0000000704000000, 0x0000000704200000, 0x0000000704200000|100%|HC|  |TAMS 0x0000000704000000, 0x0000000704000000| Complete 
|  24|0x0000000704200000, 0x0000000704400000, 0x0000000704400000|100%|HS|  |TAMS 0x0000000704200000, 0x0000000704400000| Complete 
|  25|0x0000000704400000, 0x0000000704600000, 0x0000000704600000|100%|HC|  |TAMS 0x0000000704400000, 0x0000000704600000| Complete 
|  26|0x0000000704600000, 0x0000000704800000, 0x0000000704800000|100%|HC|  |TAMS 0x0000000704600000, 0x0000000704800000| Complete 
|  27|0x0000000704800000, 0x0000000704a00000, 0x0000000704a00000|100%|HC|  |TAMS 0x0000000704800000, 0x0000000704a00000| Complete 
|  28|0x0000000704a00000, 0x0000000704c00000, 0x0000000704c00000|100%|HS|  |TAMS 0x0000000704a00000, 0x0000000704a00000| Complete 
|  29|0x0000000704c00000, 0x0000000704e00000, 0x0000000704e00000|100%|HC|  |TAMS 0x0000000704c00000, 0x0000000704c00000| Complete 
|  30|0x0000000704e00000, 0x0000000705000000, 0x0000000705000000|100%|HC|  |TAMS 0x0000000704e00000, 0x0000000704e00000| Complete 
|  31|0x0000000705000000, 0x0000000705200000, 0x0000000705200000|100%|HC|  |TAMS 0x0000000705000000, 0x0000000705000000| Complete 
|  32|0x0000000705200000, 0x0000000705400000, 0x0000000705400000|100%|HS|  |TAMS 0x0000000705200000, 0x0000000705200000| Complete 
|  33|0x0000000705400000, 0x0000000705600000, 0x0000000705600000|100%|HC|  |TAMS 0x0000000705400000, 0x0000000705400000| Complete 
|  34|0x0000000705600000, 0x0000000705800000, 0x0000000705800000|100%|HC|  |TAMS 0x0000000705600000, 0x0000000705600000| Complete 
|  35|0x0000000705800000, 0x0000000705a00000, 0x0000000705a00000|100%|HC|  |TAMS 0x0000000705800000, 0x0000000705800000| Complete 
|  36|0x0000000705a00000, 0x0000000705c00000, 0x0000000705c00000|100%|HC|  |TAMS 0x0000000705a00000, 0x0000000705a00000| Complete 
|  37|0x0000000705c00000, 0x0000000705e00000, 0x0000000705e00000|100%|HC|  |TAMS 0x0000000705c00000, 0x0000000705c00000| Complete 
|  38|0x0000000705e00000, 0x0000000706000000, 0x0000000706000000|100%|HC|  |TAMS 0x0000000705e00000, 0x0000000705e00000| Complete 
|  39|0x0000000706000000, 0x0000000706200000, 0x0000000706200000|100%|HC|  |TAMS 0x0000000706000000, 0x0000000706000000| Complete 
|  40|0x0000000706200000, 0x0000000706400000, 0x0000000706400000|100%|HS|  |TAMS 0x0000000706200000, 0x0000000706400000| Complete 
|  41|0x0000000706400000, 0x0000000706600000, 0x0000000706600000|100%|HC|  |TAMS 0x0000000706400000, 0x0000000706600000| Complete 
|  42|0x0000000706600000, 0x0000000706800000, 0x0000000706800000|100%|HC|  |TAMS 0x0000000706600000, 0x0000000706800000| Complete 
|  43|0x0000000706800000, 0x0000000706a00000, 0x0000000706a00000|100%|HC|  |TAMS 0x0000000706800000, 0x0000000706a00000| Complete 
|  44|0x0000000706a00000, 0x0000000706a00000, 0x0000000706c00000|  0%| F|  |TAMS 0x0000000706a00000, 0x0000000706a00000| Untracked 
|  45|0x0000000706c00000, 0x0000000706c00000, 0x0000000706e00000|  0%| F|  |TAMS 0x0000000706c00000, 0x0000000706c00000| Untracked 
|  46|0x0000000706e00000, 0x0000000706e00000, 0x0000000707000000|  0%| F|  |TAMS 0x0000000706e00000, 0x0000000706e00000| Untracked 
|  47|0x0000000707000000, 0x0000000707000000, 0x0000000707200000|  0%| F|  |TAMS 0x0000000707000000, 0x0000000707000000| Untracked 
|  48|0x0000000707200000, 0x0000000707200000, 0x0000000707400000|  0%| F|  |TAMS 0x0000000707200000, 0x0000000707200000| Untracked 
|  49|0x0000000707400000, 0x0000000707400000, 0x0000000707600000|  0%| F|  |TAMS 0x0000000707400000, 0x0000000707400000| Untracked 
|  50|0x0000000707600000, 0x0000000707600000, 0x0000000707800000|  0%| F|  |TAMS 0x0000000707600000, 0x0000000707600000| Untracked 
|  51|0x0000000707800000, 0x0000000707800000, 0x0000000707a00000|  0%| F|  |TAMS 0x0000000707800000, 0x0000000707800000| Untracked 
|  52|0x0000000707a00000, 0x0000000707a00000, 0x0000000707c00000|  0%| F|  |TAMS 0x0000000707a00000, 0x0000000707a00000| Untracked 
|  53|0x0000000707c00000, 0x0000000707c00000, 0x0000000707e00000|  0%| F|  |TAMS 0x0000000707c00000, 0x0000000707c00000| Untracked 
|  54|0x0000000707e00000, 0x0000000707e00000, 0x0000000708000000|  0%| F|  |TAMS 0x0000000707e00000, 0x0000000707e00000| Untracked 
|  55|0x0000000708000000, 0x0000000708000000, 0x0000000708200000|  0%| F|  |TAMS 0x0000000708000000, 0x0000000708000000| Untracked 
|  56|0x0000000708200000, 0x0000000708200000, 0x0000000708400000|  0%| F|  |TAMS 0x0000000708200000, 0x0000000708200000| Untracked 
|  57|0x0000000708400000, 0x0000000708400000, 0x0000000708600000|  0%| F|  |TAMS 0x0000000708400000, 0x0000000708400000| Untracked 
|  58|0x0000000708600000, 0x0000000708600000, 0x0000000708800000|  0%| F|  |TAMS 0x0000000708600000, 0x0000000708600000| Untracked 
|  59|0x0000000708800000, 0x0000000708800000, 0x0000000708a00000|  0%| F|  |TAMS 0x0000000708800000, 0x0000000708800000| Untracked 
|  60|0x0000000708a00000, 0x0000000708c00000, 0x0000000708c00000|100%|HS|  |TAMS 0x0000000708a00000, 0x0000000708c00000| Complete 
|  61|0x0000000708c00000, 0x0000000708e00000, 0x0000000708e00000|100%|HC|  |TAMS 0x0000000708c00000, 0x0000000708e00000| Complete 
|  62|0x0000000708e00000, 0x0000000709000000, 0x0000000709000000|100%|HC|  |TAMS 0x0000000708e00000, 0x0000000709000000| Complete 
|  63|0x0000000709000000, 0x0000000709200000, 0x0000000709200000|100%|HC|  |TAMS 0x0000000709000000, 0x0000000709200000| Complete 
|  64|0x0000000709200000, 0x0000000709400000, 0x0000000709400000|100%|HS|  |TAMS 0x0000000709200000, 0x0000000709400000| Complete 
|  65|0x0000000709400000, 0x0000000709600000, 0x0000000709600000|100%|HC|  |TAMS 0x0000000709400000, 0x0000000709600000| Complete 
|  66|0x0000000709600000, 0x0000000709800000, 0x0000000709800000|100%|HC|  |TAMS 0x0000000709600000, 0x0000000709800000| Complete 
|  67|0x0000000709800000, 0x0000000709a00000, 0x0000000709a00000|100%|HC|  |TAMS 0x0000000709800000, 0x0000000709a00000| Complete 
|  68|0x0000000709a00000, 0x0000000709bbfa00, 0x0000000709c00000| 87%| O|  |TAMS 0x0000000709a00000, 0x0000000709b8aa00| Untracked 
|  69|0x0000000709c00000, 0x0000000709c00000, 0x0000000709e00000|  0%| F|  |TAMS 0x0000000709c00000, 0x0000000709c00000| Untracked 
|  70|0x0000000709e00000, 0x0000000709e00000, 0x000000070a000000|  0%| F|  |TAMS 0x0000000709e00000, 0x0000000709e00000| Untracked 
|  71|0x000000070a000000, 0x000000070a000000, 0x000000070a200000|  0%| F|  |TAMS 0x000000070a000000, 0x000000070a000000| Untracked 
|  72|0x000000070a200000, 0x000000070a200000, 0x000000070a400000|  0%| F|  |TAMS 0x000000070a200000, 0x000000070a200000| Untracked 
|  73|0x000000070a400000, 0x000000070a400000, 0x000000070a600000|  0%| F|  |TAMS 0x000000070a400000, 0x000000070a400000| Untracked 
|  74|0x000000070a600000, 0x000000070a600000, 0x000000070a800000|  0%| F|  |TAMS 0x000000070a600000, 0x000000070a600000| Untracked 
|  75|0x000000070a800000, 0x000000070a800000, 0x000000070aa00000|  0%| F|  |TAMS 0x000000070a800000, 0x000000070a800000| Untracked 
|  76|0x000000070aa00000, 0x000000070aa00000, 0x000000070ac00000|  0%| F|  |TAMS 0x000000070aa00000, 0x000000070aa00000| Untracked 
|  77|0x000000070ac00000, 0x000000070ac00000, 0x000000070ae00000|  0%| F|  |TAMS 0x000000070ac00000, 0x000000070ac00000| Untracked 
|  78|0x000000070ae00000, 0x000000070ae00000, 0x000000070b000000|  0%| F|  |TAMS 0x000000070ae00000, 0x000000070ae00000| Untracked 
|  79|0x000000070b000000, 0x000000070b000000, 0x000000070b200000|  0%| F|  |TAMS 0x000000070b000000, 0x000000070b000000| Untracked 
|  80|0x000000070b200000, 0x000000070b200000, 0x000000070b400000|  0%| F|  |TAMS 0x000000070b200000, 0x000000070b200000| Untracked 
|  81|0x000000070b400000, 0x000000070b400000, 0x000000070b600000|  0%| F|  |TAMS 0x000000070b400000, 0x000000070b400000| Untracked 
|  82|0x000000070b600000, 0x000000070b600000, 0x000000070b800000|  0%| F|  |TAMS 0x000000070b600000, 0x000000070b600000| Untracked 
|  83|0x000000070b800000, 0x000000070b800000, 0x000000070ba00000|  0%| F|  |TAMS 0x000000070b800000, 0x000000070b800000| Untracked 
|  84|0x000000070ba00000, 0x000000070ba00000, 0x000000070bc00000|  0%| F|  |TAMS 0x000000070ba00000, 0x000000070ba00000| Untracked 
|  85|0x000000070bc00000, 0x000000070bc00000, 0x000000070be00000|  0%| F|  |TAMS 0x000000070bc00000, 0x000000070bc00000| Untracked 
|  86|0x000000070be00000, 0x000000070be00000, 0x000000070c000000|  0%| F|  |TAMS 0x000000070be00000, 0x000000070be00000| Untracked 
|  87|0x000000070c000000, 0x000000070c000000, 0x000000070c200000|  0%| F|  |TAMS 0x000000070c000000, 0x000000070c000000| Untracked 
|  88|0x000000070c200000, 0x000000070c200000, 0x000000070c400000|  0%| F|  |TAMS 0x000000070c200000, 0x000000070c200000| Untracked 
|  89|0x000000070c400000, 0x000000070c400000, 0x000000070c600000|  0%| F|  |TAMS 0x000000070c400000, 0x000000070c400000| Untracked 
|  90|0x000000070c600000, 0x000000070c600000, 0x000000070c800000|  0%| F|  |TAMS 0x000000070c600000, 0x000000070c600000| Untracked 
|  91|0x000000070c800000, 0x000000070c800000, 0x000000070ca00000|  0%| F|  |TAMS 0x000000070c800000, 0x000000070c800000| Untracked 
|  92|0x000000070ca00000, 0x000000070ca00000, 0x000000070cc00000|  0%| F|  |TAMS 0x000000070ca00000, 0x000000070ca00000| Untracked 
|  93|0x000000070cc00000, 0x000000070cc00000, 0x000000070ce00000|  0%| F|  |TAMS 0x000000070cc00000, 0x000000070cc00000| Untracked 
|  94|0x000000070ce00000, 0x000000070ce00000, 0x000000070d000000|  0%| F|  |TAMS 0x000000070ce00000, 0x000000070ce00000| Untracked 
|  95|0x000000070d000000, 0x000000070d000000, 0x000000070d200000|  0%| F|  |TAMS 0x000000070d000000, 0x000000070d000000| Untracked 
|  96|0x000000070d200000, 0x000000070d200000, 0x000000070d400000|  0%| F|  |TAMS 0x000000070d200000, 0x000000070d200000| Untracked 
|  97|0x000000070d400000, 0x000000070d400000, 0x000000070d600000|  0%| F|  |TAMS 0x000000070d400000, 0x000000070d400000| Untracked 
|  98|0x000000070d600000, 0x000000070d600000, 0x000000070d800000|  0%| F|  |TAMS 0x000000070d600000, 0x000000070d600000| Untracked 
|  99|0x000000070d800000, 0x000000070d800000, 0x000000070da00000|  0%| F|  |TAMS 0x000000070d800000, 0x000000070d800000| Untracked 
| 100|0x000000070da00000, 0x000000070da00000, 0x000000070dc00000|  0%| F|  |TAMS 0x000000070da00000, 0x000000070da00000| Untracked 
| 101|0x000000070dc00000, 0x000000070dc00000, 0x000000070de00000|  0%| F|  |TAMS 0x000000070dc00000, 0x000000070dc00000| Untracked 
| 102|0x000000070de00000, 0x000000070de00000, 0x000000070e000000|  0%| F|  |TAMS 0x000000070de00000, 0x000000070de00000| Untracked 
| 103|0x000000070e000000, 0x000000070e000000, 0x000000070e200000|  0%| F|  |TAMS 0x000000070e000000, 0x000000070e000000| Untracked 
| 104|0x000000070e200000, 0x000000070e200000, 0x000000070e400000|  0%| F|  |TAMS 0x000000070e200000, 0x000000070e200000| Untracked 
| 105|0x000000070e400000, 0x000000070e400000, 0x000000070e600000|  0%| F|  |TAMS 0x000000070e400000, 0x000000070e400000| Untracked 
| 106|0x000000070e600000, 0x000000070e600000, 0x000000070e800000|  0%| F|  |TAMS 0x000000070e600000, 0x000000070e600000| Untracked 
| 107|0x000000070e800000, 0x000000070e800000, 0x000000070ea00000|  0%| F|  |TAMS 0x000000070e800000, 0x000000070e800000| Untracked 
| 108|0x000000070ea00000, 0x000000070ea00000, 0x000000070ec00000|  0%| F|  |TAMS 0x000000070ea00000, 0x000000070ea00000| Untracked 
| 109|0x000000070ec00000, 0x000000070ec00000, 0x000000070ee00000|  0%| F|  |TAMS 0x000000070ec00000, 0x000000070ec00000| Untracked 
| 110|0x000000070ee00000, 0x000000070ee00000, 0x000000070f000000|  0%| F|  |TAMS 0x000000070ee00000, 0x000000070ee00000| Untracked 
| 111|0x000000070f000000, 0x000000070f000000, 0x000000070f200000|  0%| F|  |TAMS 0x000000070f000000, 0x000000070f000000| Untracked 
| 112|0x000000070f200000, 0x000000070f200000, 0x000000070f400000|  0%| F|  |TAMS 0x000000070f200000, 0x000000070f200000| Untracked 
| 113|0x000000070f400000, 0x000000070f400000, 0x000000070f600000|  0%| F|  |TAMS 0x000000070f400000, 0x000000070f400000| Untracked 
| 114|0x000000070f600000, 0x000000070f600000, 0x000000070f800000|  0%| F|  |TAMS 0x000000070f600000, 0x000000070f600000| Untracked 
| 115|0x000000070f800000, 0x000000070f800000, 0x000000070fa00000|  0%| F|  |TAMS 0x000000070f800000, 0x000000070f800000| Untracked 
| 116|0x000000070fa00000, 0x000000070fa00000, 0x000000070fc00000|  0%| F|  |TAMS 0x000000070fa00000, 0x000000070fa00000| Untracked 
| 117|0x000000070fc00000, 0x000000070fc00000, 0x000000070fe00000|  0%| F|  |TAMS 0x000000070fc00000, 0x000000070fc00000| Untracked 
| 118|0x000000070fe00000, 0x000000070fe00000, 0x0000000710000000|  0%| F|  |TAMS 0x000000070fe00000, 0x000000070fe00000| Untracked 
| 119|0x0000000710000000, 0x0000000710000000, 0x0000000710200000|  0%| F|  |TAMS 0x0000000710000000, 0x0000000710000000| Untracked 
| 120|0x0000000710200000, 0x0000000710200000, 0x0000000710400000|  0%| F|  |TAMS 0x0000000710200000, 0x0000000710200000| Untracked 
| 121|0x0000000710400000, 0x0000000710400000, 0x0000000710600000|  0%| F|  |TAMS 0x0000000710400000, 0x0000000710400000| Untracked 
| 122|0x0000000710600000, 0x0000000710600000, 0x0000000710800000|  0%| F|  |TAMS 0x0000000710600000, 0x0000000710600000| Untracked 
| 123|0x0000000710800000, 0x0000000710800000, 0x0000000710a00000|  0%| F|  |TAMS 0x0000000710800000, 0x0000000710800000| Untracked 
| 124|0x0000000710a00000, 0x0000000710a00000, 0x0000000710c00000|  0%| F|  |TAMS 0x0000000710a00000, 0x0000000710a00000| Untracked 
| 125|0x0000000710c00000, 0x0000000710c00000, 0x0000000710e00000|  0%| F|  |TAMS 0x0000000710c00000, 0x0000000710c00000| Untracked 
| 126|0x0000000710e00000, 0x0000000710e00000, 0x0000000711000000|  0%| F|  |TAMS 0x0000000710e00000, 0x0000000710e00000| Untracked 
| 127|0x0000000711000000, 0x0000000711000000, 0x0000000711200000|  0%| F|  |TAMS 0x0000000711000000, 0x0000000711000000| Untracked 
| 128|0x0000000711200000, 0x0000000711200000, 0x0000000711400000|  0%| F|  |TAMS 0x0000000711200000, 0x0000000711200000| Untracked 
| 129|0x0000000711400000, 0x0000000711400000, 0x0000000711600000|  0%| F|  |TAMS 0x0000000711400000, 0x0000000711400000| Untracked 
| 130|0x0000000711600000, 0x0000000711600000, 0x0000000711800000|  0%| F|  |TAMS 0x0000000711600000, 0x0000000711600000| Untracked 
| 131|0x0000000711800000, 0x0000000711800000, 0x0000000711a00000|  0%| F|  |TAMS 0x0000000711800000, 0x0000000711800000| Untracked 
| 132|0x0000000711a00000, 0x0000000711a00000, 0x0000000711c00000|  0%| F|  |TAMS 0x0000000711a00000, 0x0000000711a00000| Untracked 
| 133|0x0000000711c00000, 0x0000000711c00000, 0x0000000711e00000|  0%| F|  |TAMS 0x0000000711c00000, 0x0000000711c00000| Untracked 
| 134|0x0000000711e00000, 0x0000000711e00000, 0x0000000712000000|  0%| F|  |TAMS 0x0000000711e00000, 0x0000000711e00000| Untracked 
| 135|0x0000000712000000, 0x0000000712000000, 0x0000000712200000|  0%| F|  |TAMS 0x0000000712000000, 0x0000000712000000| Untracked 
| 136|0x0000000712200000, 0x0000000712200000, 0x0000000712400000|  0%| F|  |TAMS 0x0000000712200000, 0x0000000712200000| Untracked 
| 137|0x0000000712400000, 0x0000000712400000, 0x0000000712600000|  0%| F|  |TAMS 0x0000000712400000, 0x0000000712400000| Untracked 
| 138|0x0000000712600000, 0x0000000712600000, 0x0000000712800000|  0%| F|  |TAMS 0x0000000712600000, 0x0000000712600000| Untracked 
| 139|0x0000000712800000, 0x0000000712800000, 0x0000000712a00000|  0%| F|  |TAMS 0x0000000712800000, 0x0000000712800000| Untracked 
| 140|0x0000000712a00000, 0x0000000712a00000, 0x0000000712c00000|  0%| F|  |TAMS 0x0000000712a00000, 0x0000000712a00000| Untracked 
| 141|0x0000000712c00000, 0x0000000712c120c0, 0x0000000712e00000|  3%| S|CS|TAMS 0x0000000712c00000, 0x0000000712c00000| Complete 
| 142|0x0000000712e00000, 0x0000000713000000, 0x0000000713000000|100%| E|  |TAMS 0x0000000712e00000, 0x0000000712e00000| Complete 
| 143|0x0000000713000000, 0x0000000713200000, 0x0000000713200000|100%| E|CS|TAMS 0x0000000713000000, 0x0000000713000000| Complete 
| 144|0x0000000713200000, 0x0000000713400000, 0x0000000713400000|100%| E|CS|TAMS 0x0000000713200000, 0x0000000713200000| Complete 
| 145|0x0000000713400000, 0x0000000713600000, 0x0000000713600000|100%| E|CS|TAMS 0x0000000713400000, 0x0000000713400000| Complete 
| 146|0x0000000713600000, 0x0000000713800000, 0x0000000713800000|100%| E|CS|TAMS 0x0000000713600000, 0x0000000713600000| Complete 
| 147|0x0000000713800000, 0x0000000713a00000, 0x0000000713a00000|100%| E|CS|TAMS 0x0000000713800000, 0x0000000713800000| Complete 
| 148|0x0000000713a00000, 0x0000000713c00000, 0x0000000713c00000|100%| E|CS|TAMS 0x0000000713a00000, 0x0000000713a00000| Complete 
| 149|0x0000000713c00000, 0x0000000713e00000, 0x0000000713e00000|100%| E|CS|TAMS 0x0000000713c00000, 0x0000000713c00000| Complete 
| 150|0x0000000713e00000, 0x0000000714000000, 0x0000000714000000|100%| E|CS|TAMS 0x0000000713e00000, 0x0000000713e00000| Complete 
| 151|0x0000000714000000, 0x0000000714200000, 0x0000000714200000|100%| E|CS|TAMS 0x0000000714000000, 0x0000000714000000| Complete 
| 152|0x0000000714200000, 0x0000000714400000, 0x0000000714400000|100%| E|CS|TAMS 0x0000000714200000, 0x0000000714200000| Complete 
| 153|0x0000000714400000, 0x0000000714600000, 0x0000000714600000|100%| E|CS|TAMS 0x0000000714400000, 0x0000000714400000| Complete 

Card table byte_map: [0x00000273cb130000,0x00000273cb930000] _byte_map_base: 0x00000273c7927000

Marking Bits (Prev, Next): (CMBitMap*) 0x00000273b81ce200, (CMBitMap*) 0x00000273b81ce240
 Prev Bits: [0x00000273cc130000, 0x00000273d00e8000)
 Next Bits: [0x00000273d00f0000, 0x00000273d40a8000)

Polling page: 0x00000273b62c0000

Metaspace:

Usage:
  Non-class:     12.05 MB used.
      Class:      1.32 MB used.
       Both:     13.37 MB used.

Virtual space:
  Non-class space:       16.00 MB reserved,      12.12 MB ( 76%) committed,  2 nodes.
      Class space:        1.00 GB reserved,       1.44 MB ( <1%) committed,  1 nodes.
             Both:        1.02 GB reserved,      13.56 MB (  1%) committed. 

Chunk freelists:
   Non-Class:  3.00 MB
       Class:  2.61 MB
        Both:  5.61 MB

MaxMetaspaceSize: unlimited
CompressedClassSpaceSize: 1.00 GB
Initial GC threshold: 21.00 MB
Current GC threshold: 21.00 MB
CDS: off
MetaspaceReclaimPolicy: balanced
 - commit_granule_bytes: 65536.
 - commit_granule_words: 8192.
 - virtual_space_node_default_size: 1048576.
 - enlarge_chunks_in_place: 1.
 - new_chunks_are_fully_committed: 0.
 - uncommit_free_chunks: 1.
 - use_allocation_guard: 0.
 - handle_deallocations: 1.


Internal statistics:

num_allocs_failed_limit: 0.
num_arena_births: 108.
num_arena_deaths: 0.
num_vsnodes_births: 3.
num_vsnodes_deaths: 0.
num_space_committed: 217.
num_space_uncommitted: 0.
num_chunks_returned_to_freelist: 0.
num_chunks_taken_from_freelist: 174.
num_chunk_merges: 0.
num_chunk_splits: 95.
num_chunks_enlarged: 48.
num_purges: 0.
num_inconsistent_stats: 0.

CodeHeap 'non-profiled nmethods': size=120000Kb used=552Kb max_used=552Kb free=119447Kb
 bounds [0x00000273c32f0000, 0x00000273c3560000, 0x00000273ca820000]
CodeHeap 'profiled nmethods': size=120000Kb used=2124Kb max_used=2124Kb free=117875Kb
 bounds [0x00000273bbdc0000, 0x00000273bc030000, 0x00000273c32f0000]
CodeHeap 'non-nmethods': size=5760Kb used=1255Kb max_used=1330Kb free=4504Kb
 bounds [0x00000273bb820000, 0x00000273bba90000, 0x00000273bbdc0000]
 total_blobs=1681 nmethods=1103 adapters=491
 compilation: enabled
              stopped_count=0, restarted_count=0
 full_count=0

Compilation events (20 events):
Event: 5572.133 Thread 0x00000273d74bcc30 1094 % !   4       sun.java2d.d3d.D3DScreenUpdateManager::run @ 0 (267 bytes)
Event: 5572.144 Thread 0x00000273d74bcc30 nmethod 1094% 0x00000273c3376910 code [0x00000273c3376b00, 0x00000273c3377a98]
Event: 6079.696 Thread 0x00000273d74bcc30 1095 % !   4       sun.java2d.d3d.D3DScreenUpdateManager::run @ 105 (267 bytes)
Event: 6079.707 Thread 0x00000273d74bcc30 nmethod 1095% 0x00000273c3378210 code [0x00000273c3378400, 0x00000273c3379618]
Event: 15479.765 Thread 0x00000273d74bf150 1096       3       java.lang.invoke.DirectMethodHandle::make (275 bytes)
Event: 15479.766 Thread 0x00000273d74bf150 nmethod 1096 0x00000273bbfce390 code [0x00000273bbfce720, 0x00000273bbfcfb98]
Event: 15479.766 Thread 0x00000273d74bf150 1098       3       java.lang.invoke.LambdaFormEditor::getInCache (165 bytes)
Event: 15479.767 Thread 0x00000273d74bf150 nmethod 1098 0x00000273bbfd0390 code [0x00000273bbfd0600, 0x00000273bbfd1518]
Event: 15479.767 Thread 0x00000273d74bf150 1097       3       java.lang.invoke.MemberName::isField (8 bytes)
Event: 15479.767 Thread 0x00000273d74bf150 nmethod 1097 0x00000273bbfd1890 code [0x00000273bbfd1a40, 0x00000273bbfd1c78]
Event: 15479.769 Thread 0x00000273d74bf150 1099       1       java.nio.Buffer::position (5 bytes)
Event: 15479.769 Thread 0x00000273d74bf150 nmethod 1099 0x00000273c3379e10 code [0x00000273c3379fa0, 0x00000273c337a078]
Event: 15479.769 Thread 0x00000273d74bf150 1100       3       java.lang.Module::isNamed (13 bytes)
Event: 15479.770 Thread 0x00000273d74bf150 nmethod 1100 0x00000273bbfd1d90 code [0x00000273bbfd1f20, 0x00000273bbfd2098]
Event: 15479.770 Thread 0x00000273d74bf150 1101       3       java.lang.String::getChars (54 bytes)
Event: 15479.770 Thread 0x00000273d74bf150 nmethod 1101 0x00000273bbfd2110 code [0x00000273bbfd2300, 0x00000273bbfd2778]
Event: 15479.770 Thread 0x00000273d74bf150 1102       3       java.lang.StringLatin1::getChars (12 bytes)
Event: 15479.770 Thread 0x00000273d74bf150 nmethod 1102 0x00000273bbfd2990 code [0x00000273bbfd2b20, 0x00000273bbfd2c48]
Event: 15479.770 Thread 0x00000273d74bf150 1103       3       java.nio.Buffer::position (52 bytes)
Event: 15479.770 Thread 0x00000273d74bf150 nmethod 1103 0x00000273bbfd2d10 code [0x00000273bbfd2ec0, 0x00000273bbfd3148]

GC Heap History (20 events):
Event: 2.795 GC heap before
{Heap before GC invocations=7 (full 0):
 garbage-first heap   total 262144K, used 140941K [0x0000000701200000, 0x0000000800000000)
  region size 2048K, 18 young (36864K), 1 survivors (2048K)
 Metaspace       used 13318K, committed 13504K, reserved 1064960K
  class space    used 1339K, committed 1472K, reserved 1048576K
}
Event: 2.796 GC heap after
{Heap after GC invocations=8 (full 0):
 garbage-first heap   total 262144K, used 34478K [0x0000000701200000, 0x0000000800000000)
  region size 2048K, 1 young (2048K), 1 survivors (2048K)
 Metaspace       used 13318K, committed 13504K, reserved 1064960K
  class space    used 1339K, committed 1472K, reserved 1048576K
}
Event: 2.906 GC heap before
{Heap before GC invocations=8 (full 0):
 garbage-first heap   total 262144K, used 136878K [0x0000000701200000, 0x0000000800000000)
  region size 2048K, 16 young (32768K), 1 survivors (2048K)
 Metaspace       used 13323K, committed 13504K, reserved 1064960K
  class space    used 1339K, committed 1472K, reserved 1048576K
}
Event: 2.908 GC heap after
{Heap after GC invocations=9 (full 0):
 garbage-first heap   total 315392K, used 34462K [0x0000000701200000, 0x0000000800000000)
  region size 2048K, 1 young (2048K), 1 survivors (2048K)
 Metaspace       used 13323K, committed 13504K, reserved 1064960K
  class space    used 1339K, committed 1472K, reserved 1048576K
}
Event: 3.040 GC heap before
{Heap before GC invocations=9 (full 0):
 garbage-first heap   total 315392K, used 165534K [0x0000000701200000, 0x0000000800000000)
  region size 2048K, 18 young (36864K), 1 survivors (2048K)
 Metaspace       used 13328K, committed 13504K, reserved 1064960K
  class space    used 1339K, committed 1472K, reserved 1048576K
}
Event: 3.041 GC heap after
{Heap after GC invocations=10 (full 0):
 garbage-first heap   total 315392K, used 42674K [0x0000000701200000, 0x0000000800000000)
  region size 2048K, 1 young (2048K), 1 survivors (2048K)
 Metaspace       used 13328K, committed 13504K, reserved 1064960K
  class space    used 1339K, committed 1472K, reserved 1048576K
}
Event: 3.161 GC heap before
{Heap before GC invocations=10 (full 0):
 garbage-first heap   total 315392K, used 169650K [0x0000000701200000, 0x0000000800000000)
  region size 2048K, 16 young (32768K), 1 survivors (2048K)
 Metaspace       used 13331K, committed 13504K, reserved 1064960K
  class space    used 1339K, committed 1472K, reserved 1048576K
}
Event: 3.162 GC heap after
{Heap after GC invocations=11 (full 0):
 garbage-first heap   total 315392K, used 42723K [0x0000000701200000, 0x0000000800000000)
  region size 2048K, 1 young (2048K), 1 survivors (2048K)
 Metaspace       used 13331K, committed 13504K, reserved 1064960K
  class space    used 1339K, committed 1472K, reserved 1048576K
}
Event: 3.414 GC heap before
{Heap before GC invocations=11 (full 0):
 garbage-first heap   total 315392K, used 163555K [0x0000000701200000, 0x0000000800000000)
  region size 2048K, 13 young (26624K), 1 survivors (2048K)
 Metaspace       used 13350K, committed 13632K, reserved 1064960K
  class space    used 1339K, committed 1472K, reserved 1048576K
}
Event: 3.415 GC heap after
{Heap after GC invocations=12 (full 0):
 garbage-first heap   total 315392K, used 42697K [0x0000000701200000, 0x0000000800000000)
  region size 2048K, 1 young (2048K), 1 survivors (2048K)
 Metaspace       used 13350K, committed 13632K, reserved 1064960K
  class space    used 1339K, committed 1472K, reserved 1048576K
}
Event: 4.018 GC heap before
{Heap before GC invocations=12 (full 0):
 garbage-first heap   total 315392K, used 163529K [0x0000000701200000, 0x0000000800000000)
  region size 2048K, 13 young (26624K), 1 survivors (2048K)
 Metaspace       used 13360K, committed 13632K, reserved 1064960K
  class space    used 1339K, committed 1472K, reserved 1048576K
}
Event: 4.020 GC heap after
{Heap after GC invocations=13 (full 0):
 garbage-first heap   total 315392K, used 42692K [0x0000000701200000, 0x0000000800000000)
  region size 2048K, 1 young (2048K), 1 survivors (2048K)
 Metaspace       used 13360K, committed 13632K, reserved 1064960K
  class space    used 1339K, committed 1472K, reserved 1048576K
}
Event: 4.293 GC heap before
{Heap before GC invocations=13 (full 0):
 garbage-first heap   total 315392K, used 163524K [0x0000000701200000, 0x0000000800000000)
  region size 2048K, 13 young (26624K), 1 survivors (2048K)
 Metaspace       used 13378K, committed 13632K, reserved 1064960K
  class space    used 1339K, committed 1472K, reserved 1048576K
}
Event: 4.295 GC heap after
{Heap after GC invocations=14 (full 0):
 garbage-first heap   total 315392K, used 42761K [0x0000000701200000, 0x0000000800000000)
  region size 2048K, 1 young (2048K), 1 survivors (2048K)
 Metaspace       used 13378K, committed 13632K, reserved 1064960K
  class space    used 1339K, committed 1472K, reserved 1048576K
}
Event: 4.971 GC heap before
{Heap before GC invocations=14 (full 0):
 garbage-first heap   total 315392K, used 161545K [0x0000000701200000, 0x0000000800000000)
  region size 2048K, 12 young (24576K), 1 survivors (2048K)
 Metaspace       used 13392K, committed 13632K, reserved 1064960K
  class space    used 1339K, committed 1472K, reserved 1048576K
}
Event: 4.973 GC heap after
{Heap after GC invocations=15 (full 0):
 garbage-first heap   total 315392K, used 42668K [0x0000000701200000, 0x0000000800000000)
  region size 2048K, 1 young (2048K), 1 survivors (2048K)
 Metaspace       used 13392K, committed 13632K, reserved 1064960K
  class space    used 1339K, committed 1472K, reserved 1048576K
}
Event: 5.111 GC heap before
{Heap before GC invocations=15 (full 0):
 garbage-first heap   total 315392K, used 163500K [0x0000000701200000, 0x0000000800000000)
  region size 2048K, 13 young (26624K), 1 survivors (2048K)
 Metaspace       used 13415K, committed 13696K, reserved 1064960K
  class space    used 1339K, committed 1472K, reserved 1048576K
}
Event: 5.113 GC heap after
{Heap after GC invocations=16 (full 0):
 garbage-first heap   total 315392K, used 42853K [0x0000000701200000, 0x0000000800000000)
  region size 2048K, 1 young (2048K), 1 survivors (2048K)
 Metaspace       used 13415K, committed 13696K, reserved 1064960K
  class space    used 1339K, committed 1472K, reserved 1048576K
}
Event: 6.030 GC heap before
{Heap before GC invocations=16 (full 0):
 garbage-first heap   total 315392K, used 163685K [0x0000000701200000, 0x0000000800000000)
  region size 2048K, 13 young (26624K), 1 survivors (2048K)
 Metaspace       used 13440K, committed 13696K, reserved 1064960K
  class space    used 1339K, committed 1472K, reserved 1048576K
}
Event: 6.030 GC heap after
{Heap after GC invocations=17 (full 0):
 garbage-first heap   total 315392K, used 42822K [0x0000000701200000, 0x0000000800000000)
  region size 2048K, 1 young (2048K), 1 survivors (2048K)
 Metaspace       used 13440K, committed 13696K, reserved 1064960K
  class space    used 1339K, committed 1472K, reserved 1048576K
}

Dll operation events (7 events):
Event: 0.007 Loaded shared library C:\Users\Bogdan\.p2\pool\plugins\org.eclipse.justj.openjdk.hotspot.jre.full.win32.x86_64_17.0.5.v20221102-0933\jre\bin\java.dll
Event: 0.109 Loaded shared library C:\Users\Bogdan\.p2\pool\plugins\org.eclipse.justj.openjdk.hotspot.jre.full.win32.x86_64_17.0.5.v20221102-0933\jre\bin\net.dll
Event: 0.111 Loaded shared library C:\Users\Bogdan\.p2\pool\plugins\org.eclipse.justj.openjdk.hotspot.jre.full.win32.x86_64_17.0.5.v20221102-0933\jre\bin\nio.dll
Event: 0.164 Loaded shared library C:\Users\Bogdan\.p2\pool\plugins\org.eclipse.justj.openjdk.hotspot.jre.full.win32.x86_64_17.0.5.v20221102-0933\jre\bin\jimage.dll
Event: 0.179 Loaded shared library C:\Users\Bogdan\.p2\pool\plugins\org.eclipse.justj.openjdk.hotspot.jre.full.win32.x86_64_17.0.5.v20221102-0933\jre\bin\awt.dll
Event: 0.500 Loaded shared library C:\Users\Bogdan\.p2\pool\plugins\org.eclipse.justj.openjdk.hotspot.jre.full.win32.x86_64_17.0.5.v20221102-0933\jre\bin\freetype.dll
Event: 0.501 Loaded shared library C:\Users\Bogdan\.p2\pool\plugins\org.eclipse.justj.openjdk.hotspot.jre.full.win32.x86_64_17.0.5.v20221102-0933\jre\bin\fontmanager.dll

Deoptimization events (20 events):
Event: 1.481 Thread 0x00000273d7e2b2d0 DEOPT PACKING pc=0x00000273bbeda6c8 sp=0x000000c666dfdec0
Event: 1.481 Thread 0x00000273d7e2b2d0 DEOPT UNPACKING pc=0x00000273bb872b43 sp=0x000000c666dfd408 mode 0
Event: 1.482 Thread 0x00000273d7e2b2d0 Uncommon trap: trap_request=0xffffff45 fr.pc=0x00000273c331a37c relative=0x000000000000041c
Event: 1.482 Thread 0x00000273d7e2b2d0 Uncommon trap: reason=unstable_if action=reinterpret pc=0x00000273c331a37c method=newproject.main$1.paintComponent(Ljava/awt/Graphics;)V @ 258 c2
Event: 1.482 Thread 0x00000273d7e2b2d0 DEOPT PACKING pc=0x00000273c331a37c sp=0x000000c666dfe170
Event: 1.482 Thread 0x00000273d7e2b2d0 DEOPT UNPACKING pc=0x00000273bb8723a3 sp=0x000000c666dfdf18 mode 2
Event: 396.426 Thread 0x00000273d7625fe0 Uncommon trap: trap_request=0xffffffcc fr.pc=0x00000273c3374388 relative=0x0000000000000368
Event: 396.426 Thread 0x00000273d7625fe0 Uncommon trap: reason=intrinsic_or_type_checked_inlining action=make_not_entrant pc=0x00000273c3374388 method=java.util.Arrays.copyOf([Ljava/lang/Object;ILjava/lang/Class;)[Ljava/lang/Object; @ 35 c2
Event: 396.426 Thread 0x00000273d7625fe0 DEOPT PACKING pc=0x00000273c3374388 sp=0x000000c666eff210
Event: 396.426 Thread 0x00000273d7625fe0 DEOPT UNPACKING pc=0x00000273bb8723a3 sp=0x000000c666eff1a0 mode 2
Event: 550.433 Thread 0x00000273d7625fe0 Uncommon trap: trap_request=0xffffffdc fr.pc=0x00000273c3375358 relative=0x00000000000001b8
Event: 550.433 Thread 0x00000273d7625fe0 Uncommon trap: reason=class_check action=make_not_entrant pc=0x00000273c3375358 method=java.util.ArrayList.toArray([Ljava/lang/Object;)[Ljava/lang/Object; @ 21 c2
Event: 550.433 Thread 0x00000273d7625fe0 DEOPT PACKING pc=0x00000273c3375358 sp=0x000000c666eff270
Event: 550.433 Thread 0x00000273d7625fe0 DEOPT UNPACKING pc=0x00000273bb8723a3 sp=0x000000c666eff230 mode 2
Event: 6023.220 Thread 0x00000273d7625fe0 DEOPT PACKING pc=0x00000273bbfc8c7f sp=0x000000c666eff230
Event: 6023.220 Thread 0x00000273d7625fe0 DEOPT UNPACKING pc=0x00000273bb872b43 sp=0x000000c666efe7c0 mode 0
Event: 15475.686 Thread 0x00000273d7625fe0 Uncommon trap: trap_request=0xffffff45 fr.pc=0x00000273c3379150 relative=0x0000000000000d50
Event: 15475.686 Thread 0x00000273d7625fe0 Uncommon trap: reason=unstable_if action=reinterpret pc=0x00000273c3379150 method=sun.java2d.StateTrackableDelegate$1.isCurrent()Z @ 8 c2
Event: 15475.686 Thread 0x00000273d7625fe0 DEOPT PACKING pc=0x00000273c3379150 sp=0x000000c666eff320
Event: 15475.686 Thread 0x00000273d7625fe0 DEOPT UNPACKING pc=0x00000273bb8723a3 sp=0x000000c666eff200 mode 2

Classes unloaded (0 events):
No events

Classes redefined (0 events):
No events

Internal exceptions (14 events):
Event: 0.122 Thread 0x00000273b8161ce0 Exception <a 'java/lang/NoSuchMethodError'{0x0000000711112bc8}: 'void java.lang.invoke.DirectMethodHandle$Holder.invokeVirtual(java.lang.Object, java.lang.Object)'> (0x0000000711112bc8) 
thrown [s\src\hotspot\share\interpreter\linkResolver.cpp, line 759]
Event: 0.166 Thread 0x00000273b8161ce0 Exception <a 'sun/nio/fs/WindowsException'{0x0000000710e2c068}> (0x0000000710e2c068) 
thrown [s\src\hotspot\share\prims\jni.cpp, line 516]
Event: 0.171 Thread 0x00000273b8161ce0 Exception <a 'java/lang/ClassNotFoundException'{0x0000000710e321f8}: sun/awt/resources/spi/awtProvider> (0x0000000710e321f8) 
thrown [s\src\hotspot\share\classfile\systemDictionary.cpp, line 256]
Event: 0.190 Thread 0x00000273b8161ce0 Exception <a 'java/io/FileNotFoundException'{0x0000000710e86620}> (0x0000000710e86620) 
thrown [s\src\hotspot\share\prims\jni.cpp, line 516]
Event: 0.195 Thread 0x00000273b8161ce0 Exception <a 'java/io/FileNotFoundException'{0x0000000710eb36f8}> (0x0000000710eb36f8) 
thrown [s\src\hotspot\share\prims\jni.cpp, line 516]
Event: 0.232 Thread 0x00000273b8161ce0 Exception <a 'java/lang/NoSuchMethodError'{0x0000000710eefdb8}: 'java.lang.Object java.lang.invoke.DirectMethodHandle$Holder.invokeStaticInit(java.lang.Object)'> (0x0000000710eefdb8) 
thrown [s\src\hotspot\share\interpreter\linkResolver.cpp, line 759]
Event: 0.421 Thread 0x00000273b8161ce0 Exception <a 'java/lang/NoSuchMethodError'{0x0000000710fa0928}: 'void java.lang.invoke.DirectMethodHandle$Holder.invokeSpecial(java.lang.Object, java.lang.Object, java.lang.Object)'> (0x0000000710fa0928) 
thrown [s\src\hotspot\share\interpreter\linkResolver.cpp, line 759]
Event: 0.429 Thread 0x00000273b8161ce0 Exception <a 'java/lang/NoSuchMethodError'{0x0000000710fca7a0}: 'java.lang.Object java.lang.invoke.DirectMethodHandle$Holder.newInvokeSpecial(java.lang.Object, java.lang.Object, java.lang.Object, java.lang.Object, java.lang.Object)'> (0x0000000710fca7a0) 
thrown [s\src\hotspot\share\interpreter\linkResolver.cpp, line 759]
Event: 0.430 Thread 0x00000273b8161ce0 Exception <a 'java/lang/NoSuchMethodError'{0x0000000710fd6168}: 'java.lang.Object java.lang.invoke.DirectMethodHandle$Holder.invokeStatic(java.lang.Object, int, java.lang.Object, java.lang.Object, java.lang.Object, java.lang.Object)'> (0x0000000710fd6168) 
thrown [s\src\hotspot\share\interpreter\linkResolver.cpp, line 759]
Event: 0.434 Thread 0x00000273b8161ce0 Exception <a 'java/lang/NoSuchMethodError'{0x0000000710ffb928}: 'java.lang.Object java.lang.invoke.DirectMethodHandle$Holder.invokeStatic(java.lang.Object, int, java.lang.Object)'> (0x0000000710ffb928) 
thrown [s\src\hotspot\share\interpreter\linkResolver.cpp, line 759]
Event: 0.454 Thread 0x00000273b8161ce0 Exception <a 'java/lang/ClassNotFoundException'{0x0000000710cb3ab8}: com/sun/swing/internal/plaf/metal/resources/spi/metalProvider> (0x0000000710cb3ab8) 
thrown [s\src\hotspot\share\classfile\systemDictionary.cpp, line 256]
Event: 0.455 Thread 0x00000273b8161ce0 Exception <a 'java/lang/ClassNotFoundException'{0x0000000710cb7688}: com/sun/swing/internal/plaf/basic/resources/spi/basicProvider> (0x0000000710cb7688) 
thrown [s\src\hotspot\share\classfile\systemDictionary.cpp, line 256]
Event: 0.494 Thread 0x00000273b8161ce0 Exception <a 'java/lang/NoSuchMethodError'{0x0000000710d18018}: 'void java.lang.invoke.DirectMethodHandle$Holder.invokeStaticInit(java.lang.Object)'> (0x0000000710d18018) 
thrown [s\src\hotspot\share\interpreter\linkResolver.cpp, line 759]
Event: 0.527 Thread 0x00000273b8161ce0 Exception <a 'sun/nio/fs/WindowsException'{0x0000000710ddc0f0}> (0x0000000710ddc0f0) 
thrown [s\src\hotspot\share\prims\jni.cpp, line 516]

VM Operations (20 events):
Event: 3.414 Executing VM operation: G1TryInitiateConcMark
Event: 3.415 Executing VM operation: G1TryInitiateConcMark done
Event: 4.018 Executing VM operation: G1TryInitiateConcMark
Event: 4.020 Executing VM operation: G1TryInitiateConcMark done
Event: 4.293 Executing VM operation: G1TryInitiateConcMark
Event: 4.295 Executing VM operation: G1TryInitiateConcMark done
Event: 4.971 Executing VM operation: G1TryInitiateConcMark
Event: 4.973 Executing VM operation: G1TryInitiateConcMark done
Event: 5.111 Executing VM operation: G1TryInitiateConcMark
Event: 5.113 Executing VM operation: G1TryInitiateConcMark done
Event: 6.030 Executing VM operation: G1TryInitiateConcMark
Event: 6.030 Executing VM operation: G1TryInitiateConcMark done
Event: 7.031 Executing VM operation: Cleanup
Event: 7.031 Executing VM operation: Cleanup done
Event: 8.034 Executing VM operation: Cleanup
Event: 8.034 Executing VM operation: Cleanup done
Event: 9.038 Executing VM operation: Cleanup
Event: 9.038 Executing VM operation: Cleanup done
Event: 575.312 Executing VM operation: Cleanup
Event: 575.312 Executing VM operation: Cleanup done

Events (20 events):
Event: 8.774 loading class sun/awt/SunToolkit$1
Event: 8.774 loading class sun/awt/SunToolkit$1 done
Event: 15479.760 loading class java/util/Collections$SynchronizedSet
Event: 15479.761 loading class java/util/Collections$SynchronizedSet done
Event: 15479.762 loading class java/util/WeakHashMap$KeyIterator
Event: 15479.762 loading class java/util/WeakHashMap$HashIterator
Event: 15479.762 loading class java/util/WeakHashMap$HashIterator done
Event: 15479.762 loading class java/util/WeakHashMap$KeyIterator done
Event: 15479.766 loading class java/awt/IllegalComponentStateException
Event: 15479.766 loading class java/awt/IllegalComponentStateException done
Event: 15479.766 loading class java/lang/InterruptedException
Event: 15479.766 loading class java/lang/InterruptedException done
Event: 15479.767 loading class java/lang/Throwable$WrappedPrintStream
Event: 15479.767 loading class java/lang/Throwable$PrintStreamOrWriter
Event: 15479.767 loading class java/lang/Throwable$PrintStreamOrWriter done
Event: 15479.767 loading class java/lang/Throwable$WrappedPrintStream done
Event: 15479.768 loading class java/lang/StackTraceElement$HashedModules
Event: 15479.768 loading class java/lang/StackTraceElement$HashedModules done
Event: 15479.769 loading class java/awt/AWTError
Event: 15479.769 loading class java/awt/AWTError done


Dynamic libraries:
0x00007ff67cf20000 - 0x00007ff67cf2e000 	C:\Users\Bogdan\.p2\pool\plugins\org.eclipse.justj.openjdk.hotspot.jre.full.win32.x86_64_17.0.5.v20221102-0933\jre\bin\javaw.exe
0x00007ff8a3690000 - 0x00007ff8a3888000 	C:\WINDOWS\SYSTEM32\ntdll.dll
0x00007ff8a2d70000 - 0x00007ff8a2e32000 	C:\WINDOWS\System32\KERNEL32.DLL
0x00007ff8a1190000 - 0x00007ff8a1486000 	C:\WINDOWS\System32\KERNELBASE.dll
0x00007ff8a0d20000 - 0x00007ff8a0e20000 	C:\WINDOWS\System32\ucrtbase.dll
0x00007ff89bd30000 - 0x00007ff89bd47000 	C:\Users\Bogdan\.p2\pool\plugins\org.eclipse.justj.openjdk.hotspot.jre.full.win32.x86_64_17.0.5.v20221102-0933\jre\bin\jli.dll
0x00007ff8a2350000 - 0x00007ff8a24ed000 	C:\WINDOWS\System32\USER32.dll
0x00007ff8a0e20000 - 0x00007ff8a0e42000 	C:\WINDOWS\System32\win32u.dll
0x00007ff8a2e40000 - 0x00007ff8a2e6b000 	C:\WINDOWS\System32\GDI32.dll
0x00007ff8a1560000 - 0x00007ff8a167a000 	C:\WINDOWS\System32\gdi32full.dll
0x00007ff8a10f0000 - 0x00007ff8a118d000 	C:\WINDOWS\System32\msvcp_win.dll
0x00007ff897dc0000 - 0x00007ff897dd9000 	C:\Users\Bogdan\.p2\pool\plugins\org.eclipse.justj.openjdk.hotspot.jre.full.win32.x86_64_17.0.5.v20221102-0933\jre\bin\VCRUNTIME140.dll
0x00007ff892a40000 - 0x00007ff892cda000 	C:\WINDOWS\WinSxS\amd64_microsoft.windows.common-controls_6595b64144ccf1df_6.0.19041.4355_none_60b8b9eb71f62e16\COMCTL32.dll
0x00007ff8a2030000 - 0x00007ff8a20ce000 	C:\WINDOWS\System32\msvcrt.dll
0x00007ff8a3430000 - 0x00007ff8a345f000 	C:\WINDOWS\System32\IMM32.DLL
0x00007ff89c280000 - 0x00007ff89c28c000 	C:\Users\Bogdan\.p2\pool\plugins\org.eclipse.justj.openjdk.hotspot.jre.full.win32.x86_64_17.0.5.v20221102-0933\jre\bin\vcruntime140_1.dll
0x00007ff877570000 - 0x00007ff877601000 	C:\Users\Bogdan\.p2\pool\plugins\org.eclipse.justj.openjdk.hotspot.jre.full.win32.x86_64_17.0.5.v20221102-0933\jre\bin\msvcp140.dll
0x00007ff81a910000 - 0x00007ff81b554000 	C:\Users\Bogdan\.p2\pool\plugins\org.eclipse.justj.openjdk.hotspot.jre.full.win32.x86_64_17.0.5.v20221102-0933\jre\bin\server\jvm.dll
0x00007ff8a2cc0000 - 0x00007ff8a2d6f000 	C:\WINDOWS\System32\ADVAPI32.dll
0x00007ff8a1af0000 - 0x00007ff8a1b8f000 	C:\WINDOWS\System32\sechost.dll
0x00007ff8a2fa0000 - 0x00007ff8a30c3000 	C:\WINDOWS\System32\RPCRT4.dll
0x00007ff8a1680000 - 0x00007ff8a16a7000 	C:\WINDOWS\System32\bcrypt.dll
0x00007ff89bdc0000 - 0x00007ff89bdc9000 	C:\WINDOWS\SYSTEM32\WSOCK32.dll
0x00007ff894fe0000 - 0x00007ff895007000 	C:\WINDOWS\SYSTEM32\WINMM.dll
0x00007ff8a2e70000 - 0x00007ff8a2edb000 	C:\WINDOWS\System32\WS2_32.dll
0x00007ff89a330000 - 0x00007ff89a33a000 	C:\WINDOWS\SYSTEM32\VERSION.dll
0x00007ff89eb80000 - 0x00007ff89eb92000 	C:\WINDOWS\SYSTEM32\kernel.appcore.dll
0x00007ff89bd20000 - 0x00007ff89bd2a000 	C:\Users\Bogdan\.p2\pool\plugins\org.eclipse.justj.openjdk.hotspot.jre.full.win32.x86_64_17.0.5.v20221102-0933\jre\bin\jimage.dll
0x00007ff88f6d0000 - 0x00007ff88f8b4000 	C:\WINDOWS\SYSTEM32\DBGHELP.DLL
0x00007ff881f30000 - 0x00007ff881f64000 	C:\WINDOWS\SYSTEM32\dbgcore.DLL
0x00007ff8a1060000 - 0x00007ff8a10e2000 	C:\WINDOWS\System32\bcryptPrimitives.dll
0x00007ff896f00000 - 0x00007ff896f25000 	C:\Users\Bogdan\.p2\pool\plugins\org.eclipse.justj.openjdk.hotspot.jre.full.win32.x86_64_17.0.5.v20221102-0933\jre\bin\java.dll
0x00007ff897280000 - 0x00007ff897298000 	C:\Users\Bogdan\.p2\pool\plugins\org.eclipse.justj.openjdk.hotspot.jre.full.win32.x86_64_17.0.5.v20221102-0933\jre\bin\zip.dll
0x00007ff8a24f0000 - 0x00007ff8a2c5f000 	C:\WINDOWS\System32\SHELL32.dll
0x00007ff89ed80000 - 0x00007ff89f523000 	C:\WINDOWS\SYSTEM32\windows.storage.dll
0x00007ff8a1730000 - 0x00007ff8a1a85000 	C:\WINDOWS\System32\combase.dll
0x00007ff8a0670000 - 0x00007ff8a069b000 	C:\WINDOWS\SYSTEM32\Wldp.dll
0x00007ff8a20d0000 - 0x00007ff8a219d000 	C:\WINDOWS\System32\OLEAUT32.dll
0x00007ff8a2ee0000 - 0x00007ff8a2f8d000 	C:\WINDOWS\System32\SHCORE.dll
0x00007ff8a2c60000 - 0x00007ff8a2cb5000 	C:\WINDOWS\System32\shlwapi.dll
0x00007ff8a0c50000 - 0x00007ff8a0c75000 	C:\WINDOWS\SYSTEM32\profapi.dll
0x00007ff896a00000 - 0x00007ff896a19000 	C:\Users\Bogdan\.p2\pool\plugins\org.eclipse.justj.openjdk.hotspot.jre.full.win32.x86_64_17.0.5.v20221102-0933\jre\bin\net.dll
0x00007ff89b110000 - 0x00007ff89b21a000 	C:\WINDOWS\SYSTEM32\WINHTTP.dll
0x00007ff8a0450000 - 0x00007ff8a04bc000 	C:\WINDOWS\system32\mswsock.dll
0x00007ff896340000 - 0x00007ff896355000 	C:\Users\Bogdan\.p2\pool\plugins\org.eclipse.justj.openjdk.hotspot.jre.full.win32.x86_64_17.0.5.v20221102-0933\jre\bin\nio.dll
0x00007ff86d160000 - 0x00007ff86d2ee000 	C:\Users\Bogdan\.p2\pool\plugins\org.eclipse.justj.openjdk.hotspot.jre.full.win32.x86_64_17.0.5.v20221102-0933\jre\bin\awt.dll
0x00007ff89e230000 - 0x00007ff89e2c4000 	C:\WINDOWS\SYSTEM32\apphelp.dll
0x00007ff89e7a0000 - 0x00007ff89e7cf000 	C:\WINDOWS\system32\DWMAPI.DLL
0x00007ff89e670000 - 0x00007ff89e70e000 	C:\WINDOWS\system32\uxtheme.dll
0x00007ff8508b0000 - 0x00007ff8509d8000 	C:\WINDOWS\system32\opengl32.dll
0x00007ff850880000 - 0x00007ff8508ac000 	C:\WINDOWS\SYSTEM32\GLU32.dll
0x00007ff8a2230000 - 0x00007ff8a2345000 	C:\WINDOWS\System32\MSCTF.dll
0x00007ff8a3460000 - 0x00007ff8a358b000 	C:\WINDOWS\System32\ole32.dll
0x00007ff8a08e0000 - 0x00007ff8a08f2000 	C:\WINDOWS\SYSTEM32\msasn1.dll
0x00007ff89a2f0000 - 0x00007ff89a321000 	C:\WINDOWS\SYSTEM32\cryptnet.dll
0x00007ff8a0e50000 - 0x00007ff8a0fad000 	C:\WINDOWS\System32\CRYPT32.dll
0x00007ff8a05e0000 - 0x00007ff8a05ec000 	C:\WINDOWS\SYSTEM32\cryptbase.dll
0x00007ff899c70000 - 0x00007ff899db7000 	C:\WINDOWS\SYSTEM32\drvstore.dll
0x00007ff8a0ab0000 - 0x00007ff8a0ae3000 	C:\WINDOWS\SYSTEM32\devobj.dll
0x00007ff8a1490000 - 0x00007ff8a14de000 	C:\WINDOWS\System32\cfgmgr32.dll
0x00007ff8a14e0000 - 0x00007ff8a1553000 	C:\WINDOWS\System32\wintrust.dll
0x00007ff8a1b90000 - 0x00007ff8a1bad000 	C:\WINDOWS\System32\imagehlp.dll
0x00007ff8a06b0000 - 0x00007ff8a06c8000 	C:\WINDOWS\SYSTEM32\CRYPTSP.dll
0x00007ff89fd20000 - 0x00007ff89fd58000 	C:\WINDOWS\system32\rsaenh.dll
0x00007ff89f540000 - 0x00007ff89f563000 	C:\WINDOWS\SYSTEM32\gpapi.dll
0x00007ff84f680000 - 0x00007ff84f7d5000 	C:\WINDOWS\System32\DriverStore\FileRepository\nv_dispig.inf_amd64_0afec3f2050014a0\nvppex.dll
0x00007ff8989d0000 - 0x00007ff898a0b000 	C:\WINDOWS\SYSTEM32\dxcore.dll
0x00007ff8774e0000 - 0x00007ff877566000 	C:\Users\Bogdan\.p2\pool\plugins\org.eclipse.justj.openjdk.hotspot.jre.full.win32.x86_64_17.0.5.v20221102-0933\jre\bin\freetype.dll
0x00007ff875610000 - 0x00007ff8756d5000 	C:\Users\Bogdan\.p2\pool\plugins\org.eclipse.justj.openjdk.hotspot.jre.full.win32.x86_64_17.0.5.v20221102-0933\jre\bin\fontmanager.dll
0x00007ff895150000 - 0x00007ff895249000 	C:\WINDOWS\SYSTEM32\textinputframework.dll
0x00007ff89d660000 - 0x00007ff89d9bb000 	C:\WINDOWS\System32\CoreUIComponents.dll
0x00007ff89dd00000 - 0x00007ff89ddf2000 	C:\WINDOWS\System32\CoreMessaging.dll
0x00007ff89ff70000 - 0x00007ff89ffa3000 	C:\WINDOWS\SYSTEM32\ntmarta.dll
0x00007ff89c2a0000 - 0x00007ff89c3f7000 	C:\WINDOWS\SYSTEM32\wintypes.dll
0x00007ff86ea70000 - 0x00007ff86ec41000 	C:\WINDOWS\system32\d3d9.dll
0x00007ff8986a0000 - 0x00007ff898761000 	C:\WINDOWS\System32\DriverStore\FileRepository\nv_dispig.inf_amd64_0afec3f2050014a0\nvldumdx.dll
0x00007ff892ce0000 - 0x00007ff894cce000 	C:\WINDOWS\System32\DriverStore\FileRepository\nv_dispig.inf_amd64_0afec3f2050014a0\nvgpucomp64.dll
0x00007ff845f30000 - 0x00007ff8479c4000 	C:\WINDOWS\System32\DriverStore\FileRepository\nv_dispig.inf_amd64_0afec3f2050014a0\nvd3dumx.dll
0x00007ff891630000 - 0x00007ff8916dc000 	C:\WINDOWS\SYSTEM32\TextShaping.dll

dbghelp: loaded successfully - version: 4.0.5 - missing functions: none
symbol engine: initialized successfully - sym options: 0x614 - pdb path: .;C:\Users\Bogdan\.p2\pool\plugins\org.eclipse.justj.openjdk.hotspot.jre.full.win32.x86_64_17.0.5.v20221102-0933\jre\bin;C:\WINDOWS\SYSTEM32;C:\WINDOWS\WinSxS\amd64_microsoft.windows.common-controls_6595b64144ccf1df_6.0.19041.4355_none_60b8b9eb71f62e16;C:\Users\Bogdan\.p2\pool\plugins\org.eclipse.justj.openjdk.hotspot.jre.full.win32.x86_64_17.0.5.v20221102-0933\jre\bin\server;C:\WINDOWS\System32\DriverStore\FileRepository\nv_dispig.inf_amd64_0afec3f2050014a0

VM Arguments:
jvm_args: -Dfile.encoding=UTF-8 --module-path=C:\Users\Bogdan\Desktop\personal\newproject\bin -XX:+ShowCodeDetailsInExceptionMessages -Djdk.module.main=newproject 
java_command: newproject/newproject.main
java_class_path (initial): <not set>
Launcher Type: SUN_STANDARD

[Global flags]
     intx CICompilerCount                          = 3                                         {product} {ergonomic}
     uint ConcGCThreads                            = 2                                         {product} {ergonomic}
     uint G1ConcRefinementThreads                  = 6                                         {product} {ergonomic}
   size_t G1HeapRegionSize                         = 2097152                                   {product} {ergonomic}
    uintx GCDrainStackTargetSize                   = 64                                        {product} {ergonomic}
   size_t InitialHeapSize                          = 268435456                                 {product} {ergonomic}
   size_t MarkStackSize                            = 4194304                                   {product} {ergonomic}
   size_t MaxHeapSize                              = 4276092928                                {product} {ergonomic}
   size_t MaxNewSize                               = 2564816896                                {product} {ergonomic}
   size_t MinHeapDeltaBytes                        = 2097152                                   {product} {ergonomic}
   size_t MinHeapSize                              = 8388608                                   {product} {ergonomic}
    uintx NonNMethodCodeHeapSize                   = 5832780                                {pd product} {ergonomic}
    uintx NonProfiledCodeHeapSize                  = 122912730                              {pd product} {ergonomic}
    uintx ProfiledCodeHeapSize                     = 122912730                              {pd product} {ergonomic}
    uintx ReservedCodeCacheSize                    = 251658240                              {pd product} {ergonomic}
     bool SegmentedCodeCache                       = true                                      {product} {ergonomic}
     bool ShowCodeDetailsInExceptionMessages       = true                                   {manageable} {command line}
   size_t SoftMaxHeapSize                          = 4276092928                             {manageable} {ergonomic}
     bool UseCompressedClassPointers               = true                           {product lp64_product} {ergonomic}
     bool UseCompressedOops                        = true                           {product lp64_product} {ergonomic}
     bool UseG1GC                                  = true                                      {product} {ergonomic}
     bool UseLargePagesIndividualAllocation        = false                                  {pd product} {ergonomic}

Logging:
Log output configuration:
 #0: stdout all=warning uptime,level,tags
 #1: stderr all=off uptime,level,tags

Environment Variables:
JAVA_HOME=C:\Users\Bogdan\AppData\Local\Coursier\cache\arc\https\github.com\adoptium\temurin11-binaries\releases\download\jdk-11.0.25%252B9\OpenJDK11U-jdk_x64_windows_hotspot_11.0.25_9.zip\jdk-11.0.25+9
PATH=C:/Users/Bogdan/.p2/pool/plugins/org.eclipse.justj.openjdk.hotspot.jre.full.win32.x86_64_17.0.5.v20221102-0933/jre/bin/server;C:/Users/Bogdan/.p2/pool/plugins/org.eclipse.justj.openjdk.hotspot.jre.full.win32.x86_64_17.0.5.v20221102-0933/jre/bin;C:\Program Files\Eclipse Adoptium\jdk-17.0.14.7-hotspot\bin;C:\Python313\Scripts\;C:\Python313\;C:\Program Files (x86)\Eclipse Adoptium\jdk-17.0.13.11-hotspot\bin;C:\Program Files\Common Files\Oracle\Java\javapath;C:\WINDOWS\system32;C:\WINDOWS;C:\WINDOWS\System32\Wbem;C:\WINDOWS\System32\WindowsPowerShell\v1.0\;C:\WINDOWS\System32\OpenSSH\;C:\Program Files\Java\jdk-23\bin;C:\Program Files (x86)\sbt\bin;C:\Program Files (x86)\Windows Kits\10\Windows Performance Toolkit\;C:\ProgramData\chocolatey\bin;C:\Program Files\scala-cli-x86_64-pc-win32\;C:\Program Files\nodejs\;C:\Program Files\dotnet\;C:\Program Files\LLVM\bin;C:\Program Files\Docker\Docker\resources\bin;C:\Program Files\Git\cmd;C:\Users\Bogdan\scoop\apps\llvm\current\bin;C:\Users\Bogdan\scoop\shims;C:\Users\Bogdan\AppData\Local\Microsoft\WindowsApps;C:\Users\Bogdan\AppData\Local\Coursier\cache\arc\https\github.com\adoptium\temurin11-binaries\releases\download\jdk-11.0.25%252B9\OpenJDK11U-jdk_x64_windows_hotspot_11.0.25_9.zip\jdk-11.0.25+9\bin;C:\Users\Bogdan\AppData\Local\Coursier\data\bin;C:\Users\Bogdan\AppData\Local\JetBrains\Toolbox\scripts;C:\Users\Bogdan\AppData\Roaming\npm;C:\Users\Bogdan\.dotnet\tools;C:\Users\Bogdan\Desktop;
USERNAME=Bogdan
OS=Windows_NT
PROCESSOR_IDENTIFIER=Intel64 Family 6 Model 158 Stepping 10, GenuineIntel
TMP=C:\Users\Bogdan\AppData\Local\Temp
TEMP=C:\Users\Bogdan\AppData\Local\Temp



---------------  S Y S T E M  ---------------

OS:
 Windows 10 , 64 bit Build 19041 (10.0.19041.5678)
OS uptime: 6 days 6:07 hours
Hyper-V role detected

CPU: total 6 (initial active 6) (6 cores per cpu, 1 threads per core) family 6 model 158 stepping 10 microcode 0xb4, cx8, cmov, fxsr, mmx, 3dnowpref, sse, sse2, sse3, ssse3, sse4.1, sse4.2, popcnt, lzcnt, tsc, tscinvbit, avx, avx2, aes, erms, clmul, bmi1, bmi2, adx, fma, vzeroupper, clflush, clflushopt, hv

Memory: 4k page, system-wide physical 16304M (4168M free)
TotalPageFile size 65456M (AvailPageFile size 1117M)
current process WorkingSet (physical memory assigned to process): 59M, peak: 332M
current process commit charge ("private bytes"): 454M, peak: 475M

vm_info: OpenJDK 64-Bit Server VM (17.0.5+8) for windows-amd64 JRE (17.0.5+8), built on Oct 19 2022 04:48:13 by "temurin" with MS VC++ 16.7 (VS2019)

END.
