#
# A fatal error has been detected by the Java Runtime Environment:
#
#  EXCEPTION_ACCESS_VIOLATION (0xc0000005) at pc=0x00007ff86d23a8a9, pid=19112, tid=26228
#
# JRE version: OpenJDK Runtime Environment Temurin-17.0.5+8 (17.0.5+8) (build 17.0.5+8)
# Java VM: OpenJDK 64-Bit Server VM Temurin-17.0.5+8 (17.0.5+8, mixed mode, tiered, compressed oops, compressed class ptrs, g1 gc, windows-amd64)
# Problematic frame:
# C  [awt.dll+0xda8a9]
#
# No core dump will be written. Minidumps are not enabled by default on client versions of Windows
#
# If you would like to submit a bug report, please visit:
#   https://github.com/adoptium/adoptium-support/issues
# The crash happened outside the Java Virtual Machine in native code.
# See problematic frame for where to report the bug.
#

---------------  S U M M A R Y ------------

Command Line: -Dfile.encoding=UTF-8 --module-path=C:\Users\Bogdan\Desktop\personal\newproject\bin -XX:+ShowCodeDetailsInExceptionMessages -Djdk.module.main=newproject newproject/newproject.main

Host: Intel(R) Core(TM) i5-8400 CPU @ 2.80GHz, 6 cores, 15G,  Windows 10 , 64 bit Build 19041 (10.0.19041.5678)
Time: Sat May  3 08:25:03 2025 E. Europe Daylight Time elapsed time: 20008.003058 seconds (0d 5h 33m 28s)

---------------  T H R E A D  ---------------

Current thread (0x000001b21e91a820):  JavaThread "AWT-Windows" daemon [_thread_in_native, id=26228, stack(0x0000009eaba00000,0x0000009eabb00000)]

Stack: [0x0000009eaba00000,0x0000009eabb00000],  sp=0x0000009eabafe370,  free space=1016k
Native frames: (J=compiled Java code, j=interpreted, Vv=VM code, C=native code)
C  [awt.dll+0xda8a9]

Java frames: (J=compiled Java code, j=interpreted, Vv=VM code)
j  sun.java2d.d3d.D3DGraphicsDevice.getDeviceCapsNative(I)I+0 java.desktop@17.0.5
j  sun.java2d.d3d.D3DGraphicsDevice$1.run()V+8 java.desktop@17.0.5
v  ~StubRoutines::call_stub
j  sun.awt.windows.WToolkit.eventLoop()V+0 java.desktop@17.0.5
j  sun.awt.windows.WToolkit.run()V+50 java.desktop@17.0.5
j  java.lang.Thread.run()V+11 java.base@17.0.5
v  ~StubRoutines::call_stub

siginfo: EXCEPTION_ACCESS_VIOLATION (0xc0000005), reading address 0x0000000000000028


Register to memory mapping:

RIP=0x00007ff86d23a8a9 awt.dll
RAX=0x0 is NULL
RBX=0x000001b21ee2b890 points into unknown readable memory: 0x000001b21e722e90 | 90 2e 72 1e b2 01 00 00
RCX=0x0 is NULL
RDX=0x0 is NULL
RSP=0x0000009eabafe370 is pointing into the stack for thread: 0x000001b21e91a820
RBP=0x0000009eabafe478 is pointing into the stack for thread: 0x000001b21e91a820
RSI=0x0000009eabafe940 is pointing into the stack for thread: 0x000001b21e91a820
RDI=0x0 is NULL
R8 =0x0000000000000001 is an unknown value
R9 =0x00000000000000dd is an unknown value
R10=0x000001b2035fd5f2 is at code_begin+946 in an Interpreter codelet
method entry point (kind = native)  [0x000001b2035fd240, 0x000001b2035fdbc0]  2432 bytes
R11=0x000000070fd30978 is an oop: java.lang.Class 
{0x000000070fd30978} - klass: 'java/lang/Class'
 - ---- fields (total size 15 words):
 - private volatile transient 'classRedefinedCount' 'I' @12  0
 - private volatile transient 'cachedConstructor' 'Ljava/lang/reflect/Constructor;' @40  NULL (0)
 - private transient 'name' 'Ljava/lang/String;' @44  "sun.java2d.d3d.D3DGraphicsDevice"{0x000000070fd05ae0} (e1fa0b5c)
 - private transient 'module' 'Ljava/lang/Module;' @48  a 'java/lang/Module'{0x000000070fc01b80} (e1f80370)
 - private final 'classLoader' 'Ljava/lang/ClassLoader;' @52  NULL (0)
 - private transient 'classData' 'Ljava/lang/Object;' @56  NULL (0)
 - private transient 'packageName' 'Ljava/lang/String;' @60  "sun.java2d.d3d"{0x000000070fc33db8} (e1f867b7)
 - private final 'componentType' 'Ljava/lang/Class;' @64  NULL (0)
 - private volatile transient 'reflectionData' 'Ljava/lang/ref/SoftReference;' @68  NULL (0)
 - private volatile transient 'genericInfo' 'Lsun/reflect/generics/repository/ClassRepository;' @72  NULL (0)
 - private volatile transient 'enumConstants' '[Ljava/lang/Object;' @76  NULL (0)
 - private volatile transient 'enumConstantDirectory' 'Ljava/util/Map;' @80  NULL (0)
 - private volatile transient 'annotationData' 'Ljava/lang/Class$AnnotationData;' @84  NULL (0)
 - private volatile transient 'annotationType' 'Lsun/reflect/annotation/AnnotationType;' @88  NULL (0)
 - transient 'classValueMap' 'Ljava/lang/ClassValue$ClassValueMap;' @92  NULL (0)
 - signature: Lsun/java2d/d3d/D3DGraphicsDevice;
 - fake entry for mirror: 'sun/java2d/d3d/D3DGraphicsDevice'
 - fake entry for array: NULL
 - fake entry for oop_size: 15
 - fake entry for static_oop_field_count: 0
 - private static 'd3dAvailable' 'Z' @112  true
R12=0x0 is NULL
R13={method} {0x000001b21e3102e8} 'getDeviceCapsNative' '(I)I' in 'sun/java2d/d3d/D3DGraphicsDevice'
R14=0x0000009eabafe498 is pointing into the stack for thread: 0x000001b21e91a820
R15=0x000001b21e91a820 is a thread


Registers:
RAX=0x0000000000000000, RBX=0x000001b21ee2b890, RCX=0x0000000000000000, RDX=0x0000000000000000
RSP=0x0000009eabafe370, RBP=0x0000009eabafe478, RSI=0x0000009eabafe940, RDI=0x0000000000000000
R8 =0x0000000000000001, R9 =0x00000000000000dd, R10=0x000001b2035fd5f2, R11=0x000000070fd30978
R12=0x0000000000000000, R13=0x000001b21e3102e0, R14=0x0000009eabafe498, R15=0x000001b21e91a820
RIP=0x00007ff86d23a8a9, EFLAGS=0x0000000000010246

Top of Stack: (sp=0x0000009eabafe370)
0x0000009eabafe370:   00007ff86d29a838 000001b21e636980
0x0000009eabafe380:   0000000000000000 0000000000000000
0x0000009eabafe390:   0000000000000000 00007ff86d17f930
0x0000009eabafe3a0:   000001b21e636980 000001b21ee2b890
0x0000009eabafe3b0:   0000b5a25c7c3c46 0000000000000000
0x0000009eabafe3c0:   000001b21e636980 00007ff86d17cd28
0x0000009eabafe3d0:   0000000000000018 000001b22839c100
0x0000009eabafe3e0:   00007ff86d25f638 00000000000000dd
0x0000009eabafe3f0:   000001b21e91a820 000001b2035fd621
0x0000009eabafe400:   000001b21e3102e0 0000009e00000001
0x0000009eabafe410:   0000000000000009 00007ff81b0b5b1d
0x0000009eabafe420:   000001b21e9fa502 00007ff800000000
0x0000009eabafe430:   0000009eabafe430 0000000000000000
0x0000009eabafe440:   0000009eabafe498 000001b21e316ce0
0x0000009eabafe450:   0000000000000000 000000070fd30978
0x0000009eabafe460:   000001b21e3102e0 0000000000000000 

Instructions: (pc=0x00007ff86d23a8a9)
0x00007ff86d23a7a9:   cc cc cc cc cc cc cc 48 89 5c 24 08 48 89 6c 24
0x00007ff86d23a7b9:   10 48 89 74 24 18 57 48 83 ec 20 41 8b f8 0f b6
0x00007ff86d23a7c9:   f2 48 8b e9 e8 de dd f4 ff 48 8b d8 48 89 44 24
0x00007ff86d23a7d9:   48 41 b8 01 00 00 00 8b d7 48 8b c8 e8 46 dd f4
0x00007ff86d23a7e9:   ff 48 8b c8 44 0f b6 c6 48 8b d5 e8 97 fa ff ff
0x00007ff86d23a7f9:   48 8b f8 48 8b cb e8 ac de f4 ff 90 48 8b c7 48
0x00007ff86d23a809:   8b 5c 24 30 48 8b 6c 24 38 48 8b 74 24 40 48 83
0x00007ff86d23a819:   c4 20 5f c3 cc cc cc 48 8b 49 28 e9 47 07 00 00
0x00007ff86d23a829:   cc cc cc cc cc cc cc 48 89 5c 24 08 57 48 83 ec
0x00007ff86d23a839:   20 8b f9 e8 6f dd f4 ff 48 8b d8 48 89 44 24 38
0x00007ff86d23a849:   41 b8 01 00 00 00 8b d7 48 8b c8 e8 d7 dc f4 ff
0x00007ff86d23a859:   48 8b 08 8b 39 48 8b cb e8 4a de f4 ff 90 8b c7
0x00007ff86d23a869:   48 8b 5c 24 30 48 83 c4 20 5f c3 cc cc cc cc cc
0x00007ff86d23a879:   cc cc cc cc cc cc cc 48 89 5c 24 08 57 48 83 ec
0x00007ff86d23a889:   20 8b f9 e8 1f dd f4 ff 48 8b d8 48 89 44 24 38
0x00007ff86d23a899:   41 b8 01 00 00 00 8b d7 48 8b c8 e8 87 dc f4 ff
0x00007ff86d23a8a9:   48 8b 78 28 48 8b cb e8 fb dd f4 ff 90 48 8b c7
0x00007ff86d23a8b9:   48 8b 5c 24 30 48 83 c4 20 5f c3 cc cc cc cc cc
0x00007ff86d23a8c9:   cc cc cc cc cc cc cc 48 89 5c 24 08 57 48 83 ec
0x00007ff86d23a8d9:   20 8b f9 e8 cf dc f4 ff 48 8b d8 48 89 44 24 38
0x00007ff86d23a8e9:   41 b8 01 00 00 00 8b d7 48 8b c8 e8 37 dc f4 ff
0x00007ff86d23a8f9:   48 8b 78 30 48 8b cb e8 ab dd f4 ff 90 48 8b c7
0x00007ff86d23a909:   48 8b 5c 24 30 48 83 c4 20 5f c3 cc cc cc cc cc
0x00007ff86d23a919:   cc cc cc cc cc cc cc 48 89 5c 24 08 57 48 83 ec
0x00007ff86d23a929:   20 8b f9 e8 7f dc f4 ff 48 8b d8 48 89 44 24 38
0x00007ff86d23a939:   41 b8 01 00 00 00 8b d7 48 8b c8 e8 e7 db f4 ff
0x00007ff86d23a949:   48 8b 78 08 48 85 ff 74 07 48 8b bf 08 0c 00 00
0x00007ff86d23a959:   48 8b cb e8 4f dd f4 ff 90 48 8b c7 48 8b 5c 24
0x00007ff86d23a969:   30 48 83 c4 20 5f c3 f3 0f 10 41 48 c3 cc cc cc
0x00007ff86d23a979:   cc cc cc cc cc cc cc f3 0f 10 41 4c c3 cc cc cc
0x00007ff86d23a989:   cc cc cc cc cc cc cc 48 89 5c 24 10 48 89 6c 24
0x00007ff86d23a999:   18 48 89 74 24 20 57 48 81 ec 20 01 00 00 48 8b 


Stack slot to memory mapping:
stack at sp + 0 slots: 0x00007ff86d29a838 awt.dll
stack at sp + 1 slots: 0x000001b21e636980 points into unknown readable memory: 0x0000002100000001 | 01 00 00 00 21 00 00 00
stack at sp + 2 slots: 0x0 is NULL
stack at sp + 3 slots: 0x0 is NULL
stack at sp + 4 slots: 0x0 is NULL
stack at sp + 5 slots: 0x00007ff86d17f930 awt.dll
stack at sp + 6 slots: 0x000001b21e636980 points into unknown readable memory: 0x0000002100000001 | 01 00 00 00 21 00 00 00
stack at sp + 7 slots: 0x000001b21ee2b890 points into unknown readable memory: 0x000001b21e722e90 | 90 2e 72 1e b2 01 00 00


---------------  P R O C E S S  ---------------

Threads class SMR info:
_java_thread_list=0x000001b21e9e6a00, length=17, elements={
0x000001b21e4160c0, 0x000001b21e416b40, 0x000001b21e436b10, 0x000001b21e47c600,
0x000001b21e47cfb0, 0x000001b21e47d960, 0x000001b21e481f50, 0x000001b21e48aa00,
0x000001b21e49dbc0, 0x000001b21e591530, 0x000001b21e736410, 0x000001b21e911af0,
0x000001b21e91a350, 0x000001b21e91a820, 0x000001b21e722960, 0x000001b27d0f2ff0,
0x000001b21e5e08d0
}

Java Threads: ( => current thread )
  0x000001b21e4160c0 JavaThread "Reference Handler" daemon [_thread_blocked, id=3880, stack(0x0000009eaac00000,0x0000009eaad00000)]
  0x000001b21e416b40 JavaThread "Finalizer" daemon [_thread_blocked, id=14608, stack(0x0000009eaad00000,0x0000009eaae00000)]
  0x000001b21e436b10 JavaThread "Signal Dispatcher" daemon [_thread_blocked, id=3444, stack(0x0000009eaae00000,0x0000009eaaf00000)]
  0x000001b21e47c600 JavaThread "Attach Listener" daemon [_thread_blocked, id=13148, stack(0x0000009eaaf00000,0x0000009eab000000)]
  0x000001b21e47cfb0 JavaThread "Service Thread" daemon [_thread_blocked, id=9784, stack(0x0000009eab000000,0x0000009eab100000)]
  0x000001b21e47d960 JavaThread "Monitor Deflation Thread" daemon [_thread_blocked, id=5444, stack(0x0000009eab100000,0x0000009eab200000)]
  0x000001b21e481f50 JavaThread "C2 CompilerThread0" daemon [_thread_blocked, id=18752, stack(0x0000009eab200000,0x0000009eab300000)]
  0x000001b21e48aa00 JavaThread "C1 CompilerThread0" daemon [_thread_blocked, id=10016, stack(0x0000009eab300000,0x0000009eab400000)]
  0x000001b21e49dbc0 JavaThread "Sweeper thread" daemon [_thread_blocked, id=13264, stack(0x0000009eab400000,0x0000009eab500000)]
  0x000001b21e591530 JavaThread "Common-Cleaner" daemon [_thread_blocked, id=29236, stack(0x0000009eab500000,0x0000009eab600000)]
  0x000001b21e736410 JavaThread "Notification Thread" daemon [_thread_blocked, id=14196, stack(0x0000009eab600000,0x0000009eab700000)]
  0x000001b21e911af0 JavaThread "Java2D Disposer" daemon [_thread_blocked, id=16432, stack(0x0000009eab800000,0x0000009eab900000)]
  0x000001b21e91a350 JavaThread "AWT-Shutdown" [_thread_blocked, id=3796, stack(0x0000009eab900000,0x0000009eaba00000)]
=>0x000001b21e91a820 JavaThread "AWT-Windows" daemon [_thread_in_native, id=26228, stack(0x0000009eaba00000,0x0000009eabb00000)]
  0x000001b21e722960 JavaThread "AWT-EventQueue-0" [_thread_in_native, id=14508, stack(0x0000009eabd00000,0x0000009eabe00000)]
  0x000001b27d0f2ff0 JavaThread "DestroyJavaVM" [_thread_blocked, id=24744, stack(0x0000009eaa500000,0x0000009eaa600000)]
  0x000001b21e5e08d0 JavaThread "D3D Screen Updater" daemon [_thread_blocked, id=22800, stack(0x0000009eabe00000,0x0000009eabf00000)]

Other Threads:
  0x000001b21d87e340 VMThread "VM Thread" [stack: 0x0000009eaab00000,0x0000009eaac00000] [id=18124]
  0x000001b27d1785f0 WatcherThread [stack: 0x0000009eab700000,0x0000009eab800000] [id=9544]
  0x000001b27d15eb10 GCTaskThread "GC Thread#0" [stack: 0x0000009eaa600000,0x0000009eaa700000] [id=6544]
  0x000001b226fe1b90 GCTaskThread "GC Thread#1" [stack: 0x0000009eac100000,0x0000009eac200000] [id=5168]
  0x000001b21effb4d0 GCTaskThread "GC Thread#2" [stack: 0x0000009eac200000,0x0000009eac300000] [id=22028]
  0x000001b21effb780 GCTaskThread "GC Thread#3" [stack: 0x0000009eac300000,0x0000009eac400000] [id=17820]
  0x000001b21effba30 GCTaskThread "GC Thread#4" [stack: 0x0000009eac400000,0x0000009eac500000] [id=9756]
  0x000001b21effbce0 GCTaskThread "GC Thread#5" [stack: 0x0000009eac500000,0x0000009eac600000] [id=7680]
  0x000001b27d1700c0 ConcurrentGCThread "G1 Main Marker" [stack: 0x0000009eaa700000,0x0000009eaa800000] [id=9696]
  0x000001b27d170ad0 ConcurrentGCThread "G1 Conc#0" [stack: 0x0000009eaa800000,0x0000009eaa900000] [id=19936]
  0x000001b27d1bdf10 ConcurrentGCThread "G1 Refine#0" [stack: 0x0000009eaa900000,0x0000009eaaa00000] [id=22996]
  0x000001b27d1be930 ConcurrentGCThread "G1 Service" [stack: 0x0000009eaaa00000,0x0000009eaab00000] [id=11164]

Threads with active compile tasks:

VM state: not at safepoint (normal execution)

VM Mutex/Monitor currently owned by a thread: None

Heap address: 0x0000000701200000, size: 4078 MB, Compressed Oops mode: Zero based, Oop shift amount: 3

CDS archive(s) not mapped
Compressed class space mapped at: 0x0000000800000000-0x0000000840000000, reserved size: 1073741824
Narrow klass base: 0x0000000800000000, Narrow klass shift: 0, Narrow klass range: 0x40000000

GC Precious Log:
 CPUs: 6 total, 6 available
 Memory: 16304M
 Large Page Support: Disabled
 NUMA Support: Disabled
 Compressed Oops: Enabled (Zero based)
 Heap Region Size: 2M
 Heap Min Capacity: 8M
 Heap Initial Capacity: 256M
 Heap Max Capacity: 4078M
 Pre-touch: Disabled
 Parallel Workers: 6
 Concurrent Workers: 2
 Concurrent Refinement Workers: 6
 Periodic GC: Disabled

Heap:
 garbage-first heap   total 262144K, used 73444K [0x0000000701200000, 0x0000000800000000)
  region size 2048K, 13 young (26624K), 1 survivors (2048K)
 Metaspace       used 13314K, committed 13504K, reserved 1064960K
  class space    used 1334K, committed 1472K, reserved 1048576K

Heap Regions: E=young(eden), S=young(survivor), O=old, HS=humongous(starts), HC=humongous(continues), CS=collection set, F=free, OA=open archive, CA=closed archive, TAMS=top-at-mark-start (previous, next)
|   0|0x0000000701200000, 0x0000000701400000, 0x0000000701400000|100%|HS|  |TAMS 0x0000000701200000, 0x0000000701200000| Complete 
|   1|0x0000000701400000, 0x0000000701600000, 0x0000000701600000|100%|HC|  |TAMS 0x0000000701400000, 0x0000000701400000| Complete 
|   2|0x0000000701600000, 0x0000000701800000, 0x0000000701800000|100%|HC|  |TAMS 0x0000000701600000, 0x0000000701600000| Complete 
|   3|0x0000000701800000, 0x0000000701a00000, 0x0000000701a00000|100%|HC|  |TAMS 0x0000000701800000, 0x0000000701800000| Complete 
|   4|0x0000000701a00000, 0x0000000701c00000, 0x0000000701c00000|100%|HS|  |TAMS 0x0000000701a00000, 0x0000000701a00000| Complete 
|   5|0x0000000701c00000, 0x0000000701e00000, 0x0000000701e00000|100%|HC|  |TAMS 0x0000000701c00000, 0x0000000701c00000| Complete 
|   6|0x0000000701e00000, 0x0000000702000000, 0x0000000702000000|100%|HC|  |TAMS 0x0000000701e00000, 0x0000000701e00000| Complete 
|   7|0x0000000702000000, 0x0000000702200000, 0x0000000702200000|100%|HC|  |TAMS 0x0000000702000000, 0x0000000702000000| Complete 
|   8|0x0000000702200000, 0x0000000702400000, 0x0000000702400000|100%|HC|  |TAMS 0x0000000702200000, 0x0000000702200000| Complete 
|   9|0x0000000702400000, 0x0000000702600000, 0x0000000702600000|100%|HC|  |TAMS 0x0000000702400000, 0x0000000702400000| Complete 
|  10|0x0000000702600000, 0x0000000702800000, 0x0000000702800000|100%|HC|  |TAMS 0x0000000702600000, 0x0000000702600000| Complete 
|  11|0x0000000702800000, 0x0000000702a00000, 0x0000000702a00000|100%|HC|  |TAMS 0x0000000702800000, 0x0000000702800000| Complete 
|  12|0x0000000702a00000, 0x0000000702c00000, 0x0000000702c00000|100%|HS|  |TAMS 0x0000000702a00000, 0x0000000702a00000| Complete 
|  13|0x0000000702c00000, 0x0000000702e00000, 0x0000000702e00000|100%|HC|  |TAMS 0x0000000702c00000, 0x0000000702c00000| Complete 
|  14|0x0000000702e00000, 0x0000000703000000, 0x0000000703000000|100%|HC|  |TAMS 0x0000000702e00000, 0x0000000702e00000| Complete 
|  15|0x0000000703000000, 0x0000000703200000, 0x0000000703200000|100%|HC|  |TAMS 0x0000000703000000, 0x0000000703000000| Complete 
|  16|0x0000000703200000, 0x0000000703400000, 0x0000000703400000|100%|HS|  |TAMS 0x0000000703200000, 0x0000000703200000| Complete 
|  17|0x0000000703400000, 0x0000000703600000, 0x0000000703600000|100%|HC|  |TAMS 0x0000000703400000, 0x0000000703400000| Complete 
|  18|0x0000000703600000, 0x0000000703800000, 0x0000000703800000|100%|HC|  |TAMS 0x0000000703600000, 0x0000000703600000| Complete 
|  19|0x0000000703800000, 0x0000000703a00000, 0x0000000703a00000|100%|HC|  |TAMS 0x0000000703800000, 0x0000000703800000| Complete 
|  20|0x0000000703a00000, 0x0000000703c00000, 0x0000000703c00000|100%|HC|  |TAMS 0x0000000703a00000, 0x0000000703a00000| Complete 
|  21|0x0000000703c00000, 0x0000000703e00000, 0x0000000703e00000|100%|HC|  |TAMS 0x0000000703c00000, 0x0000000703c00000| Complete 
|  22|0x0000000703e00000, 0x0000000704000000, 0x0000000704000000|100%|HC|  |TAMS 0x0000000703e00000, 0x0000000703e00000| Complete 
|  23|0x0000000704000000, 0x0000000704200000, 0x0000000704200000|100%|HC|  |TAMS 0x0000000704000000, 0x0000000704000000| Complete 
|  24|0x0000000704200000, 0x0000000704200000, 0x0000000704400000|  0%| F|  |TAMS 0x0000000704200000, 0x0000000704200000| Untracked 
|  25|0x0000000704400000, 0x0000000704400000, 0x0000000704600000|  0%| F|  |TAMS 0x0000000704400000, 0x0000000704400000| Untracked 
|  26|0x0000000704600000, 0x0000000704600000, 0x0000000704800000|  0%| F|  |TAMS 0x0000000704600000, 0x0000000704600000| Untracked 
|  27|0x0000000704800000, 0x0000000704800000, 0x0000000704a00000|  0%| F|  |TAMS 0x0000000704800000, 0x0000000704800000| Untracked 
|  28|0x0000000704a00000, 0x0000000704a00000, 0x0000000704c00000|  0%| F|  |TAMS 0x0000000704a00000, 0x0000000704a00000| Untracked 
|  29|0x0000000704c00000, 0x0000000704c00000, 0x0000000704e00000|  0%| F|  |TAMS 0x0000000704c00000, 0x0000000704c00000| Untracked 
|  30|0x0000000704e00000, 0x0000000704e00000, 0x0000000705000000|  0%| F|  |TAMS 0x0000000704e00000, 0x0000000704e00000| Untracked 
|  31|0x0000000705000000, 0x0000000705000000, 0x0000000705200000|  0%| F|  |TAMS 0x0000000705000000, 0x0000000705000000| Untracked 
|  32|0x0000000705200000, 0x0000000705200000, 0x0000000705400000|  0%| F|  |TAMS 0x0000000705200000, 0x0000000705200000| Untracked 
|  33|0x0000000705400000, 0x0000000705400000, 0x0000000705600000|  0%| F|  |TAMS 0x0000000705400000, 0x0000000705400000| Untracked 
|  34|0x0000000705600000, 0x0000000705600000, 0x0000000705800000|  0%| F|  |TAMS 0x0000000705600000, 0x0000000705600000| Untracked 
|  35|0x0000000705800000, 0x0000000705800000, 0x0000000705a00000|  0%| F|  |TAMS 0x0000000705800000, 0x0000000705800000| Untracked 
|  36|0x0000000705a00000, 0x0000000705a00000, 0x0000000705c00000|  0%| F|  |TAMS 0x0000000705a00000, 0x0000000705a00000| Untracked 
|  37|0x0000000705c00000, 0x0000000705c00000, 0x0000000705e00000|  0%| F|  |TAMS 0x0000000705c00000, 0x0000000705c00000| Untracked 
|  38|0x0000000705e00000, 0x0000000705e00000, 0x0000000706000000|  0%| F|  |TAMS 0x0000000705e00000, 0x0000000705e00000| Untracked 
|  39|0x0000000706000000, 0x0000000706000000, 0x0000000706200000|  0%| F|  |TAMS 0x0000000706000000, 0x0000000706000000| Untracked 
|  40|0x0000000706200000, 0x0000000706200000, 0x0000000706400000|  0%| F|  |TAMS 0x0000000706200000, 0x0000000706200000| Untracked 
|  41|0x0000000706400000, 0x0000000706400000, 0x0000000706600000|  0%| F|  |TAMS 0x0000000706400000, 0x0000000706400000| Untracked 
|  42|0x0000000706600000, 0x0000000706600000, 0x0000000706800000|  0%| F|  |TAMS 0x0000000706600000, 0x0000000706600000| Untracked 
|  43|0x0000000706800000, 0x0000000706800000, 0x0000000706a00000|  0%| F|  |TAMS 0x0000000706800000, 0x0000000706800000| Untracked 
|  44|0x0000000706a00000, 0x0000000706a00000, 0x0000000706c00000|  0%| F|  |TAMS 0x0000000706a00000, 0x0000000706a00000| Untracked 
|  45|0x0000000706c00000, 0x0000000706c00000, 0x0000000706e00000|  0%| F|  |TAMS 0x0000000706c00000, 0x0000000706c00000| Untracked 
|  46|0x0000000706e00000, 0x0000000706e00000, 0x0000000707000000|  0%| F|  |TAMS 0x0000000706e00000, 0x0000000706e00000| Untracked 
|  47|0x0000000707000000, 0x0000000707000000, 0x0000000707200000|  0%| F|  |TAMS 0x0000000707000000, 0x0000000707000000| Untracked 
|  48|0x0000000707200000, 0x0000000707200000, 0x0000000707400000|  0%| F|  |TAMS 0x0000000707200000, 0x0000000707200000| Untracked 
|  49|0x0000000707400000, 0x0000000707400000, 0x0000000707600000|  0%| F|  |TAMS 0x0000000707400000, 0x0000000707400000| Untracked 
|  50|0x0000000707600000, 0x0000000707600000, 0x0000000707800000|  0%| F|  |TAMS 0x0000000707600000, 0x0000000707600000| Untracked 
|  51|0x0000000707800000, 0x0000000707800000, 0x0000000707a00000|  0%| F|  |TAMS 0x0000000707800000, 0x0000000707800000| Untracked 
|  52|0x0000000707a00000, 0x0000000707a00000, 0x0000000707c00000|  0%| F|  |TAMS 0x0000000707a00000, 0x0000000707a00000| Untracked 
|  53|0x0000000707c00000, 0x0000000707c00000, 0x0000000707e00000|  0%| F|  |TAMS 0x0000000707c00000, 0x0000000707c00000| Untracked 
|  54|0x0000000707e00000, 0x0000000707e00000, 0x0000000708000000|  0%| F|  |TAMS 0x0000000707e00000, 0x0000000707e00000| Untracked 
|  55|0x0000000708000000, 0x0000000708000000, 0x0000000708200000|  0%| F|  |TAMS 0x0000000708000000, 0x0000000708000000| Untracked 
|  56|0x0000000708200000, 0x0000000708200000, 0x0000000708400000|  0%| F|  |TAMS 0x0000000708200000, 0x0000000708200000| Untracked 
|  57|0x0000000708400000, 0x0000000708400000, 0x0000000708600000|  0%| F|  |TAMS 0x0000000708400000, 0x0000000708400000| Untracked 
|  58|0x0000000708600000, 0x0000000708600000, 0x0000000708800000|  0%| F|  |TAMS 0x0000000708600000, 0x0000000708600000| Untracked 
|  59|0x0000000708800000, 0x0000000708800000, 0x0000000708a00000|  0%| F|  |TAMS 0x0000000708800000, 0x0000000708800000| Untracked 
|  60|0x0000000708a00000, 0x0000000708a00000, 0x0000000708c00000|  0%| F|  |TAMS 0x0000000708a00000, 0x0000000708a00000| Untracked 
|  61|0x0000000708c00000, 0x0000000708c00000, 0x0000000708e00000|  0%| F|  |TAMS 0x0000000708c00000, 0x0000000708c00000| Untracked 
|  62|0x0000000708e00000, 0x0000000708e00000, 0x0000000709000000|  0%| F|  |TAMS 0x0000000708e00000, 0x0000000708e00000| Untracked 
|  63|0x0000000709000000, 0x0000000709000000, 0x0000000709200000|  0%| F|  |TAMS 0x0000000709000000, 0x0000000709000000| Untracked 
|  64|0x0000000709200000, 0x0000000709200000, 0x0000000709400000|  0%| F|  |TAMS 0x0000000709200000, 0x0000000709200000| Untracked 
|  65|0x0000000709400000, 0x0000000709400000, 0x0000000709600000|  0%| F|  |TAMS 0x0000000709400000, 0x0000000709400000| Untracked 
|  66|0x0000000709600000, 0x0000000709600000, 0x0000000709800000|  0%| F|  |TAMS 0x0000000709600000, 0x0000000709600000| Untracked 
|  67|0x0000000709800000, 0x0000000709800000, 0x0000000709a00000|  0%| F|  |TAMS 0x0000000709800000, 0x0000000709800000| Untracked 
|  68|0x0000000709a00000, 0x0000000709a00000, 0x0000000709c00000|  0%| F|  |TAMS 0x0000000709a00000, 0x0000000709a00000| Untracked 
|  69|0x0000000709c00000, 0x0000000709c00000, 0x0000000709e00000|  0%| F|  |TAMS 0x0000000709c00000, 0x0000000709c00000| Untracked 
|  70|0x0000000709e00000, 0x0000000709e00000, 0x000000070a000000|  0%| F|  |TAMS 0x0000000709e00000, 0x0000000709e00000| Untracked 
|  71|0x000000070a000000, 0x000000070a000000, 0x000000070a200000|  0%| F|  |TAMS 0x000000070a000000, 0x000000070a000000| Untracked 
|  72|0x000000070a200000, 0x000000070a200000, 0x000000070a400000|  0%| F|  |TAMS 0x000000070a200000, 0x000000070a200000| Untracked 
|  73|0x000000070a400000, 0x000000070a400000, 0x000000070a600000|  0%| F|  |TAMS 0x000000070a400000, 0x000000070a400000| Untracked 
|  74|0x000000070a600000, 0x000000070a600000, 0x000000070a800000|  0%| F|  |TAMS 0x000000070a600000, 0x000000070a600000| Untracked 
|  75|0x000000070a800000, 0x000000070a800000, 0x000000070aa00000|  0%| F|  |TAMS 0x000000070a800000, 0x000000070a800000| Untracked 
|  76|0x000000070aa00000, 0x000000070aa00000, 0x000000070ac00000|  0%| F|  |TAMS 0x000000070aa00000, 0x000000070aa00000| Untracked 
|  77|0x000000070ac00000, 0x000000070ac00000, 0x000000070ae00000|  0%| F|  |TAMS 0x000000070ac00000, 0x000000070ac00000| Untracked 
|  78|0x000000070ae00000, 0x000000070ae00000, 0x000000070b000000|  0%| F|  |TAMS 0x000000070ae00000, 0x000000070ae00000| Untracked 
|  79|0x000000070b000000, 0x000000070b000000, 0x000000070b200000|  0%| F|  |TAMS 0x000000070b000000, 0x000000070b000000| Untracked 
|  80|0x000000070b200000, 0x000000070b200000, 0x000000070b400000|  0%| F|  |TAMS 0x000000070b200000, 0x000000070b200000| Untracked 
|  81|0x000000070b400000, 0x000000070b400000, 0x000000070b600000|  0%| F|  |TAMS 0x000000070b400000, 0x000000070b400000| Untracked 
|  82|0x000000070b600000, 0x000000070b600000, 0x000000070b800000|  0%| F|  |TAMS 0x000000070b600000, 0x000000070b600000| Untracked 
|  83|0x000000070b800000, 0x000000070b800000, 0x000000070ba00000|  0%| F|  |TAMS 0x000000070b800000, 0x000000070b800000| Untracked 
|  84|0x000000070ba00000, 0x000000070ba00000, 0x000000070bc00000|  0%| F|  |TAMS 0x000000070ba00000, 0x000000070ba00000| Untracked 
|  85|0x000000070bc00000, 0x000000070bc00000, 0x000000070be00000|  0%| F|  |TAMS 0x000000070bc00000, 0x000000070bc00000| Untracked 
|  86|0x000000070be00000, 0x000000070be00000, 0x000000070c000000|  0%| F|  |TAMS 0x000000070be00000, 0x000000070be00000| Untracked 
|  87|0x000000070c000000, 0x000000070c000000, 0x000000070c200000|  0%| F|  |TAMS 0x000000070c000000, 0x000000070c000000| Untracked 
|  88|0x000000070c200000, 0x000000070c200000, 0x000000070c400000|  0%| F|  |TAMS 0x000000070c200000, 0x000000070c200000| Untracked 
|  89|0x000000070c400000, 0x000000070c400000, 0x000000070c600000|  0%| F|  |TAMS 0x000000070c400000, 0x000000070c400000| Untracked 
|  90|0x000000070c600000, 0x000000070c600000, 0x000000070c800000|  0%| F|  |TAMS 0x000000070c600000, 0x000000070c600000| Untracked 
|  91|0x000000070c800000, 0x000000070c800000, 0x000000070ca00000|  0%| F|  |TAMS 0x000000070c800000, 0x000000070c800000| Untracked 
|  92|0x000000070ca00000, 0x000000070ca00000, 0x000000070cc00000|  0%| F|  |TAMS 0x000000070ca00000, 0x000000070ca00000| Untracked 
|  93|0x000000070cc00000, 0x000000070cc00000, 0x000000070ce00000|  0%| F|  |TAMS 0x000000070cc00000, 0x000000070cc00000| Untracked 
|  94|0x000000070ce00000, 0x000000070ce00000, 0x000000070d000000|  0%| F|  |TAMS 0x000000070ce00000, 0x000000070ce00000| Untracked 
|  95|0x000000070d000000, 0x000000070d000000, 0x000000070d200000|  0%| F|  |TAMS 0x000000070d000000, 0x000000070d000000| Untracked 
|  96|0x000000070d200000, 0x000000070d200000, 0x000000070d400000|  0%| F|  |TAMS 0x000000070d200000, 0x000000070d200000| Untracked 
|  97|0x000000070d400000, 0x000000070d400000, 0x000000070d600000|  0%| F|  |TAMS 0x000000070d400000, 0x000000070d400000| Untracked 
|  98|0x000000070d600000, 0x000000070d600000, 0x000000070d800000|  0%| F|  |TAMS 0x000000070d600000, 0x000000070d600000| Untracked 
|  99|0x000000070d800000, 0x000000070d800000, 0x000000070da00000|  0%| F|  |TAMS 0x000000070d800000, 0x000000070d800000| Untracked 
| 100|0x000000070da00000, 0x000000070da00000, 0x000000070dc00000|  0%| F|  |TAMS 0x000000070da00000, 0x000000070da00000| Untracked 
| 101|0x000000070dc00000, 0x000000070dc00000, 0x000000070de00000|  0%| F|  |TAMS 0x000000070dc00000, 0x000000070dc00000| Untracked 
| 102|0x000000070de00000, 0x000000070de00000, 0x000000070e000000|  0%| F|  |TAMS 0x000000070de00000, 0x000000070de00000| Untracked 
| 103|0x000000070e000000, 0x000000070e000000, 0x000000070e200000|  0%| F|  |TAMS 0x000000070e000000, 0x000000070e000000| Untracked 
| 104|0x000000070e200000, 0x000000070e200000, 0x000000070e400000|  0%| F|  |TAMS 0x000000070e200000, 0x000000070e200000| Untracked 
| 105|0x000000070e400000, 0x000000070e400000, 0x000000070e600000|  0%| F|  |TAMS 0x000000070e400000, 0x000000070e400000| Untracked 
| 106|0x000000070e600000, 0x000000070e600000, 0x000000070e800000|  0%| F|  |TAMS 0x000000070e600000, 0x000000070e600000| Untracked 
| 107|0x000000070e800000, 0x000000070e800000, 0x000000070ea00000|  0%| F|  |TAMS 0x000000070e800000, 0x000000070e800000| Untracked 
| 108|0x000000070ea00000, 0x000000070ea00000, 0x000000070ec00000|  0%| F|  |TAMS 0x000000070ea00000, 0x000000070ea00000| Untracked 
| 109|0x000000070ec00000, 0x000000070ec00000, 0x000000070ee00000|  0%| F|  |TAMS 0x000000070ec00000, 0x000000070ec00000| Untracked 
| 110|0x000000070ee00000, 0x000000070ee00000, 0x000000070f000000|  0%| F|  |TAMS 0x000000070ee00000, 0x000000070ee00000| Untracked 
| 111|0x000000070f000000, 0x000000070f000000, 0x000000070f200000|  0%| F|  |TAMS 0x000000070f000000, 0x000000070f000000| Untracked 
| 112|0x000000070f200000, 0x000000070f200000, 0x000000070f400000|  0%| F|  |TAMS 0x000000070f200000, 0x000000070f200000| Untracked 
| 113|0x000000070f400000, 0x000000070f400000, 0x000000070f600000|  0%| F|  |TAMS 0x000000070f400000, 0x000000070f400000| Untracked 
| 114|0x000000070f600000, 0x000000070f600000, 0x000000070f800000|  0%| F|  |TAMS 0x000000070f600000, 0x000000070f600000| Untracked 
| 115|0x000000070f800000, 0x000000070f95cab0, 0x000000070fa00000| 68%| E|  |TAMS 0x000000070f800000, 0x000000070f800000| Complete 
| 116|0x000000070fa00000, 0x000000070fc00000, 0x000000070fc00000|100%| E|CS|TAMS 0x000000070fa00000, 0x000000070fa00000| Complete 
| 117|0x000000070fc00000, 0x000000070fdb9030, 0x000000070fe00000| 86%| S|CS|TAMS 0x000000070fc00000, 0x000000070fc00000| Complete 
| 118|0x000000070fe00000, 0x0000000710000000, 0x0000000710000000|100%| E|CS|TAMS 0x000000070fe00000, 0x000000070fe00000| Complete 
| 119|0x0000000710000000, 0x0000000710200000, 0x0000000710200000|100%| E|CS|TAMS 0x0000000710000000, 0x0000000710000000| Complete 
| 120|0x0000000710200000, 0x0000000710400000, 0x0000000710400000|100%| E|CS|TAMS 0x0000000710200000, 0x0000000710200000| Complete 
| 121|0x0000000710400000, 0x0000000710600000, 0x0000000710600000|100%| E|CS|TAMS 0x0000000710400000, 0x0000000710400000| Complete 
| 122|0x0000000710600000, 0x0000000710800000, 0x0000000710800000|100%| E|CS|TAMS 0x0000000710600000, 0x0000000710600000| Complete 
| 123|0x0000000710800000, 0x0000000710a00000, 0x0000000710a00000|100%| E|CS|TAMS 0x0000000710800000, 0x0000000710800000| Complete 
| 124|0x0000000710a00000, 0x0000000710c00000, 0x0000000710c00000|100%| E|CS|TAMS 0x0000000710a00000, 0x0000000710a00000| Complete 
| 125|0x0000000710c00000, 0x0000000710e00000, 0x0000000710e00000|100%| E|CS|TAMS 0x0000000710c00000, 0x0000000710c00000| Complete 
| 126|0x0000000710e00000, 0x0000000711000000, 0x0000000711000000|100%| E|CS|TAMS 0x0000000710e00000, 0x0000000710e00000| Complete 
| 127|0x0000000711000000, 0x0000000711200000, 0x0000000711200000|100%| E|CS|TAMS 0x0000000711000000, 0x0000000711000000| Complete 

Card table byte_map: [0x000001b2125f0000,0x000001b212df0000] _byte_map_base: 0x000001b20ede7000

Marking Bits (Prev, Next): (CMBitMap*) 0x000001b27d15f120, (CMBitMap*) 0x000001b27d15f160
 Prev Bits: [0x000001b2135f0000, 0x000001b2175a8000)
 Next Bits: [0x000001b2175b0000, 0x000001b21b568000)

Polling page: 0x000001b27d1c0000

Metaspace:

Usage:
  Non-class:     11.70 MB used.
      Class:      1.30 MB used.
       Both:     13.00 MB used.

Virtual space:
  Non-class space:       16.00 MB reserved,      11.75 MB ( 73%) committed,  2 nodes.
      Class space:        1.00 GB reserved,       1.44 MB ( <1%) committed,  1 nodes.
             Both:        1.02 GB reserved,      13.19 MB (  1%) committed. 

Chunk freelists:
   Non-Class:  199.00 KB
       Class:  2.61 MB
        Both:  2.81 MB

MaxMetaspaceSize: unlimited
CompressedClassSpaceSize: 1.00 GB
Initial GC threshold: 21.00 MB
Current GC threshold: 21.00 MB
CDS: off
MetaspaceReclaimPolicy: balanced
 - commit_granule_bytes: 65536.
 - commit_granule_words: 8192.
 - virtual_space_node_default_size: 1048576.
 - enlarge_chunks_in_place: 1.
 - new_chunks_are_fully_committed: 0.
 - uncommit_free_chunks: 1.
 - use_allocation_guard: 0.
 - handle_deallocations: 1.


Internal statistics:

num_allocs_failed_limit: 0.
num_arena_births: 108.
num_arena_deaths: 0.
num_vsnodes_births: 3.
num_vsnodes_deaths: 0.
num_space_committed: 211.
num_space_uncommitted: 0.
num_chunks_returned_to_freelist: 0.
num_chunks_taken_from_freelist: 180.
num_chunk_merges: 0.
num_chunk_splits: 92.
num_chunks_enlarged: 33.
num_purges: 0.
num_inconsistent_stats: 0.

CodeHeap 'non-profiled nmethods': size=120000Kb used=286Kb max_used=286Kb free=119713Kb
 bounds [0x000001b20b0c0000, 0x000001b20b330000, 0x000001b2125f0000]
CodeHeap 'profiled nmethods': size=120000Kb used=1185Kb max_used=1185Kb free=118814Kb
 bounds [0x000001b203b90000, 0x000001b203e00000, 0x000001b20b0c0000]
CodeHeap 'non-nmethods': size=5760Kb used=1259Kb max_used=1335Kb free=4501Kb
 bounds [0x000001b2035f0000, 0x000001b203860000, 0x000001b203b90000]
 total_blobs=1344 nmethods=761 adapters=496
 compilation: enabled
              stopped_count=0, restarted_count=0
 full_count=0

Compilation events (20 events):
Event: 587.239 Thread 0x000001b21e481f50  753       4       sun.java2d.StateTrackableDelegate$1::isCurrent (17 bytes)
Event: 587.240 Thread 0x000001b21e481f50 nmethod 753 0x000001b20b103e90 code [0x000001b20b104000, 0x000001b20b1040b8]
Event: 588.536 Thread 0x000001b21e481f50  754       4       sun.java2d.d3d.D3DSurfaceData$D3DWindowSurfaceData::isDirty (18 bytes)
Event: 588.536 Thread 0x000001b21e481f50 nmethod 754 0x000001b20b104190 code [0x000001b20b104320, 0x000001b20b104418]
Event: 2161.208 Thread 0x000001b21e48aa00  755       3       java.lang.ref.ReferenceQueue::reallyPoll (65 bytes)
Event: 2161.210 Thread 0x000001b21e48aa00 nmethod 755 0x000001b203caf110 code [0x000001b203caf2e0, 0x000001b203caf838]
Event: 3321.025 Thread 0x000001b21e48aa00  756 % !   3       sun.java2d.d3d.D3DScreenUpdateManager::run @ 0 (267 bytes)
Event: 3321.033 Thread 0x000001b21e48aa00 nmethod 756% 0x000001b203caf910 code [0x000001b203cafd60, 0x000001b203cb2588]
Event: 3377.579 Thread 0x000001b21e48aa00  757   !   3       sun.java2d.d3d.D3DScreenUpdateManager::run (267 bytes)
Event: 3377.581 Thread 0x000001b21e48aa00 nmethod 757 0x000001b203cb3590 code [0x000001b203cb39e0, 0x000001b203cb6188]
Event: 4321.466 Thread 0x000001b21e48aa00  758   !   3       java.lang.ref.ReferenceQueue::remove (125 bytes)
Event: 4321.466 Thread 0x000001b21e48aa00 nmethod 758 0x000001b203cb7110 code [0x000001b203cb7320, 0x000001b203cb7ab8]
Event: 4621.495 Thread 0x000001b21e48aa00  759   !   3       jdk.internal.ref.PhantomCleanable::isListEmpty (34 bytes)
Event: 4621.495 Thread 0x000001b21e48aa00 nmethod 759 0x000001b203cb7e10 code [0x000001b203cb7fa0, 0x000001b203cb81f8]
Event: 4621.495 Thread 0x000001b21e48aa00  760       3       jdk.internal.misc.InnocuousThread::eraseThreadLocals (23 bytes)
Event: 4621.496 Thread 0x000001b21e48aa00 nmethod 760 0x000001b203cb8310 code [0x000001b203cb84a0, 0x000001b203cb8698]
Event: 5578.761 Thread 0x000001b21e481f50  761 % !   4       sun.java2d.d3d.D3DScreenUpdateManager::run @ 0 (267 bytes)
Event: 5578.785 Thread 0x000001b21e481f50 nmethod 761% 0x000001b20b104510 code [0x000001b20b104700, 0x000001b20b105698]
Event: 6086.118 Thread 0x000001b21e481f50  762 % !   4       sun.java2d.d3d.D3DScreenUpdateManager::run @ 105 (267 bytes)
Event: 6086.130 Thread 0x000001b21e481f50 nmethod 762% 0x000001b20b105e10 code [0x000001b20b106000, 0x000001b20b1071f8]

GC Heap History (2 events):
Event: 0.883 GC heap before
{Heap before GC invocations=0 (full 0):
 garbage-first heap   total 262144K, used 45056K [0x0000000701200000, 0x0000000800000000)
  region size 2048K, 10 young (20480K), 0 survivors (0K)
 Metaspace       used 12818K, committed 12992K, reserved 1064960K
  class space    used 1282K, committed 1408K, reserved 1048576K
}
Event: 0.885 GC heap after
{Heap after GC invocations=1 (full 0):
 garbage-first heap   total 262144K, used 26340K [0x0000000701200000, 0x0000000800000000)
  region size 2048K, 1 young (2048K), 1 survivors (2048K)
 Metaspace       used 12818K, committed 12992K, reserved 1064960K
  class space    used 1282K, committed 1408K, reserved 1048576K
}

Dll operation events (7 events):
Event: 0.007 Loaded shared library C:\Users\Bogdan\.p2\pool\plugins\org.eclipse.justj.openjdk.hotspot.jre.full.win32.x86_64_17.0.5.v20221102-0933\jre\bin\java.dll
Event: 0.101 Loaded shared library C:\Users\Bogdan\.p2\pool\plugins\org.eclipse.justj.openjdk.hotspot.jre.full.win32.x86_64_17.0.5.v20221102-0933\jre\bin\net.dll
Event: 0.103 Loaded shared library C:\Users\Bogdan\.p2\pool\plugins\org.eclipse.justj.openjdk.hotspot.jre.full.win32.x86_64_17.0.5.v20221102-0933\jre\bin\nio.dll
Event: 0.150 Loaded shared library C:\Users\Bogdan\.p2\pool\plugins\org.eclipse.justj.openjdk.hotspot.jre.full.win32.x86_64_17.0.5.v20221102-0933\jre\bin\jimage.dll
Event: 0.164 Loaded shared library C:\Users\Bogdan\.p2\pool\plugins\org.eclipse.justj.openjdk.hotspot.jre.full.win32.x86_64_17.0.5.v20221102-0933\jre\bin\awt.dll
Event: 0.472 Loaded shared library C:\Users\Bogdan\.p2\pool\plugins\org.eclipse.justj.openjdk.hotspot.jre.full.win32.x86_64_17.0.5.v20221102-0933\jre\bin\freetype.dll
Event: 0.473 Loaded shared library C:\Users\Bogdan\.p2\pool\plugins\org.eclipse.justj.openjdk.hotspot.jre.full.win32.x86_64_17.0.5.v20221102-0933\jre\bin\fontmanager.dll

Deoptimization events (20 events):
Event: 0.612 Thread 0x000001b21e722960 DEOPT PACKING pc=0x000001b20b0ed8f8 sp=0x0000009eabdfd6e0
Event: 0.612 Thread 0x000001b21e722960 DEOPT UNPACKING pc=0x000001b2036423a3 sp=0x0000009eabdfd510 mode 2
Event: 1.021 Thread 0x000001b21e722960 Uncommon trap: trap_request=0xffffff45 fr.pc=0x000001b20b0ea47c relative=0x000000000000041c
Event: 1.021 Thread 0x000001b21e722960 Uncommon trap: reason=unstable_if action=reinterpret pc=0x000001b20b0ea47c method=newproject.main$1.paintComponent(Ljava/awt/Graphics;)V @ 258 c2
Event: 1.021 Thread 0x000001b21e722960 DEOPT PACKING pc=0x000001b20b0ea47c sp=0x0000009eabdfd770
Event: 1.021 Thread 0x000001b21e722960 DEOPT UNPACKING pc=0x000001b2036423a3 sp=0x0000009eabdfd508 mode 2
Event: 455.373 Thread 0x000001b21e5e08d0 Uncommon trap: trap_request=0xffffffcc fr.pc=0x000001b20b101e88 relative=0x0000000000000268
Event: 455.373 Thread 0x000001b21e5e08d0 Uncommon trap: reason=intrinsic_or_type_checked_inlining action=make_not_entrant pc=0x000001b20b101e88 method=java.util.Arrays.copyOf([Ljava/lang/Object;ILjava/lang/Class;)[Ljava/lang/Object; @ 35 c2
Event: 455.373 Thread 0x000001b21e5e08d0 DEOPT PACKING pc=0x000001b20b101e88 sp=0x0000009eabeff600
Event: 455.373 Thread 0x000001b21e5e08d0 DEOPT UNPACKING pc=0x000001b2036423a3 sp=0x0000009eabeff590 mode 2
Event: 557.113 Thread 0x000001b21e5e08d0 Uncommon trap: trap_request=0xffffffdc fr.pc=0x000001b20b102f58 relative=0x00000000000001b8
Event: 557.113 Thread 0x000001b21e5e08d0 Uncommon trap: reason=class_check action=make_not_entrant pc=0x000001b20b102f58 method=java.util.ArrayList.toArray([Ljava/lang/Object;)[Ljava/lang/Object; @ 21 c2
Event: 557.113 Thread 0x000001b21e5e08d0 DEOPT PACKING pc=0x000001b20b102f58 sp=0x0000009eabeff660
Event: 557.113 Thread 0x000001b21e5e08d0 DEOPT UNPACKING pc=0x000001b2036423a3 sp=0x0000009eabeff620 mode 2
Event: 6029.646 Thread 0x000001b21e5e08d0 DEOPT PACKING pc=0x000001b203cb22ff sp=0x0000009eabeff620
Event: 6029.685 Thread 0x000001b21e5e08d0 DEOPT UNPACKING pc=0x000001b203642b43 sp=0x0000009eabefebb0 mode 0
Event: 19983.533 Thread 0x000001b21e5e08d0 Uncommon trap: trap_request=0xffffff45 fr.pc=0x000001b20b106cec relative=0x0000000000000cec
Event: 19983.533 Thread 0x000001b21e5e08d0 Uncommon trap: reason=unstable_if action=reinterpret pc=0x000001b20b106cec method=sun.java2d.StateTrackableDelegate$1.isCurrent()Z @ 8 c2
Event: 19983.533 Thread 0x000001b21e5e08d0 DEOPT PACKING pc=0x000001b20b106cec sp=0x0000009eabeff710
Event: 19983.534 Thread 0x000001b21e5e08d0 DEOPT UNPACKING pc=0x000001b2036423a3 sp=0x0000009eabeff5f0 mode 2

Classes unloaded (0 events):
No events

Classes redefined (0 events):
No events

Internal exceptions (14 events):
Event: 0.113 Thread 0x000001b27d0f2ff0 Exception <a 'java/lang/NoSuchMethodError'{0x0000000711112bc8}: 'void java.lang.invoke.DirectMethodHandle$Holder.invokeVirtual(java.lang.Object, java.lang.Object)'> (0x0000000711112bc8) 
thrown [s\src\hotspot\share\interpreter\linkResolver.cpp, line 759]
Event: 0.152 Thread 0x000001b27d0f2ff0 Exception <a 'sun/nio/fs/WindowsException'{0x0000000710e2c2e8}> (0x0000000710e2c2e8) 
thrown [s\src\hotspot\share\prims\jni.cpp, line 516]
Event: 0.157 Thread 0x000001b27d0f2ff0 Exception <a 'java/lang/ClassNotFoundException'{0x0000000710e32478}: sun/awt/resources/spi/awtProvider> (0x0000000710e32478) 
thrown [s\src\hotspot\share\classfile\systemDictionary.cpp, line 256]
Event: 0.174 Thread 0x000001b27d0f2ff0 Exception <a 'java/io/FileNotFoundException'{0x0000000710e86858}> (0x0000000710e86858) 
thrown [s\src\hotspot\share\prims\jni.cpp, line 516]
Event: 0.179 Thread 0x000001b27d0f2ff0 Exception <a 'java/io/FileNotFoundException'{0x0000000710eb3a20}> (0x0000000710eb3a20) 
thrown [s\src\hotspot\share\prims\jni.cpp, line 516]
Event: 0.214 Thread 0x000001b27d0f2ff0 Exception <a 'java/lang/NoSuchMethodError'{0x0000000710ef0178}: 'java.lang.Object java.lang.invoke.DirectMethodHandle$Holder.invokeStaticInit(java.lang.Object)'> (0x0000000710ef0178) 
thrown [s\src\hotspot\share\interpreter\linkResolver.cpp, line 759]
Event: 0.397 Thread 0x000001b27d0f2ff0 Exception <a 'java/lang/NoSuchMethodError'{0x0000000710fa0c80}: 'void java.lang.invoke.DirectMethodHandle$Holder.invokeSpecial(java.lang.Object, java.lang.Object, java.lang.Object)'> (0x0000000710fa0c80) 
thrown [s\src\hotspot\share\interpreter\linkResolver.cpp, line 759]
Event: 0.404 Thread 0x000001b27d0f2ff0 Exception <a 'java/lang/NoSuchMethodError'{0x0000000710fcaaf8}: 'java.lang.Object java.lang.invoke.DirectMethodHandle$Holder.newInvokeSpecial(java.lang.Object, java.lang.Object, java.lang.Object, java.lang.Object, java.lang.Object)'> (0x0000000710fcaaf8) 
thrown [s\src\hotspot\share\interpreter\linkResolver.cpp, line 759]
Event: 0.405 Thread 0x000001b27d0f2ff0 Exception <a 'java/lang/NoSuchMethodError'{0x0000000710fd64c0}: 'java.lang.Object java.lang.invoke.DirectMethodHandle$Holder.invokeStatic(java.lang.Object, int, java.lang.Object, java.lang.Object, java.lang.Object, java.lang.Object)'> (0x0000000710fd64c0) 
thrown [s\src\hotspot\share\interpreter\linkResolver.cpp, line 759]
Event: 0.408 Thread 0x000001b27d0f2ff0 Exception <a 'java/lang/NoSuchMethodError'{0x0000000710ffbc80}: 'java.lang.Object java.lang.invoke.DirectMethodHandle$Holder.invokeStatic(java.lang.Object, int, java.lang.Object)'> (0x0000000710ffbc80) 
thrown [s\src\hotspot\share\interpreter\linkResolver.cpp, line 759]
Event: 0.429 Thread 0x000001b27d0f2ff0 Exception <a 'java/lang/ClassNotFoundException'{0x0000000710cb4008}: com/sun/swing/internal/plaf/metal/resources/spi/metalProvider> (0x0000000710cb4008) 
thrown [s\src\hotspot\share\classfile\systemDictionary.cpp, line 256]
Event: 0.429 Thread 0x000001b27d0f2ff0 Exception <a 'java/lang/ClassNotFoundException'{0x0000000710cb7bd8}: com/sun/swing/internal/plaf/basic/resources/spi/basicProvider> (0x0000000710cb7bd8) 
thrown [s\src\hotspot\share\classfile\systemDictionary.cpp, line 256]
Event: 0.467 Thread 0x000001b27d0f2ff0 Exception <a 'java/lang/NoSuchMethodError'{0x0000000710d18570}: 'void java.lang.invoke.DirectMethodHandle$Holder.invokeStaticInit(java.lang.Object)'> (0x0000000710d18570) 
thrown [s\src\hotspot\share\interpreter\linkResolver.cpp, line 759]
Event: 0.498 Thread 0x000001b27d0f2ff0 Exception <a 'sun/nio/fs/WindowsException'{0x0000000710ddc648}> (0x0000000710ddc648) 
thrown [s\src\hotspot\share\prims\jni.cpp, line 516]

VM Operations (18 events):
Event: 0.127 Executing VM operation: HandshakeAllThreads
Event: 0.127 Executing VM operation: HandshakeAllThreads done
Event: 0.438 Executing VM operation: HandshakeAllThreads
Event: 0.438 Executing VM operation: HandshakeAllThreads done
Event: 0.489 Executing VM operation: HandshakeAllThreads
Event: 0.489 Executing VM operation: HandshakeAllThreads done
Event: 0.522 Executing VM operation: HandshakeAllThreads
Event: 0.522 Executing VM operation: HandshakeAllThreads done
Event: 0.883 Executing VM operation: G1CollectForAllocation
Event: 0.886 Executing VM operation: G1CollectForAllocation done
Event: 1.000 Executing VM operation: HandshakeAllThreads
Event: 1.000 Executing VM operation: HandshakeAllThreads done
Event: 2.010 Executing VM operation: Cleanup
Event: 2.010 Executing VM operation: Cleanup done
Event: 7.051 Executing VM operation: Cleanup
Event: 7.051 Executing VM operation: Cleanup done
Event: 587.729 Executing VM operation: Cleanup
Event: 587.729 Executing VM operation: Cleanup done

Events (20 events):
Event: 1.005 loading class java/text/AttributedString done
Event: 1.005 loading class java/text/AttributedString$AttributedStringIterator
Event: 1.005 loading class java/text/AttributedCharacterIterator
Event: 1.005 loading class java/text/CharacterIterator
Event: 1.005 loading class java/text/CharacterIterator done
Event: 1.005 loading class java/text/AttributedCharacterIterator done
Event: 1.005 loading class java/text/AttributedString$AttributedStringIterator done
Event: 1.173 loading class java/awt/LightweightDispatcher$2
Event: 1.173 loading class java/awt/LightweightDispatcher$2 done
Event: 6.173 Thread 0x000001b21effe890 Thread exited: 0x000001b21effe890
Event: 7.533 loading class java/awt/KeyboardFocusManager$2
Event: 7.533 loading class java/awt/KeyboardFocusManager$2 done
Event: 7.533 loading class sun/awt/SunToolkit$1
Event: 7.533 loading class sun/awt/SunToolkit$1 done
Event: 20006.573 loading class java/util/Collections$SynchronizedSet
Event: 20007.607 loading class java/util/Collections$SynchronizedSet done
Event: 20007.608 loading class java/util/WeakHashMap$KeyIterator
Event: 20007.608 loading class java/util/WeakHashMap$HashIterator
Event: 20007.609 loading class java/util/WeakHashMap$HashIterator done
Event: 20007.609 loading class java/util/WeakHashMap$KeyIterator done


Dynamic libraries:
0x00007ff67cf20000 - 0x00007ff67cf2e000 	C:\Users\Bogdan\.p2\pool\plugins\org.eclipse.justj.openjdk.hotspot.jre.full.win32.x86_64_17.0.5.v20221102-0933\jre\bin\javaw.exe
0x00007ff8a3690000 - 0x00007ff8a3888000 	C:\WINDOWS\SYSTEM32\ntdll.dll
0x00007ff8a2d70000 - 0x00007ff8a2e32000 	C:\WINDOWS\System32\KERNEL32.DLL
0x00007ff8a1190000 - 0x00007ff8a1486000 	C:\WINDOWS\System32\KERNELBASE.dll
0x00007ff8a0d20000 - 0x00007ff8a0e20000 	C:\WINDOWS\System32\ucrtbase.dll
0x00007ff89bd30000 - 0x00007ff89bd47000 	C:\Users\Bogdan\.p2\pool\plugins\org.eclipse.justj.openjdk.hotspot.jre.full.win32.x86_64_17.0.5.v20221102-0933\jre\bin\jli.dll
0x00007ff897dc0000 - 0x00007ff897dd9000 	C:\Users\Bogdan\.p2\pool\plugins\org.eclipse.justj.openjdk.hotspot.jre.full.win32.x86_64_17.0.5.v20221102-0933\jre\bin\VCRUNTIME140.dll
0x00007ff8a2350000 - 0x00007ff8a24ed000 	C:\WINDOWS\System32\USER32.dll
0x00007ff8a0e20000 - 0x00007ff8a0e42000 	C:\WINDOWS\System32\win32u.dll
0x00007ff892a40000 - 0x00007ff892cda000 	C:\WINDOWS\WinSxS\amd64_microsoft.windows.common-controls_6595b64144ccf1df_6.0.19041.4355_none_60b8b9eb71f62e16\COMCTL32.dll
0x00007ff8a2e40000 - 0x00007ff8a2e6b000 	C:\WINDOWS\System32\GDI32.dll
0x00007ff8a2030000 - 0x00007ff8a20ce000 	C:\WINDOWS\System32\msvcrt.dll
0x00007ff8a1560000 - 0x00007ff8a167a000 	C:\WINDOWS\System32\gdi32full.dll
0x00007ff8a10f0000 - 0x00007ff8a118d000 	C:\WINDOWS\System32\msvcp_win.dll
0x00007ff8a3430000 - 0x00007ff8a345f000 	C:\WINDOWS\System32\IMM32.DLL
0x00007ff89c280000 - 0x00007ff89c28c000 	C:\Users\Bogdan\.p2\pool\plugins\org.eclipse.justj.openjdk.hotspot.jre.full.win32.x86_64_17.0.5.v20221102-0933\jre\bin\vcruntime140_1.dll
0x00007ff877570000 - 0x00007ff877601000 	C:\Users\Bogdan\.p2\pool\plugins\org.eclipse.justj.openjdk.hotspot.jre.full.win32.x86_64_17.0.5.v20221102-0933\jre\bin\msvcp140.dll
0x00007ff81a910000 - 0x00007ff81b554000 	C:\Users\Bogdan\.p2\pool\plugins\org.eclipse.justj.openjdk.hotspot.jre.full.win32.x86_64_17.0.5.v20221102-0933\jre\bin\server\jvm.dll
0x00007ff8a2cc0000 - 0x00007ff8a2d6f000 	C:\WINDOWS\System32\ADVAPI32.dll
0x00007ff8a1af0000 - 0x00007ff8a1b8f000 	C:\WINDOWS\System32\sechost.dll
0x00007ff8a2fa0000 - 0x00007ff8a30c3000 	C:\WINDOWS\System32\RPCRT4.dll
0x00007ff8a1680000 - 0x00007ff8a16a7000 	C:\WINDOWS\System32\bcrypt.dll
0x00007ff89bdc0000 - 0x00007ff89bdc9000 	C:\WINDOWS\SYSTEM32\WSOCK32.dll
0x00007ff89a330000 - 0x00007ff89a33a000 	C:\WINDOWS\SYSTEM32\VERSION.dll
0x00007ff894fe0000 - 0x00007ff895007000 	C:\WINDOWS\SYSTEM32\WINMM.dll
0x00007ff8a2e70000 - 0x00007ff8a2edb000 	C:\WINDOWS\System32\WS2_32.dll
0x00007ff89eb80000 - 0x00007ff89eb92000 	C:\WINDOWS\SYSTEM32\kernel.appcore.dll
0x00007ff89bd20000 - 0x00007ff89bd2a000 	C:\Users\Bogdan\.p2\pool\plugins\org.eclipse.justj.openjdk.hotspot.jre.full.win32.x86_64_17.0.5.v20221102-0933\jre\bin\jimage.dll
0x00007ff88f6d0000 - 0x00007ff88f8b4000 	C:\WINDOWS\SYSTEM32\DBGHELP.DLL
0x00007ff881f30000 - 0x00007ff881f64000 	C:\WINDOWS\SYSTEM32\dbgcore.DLL
0x00007ff8a1060000 - 0x00007ff8a10e2000 	C:\WINDOWS\System32\bcryptPrimitives.dll
0x00007ff896f00000 - 0x00007ff896f25000 	C:\Users\Bogdan\.p2\pool\plugins\org.eclipse.justj.openjdk.hotspot.jre.full.win32.x86_64_17.0.5.v20221102-0933\jre\bin\java.dll
0x00007ff897280000 - 0x00007ff897298000 	C:\Users\Bogdan\.p2\pool\plugins\org.eclipse.justj.openjdk.hotspot.jre.full.win32.x86_64_17.0.5.v20221102-0933\jre\bin\zip.dll
0x00007ff8a24f0000 - 0x00007ff8a2c5f000 	C:\WINDOWS\System32\SHELL32.dll
0x00007ff89ed80000 - 0x00007ff89f523000 	C:\WINDOWS\SYSTEM32\windows.storage.dll
0x00007ff8a1730000 - 0x00007ff8a1a85000 	C:\WINDOWS\System32\combase.dll
0x00007ff8a0670000 - 0x00007ff8a069b000 	C:\WINDOWS\SYSTEM32\Wldp.dll
0x00007ff8a20d0000 - 0x00007ff8a219d000 	C:\WINDOWS\System32\OLEAUT32.dll
0x00007ff8a2ee0000 - 0x00007ff8a2f8d000 	C:\WINDOWS\System32\SHCORE.dll
0x00007ff8a2c60000 - 0x00007ff8a2cb5000 	C:\WINDOWS\System32\shlwapi.dll
0x00007ff8a0c50000 - 0x00007ff8a0c75000 	C:\WINDOWS\SYSTEM32\profapi.dll
0x00007ff896a00000 - 0x00007ff896a19000 	C:\Users\Bogdan\.p2\pool\plugins\org.eclipse.justj.openjdk.hotspot.jre.full.win32.x86_64_17.0.5.v20221102-0933\jre\bin\net.dll
0x00007ff89b110000 - 0x00007ff89b21a000 	C:\WINDOWS\SYSTEM32\WINHTTP.dll
0x00007ff8a0450000 - 0x00007ff8a04bc000 	C:\WINDOWS\system32\mswsock.dll
0x00007ff896340000 - 0x00007ff896355000 	C:\Users\Bogdan\.p2\pool\plugins\org.eclipse.justj.openjdk.hotspot.jre.full.win32.x86_64_17.0.5.v20221102-0933\jre\bin\nio.dll
0x00007ff86d160000 - 0x00007ff86d2ee000 	C:\Users\Bogdan\.p2\pool\plugins\org.eclipse.justj.openjdk.hotspot.jre.full.win32.x86_64_17.0.5.v20221102-0933\jre\bin\awt.dll
0x00007ff89e230000 - 0x00007ff89e2c4000 	C:\WINDOWS\SYSTEM32\apphelp.dll
0x00007ff89e7a0000 - 0x00007ff89e7cf000 	C:\WINDOWS\system32\DWMAPI.DLL
0x00007ff89e670000 - 0x00007ff89e70e000 	C:\WINDOWS\system32\uxtheme.dll
0x00007ff8508b0000 - 0x00007ff8509d8000 	C:\WINDOWS\system32\opengl32.dll
0x00007ff850880000 - 0x00007ff8508ac000 	C:\WINDOWS\SYSTEM32\GLU32.dll
0x00007ff8a2230000 - 0x00007ff8a2345000 	C:\WINDOWS\System32\MSCTF.dll
0x00007ff8a3460000 - 0x00007ff8a358b000 	C:\WINDOWS\System32\ole32.dll
0x00007ff8a08e0000 - 0x00007ff8a08f2000 	C:\WINDOWS\SYSTEM32\msasn1.dll
0x00007ff89a2f0000 - 0x00007ff89a321000 	C:\WINDOWS\SYSTEM32\cryptnet.dll
0x00007ff8a0e50000 - 0x00007ff8a0fad000 	C:\WINDOWS\System32\CRYPT32.dll
0x00007ff8a05e0000 - 0x00007ff8a05ec000 	C:\WINDOWS\SYSTEM32\cryptbase.dll
0x00007ff899c70000 - 0x00007ff899db7000 	C:\WINDOWS\SYSTEM32\drvstore.dll
0x00007ff8a0ab0000 - 0x00007ff8a0ae3000 	C:\WINDOWS\SYSTEM32\devobj.dll
0x00007ff8a1490000 - 0x00007ff8a14de000 	C:\WINDOWS\System32\cfgmgr32.dll
0x00007ff8a14e0000 - 0x00007ff8a1553000 	C:\WINDOWS\System32\wintrust.dll
0x00007ff8a1b90000 - 0x00007ff8a1bad000 	C:\WINDOWS\System32\imagehlp.dll
0x00007ff8a06b0000 - 0x00007ff8a06c8000 	C:\WINDOWS\SYSTEM32\CRYPTSP.dll
0x00007ff89fd20000 - 0x00007ff89fd58000 	C:\WINDOWS\system32\rsaenh.dll
0x00007ff89f540000 - 0x00007ff89f563000 	C:\WINDOWS\SYSTEM32\gpapi.dll
0x00007ff84f680000 - 0x00007ff84f7d5000 	C:\WINDOWS\System32\DriverStore\FileRepository\nv_dispig.inf_amd64_0afec3f2050014a0\nvppex.dll
0x00007ff8989d0000 - 0x00007ff898a0b000 	C:\WINDOWS\SYSTEM32\dxcore.dll
0x00007ff8774e0000 - 0x00007ff877566000 	C:\Users\Bogdan\.p2\pool\plugins\org.eclipse.justj.openjdk.hotspot.jre.full.win32.x86_64_17.0.5.v20221102-0933\jre\bin\freetype.dll
0x00007ff875610000 - 0x00007ff8756d5000 	C:\Users\Bogdan\.p2\pool\plugins\org.eclipse.justj.openjdk.hotspot.jre.full.win32.x86_64_17.0.5.v20221102-0933\jre\bin\fontmanager.dll
0x00007ff895150000 - 0x00007ff895249000 	C:\WINDOWS\SYSTEM32\textinputframework.dll
0x00007ff89dd00000 - 0x00007ff89ddf2000 	C:\WINDOWS\System32\CoreMessaging.dll
0x00007ff89d660000 - 0x00007ff89d9bb000 	C:\WINDOWS\System32\CoreUIComponents.dll
0x00007ff89ff70000 - 0x00007ff89ffa3000 	C:\WINDOWS\SYSTEM32\ntmarta.dll
0x00007ff89c2a0000 - 0x00007ff89c3f7000 	C:\WINDOWS\SYSTEM32\wintypes.dll
0x00007ff86ea70000 - 0x00007ff86ec41000 	C:\WINDOWS\system32\d3d9.dll
0x00007ff8986a0000 - 0x00007ff898761000 	C:\WINDOWS\System32\DriverStore\FileRepository\nv_dispig.inf_amd64_0afec3f2050014a0\nvldumdx.dll
0x00007ff892ce0000 - 0x00007ff894cce000 	C:\WINDOWS\System32\DriverStore\FileRepository\nv_dispig.inf_amd64_0afec3f2050014a0\nvgpucomp64.dll
0x00007ff845f30000 - 0x00007ff8479c4000 	C:\WINDOWS\System32\DriverStore\FileRepository\nv_dispig.inf_amd64_0afec3f2050014a0\nvd3dumx.dll

dbghelp: loaded successfully - version: 4.0.5 - missing functions: none
symbol engine: initialized successfully - sym options: 0x614 - pdb path: .;C:\Users\Bogdan\.p2\pool\plugins\org.eclipse.justj.openjdk.hotspot.jre.full.win32.x86_64_17.0.5.v20221102-0933\jre\bin;C:\WINDOWS\SYSTEM32;C:\WINDOWS\WinSxS\amd64_microsoft.windows.common-controls_6595b64144ccf1df_6.0.19041.4355_none_60b8b9eb71f62e16;C:\Users\Bogdan\.p2\pool\plugins\org.eclipse.justj.openjdk.hotspot.jre.full.win32.x86_64_17.0.5.v20221102-0933\jre\bin\server;C:\WINDOWS\System32\DriverStore\FileRepository\nv_dispig.inf_amd64_0afec3f2050014a0

VM Arguments:
jvm_args: -Dfile.encoding=UTF-8 --module-path=C:\Users\Bogdan\Desktop\personal\newproject\bin -XX:+ShowCodeDetailsInExceptionMessages -Djdk.module.main=newproject 
java_command: newproject/newproject.main
java_class_path (initial): <not set>
Launcher Type: SUN_STANDARD

[Global flags]
     intx CICompilerCount                          = 3                                         {product} {ergonomic}
     uint ConcGCThreads                            = 2                                         {product} {ergonomic}
     uint G1ConcRefinementThreads                  = 6                                         {product} {ergonomic}
   size_t G1HeapRegionSize                         = 2097152                                   {product} {ergonomic}
    uintx GCDrainStackTargetSize                   = 64                                        {product} {ergonomic}
   size_t InitialHeapSize                          = 268435456                                 {product} {ergonomic}
   size_t MarkStackSize                            = 4194304                                   {product} {ergonomic}
   size_t MaxHeapSize                              = 4276092928                                {product} {ergonomic}
   size_t MaxNewSize                               = 2564816896                                {product} {ergonomic}
   size_t MinHeapDeltaBytes                        = 2097152                                   {product} {ergonomic}
   size_t MinHeapSize                              = 8388608                                   {product} {ergonomic}
    uintx NonNMethodCodeHeapSize                   = 5832780                                {pd product} {ergonomic}
    uintx NonProfiledCodeHeapSize                  = 122912730                              {pd product} {ergonomic}
    uintx ProfiledCodeHeapSize                     = 122912730                              {pd product} {ergonomic}
    uintx ReservedCodeCacheSize                    = 251658240                              {pd product} {ergonomic}
     bool SegmentedCodeCache                       = true                                      {product} {ergonomic}
     bool ShowCodeDetailsInExceptionMessages       = true                                   {manageable} {command line}
   size_t SoftMaxHeapSize                          = 4276092928                             {manageable} {ergonomic}
     bool UseCompressedClassPointers               = true                           {product lp64_product} {ergonomic}
     bool UseCompressedOops                        = true                           {product lp64_product} {ergonomic}
     bool UseG1GC                                  = true                                      {product} {ergonomic}
     bool UseLargePagesIndividualAllocation        = false                                  {pd product} {ergonomic}

Logging:
Log output configuration:
 #0: stdout all=warning uptime,level,tags
 #1: stderr all=off uptime,level,tags

Environment Variables:
JAVA_HOME=C:\Users\Bogdan\AppData\Local\Coursier\cache\arc\https\github.com\adoptium\temurin11-binaries\releases\download\jdk-11.0.25%252B9\OpenJDK11U-jdk_x64_windows_hotspot_11.0.25_9.zip\jdk-11.0.25+9
PATH=C:/Users/Bogdan/.p2/pool/plugins/org.eclipse.justj.openjdk.hotspot.jre.full.win32.x86_64_17.0.5.v20221102-0933/jre/bin/server;C:/Users/Bogdan/.p2/pool/plugins/org.eclipse.justj.openjdk.hotspot.jre.full.win32.x86_64_17.0.5.v20221102-0933/jre/bin;C:\Program Files\Eclipse Adoptium\jdk-17.0.14.7-hotspot\bin;C:\Python313\Scripts\;C:\Python313\;C:\Program Files (x86)\Eclipse Adoptium\jdk-17.0.13.11-hotspot\bin;C:\Program Files\Common Files\Oracle\Java\javapath;C:\WINDOWS\system32;C:\WINDOWS;C:\WINDOWS\System32\Wbem;C:\WINDOWS\System32\WindowsPowerShell\v1.0\;C:\WINDOWS\System32\OpenSSH\;C:\Program Files\Java\jdk-23\bin;C:\Program Files (x86)\sbt\bin;C:\Program Files (x86)\Windows Kits\10\Windows Performance Toolkit\;C:\ProgramData\chocolatey\bin;C:\Program Files\scala-cli-x86_64-pc-win32\;C:\Program Files\nodejs\;C:\Program Files\dotnet\;C:\Program Files\LLVM\bin;C:\Program Files\Docker\Docker\resources\bin;C:\Program Files\Git\cmd;C:\Users\Bogdan\scoop\apps\llvm\current\bin;C:\Users\Bogdan\scoop\shims;C:\Users\Bogdan\AppData\Local\Microsoft\WindowsApps;C:\Users\Bogdan\AppData\Local\Coursier\cache\arc\https\github.com\adoptium\temurin11-binaries\releases\download\jdk-11.0.25%252B9\OpenJDK11U-jdk_x64_windows_hotspot_11.0.25_9.zip\jdk-11.0.25+9\bin;C:\Users\Bogdan\AppData\Local\Coursier\data\bin;C:\Users\Bogdan\AppData\Local\JetBrains\Toolbox\scripts;C:\Users\Bogdan\AppData\Roaming\npm;C:\Users\Bogdan\.dotnet\tools;C:\Users\Bogdan\Desktop;
USERNAME=Bogdan
OS=Windows_NT
PROCESSOR_IDENTIFIER=Intel64 Family 6 Model 158 Stepping 10, GenuineIntel
TMP=C:\Users\Bogdan\AppData\Local\Temp
TEMP=C:\Users\Bogdan\AppData\Local\Temp



---------------  S Y S T E M  ---------------

OS:
 Windows 10 , 64 bit Build 19041 (10.0.19041.5678)
OS uptime: 6 days 6:07 hours
Hyper-V role detected

CPU: total 6 (initial active 6) (6 cores per cpu, 1 threads per core) family 6 model 158 stepping 10 microcode 0xb4, cx8, cmov, fxsr, mmx, 3dnowpref, sse, sse2, sse3, ssse3, sse4.1, sse4.2, popcnt, lzcnt, tsc, tscinvbit, avx, avx2, aes, erms, clmul, bmi1, bmi2, adx, fma, vzeroupper, clflush, clflushopt, hv

Memory: 4k page, system-wide physical 16304M (3602M free)
TotalPageFile size 65456M (AvailPageFile size 4311M)
current process WorkingSet (physical memory assigned to process): 56M, peak: 168M
current process commit charge ("private bytes"): 382M, peak: 428M

vm_info: OpenJDK 64-Bit Server VM (17.0.5+8) for windows-amd64 JRE (17.0.5+8), built on Oct 19 2022 04:48:13 by "temurin" with MS VC++ 16.7 (VS2019)

END.
